[ 2017-03-28T08:15:48+08:00 ] 101.226.89.117 /mooc/index.php/nextPage?type%252525253D4%2525252526d%252525253Dinform
INFO: [ app_init ] --START--
INFO: Run Behavior\BuildLiteBehavior [ RunTime:0.000013s ]
INFO: [ app_init ] --END-- [ RunTime:0.000097s ]
INFO: [ app_begin ] --START--
INFO: Run Behavior\ReadHtmlCacheBehavior [ RunTime:0.000079s ]
INFO: [ app_begin ] --END-- [ RunTime:0.000137s ]
SQL: SHOW COLUMNS FROM `hnust_supervisor` [ RunTime:0.0007s ]
SQL: SELECT * FROM `hnust_supervisor` WHERE `type` = '' ORDER BY time LIMIT 0,8   [ RunTime:0.0003s ]
INFO: [ view_parse ] --START--
INFO: [ template_filter ] --START--
INFO: Run Behavior\ContentReplaceBehavior [ RunTime:0.000036s ]
INFO: [ template_filter ] --END-- [ RunTime:0.000078s ]
INFO: Run Behavior\ParseTemplateBehavior [ RunTime:0.000965s ]
INFO: [ view_parse ] --END-- [ RunTime:0.000999s ]
INFO: [ view_filter ] --START--
INFO: Run Behavior\WriteHtmlCacheBehavior [ RunTime:0.000042s ]
INFO: [ view_filter ] --END-- [ RunTime:0.000074s ]
SQL: SELECT count(*) FROM `hnust_supervisor` WHERE `type` = '' ORDER BY time  [ RunTime:0.0002s ]
NOTIC: [8] Undefined index: count(*) /home/ubuntu/mooc/HNUST/Home/Controller/FileController.class.php 第 96 行.

[ 2017-03-28T11:25:09+08:00 ] 101.226.33.208 /mooc/index.php/more?type%2525253D4%25252526d%2525253Dinform
INFO: [ app_init ] --START--
INFO: Run Behavior\BuildLiteBehavior [ RunTime:0.000014s ]
INFO: [ app_init ] --END-- [ RunTime:0.000093s ]
INFO: [ app_begin ] --START--
INFO: Run Behavior\ReadHtmlCacheBehavior [ RunTime:0.000032s ]
INFO: [ app_begin ] --END-- [ RunTime:0.000061s ]
INFO: [ view_parse ] --START--
INFO: [ template_filter ] --START--
INFO: Run Behavior\ContentReplaceBehavior [ RunTime:0.000048s ]
INFO: [ template_filter ] --END-- [ RunTime:0.000098s ]
NOTIC: [8] Undefined variable: content /home/ubuntu/mooc/HNUST/Runtime/Cache/Home/78782fd6f7f1ba7737967cc554d01190.php 第 69 行.
INFO: Run Behavior\ParseTemplateBehavior [ RunTime:0.002785s ]
INFO: [ view_parse ] --END-- [ RunTime:0.002830s ]
INFO: [ view_filter ] --START--
INFO: Run Behavior\WriteHtmlCacheBehavior [ RunTime:0.000097s ]
INFO: [ view_filter ] --END-- [ RunTime:0.000138s ]
INFO: [ app_end ] --START--
INFO: Run Behavior\ShowPageTraceBehavior [ RunTime:0.000033s ]
INFO: [ app_end ] --END-- [ RunTime:0.000057s ]

[ 2017-03-28T15:20:01+08:00 ] 101.226.68.197 /mooc/index.php/more?type%252525253D4%2525252526d%252525253Dinform
INFO: [ app_init ] --START--
INFO: Run Behavior\BuildLiteBehavior [ RunTime:0.000015s ]
INFO: [ app_init ] --END-- [ RunTime:0.000114s ]
INFO: [ app_begin ] --START--
INFO: Run Behavior\ReadHtmlCacheBehavior [ RunTime:0.000045s ]
INFO: [ app_begin ] --END-- [ RunTime:0.000087s ]
INFO: [ view_parse ] --START--
INFO: [ template_filter ] --START--
INFO: Run Behavior\ContentReplaceBehavior [ RunTime:0.000055s ]
INFO: [ template_filter ] --END-- [ RunTime:0.000118s ]
NOTIC: [8] Undefined variable: content /home/ubuntu/mooc/HNUST/Runtime/Cache/Home/78782fd6f7f1ba7737967cc554d01190.php 第 69 行.
INFO: Run Behavior\ParseTemplateBehavior [ RunTime:0.004064s ]
INFO: [ view_parse ] --END-- [ RunTime:0.004113s ]
INFO: [ view_filter ] --START--
INFO: Run Behavior\WriteHtmlCacheBehavior [ RunTime:0.000056s ]
INFO: [ view_filter ] --END-- [ RunTime:0.000092s ]
INFO: [ app_end ] --START--
INFO: Run Behavior\ShowPageTraceBehavior [ RunTime:0.000048s ]
INFO: [ app_end ] --END-- [ RunTime:0.000088s ]

[ 2017-03-28T18:00:07+08:00 ] 101.226.66.192 /mooc/index.php/more?type%25252525253D4%252525252526d%25252525253Dinform
INFO: [ app_init ] --START--
INFO: Run Behavior\BuildLiteBehavior [ RunTime:0.000015s ]
INFO: [ app_init ] --END-- [ RunTime:0.000098s ]
INFO: [ app_begin ] --START--
INFO: Run Behavior\ReadHtmlCacheBehavior [ RunTime:0.000044s ]
INFO: [ app_begin ] --END-- [ RunTime:0.000080s ]
INFO: [ view_parse ] --START--
INFO: [ template_filter ] --START--
INFO: Run Behavior\ContentReplaceBehavior [ RunTime:0.000036s ]
INFO: [ template_filter ] --END-- [ RunTime:0.000077s ]
NOTIC: [8] Undefined variable: content /home/ubuntu/mooc/HNUST/Runtime/Cache/Home/78782fd6f7f1ba7737967cc554d01190.php 第 69 行.
INFO: Run Behavior\ParseTemplateBehavior [ RunTime:0.003034s ]
INFO: [ view_parse ] --END-- [ RunTime:0.003073s ]
INFO: [ view_filter ] --START--
INFO: Run Behavior\WriteHtmlCacheBehavior [ RunTime:0.000036s ]
INFO: [ view_filter ] --END-- [ RunTime:0.000058s ]
INFO: [ app_end ] --START--
INFO: Run Behavior\ShowPageTraceBehavior [ RunTime:0.000046s ]
INFO: [ app_end ] --END-- [ RunTime:0.000083s ]

[ 2017-03-28T20:26:23+08:00 ] 61.151.226.199 /mooc/
INFO: [ app_init ] --START--
INFO: Run Behavior\BuildLiteBehavior [ RunTime:0.000015s ]
INFO: [ app_init ] --END-- [ RunTime:0.000106s ]
INFO: [ app_begin ] --START--
INFO: Run Behavior\ReadHtmlCacheBehavior [ RunTime:0.000042s ]
INFO: [ app_begin ] --END-- [ RunTime:0.000090s ]
SQL: SHOW COLUMNS FROM `hnust_supervisor` [ RunTime:0.0007s ]
SQL: SELECT * FROM `hnust_supervisor` WHERE `type` = '0' ORDER BY time LIMIT 7   [ RunTime:0.0004s ]
SQL: SELECT * FROM `hnust_supervisor` WHERE `type` = '0' ORDER BY time LIMIT 7   [ RunTime:0.0001s ]
SQL: SELECT * FROM `hnust_supervisor` WHERE `type` = '2' ORDER BY time LIMIT 6   [ RunTime:0.0003s ]
SQL: SELECT * FROM `hnust_supervisor` WHERE `type` = '3' ORDER BY time LIMIT 6   [ RunTime:0.0003s ]
SQL: SELECT * FROM `hnust_supervisor` WHERE `type` = '4' ORDER BY time LIMIT 5   [ RunTime:0.0011s ]
INFO: [ view_parse ] --START--
INFO: [ template_filter ] --START--
INFO: Run Behavior\ContentReplaceBehavior [ RunTime:0.000028s ]
INFO: [ template_filter ] --END-- [ RunTime:0.000064s ]
INFO: Run Behavior\ParseTemplateBehavior [ RunTime:0.001318s ]
INFO: [ view_parse ] --END-- [ RunTime:0.001359s ]
INFO: [ view_filter ] --START--
INFO: Run Behavior\WriteHtmlCacheBehavior [ RunTime:0.000052s ]
INFO: [ view_filter ] --END-- [ RunTime:0.000100s ]
SQL: SELECT * FROM `hnust_supervisor` WHERE `type` = '5' ORDER BY time LIMIT 6   [ RunTime:0.0002s ]
SQL: SELECT * FROM `hnust_supervisor` WHERE `type` = '6' ORDER BY time LIMIT 6   [ RunTime:0.0002s ]
INFO: [ view_parse ] --START--
INFO: [ template_filter ] --START--
INFO: Run Behavior\ContentReplaceBehavior [ RunTime:0.000066s ]
INFO: [ template_filter ] --END-- [ RunTime:-0.004712s ]
INFO: Run Behavior\ParseTemplateBehavior [ RunTime:0.004039s ]
INFO: [ view_parse ] --END-- [ RunTime:-0.001103s ]
INFO: [ view_filter ] --START--
INFO: Run Behavior\WriteHtmlCacheBehavior [ RunTime:0.000012s ]
INFO: [ view_filter ] --END-- [ RunTime:-0.005094s ]
INFO: [ app_end ] --START--
INFO: Run Behavior\ShowPageTraceBehavior [ RunTime:0.000062s ]
INFO: [ app_end ] --END-- [ RunTime:0.000113s ]

[ 2017-03-28T20:26:32+08:00 ] 101.226.89.123 /mooc/
INFO: [ app_init ] --START--
INFO: Run Behavior\BuildLiteBehavior [ RunTime:0.000013s ]
INFO: [ app_init ] --END-- [ RunTime:0.000095s ]
INFO: [ app_begin ] --START--
INFO: Run Behavior\ReadHtmlCacheBehavior [ RunTime:0.000042s ]
INFO: [ app_begin ] --END-- [ RunTime:0.000083s ]
SQL: SHOW COLUMNS FROM `hnust_supervisor` [ RunTime:0.0006s ]
SQL: SELECT * FROM `hnust_supervisor` WHERE `type` = '0' ORDER BY time LIMIT 7   [ RunTime:0.0001s ]
SQL: SELECT * FROM `hnust_supervisor` WHERE `type` = '0' ORDER BY time LIMIT 7   [ RunTime:0.0001s ]
SQL: SELECT * FROM `hnust_supervisor` WHERE `type` = '2' ORDER BY time LIMIT 6   [ RunTime:0.0001s ]
SQL: SELECT * FROM `hnust_supervisor` WHERE `type` = '3' ORDER BY time LIMIT 6   [ RunTime:0.0001s ]
SQL: SELECT * FROM `hnust_supervisor` WHERE `type` = '4' ORDER BY time LIMIT 5   [ RunTime:0.0001s ]
INFO: [ view_parse ] --START--
INFO: [ template_filter ] --START--
INFO: Run Behavior\ContentReplaceBehavior [ RunTime:0.000037s ]
INFO: [ template_filter ] --END-- [ RunTime:0.000086s ]
INFO: Run Behavior\ParseTemplateBehavior [ RunTime:0.001606s ]
INFO: [ view_parse ] --END-- [ RunTime:0.001654s ]
INFO: [ view_filter ] --START--
INFO: Run Behavior\WriteHtmlCacheBehavior [ RunTime:0.000047s ]
INFO: [ view_filter ] --END-- [ RunTime:0.000084s ]
SQL: SELECT * FROM `hnust_supervisor` WHERE `type` = '5' ORDER BY time LIMIT 6   [ RunTime:0.0001s ]
SQL: SELECT * FROM `hnust_supervisor` WHERE `type` = '6' ORDER BY time LIMIT 6   [ RunTime:0.0001s ]
INFO: [ view_parse ] --START--
INFO: [ template_filter ] --START--
INFO: Run Behavior\ContentReplaceBehavior [ RunTime:0.000078s ]
INFO: [ template_filter ] --END-- [ RunTime:-0.005654s ]
INFO: Run Behavior\ParseTemplateBehavior [ RunTime:0.005150s ]
INFO: [ view_parse ] --END-- [ RunTime:-0.000911s ]
INFO: [ view_filter ] --START--
INFO: Run Behavior\WriteHtmlCacheBehavior [ RunTime:0.000012s ]
INFO: [ view_filter ] --END-- [ RunTime:-0.006027s ]
INFO: [ app_end ] --START--
INFO: Run Behavior\ShowPageTraceBehavior [ RunTime:0.000058s ]
INFO: [ app_end ] --END-- [ RunTime:0.000106s ]

[ 2017-03-28T20:26:32+08:00 ] 218.75.247.247 /mooc/
INFO: [ app_init ] --START--
INFO: Run Behavior\BuildLiteBehavior [ RunTime:0.000013s ]
INFO: [ app_init ] --END-- [ RunTime:0.000091s ]
INFO: [ app_begin ] --START--
INFO: Run Behavior\ReadHtmlCacheBehavior [ RunTime:0.000038s ]
INFO: [ app_begin ] --END-- [ RunTime:0.000079s ]
SQL: SHOW COLUMNS FROM `hnust_supervisor` [ RunTime:0.0006s ]
SQL: SELECT * FROM `hnust_supervisor` WHERE `type` = '0' ORDER BY time LIMIT 7   [ RunTime:0.0001s ]
SQL: SELECT * FROM `hnust_supervisor` WHERE `type` = '0' ORDER BY time LIMIT 7   [ RunTime:0.0001s ]
SQL: SELECT * FROM `hnust_supervisor` WHERE `type` = '2' ORDER BY time LIMIT 6   [ RunTime:0.0001s ]
SQL: SELECT * FROM `hnust_supervisor` WHERE `type` = '3' ORDER BY time LIMIT 6   [ RunTime:0.0001s ]
SQL: SELECT * FROM `hnust_supervisor` WHERE `type` = '4' ORDER BY time LIMIT 5   [ RunTime:0.0001s ]
INFO: [ view_parse ] --START--
INFO: [ template_filter ] --START--
INFO: Run Behavior\ContentReplaceBehavior [ RunTime:0.000037s ]
INFO: [ template_filter ] --END-- [ RunTime:0.000084s ]
INFO: Run Behavior\ParseTemplateBehavior [ RunTime:0.001557s ]
INFO: [ view_parse ] --END-- [ RunTime:0.001604s ]
INFO: [ view_filter ] --START--
INFO: Run Behavior\WriteHtmlCacheBehavior [ RunTime:0.000040s ]
INFO: [ view_filter ] --END-- [ RunTime:0.000077s ]
SQL: SELECT * FROM `hnust_supervisor` WHERE `type` = '5' ORDER BY time LIMIT 6   [ RunTime:0.0001s ]
SQL: SELECT * FROM `hnust_supervisor` WHERE `type` = '6' ORDER BY time LIMIT 6   [ RunTime:0.0001s ]
INFO: [ view_parse ] --START--
INFO: [ template_filter ] --START--
INFO: Run Behavior\ContentReplaceBehavior [ RunTime:0.000070s ]
INFO: [ template_filter ] --END-- [ RunTime:-0.005579s ]
INFO: Run Behavior\ParseTemplateBehavior [ RunTime:0.005083s ]
INFO: [ view_parse ] --END-- [ RunTime:-0.000931s ]
INFO: [ view_filter ] --START--
INFO: Run Behavior\WriteHtmlCacheBehavior [ RunTime:0.000012s ]
INFO: [ view_filter ] --END-- [ RunTime:-0.005987s ]
INFO: [ app_end ] --START--
INFO: Run Behavior\ShowPageTraceBehavior [ RunTime:0.000053s ]
INFO: [ app_end ] --END-- [ RunTime:0.000101s ]

[ 2017-03-28T20:26:39+08:00 ] 218.75.247.247 /mooc/index.php/home/file/getfile?type=0&id=1d2d7b85e298884893dfc3d6f4c41089
INFO: [ app_init ] --START--
INFO: Run Behavior\BuildLiteBehavior [ RunTime:0.000013s ]
INFO: [ app_init ] --END-- [ RunTime:0.000115s ]
INFO: [ app_begin ] --START--
INFO: Run Behavior\ReadHtmlCacheBehavior [ RunTime:0.000049s ]
INFO: [ app_begin ] --END-- [ RunTime:0.000091s ]
SQL: SHOW COLUMNS FROM `hnust_supervisor` [ RunTime:0.0005s ]
SQL: SELECT `content` FROM `hnust_supervisor` WHERE `id` = '1d2d7b85e298884893dfc3d6f4c41089' LIMIT 1   [ RunTime:0.0003s ]
INFO: [ view_parse ] --START--
INFO: [ template_filter ] --START--
INFO: Run Behavior\ContentReplaceBehavior [ RunTime:0.000044s ]
INFO: [ template_filter ] --END-- [ RunTime:0.000082s ]
INFO: Run Behavior\ParseTemplateBehavior [ RunTime:0.002271s ]
INFO: [ view_parse ] --END-- [ RunTime:0.002319s ]
INFO: [ view_filter ] --START--
INFO: Run Behavior\WriteHtmlCacheBehavior [ RunTime:0.000042s ]
INFO: [ view_filter ] --END-- [ RunTime:0.000069s ]
INFO: [ app_end ] --START--
INFO: Run Behavior\ShowPageTraceBehavior [ RunTime:0.000058s ]
INFO: [ app_end ] --END-- [ RunTime:0.000104s ]

[ 2017-03-28T20:26:44+08:00 ] 218.75.247.247 /mooc/index.php/home/file/getfile?type=0&id=1d2d7b85e298884893dfc3d6f4c41089
INFO: [ app_init ] --START--
INFO: Run Behavior\BuildLiteBehavior [ RunTime:0.000010s ]
INFO: [ app_init ] --END-- [ RunTime:0.000072s ]
INFO: [ app_begin ] --START--
INFO: Run Behavior\ReadHtmlCacheBehavior [ RunTime:0.000054s ]
INFO: [ app_begin ] --END-- [ RunTime:0.000097s ]
SQL: SHOW COLUMNS FROM `hnust_supervisor` [ RunTime:0.0005s ]
SQL: SELECT `content` FROM `hnust_supervisor` WHERE `id` = '1d2d7b85e298884893dfc3d6f4c41089' LIMIT 1   [ RunTime:0.0001s ]
INFO: [ view_parse ] --START--
INFO: [ template_filter ] --START--
INFO: Run Behavior\ContentReplaceBehavior [ RunTime:0.000044s ]
INFO: [ template_filter ] --END-- [ RunTime:0.000094s ]
INFO: Run Behavior\ParseTemplateBehavior [ RunTime:0.002424s ]
INFO: [ view_parse ] --END-- [ RunTime:0.002463s ]
INFO: [ view_filter ] --START--
INFO: Run Behavior\WriteHtmlCacheBehavior [ RunTime:0.000037s ]
INFO: [ view_filter ] --END-- [ RunTime:0.000060s ]
INFO: [ app_end ] --START--
INFO: Run Behavior\ShowPageTraceBehavior [ RunTime:0.000037s ]
INFO: [ app_end ] --END-- [ RunTime:0.000072s ]

[ 2017-03-28T20:26:48+08:00 ] 218.75.247.247 /mooc/index.php/home/file/getfile?type=6&id=b0941435a81cb29a1b5ec8bee32c3a71
INFO: [ app_init ] --START--
INFO: Run Behavior\BuildLiteBehavior [ RunTime:0.000014s ]
INFO: [ app_init ] --END-- [ RunTime:0.000100s ]
INFO: [ app_begin ] --START--
INFO: Run Behavior\ReadHtmlCacheBehavior [ RunTime:0.000047s ]
INFO: [ app_begin ] --END-- [ RunTime:0.000088s ]
SQL: SHOW COLUMNS FROM `hnust_supervisor` [ RunTime:0.0006s ]
SQL: SELECT `content` FROM `hnust_supervisor` WHERE `id` = 'b0941435a81cb29a1b5ec8bee32c3a71' LIMIT 1   [ RunTime:0.0003s ]
SQL: SELECT * FROM `hnust_supervisor` ORDER BY time LIMIT 7   [ RunTime:0.0004s ]
INFO: [ view_parse ] --START--
INFO: [ template_filter ] --START--
INFO: Run Behavior\ContentReplaceBehavior [ RunTime:0.000062s ]
INFO: [ template_filter ] --END-- [ RunTime:0.000117s ]
INFO: Run Behavior\ParseTemplateBehavior [ RunTime:0.003744s ]
INFO: [ view_parse ] --END-- [ RunTime:0.003799s ]
INFO: [ view_filter ] --START--
INFO: Run Behavior\WriteHtmlCacheBehavior [ RunTime:0.000051s ]
INFO: [ view_filter ] --END-- [ RunTime:0.000090s ]
INFO: [ app_end ] --START--
INFO: Run Behavior\ShowPageTraceBehavior [ RunTime:0.000050s ]
INFO: [ app_end ] --END-- [ RunTime:0.000096s ]

[ 2017-03-28T20:26:51+08:00 ] 218.75.247.247 /mooc/index.php/home/file/getfile?type=2&id=87d37230eb2ab10e64cc8d692f0d914d
INFO: [ app_init ] --START--
INFO: Run Behavior\BuildLiteBehavior [ RunTime:0.000016s ]
INFO: [ app_init ] --END-- [ RunTime:0.000111s ]
INFO: [ app_begin ] --START--
INFO: Run Behavior\ReadHtmlCacheBehavior [ RunTime:0.000051s ]
INFO: [ app_begin ] --END-- [ RunTime:0.000144s ]
SQL: SHOW COLUMNS FROM `hnust_supervisor` [ RunTime:0.0007s ]
SQL: SELECT `content` FROM `hnust_supervisor` WHERE `id` = '87d37230eb2ab10e64cc8d692f0d914d' LIMIT 1   [ RunTime:0.0004s ]
SQL: SELECT * FROM `hnust_supervisor` ORDER BY time LIMIT 7   [ RunTime:0.0001s ]
INFO: [ view_parse ] --START--
INFO: [ template_filter ] --START--
INFO: Run Behavior\ContentReplaceBehavior [ RunTime:0.000068s ]
INFO: [ template_filter ] --END-- [ RunTime:0.000175s ]
INFO: Run Behavior\ParseTemplateBehavior [ RunTime:0.003971s ]
INFO: [ view_parse ] --END-- [ RunTime:0.004039s ]
INFO: [ view_filter ] --START--
INFO: Run Behavior\WriteHtmlCacheBehavior [ RunTime:0.000052s ]
INFO: [ view_filter ] --END-- [ RunTime:0.000091s ]
INFO: [ app_end ] --START--
INFO: Run Behavior\ShowPageTraceBehavior [ RunTime:0.000050s ]
INFO: [ app_end ] --END-- [ RunTime:0.000094s ]

[ 2017-03-28T20:31:27+08:00 ] 218.75.247.247 /mooc/
INFO: [ app_init ] --START--
INFO: Run Behavior\BuildLiteBehavior [ RunTime:0.000013s ]
INFO: [ app_init ] --END-- [ RunTime:0.000099s ]
INFO: [ app_begin ] --START--
INFO: Run Behavior\ReadHtmlCacheBehavior [ RunTime:0.000048s ]
INFO: [ app_begin ] --END-- [ RunTime:0.000093s ]
SQL: SHOW COLUMNS FROM `hnust_supervisor` [ RunTime:0.0007s ]
SQL: SELECT * FROM `hnust_supervisor` WHERE `type` = '0' ORDER BY time LIMIT 7   [ RunTime:0.0002s ]
SQL: SELECT * FROM `hnust_supervisor` WHERE `type` = '0' ORDER BY time LIMIT 7   [ RunTime:0.0001s ]
SQL: SELECT * FROM `hnust_supervisor` WHERE `type` = '2' ORDER BY time LIMIT 6   [ RunTime:0.0001s ]
SQL: SELECT * FROM `hnust_supervisor` WHERE `type` = '3' ORDER BY time LIMIT 6   [ RunTime:0.0001s ]
SQL: SELECT * FROM `hnust_supervisor` WHERE `type` = '4' ORDER BY time LIMIT 5   [ RunTime:0.0001s ]
INFO: [ view_parse ] --START--
INFO: [ template_filter ] --START--
INFO: Run Behavior\ContentReplaceBehavior [ RunTime:0.000040s ]
INFO: [ template_filter ] --END-- [ RunTime:0.000091s ]
INFO: Run Behavior\ParseTemplateBehavior [ RunTime:0.001709s ]
INFO: [ view_parse ] --END-- [ RunTime:0.001754s ]
INFO: [ view_filter ] --START--
INFO: Run Behavior\WriteHtmlCacheBehavior [ RunTime:0.000082s ]
INFO: [ view_filter ] --END-- [ RunTime:0.000114s ]
SQL: SELECT * FROM `hnust_supervisor` WHERE `type` = '5' ORDER BY time LIMIT 6   [ RunTime:0.0001s ]
SQL: SELECT * FROM `hnust_supervisor` WHERE `type` = '6' ORDER BY time LIMIT 6   [ RunTime:0.0001s ]
INFO: [ view_parse ] --START--
INFO: [ template_filter ] --START--
INFO: Run Behavior\ContentReplaceBehavior [ RunTime:0.000048s ]
INFO: [ template_filter ] --END-- [ RunTime:-0.003619s ]
INFO: Run Behavior\ParseTemplateBehavior [ RunTime:0.003012s ]
INFO: [ view_parse ] --END-- [ RunTime:-0.000728s ]
INFO: [ view_filter ] --START--
INFO: Run Behavior\WriteHtmlCacheBehavior [ RunTime:0.000016s ]
INFO: [ view_filter ] --END-- [ RunTime:-0.003653s ]
INFO: [ app_end ] --START--
INFO: Run Behavior\ShowPageTraceBehavior [ RunTime:0.000044s ]
INFO: [ app_end ] --END-- [ RunTime:0.000075s ]

[ 2017-03-28T20:59:18+08:00 ] 218.75.247.247 /mooc/
INFO: [ app_init ] --START--
INFO: Run Behavior\BuildLiteBehavior [ RunTime:0.000013s ]
INFO: [ app_init ] --END-- [ RunTime:0.000096s ]
INFO: [ app_begin ] --START--
INFO: Run Behavior\ReadHtmlCacheBehavior [ RunTime:0.000033s ]
INFO: [ app_begin ] --END-- [ RunTime:0.000063s ]
SQL: SHOW COLUMNS FROM `hnust_supervisor` [ RunTime:0.0005s ]
SQL: SELECT * FROM `hnust_supervisor` WHERE `type` = '0' ORDER BY time LIMIT 7   [ RunTime:0.0001s ]
SQL: SELECT * FROM `hnust_supervisor` WHERE `type` = '0' ORDER BY time LIMIT 7   [ RunTime:0.0001s ]
SQL: SELECT * FROM `hnust_supervisor` WHERE `type` = '2' ORDER BY time LIMIT 6   [ RunTime:0.0001s ]
SQL: SELECT * FROM `hnust_supervisor` WHERE `type` = '3' ORDER BY time LIMIT 6   [ RunTime:0.0001s ]
SQL: SELECT * FROM `hnust_supervisor` WHERE `type` = '4' ORDER BY time LIMIT 5   [ RunTime:0.0001s ]
INFO: [ view_parse ] --START--
INFO: [ template_filter ] --START--
INFO: Run Behavior\ContentReplaceBehavior [ RunTime:0.000028s ]
INFO: [ template_filter ] --END-- [ RunTime:0.000064s ]
INFO: Run Behavior\ParseTemplateBehavior [ RunTime:0.001323s ]
INFO: [ view_parse ] --END-- [ RunTime:0.001364s ]
INFO: [ view_filter ] --START--
INFO: Run Behavior\WriteHtmlCacheBehavior [ RunTime:0.000082s ]
INFO: [ view_filter ] --END-- [ RunTime:0.000111s ]
SQL: SELECT * FROM `hnust_supervisor` WHERE `type` = '5' ORDER BY time LIMIT 6   [ RunTime:0.0001s ]
SQL: SELECT * FROM `hnust_supervisor` WHERE `type` = '6' ORDER BY time LIMIT 6   [ RunTime:0.0001s ]
INFO: [ view_parse ] --START--
INFO: [ template_filter ] --START--
INFO: Run Behavior\ContentReplaceBehavior [ RunTime:0.000057s ]
INFO: [ template_filter ] --END-- [ RunTime:-0.004417s ]
INFO: Run Behavior\ParseTemplateBehavior [ RunTime:0.004051s ]
INFO: [ view_parse ] --END-- [ RunTime:-0.000721s ]
INFO: [ view_filter ] --START--
INFO: Run Behavior\WriteHtmlCacheBehavior [ RunTime:0.000008s ]
INFO: [ view_filter ] --END-- [ RunTime:-0.004698s ]
INFO: [ app_end ] --START--
INFO: Run Behavior\ShowPageTraceBehavior [ RunTime:0.000046s ]
INFO: [ app_end ] --END-- [ RunTime:0.000078s ]

[ 2017-03-28T20:59:34+08:00 ] 218.75.247.247 /mooc/
INFO: [ app_init ] --START--
INFO: Run Behavior\BuildLiteBehavior [ RunTime:0.000014s ]
INFO: [ app_init ] --END-- [ RunTime:0.000113s ]
INFO: [ app_begin ] --START--
INFO: Run Behavior\ReadHtmlCacheBehavior [ RunTime:0.000045s ]
INFO: [ app_begin ] --END-- [ RunTime:0.000090s ]
SQL: SHOW COLUMNS FROM `hnust_supervisor` [ RunTime:0.0008s ]
SQL: SELECT * FROM `hnust_supervisor` WHERE `type` = '0' ORDER BY time LIMIT 7   [ RunTime:0.0002s ]
SQL: SELECT * FROM `hnust_supervisor` WHERE `type` = '0' ORDER BY time LIMIT 7   [ RunTime:0.0002s ]
SQL: SELECT * FROM `hnust_supervisor` WHERE `type` = '2' ORDER BY time LIMIT 6   [ RunTime:0.0001s ]
SQL: SELECT * FROM `hnust_supervisor` WHERE `type` = '3' ORDER BY time LIMIT 6   [ RunTime:0.0002s ]
SQL: SELECT * FROM `hnust_supervisor` WHERE `type` = '4' ORDER BY time LIMIT 5   [ RunTime:0.0001s ]
INFO: [ view_parse ] --START--
INFO: [ template_filter ] --START--
INFO: Run Behavior\ContentReplaceBehavior [ RunTime:0.000040s ]
INFO: [ template_filter ] --END-- [ RunTime:0.000094s ]
INFO: Run Behavior\ParseTemplateBehavior [ RunTime:0.001688s ]
INFO: [ view_parse ] --END-- [ RunTime:0.001743s ]
INFO: [ view_filter ] --START--
INFO: Run Behavior\WriteHtmlCacheBehavior [ RunTime:0.000050s ]
INFO: [ view_filter ] --END-- [ RunTime:0.000089s ]
SQL: SELECT * FROM `hnust_supervisor` WHERE `type` = '5' ORDER BY time LIMIT 6   [ RunTime:0.0001s ]
SQL: SELECT * FROM `hnust_supervisor` WHERE `type` = '6' ORDER BY time LIMIT 6   [ RunTime:0.0001s ]
INFO: [ view_parse ] --START--
INFO: [ template_filter ] --START--
INFO: Run Behavior\ContentReplaceBehavior [ RunTime:0.000162s ]
INFO: [ template_filter ] --END-- [ RunTime:-0.005494s ]
INFO: Run Behavior\ParseTemplateBehavior [ RunTime:0.005063s ]
INFO: [ view_parse ] --END-- [ RunTime:-0.000952s ]
INFO: [ view_filter ] --START--
INFO: Run Behavior\WriteHtmlCacheBehavior [ RunTime:0.000013s ]
INFO: [ view_filter ] --END-- [ RunTime:-0.005979s ]
INFO: [ app_end ] --START--
INFO: Run Behavior\ShowPageTraceBehavior [ RunTime:0.000065s ]
INFO: [ app_end ] --END-- [ RunTime:0.000121s ]

[ 2017-03-28T20:59:41+08:00 ] 218.75.247.247 /mooc/
INFO: [ app_init ] --START--
INFO: Run Behavior\BuildLiteBehavior [ RunTime:0.000018s ]
INFO: [ app_init ] --END-- [ RunTime:0.000101s ]
INFO: [ app_begin ] --START--
INFO: Run Behavior\ReadHtmlCacheBehavior [ RunTime:0.000051s ]
INFO: [ app_begin ] --END-- [ RunTime:0.000096s ]
SQL: SHOW COLUMNS FROM `hnust_supervisor` [ RunTime:0.0007s ]
SQL: SELECT * FROM `hnust_supervisor` WHERE `type` = '0' ORDER BY time LIMIT 7   [ RunTime:0.0001s ]
SQL: SELECT * FROM `hnust_supervisor` WHERE `type` = '0' ORDER BY time LIMIT 7   [ RunTime:0.0001s ]
SQL: SELECT * FROM `hnust_supervisor` WHERE `type` = '2' ORDER BY time LIMIT 6   [ RunTime:0.0001s ]
SQL: SELECT * FROM `hnust_supervisor` WHERE `type` = '3' ORDER BY time LIMIT 6   [ RunTime:0.0001s ]
SQL: SELECT * FROM `hnust_supervisor` WHERE `type` = '4' ORDER BY time LIMIT 5   [ RunTime:0.0001s ]
INFO: [ view_parse ] --START--
INFO: [ template_filter ] --START--
INFO: Run Behavior\ContentReplaceBehavior [ RunTime:0.000026s ]
INFO: [ template_filter ] --END-- [ RunTime:0.000059s ]
INFO: Run Behavior\ParseTemplateBehavior [ RunTime:0.001132s ]
INFO: [ view_parse ] --END-- [ RunTime:0.001261s ]
INFO: [ view_filter ] --START--
INFO: Run Behavior\WriteHtmlCacheBehavior [ RunTime:0.000033s ]
INFO: [ view_filter ] --END-- [ RunTime:0.000057s ]
SQL: SELECT * FROM `hnust_supervisor` WHERE `type` = '5' ORDER BY time LIMIT 6   [ RunTime:0.0002s ]
SQL: SELECT * FROM `hnust_supervisor` WHERE `type` = '6' ORDER BY time LIMIT 6   [ RunTime:0.0001s ]
INFO: [ view_parse ] --START--
INFO: [ template_filter ] --START--
INFO: Run Behavior\ContentReplaceBehavior [ RunTime:0.000049s ]
INFO: [ template_filter ] --END-- [ RunTime:-0.004122s ]
INFO: Run Behavior\ParseTemplateBehavior [ RunTime:0.003727s ]
INFO: [ view_parse ] --END-- [ RunTime:-0.000819s ]
INFO: [ view_filter ] --START--
INFO: Run Behavior\WriteHtmlCacheBehavior [ RunTime:0.000012s ]
INFO: [ view_filter ] --END-- [ RunTime:-0.004541s ]
INFO: [ app_end ] --START--
INFO: Run Behavior\ShowPageTraceBehavior [ RunTime:0.000048s ]
INFO: [ app_end ] --END-- [ RunTime:0.000087s ]

[ 2017-03-28T21:00:47+08:00 ] 218.75.247.247 /mooc/
INFO: [ app_init ] --START--
INFO: Run Behavior\BuildLiteBehavior [ RunTime:0.000014s ]
INFO: [ app_init ] --END-- [ RunTime:0.000102s ]
INFO: [ app_begin ] --START--
INFO: Run Behavior\ReadHtmlCacheBehavior [ RunTime:0.000047s ]
INFO: [ app_begin ] --END-- [ RunTime:0.000098s ]
SQL: SHOW COLUMNS FROM `hnust_supervisor` [ RunTime:0.0007s ]
SQL: SELECT * FROM `hnust_supervisor` WHERE `type` = '0' ORDER BY time LIMIT 7   [ RunTime:0.0001s ]
SQL: SELECT * FROM `hnust_supervisor` WHERE `type` = '0' ORDER BY time LIMIT 7   [ RunTime:0.0001s ]
SQL: SELECT * FROM `hnust_supervisor` WHERE `type` = '2' ORDER BY time LIMIT 6   [ RunTime:0.0001s ]
SQL: SELECT * FROM `hnust_supervisor` WHERE `type` = '3' ORDER BY time LIMIT 6   [ RunTime:0.0001s ]
SQL: SELECT * FROM `hnust_supervisor` WHERE `type` = '4' ORDER BY time LIMIT 5   [ RunTime:0.0001s ]
INFO: [ view_parse ] --START--
INFO: [ template_filter ] --START--
INFO: Run Behavior\ContentReplaceBehavior [ RunTime:0.000041s ]
INFO: [ template_filter ] --END-- [ RunTime:0.000129s ]
INFO: Run Behavior\ParseTemplateBehavior [ RunTime:0.001480s ]
INFO: [ view_parse ] --END-- [ RunTime:0.001533s ]
INFO: [ view_filter ] --START--
INFO: Run Behavior\WriteHtmlCacheBehavior [ RunTime:0.000045s ]
INFO: [ view_filter ] --END-- [ RunTime:0.000077s ]
SQL: SELECT * FROM `hnust_supervisor` WHERE `type` = '5' ORDER BY time LIMIT 6   [ RunTime:0.0001s ]
SQL: SELECT * FROM `hnust_supervisor` WHERE `type` = '6' ORDER BY time LIMIT 6   [ RunTime:0.0001s ]
INFO: [ view_parse ] --START--
INFO: [ template_filter ] --START--
INFO: Run Behavior\ContentReplaceBehavior [ RunTime:0.000070s ]
INFO: [ template_filter ] --END-- [ RunTime:-0.004883s ]
INFO: Run Behavior\ParseTemplateBehavior [ RunTime:0.004449s ]
INFO: [ view_parse ] --END-- [ RunTime:-0.000930s ]
INFO: [ view_filter ] --START--
INFO: Run Behavior\WriteHtmlCacheBehavior [ RunTime:0.000012s ]
INFO: [ view_filter ] --END-- [ RunTime:-0.005352s ]
INFO: [ app_end ] --START--
INFO: Run Behavior\ShowPageTraceBehavior [ RunTime:0.000069s ]
INFO: [ app_end ] --END-- [ RunTime:0.000116s ]

[ 2017-03-28T21:00:52+08:00 ] 218.75.247.247 /mooc/
INFO: [ app_init ] --START--
INFO: Run Behavior\BuildLiteBehavior [ RunTime:0.000017s ]
INFO: [ app_init ] --END-- [ RunTime:0.000088s ]
INFO: [ app_begin ] --START--
INFO: Run Behavior\ReadHtmlCacheBehavior [ RunTime:0.000046s ]
INFO: [ app_begin ] --END-- [ RunTime:0.000089s ]
SQL: SHOW COLUMNS FROM `hnust_supervisor` [ RunTime:0.0006s ]
SQL: SELECT * FROM `hnust_supervisor` WHERE `type` = '0' ORDER BY time LIMIT 7   [ RunTime:0.0001s ]
SQL: SELECT * FROM `hnust_supervisor` WHERE `type` = '0' ORDER BY time LIMIT 7   [ RunTime:0.0001s ]
SQL: SELECT * FROM `hnust_supervisor` WHERE `type` = '2' ORDER BY time LIMIT 6   [ RunTime:0.0001s ]
SQL: SELECT * FROM `hnust_supervisor` WHERE `type` = '3' ORDER BY time LIMIT 6   [ RunTime:0.0001s ]
SQL: SELECT * FROM `hnust_supervisor` WHERE `type` = '4' ORDER BY time LIMIT 5   [ RunTime:0.0001s ]
INFO: [ view_parse ] --START--
INFO: [ template_filter ] --START--
INFO: Run Behavior\ContentReplaceBehavior [ RunTime:0.000029s ]
INFO: [ template_filter ] --END-- [ RunTime:0.000064s ]
INFO: Run Behavior\ParseTemplateBehavior [ RunTime:0.001514s ]
INFO: [ view_parse ] --END-- [ RunTime:0.001595s ]
INFO: [ view_filter ] --START--
INFO: Run Behavior\WriteHtmlCacheBehavior [ RunTime:0.000039s ]
INFO: [ view_filter ] --END-- [ RunTime:0.000070s ]
SQL: SELECT * FROM `hnust_supervisor` WHERE `type` = '5' ORDER BY time LIMIT 6   [ RunTime:0.0001s ]
SQL: SELECT * FROM `hnust_supervisor` WHERE `type` = '6' ORDER BY time LIMIT 6   [ RunTime:0.0001s ]
INFO: [ view_parse ] --START--
INFO: [ template_filter ] --START--
INFO: Run Behavior\ContentReplaceBehavior [ RunTime:0.000059s ]
INFO: [ template_filter ] --END-- [ RunTime:-0.003671s ]
INFO: Run Behavior\ParseTemplateBehavior [ RunTime:0.003207s ]
INFO: [ view_parse ] --END-- [ RunTime:-0.000713s ]
INFO: [ view_filter ] --START--
INFO: Run Behavior\WriteHtmlCacheBehavior [ RunTime:0.000008s ]
INFO: [ view_filter ] --END-- [ RunTime:-0.003885s ]
INFO: [ app_end ] --START--
INFO: Run Behavior\ShowPageTraceBehavior [ RunTime:0.000042s ]
INFO: [ app_end ] --END-- [ RunTime:0.000075s ]

[ 2017-03-28T21:01:15+08:00 ] 218.75.247.247 /mooc/index.php/more?type=1&d=inform
INFO: [ app_init ] --START--
INFO: Run Behavior\BuildLiteBehavior [ RunTime:0.000014s ]
INFO: [ app_init ] --END-- [ RunTime:0.000131s ]
INFO: [ app_begin ] --START--
INFO: Run Behavior\ReadHtmlCacheBehavior [ RunTime:0.000034s ]
INFO: [ app_begin ] --END-- [ RunTime:0.000068s ]
INFO: [ view_parse ] --START--
INFO: [ template_filter ] --START--
INFO: Run Behavior\ContentReplaceBehavior [ RunTime:0.000043s ]
INFO: [ template_filter ] --END-- [ RunTime:0.000091s ]
NOTIC: [8] Undefined variable: content /home/ubuntu/mooc/HNUST/Runtime/Cache/Home/78782fd6f7f1ba7737967cc554d01190.php 第 69 行.
INFO: Run Behavior\ParseTemplateBehavior [ RunTime:0.002987s ]
INFO: [ view_parse ] --END-- [ RunTime:0.003024s ]
INFO: [ view_filter ] --START--
INFO: Run Behavior\WriteHtmlCacheBehavior [ RunTime:0.000042s ]
INFO: [ view_filter ] --END-- [ RunTime:0.000070s ]
INFO: [ app_end ] --START--
INFO: Run Behavior\ShowPageTraceBehavior [ RunTime:0.000040s ]
INFO: [ app_end ] --END-- [ RunTime:0.000080s ]

[ 2017-03-28T21:01:16+08:00 ] 218.75.247.247 /mooc/index.php/nextPage?type=1&d=inform
INFO: [ app_init ] --START--
INFO: Run Behavior\BuildLiteBehavior [ RunTime:0.000013s ]
INFO: [ app_init ] --END-- [ RunTime:0.000082s ]
INFO: [ app_begin ] --START--
INFO: Run Behavior\ReadHtmlCacheBehavior [ RunTime:0.000036s ]
INFO: [ app_begin ] --END-- [ RunTime:0.000069s ]
SQL: SHOW COLUMNS FROM `hnust_supervisor` [ RunTime:0.0006s ]
SQL: SELECT * FROM `hnust_supervisor` WHERE `type` = '1' ORDER BY time LIMIT 0,8   [ RunTime:0.0004s ]
INFO: [ view_parse ] --START--
INFO: [ template_filter ] --START--
INFO: Run Behavior\ContentReplaceBehavior [ RunTime:0.000041s ]
INFO: [ template_filter ] --END-- [ RunTime:0.000091s ]
INFO: Run Behavior\ParseTemplateBehavior [ RunTime:0.001410s ]
INFO: [ view_parse ] --END-- [ RunTime:0.001459s ]
INFO: [ view_filter ] --START--
INFO: Run Behavior\WriteHtmlCacheBehavior [ RunTime:0.000043s ]
INFO: [ view_filter ] --END-- [ RunTime:0.000079s ]
SQL: SELECT count(*) FROM `hnust_supervisor` WHERE `type` = '1' ORDER BY time  [ RunTime:0.0003s ]
NOTIC: [8] Undefined index: count(*) /home/ubuntu/mooc/HNUST/Home/Controller/FileController.class.php 第 96 行.

[ 2017-03-28T21:01:22+08:00 ] 218.75.247.247 /mooc/index.php/home/file/getfile?type=0&id=1d2d7b85e298884893dfc3d6f4c41089
INFO: [ app_init ] --START--
INFO: Run Behavior\BuildLiteBehavior [ RunTime:0.000011s ]
INFO: [ app_init ] --END-- [ RunTime:0.000081s ]
INFO: [ app_begin ] --START--
INFO: Run Behavior\ReadHtmlCacheBehavior [ RunTime:0.000040s ]
INFO: [ app_begin ] --END-- [ RunTime:0.000076s ]
SQL: SHOW COLUMNS FROM `hnust_supervisor` [ RunTime:0.0004s ]
SQL: SELECT `content` FROM `hnust_supervisor` WHERE `id` = '1d2d7b85e298884893dfc3d6f4c41089' LIMIT 1   [ RunTime:0.0001s ]
INFO: [ view_parse ] --START--
INFO: [ template_filter ] --START--
INFO: Run Behavior\ContentReplaceBehavior [ RunTime:0.000047s ]
INFO: [ template_filter ] --END-- [ RunTime:0.000093s ]
INFO: Run Behavior\ParseTemplateBehavior [ RunTime:0.002648s ]
INFO: [ view_parse ] --END-- [ RunTime:0.002687s ]
INFO: [ view_filter ] --START--
INFO: Run Behavior\WriteHtmlCacheBehavior [ RunTime:0.000046s ]
INFO: [ view_filter ] --END-- [ RunTime:0.000077s ]
INFO: [ app_end ] --START--
INFO: Run Behavior\ShowPageTraceBehavior [ RunTime:0.000051s ]
INFO: [ app_end ] --END-- [ RunTime:0.000096s ]

[ 2017-03-28T21:01:50+08:00 ] 218.75.247.247 /mooc/index.php/more?type=4&d=inform
INFO: [ app_init ] --START--
INFO: Run Behavior\BuildLiteBehavior [ RunTime:0.000011s ]
INFO: [ app_init ] --END-- [ RunTime:0.000077s ]
INFO: [ app_begin ] --START--
INFO: Run Behavior\ReadHtmlCacheBehavior [ RunTime:0.000044s ]
INFO: [ app_begin ] --END-- [ RunTime:0.000084s ]
INFO: [ view_parse ] --START--
INFO: [ template_filter ] --START--
INFO: Run Behavior\ContentReplaceBehavior [ RunTime:0.000043s ]
INFO: [ template_filter ] --END-- [ RunTime:0.000087s ]
NOTIC: [8] Undefined variable: content /home/ubuntu/mooc/HNUST/Runtime/Cache/Home/78782fd6f7f1ba7737967cc554d01190.php 第 69 行.
INFO: Run Behavior\ParseTemplateBehavior [ RunTime:0.002797s ]
INFO: [ view_parse ] --END-- [ RunTime:0.002833s ]
INFO: [ view_filter ] --START--
INFO: Run Behavior\WriteHtmlCacheBehavior [ RunTime:0.000040s ]
INFO: [ view_filter ] --END-- [ RunTime:0.000074s ]
INFO: [ app_end ] --START--
INFO: Run Behavior\ShowPageTraceBehavior [ RunTime:0.000030s ]
INFO: [ app_end ] --END-- [ RunTime:0.000055s ]

[ 2017-03-28T21:01:51+08:00 ] 218.75.247.247 /mooc/index.php/nextPage?type=4&d=inform
INFO: [ app_init ] --START--
INFO: Run Behavior\BuildLiteBehavior [ RunTime:0.000014s ]
INFO: [ app_init ] --END-- [ RunTime:0.000093s ]
INFO: [ app_begin ] --START--
INFO: Run Behavior\ReadHtmlCacheBehavior [ RunTime:0.000040s ]
INFO: [ app_begin ] --END-- [ RunTime:0.000081s ]
SQL: SHOW COLUMNS FROM `hnust_supervisor` [ RunTime:0.0008s ]
SQL: SELECT * FROM `hnust_supervisor` WHERE `type` = '4' ORDER BY time LIMIT 0,8   [ RunTime:0.0006s ]
INFO: [ view_parse ] --START--
INFO: [ template_filter ] --START--
INFO: Run Behavior\ContentReplaceBehavior [ RunTime:0.000039s ]
INFO: [ template_filter ] --END-- [ RunTime:0.000085s ]
INFO: Run Behavior\ParseTemplateBehavior [ RunTime:0.007764s ]
INFO: [ view_parse ] --END-- [ RunTime:0.007831s ]
INFO: [ view_filter ] --START--
INFO: Run Behavior\WriteHtmlCacheBehavior [ RunTime:0.000056s ]
INFO: [ view_filter ] --END-- [ RunTime:0.000093s ]
SQL: SELECT count(*) FROM `hnust_supervisor` WHERE `type` = '4' ORDER BY time  [ RunTime:0.0003s ]
NOTIC: [8] Undefined index: count(*) /home/ubuntu/mooc/HNUST/Home/Controller/FileController.class.php 第 96 行.

[ 2017-03-28T21:02:14+08:00 ] 218.75.247.247 /mooc/index.php/home/file/getfile?type=4&id=dc2a1f0e2ef54d84142a11e1020e7ad5
INFO: [ app_init ] --START--
INFO: Run Behavior\BuildLiteBehavior [ RunTime:0.000010s ]
INFO: [ app_init ] --END-- [ RunTime:0.000071s ]
INFO: [ app_begin ] --START--
INFO: Run Behavior\ReadHtmlCacheBehavior [ RunTime:0.000049s ]
INFO: [ app_begin ] --END-- [ RunTime:0.000093s ]
SQL: SHOW COLUMNS FROM `hnust_supervisor` [ RunTime:0.0005s ]
SQL: SELECT `content` FROM `hnust_supervisor` WHERE `id` = 'dc2a1f0e2ef54d84142a11e1020e7ad5' LIMIT 1   [ RunTime:0.0003s ]
SQL: SELECT * FROM `hnust_supervisor` ORDER BY time LIMIT 7   [ RunTime:0.0001s ]
INFO: [ view_parse ] --START--
INFO: [ template_filter ] --START--
INFO: Run Behavior\ContentReplaceBehavior [ RunTime:0.000060s ]
INFO: [ template_filter ] --END-- [ RunTime:0.000106s ]
INFO: Run Behavior\ParseTemplateBehavior [ RunTime:0.002964s ]
INFO: [ view_parse ] --END-- [ RunTime:0.003011s ]
INFO: [ view_filter ] --START--
INFO: Run Behavior\WriteHtmlCacheBehavior [ RunTime:0.000039s ]
INFO: [ view_filter ] --END-- [ RunTime:0.000070s ]
INFO: [ app_end ] --START--
INFO: Run Behavior\ShowPageTraceBehavior [ RunTime:0.000046s ]
INFO: [ app_end ] --END-- [ RunTime:0.000085s ]

[ 2017-03-28T21:49:08+08:00 ] 110.52.119.93 /mooc/
INFO: [ app_init ] --START--
INFO: Run Behavior\BuildLiteBehavior [ RunTime:0.000013s ]
INFO: [ app_init ] --END-- [ RunTime:0.000097s ]
INFO: [ app_begin ] --START--
INFO: Run Behavior\ReadHtmlCacheBehavior [ RunTime:0.000032s ]
INFO: [ app_begin ] --END-- [ RunTime:0.000063s ]
SQL: SHOW COLUMNS FROM `hnust_supervisor` [ RunTime:0.0005s ]
SQL: SELECT * FROM `hnust_supervisor` WHERE `type` = '0' ORDER BY time LIMIT 7   [ RunTime:0.0001s ]
SQL: SELECT * FROM `hnust_supervisor` WHERE `type` = '0' ORDER BY time LIMIT 7   [ RunTime:0.0001s ]
SQL: SELECT * FROM `hnust_supervisor` WHERE `type` = '2' ORDER BY time LIMIT 6   [ RunTime:0.0001s ]
SQL: SELECT * FROM `hnust_supervisor` WHERE `type` = '3' ORDER BY time LIMIT 6   [ RunTime:0.0001s ]
SQL: SELECT * FROM `hnust_supervisor` WHERE `type` = '4' ORDER BY time LIMIT 5   [ RunTime:0.0001s ]
INFO: [ view_parse ] --START--
INFO: [ template_filter ] --START--
INFO: Run Behavior\ContentReplaceBehavior [ RunTime:0.000027s ]
INFO: [ template_filter ] --END-- [ RunTime:0.000071s ]
INFO: Run Behavior\ParseTemplateBehavior [ RunTime:0.001133s ]
INFO: [ view_parse ] --END-- [ RunTime:0.001176s ]
INFO: [ view_filter ] --START--
INFO: Run Behavior\WriteHtmlCacheBehavior [ RunTime:0.000036s ]
INFO: [ view_filter ] --END-- [ RunTime:0.000060s ]
SQL: SELECT * FROM `hnust_supervisor` WHERE `type` = '5' ORDER BY time LIMIT 6   [ RunTime:0.0001s ]
SQL: SELECT * FROM `hnust_supervisor` WHERE `type` = '6' ORDER BY time LIMIT 6   [ RunTime:0.0001s ]
INFO: [ view_parse ] --START--
INFO: [ template_filter ] --START--
INFO: Run Behavior\ContentReplaceBehavior [ RunTime:0.000058s ]
INFO: [ template_filter ] --END-- [ RunTime:-0.004759s ]
INFO: Run Behavior\ParseTemplateBehavior [ RunTime:0.004354s ]
INFO: [ view_parse ] --END-- [ RunTime:-0.000774s ]
INFO: [ view_filter ] --START--
INFO: Run Behavior\WriteHtmlCacheBehavior [ RunTime:0.000008s ]
INFO: [ view_filter ] --END-- [ RunTime:-0.005110s ]
INFO: [ app_end ] --START--
INFO: Run Behavior\ShowPageTraceBehavior [ RunTime:0.000071s ]
INFO: [ app_end ] --END-- [ RunTime:0.000124s ]

[ 2017-03-28T21:54:30+08:00 ] 110.52.119.93 /mooc/
INFO: [ app_init ] --START--
INFO: Run Behavior\BuildLiteBehavior [ RunTime:0.000009s ]
INFO: [ app_init ] --END-- [ RunTime:0.000073s ]
INFO: [ app_begin ] --START--
INFO: Run Behavior\ReadHtmlCacheBehavior [ RunTime:0.000047s ]
INFO: [ app_begin ] --END-- [ RunTime:0.000087s ]
SQL: SHOW COLUMNS FROM `hnust_supervisor` [ RunTime:0.0005s ]
SQL: SELECT * FROM `hnust_supervisor` WHERE `type` = '0' ORDER BY time LIMIT 7   [ RunTime:0.0001s ]
SQL: SELECT * FROM `hnust_supervisor` WHERE `type` = '0' ORDER BY time LIMIT 7   [ RunTime:0.0001s ]
SQL: SELECT * FROM `hnust_supervisor` WHERE `type` = '2' ORDER BY time LIMIT 6   [ RunTime:0.0001s ]
SQL: SELECT * FROM `hnust_supervisor` WHERE `type` = '3' ORDER BY time LIMIT 6   [ RunTime:0.0001s ]
SQL: SELECT * FROM `hnust_supervisor` WHERE `type` = '4' ORDER BY time LIMIT 5   [ RunTime:0.0001s ]
INFO: [ view_parse ] --START--
INFO: [ template_filter ] --START--
INFO: Run Behavior\ContentReplaceBehavior [ RunTime:0.000026s ]
INFO: [ template_filter ] --END-- [ RunTime:0.000061s ]
INFO: Run Behavior\ParseTemplateBehavior [ RunTime:0.001426s ]
INFO: [ view_parse ] --END-- [ RunTime:0.001467s ]
INFO: [ view_filter ] --START--
INFO: Run Behavior\WriteHtmlCacheBehavior [ RunTime:0.000038s ]
INFO: [ view_filter ] --END-- [ RunTime:0.000060s ]
SQL: SELECT * FROM `hnust_supervisor` WHERE `type` = '5' ORDER BY time LIMIT 6   [ RunTime:0.0001s ]
SQL: SELECT * FROM `hnust_supervisor` WHERE `type` = '6' ORDER BY time LIMIT 6   [ RunTime:0.0001s ]
INFO: [ view_parse ] --START--
INFO: [ template_filter ] --START--
INFO: Run Behavior\ContentReplaceBehavior [ RunTime:0.000047s ]
INFO: [ template_filter ] --END-- [ RunTime:-0.003891s ]
INFO: Run Behavior\ParseTemplateBehavior [ RunTime:0.003290s ]
INFO: [ view_parse ] --END-- [ RunTime:-0.000778s ]
INFO: [ view_filter ] --START--
INFO: Run Behavior\WriteHtmlCacheBehavior [ RunTime:0.000008s ]
INFO: [ view_filter ] --END-- [ RunTime:-0.004042s ]
INFO: [ app_end ] --START--
INFO: Run Behavior\ShowPageTraceBehavior [ RunTime:0.000050s ]
INFO: [ app_end ] --END-- [ RunTime:0.000089s ]

[ 2017-03-28T21:55:01+08:00 ] 110.52.119.93 /mooc/
INFO: [ app_init ] --START--
INFO: Run Behavior\BuildLiteBehavior [ RunTime:0.000014s ]
INFO: [ app_init ] --END-- [ RunTime:0.000100s ]
INFO: [ app_begin ] --START--
INFO: Run Behavior\ReadHtmlCacheBehavior [ RunTime:0.000049s ]
INFO: [ app_begin ] --END-- [ RunTime:0.000098s ]
SQL: SHOW COLUMNS FROM `hnust_supervisor` [ RunTime:0.0006s ]
SQL: SELECT * FROM `hnust_supervisor` WHERE `type` = '0' ORDER BY time LIMIT 7   [ RunTime:0.0001s ]
SQL: SELECT * FROM `hnust_supervisor` WHERE `type` = '0' ORDER BY time LIMIT 7   [ RunTime:0.0001s ]
SQL: SELECT * FROM `hnust_supervisor` WHERE `type` = '2' ORDER BY time LIMIT 6   [ RunTime:0.0001s ]
SQL: SELECT * FROM `hnust_supervisor` WHERE `type` = '3' ORDER BY time LIMIT 6   [ RunTime:0.0001s ]
SQL: SELECT * FROM `hnust_supervisor` WHERE `type` = '4' ORDER BY time LIMIT 5   [ RunTime:0.0001s ]
INFO: [ view_parse ] --START--
INFO: [ template_filter ] --START--
INFO: Run Behavior\ContentReplaceBehavior [ RunTime:0.000040s ]
INFO: [ template_filter ] --END-- [ RunTime:0.000090s ]
INFO: Run Behavior\ParseTemplateBehavior [ RunTime:0.001455s ]
INFO: [ view_parse ] --END-- [ RunTime:0.001506s ]
INFO: [ view_filter ] --START--
INFO: Run Behavior\WriteHtmlCacheBehavior [ RunTime:0.000056s ]
INFO: [ view_filter ] --END-- [ RunTime:0.000095s ]
SQL: SELECT * FROM `hnust_supervisor` WHERE `type` = '5' ORDER BY time LIMIT 6   [ RunTime:0.0001s ]
SQL: SELECT * FROM `hnust_supervisor` WHERE `type` = '6' ORDER BY time LIMIT 6   [ RunTime:0.0001s ]
INFO: [ view_parse ] --START--
INFO: [ template_filter ] --START--
INFO: Run Behavior\ContentReplaceBehavior [ RunTime:0.000069s ]
INFO: [ template_filter ] --END-- [ RunTime:-0.005857s ]
INFO: Run Behavior\ParseTemplateBehavior [ RunTime:0.004983s ]
INFO: [ view_parse ] --END-- [ RunTime:-0.001436s ]
INFO: [ view_filter ] --START--
INFO: Run Behavior\WriteHtmlCacheBehavior [ RunTime:0.000009s ]
INFO: [ view_filter ] --END-- [ RunTime:-0.006361s ]
INFO: [ app_end ] --START--
INFO: Run Behavior\ShowPageTraceBehavior [ RunTime:0.000061s ]
INFO: [ app_end ] --END-- [ RunTime:0.000099s ]

[ 2017-03-28T21:57:42+08:00 ] 110.52.119.93 /mooc/
INFO: [ app_init ] --START--
INFO: Run Behavior\BuildLiteBehavior [ RunTime:0.000016s ]
INFO: [ app_init ] --END-- [ RunTime:0.000112s ]
INFO: [ app_begin ] --START--
INFO: Run Behavior\ReadHtmlCacheBehavior [ RunTime:0.000047s ]
INFO: [ app_begin ] --END-- [ RunTime:0.000092s ]
SQL: SHOW COLUMNS FROM `hnust_supervisor` [ RunTime:0.0007s ]
SQL: SELECT * FROM `hnust_supervisor` WHERE `type` = '0' ORDER BY time LIMIT 7   [ RunTime:0.0001s ]
SQL: SELECT * FROM `hnust_supervisor` WHERE `type` = '0' ORDER BY time LIMIT 7   [ RunTime:0.0001s ]
SQL: SELECT * FROM `hnust_supervisor` WHERE `type` = '2' ORDER BY time LIMIT 6   [ RunTime:0.0001s ]
SQL: SELECT * FROM `hnust_supervisor` WHERE `type` = '3' ORDER BY time LIMIT 6   [ RunTime:0.0001s ]
SQL: SELECT * FROM `hnust_supervisor` WHERE `type` = '4' ORDER BY time LIMIT 5   [ RunTime:0.0001s ]
INFO: [ view_parse ] --START--
INFO: [ template_filter ] --START--
INFO: Run Behavior\ContentReplaceBehavior [ RunTime:0.000038s ]
INFO: [ template_filter ] --END-- [ RunTime:0.000088s ]
INFO: Run Behavior\ParseTemplateBehavior [ RunTime:0.001671s ]
INFO: [ view_parse ] --END-- [ RunTime:0.001721s ]
INFO: [ view_filter ] --START--
INFO: Run Behavior\WriteHtmlCacheBehavior [ RunTime:0.000048s ]
INFO: [ view_filter ] --END-- [ RunTime:0.000084s ]
SQL: SELECT * FROM `hnust_supervisor` WHERE `type` = '5' ORDER BY time LIMIT 6   [ RunTime:0.0001s ]
SQL: SELECT * FROM `hnust_supervisor` WHERE `type` = '6' ORDER BY time LIMIT 6   [ RunTime:0.0001s ]
INFO: [ view_parse ] --START--
INFO: [ template_filter ] --START--
INFO: Run Behavior\ContentReplaceBehavior [ RunTime:0.000080s ]
INFO: [ template_filter ] --END-- [ RunTime:-0.005512s ]
INFO: Run Behavior\ParseTemplateBehavior [ RunTime:0.004976s ]
INFO: [ view_parse ] --END-- [ RunTime:-0.000971s ]
INFO: [ view_filter ] --START--
INFO: Run Behavior\WriteHtmlCacheBehavior [ RunTime:0.000018s ]
INFO: [ view_filter ] --END-- [ RunTime:-0.006027s ]
INFO: [ app_end ] --START--
INFO: Run Behavior\ShowPageTraceBehavior [ RunTime:0.000063s ]
INFO: [ app_end ] --END-- [ RunTime:0.000113s ]

[ 2017-03-28T21:58:12+08:00 ] 110.52.119.93 /mooc/
INFO: [ app_init ] --START--
INFO: Run Behavior\BuildLiteBehavior [ RunTime:0.000010s ]
INFO: [ app_init ] --END-- [ RunTime:0.000069s ]
INFO: [ app_begin ] --START--
INFO: Run Behavior\ReadHtmlCacheBehavior [ RunTime:0.000042s ]
INFO: [ app_begin ] --END-- [ RunTime:0.000079s ]
SQL: SHOW COLUMNS FROM `hnust_supervisor` [ RunTime:0.0005s ]
SQL: SELECT * FROM `hnust_supervisor` WHERE `type` = '0' ORDER BY time LIMIT 7   [ RunTime:0.0001s ]
SQL: SELECT * FROM `hnust_supervisor` WHERE `type` = '0' ORDER BY time LIMIT 7   [ RunTime:0.0001s ]
SQL: SELECT * FROM `hnust_supervisor` WHERE `type` = '2' ORDER BY time LIMIT 6   [ RunTime:0.0001s ]
SQL: SELECT * FROM `hnust_supervisor` WHERE `type` = '3' ORDER BY time LIMIT 6   [ RunTime:0.0001s ]
SQL: SELECT * FROM `hnust_supervisor` WHERE `type` = '4' ORDER BY time LIMIT 5   [ RunTime:0.0001s ]
INFO: [ view_parse ] --START--
INFO: [ template_filter ] --START--
INFO: Run Behavior\ContentReplaceBehavior [ RunTime:0.000029s ]
INFO: [ template_filter ] --END-- [ RunTime:0.000063s ]
INFO: Run Behavior\ParseTemplateBehavior [ RunTime:0.001166s ]
INFO: [ view_parse ] --END-- [ RunTime:0.001222s ]
INFO: [ view_filter ] --START--
INFO: Run Behavior\WriteHtmlCacheBehavior [ RunTime:0.000038s ]
INFO: [ view_filter ] --END-- [ RunTime:0.000062s ]
SQL: SELECT * FROM `hnust_supervisor` WHERE `type` = '5' ORDER BY time LIMIT 6   [ RunTime:0.0001s ]
SQL: SELECT * FROM `hnust_supervisor` WHERE `type` = '6' ORDER BY time LIMIT 6   [ RunTime:0.0001s ]
INFO: [ view_parse ] --START--
INFO: [ template_filter ] --START--
INFO: Run Behavior\ContentReplaceBehavior [ RunTime:0.000047s ]
INFO: [ template_filter ] --END-- [ RunTime:-0.003746s ]
INFO: Run Behavior\ParseTemplateBehavior [ RunTime:0.003264s ]
INFO: [ view_parse ] --END-- [ RunTime:-0.000710s ]
INFO: [ view_filter ] --START--
INFO: Run Behavior\WriteHtmlCacheBehavior [ RunTime:0.000008s ]
INFO: [ view_filter ] --END-- [ RunTime:-0.003947s ]
INFO: [ app_end ] --START--
INFO: Run Behavior\ShowPageTraceBehavior [ RunTime:0.000045s ]
INFO: [ app_end ] --END-- [ RunTime:0.000078s ]

[ 2017-03-28T22:01:13+08:00 ] 110.52.119.93 /mooc/
INFO: [ app_init ] --START--
INFO: Run Behavior\BuildLiteBehavior [ RunTime:0.000015s ]
INFO: [ app_init ] --END-- [ RunTime:0.000100s ]
INFO: [ app_begin ] --START--
INFO: Run Behavior\ReadHtmlCacheBehavior [ RunTime:0.000040s ]
INFO: [ app_begin ] --END-- [ RunTime:0.000071s ]
SQL: SHOW COLUMNS FROM `hnust_supervisor` [ RunTime:0.0005s ]
SQL: SELECT * FROM `hnust_supervisor` WHERE `type` = '0' ORDER BY time LIMIT 7   [ RunTime:0.0001s ]
SQL: SELECT * FROM `hnust_supervisor` WHERE `type` = '0' ORDER BY time LIMIT 7   [ RunTime:0.0001s ]
SQL: SELECT * FROM `hnust_supervisor` WHERE `type` = '2' ORDER BY time LIMIT 6   [ RunTime:0.0001s ]
SQL: SELECT * FROM `hnust_supervisor` WHERE `type` = '3' ORDER BY time LIMIT 6   [ RunTime:0.0001s ]
SQL: SELECT * FROM `hnust_supervisor` WHERE `type` = '4' ORDER BY time LIMIT 5   [ RunTime:0.0001s ]
INFO: [ view_parse ] --START--
INFO: [ template_filter ] --START--
INFO: Run Behavior\ContentReplaceBehavior [ RunTime:0.000027s ]
INFO: [ template_filter ] --END-- [ RunTime:0.000061s ]
INFO: Run Behavior\ParseTemplateBehavior [ RunTime:0.001239s ]
INFO: [ view_parse ] --END-- [ RunTime:0.001328s ]
INFO: [ view_filter ] --START--
INFO: Run Behavior\WriteHtmlCacheBehavior [ RunTime:0.000041s ]
INFO: [ view_filter ] --END-- [ RunTime:0.000073s ]
SQL: SELECT * FROM `hnust_supervisor` WHERE `type` = '5' ORDER BY time LIMIT 6   [ RunTime:0.0001s ]
SQL: SELECT * FROM `hnust_supervisor` WHERE `type` = '6' ORDER BY time LIMIT 6   [ RunTime:0.0001s ]
INFO: [ view_parse ] --START--
INFO: [ template_filter ] --START--
INFO: Run Behavior\ContentReplaceBehavior [ RunTime:0.000047s ]
INFO: [ template_filter ] --END-- [ RunTime:-0.003903s ]
INFO: Run Behavior\ParseTemplateBehavior [ RunTime:0.003290s ]
INFO: [ view_parse ] --END-- [ RunTime:-0.000744s ]
INFO: [ view_filter ] --START--
INFO: Run Behavior\WriteHtmlCacheBehavior [ RunTime:0.000010s ]
INFO: [ view_filter ] --END-- [ RunTime:-0.003992s ]
INFO: [ app_end ] --START--
INFO: Run Behavior\ShowPageTraceBehavior [ RunTime:0.000042s ]
INFO: [ app_end ] --END-- [ RunTime:0.000077s ]

[ 2017-03-28T23:01:40+08:00 ] 101.226.125.16 /mooc/index.php/home/file/getfile?type%3D0%26id%3D1d2d7b85e298884893dfc3d6f4c41089
INFO: [ app_init ] --START--
INFO: Run Behavior\BuildLiteBehavior [ RunTime:0.000012s ]
INFO: [ app_init ] --END-- [ RunTime:0.000106s ]
INFO: [ app_begin ] --START--
INFO: Run Behavior\ReadHtmlCacheBehavior [ RunTime:0.000034s ]
INFO: [ app_begin ] --END-- [ RunTime:0.000064s ]
SQL: SHOW COLUMNS FROM `hnust_supervisor` [ RunTime:0.0015s ]
SQL: SELECT `content` FROM `hnust_supervisor` WHERE `id` = '' LIMIT 1   [ RunTime:0.0002s ]
SQL: SELECT * FROM `hnust_supervisor` ORDER BY time LIMIT 7   [ RunTime:0.0001s ]
INFO: [ view_parse ] --START--
INFO: [ template_filter ] --START--
INFO: Run Behavior\ContentReplaceBehavior [ RunTime:0.000045s ]
INFO: [ template_filter ] --END-- [ RunTime:0.000086s ]
INFO: Run Behavior\ParseTemplateBehavior [ RunTime:0.003125s ]
INFO: [ view_parse ] --END-- [ RunTime:0.003176s ]
INFO: [ view_filter ] --START--
INFO: Run Behavior\WriteHtmlCacheBehavior [ RunTime:0.000047s ]
INFO: [ view_filter ] --END-- [ RunTime:0.000085s ]
INFO: [ app_end ] --START--
INFO: Run Behavior\ShowPageTraceBehavior [ RunTime:0.000036s ]
INFO: [ app_end ] --END-- [ RunTime:0.000065s ]

[ 2017-03-28T23:33:13+08:00 ] 110.52.119.79 /mooc/
INFO: [ app_init ] --START--
INFO: Run Behavior\BuildLiteBehavior [ RunTime:0.000016s ]
INFO: [ app_init ] --END-- [ RunTime:0.000110s ]
INFO: [ app_begin ] --START--
INFO: Run Behavior\ReadHtmlCacheBehavior [ RunTime:0.000048s ]
INFO: [ app_begin ] --END-- [ RunTime:0.000097s ]
SQL: SHOW COLUMNS FROM `hnust_supervisor` [ RunTime:0.0005s ]
SQL: SELECT * FROM `hnust_supervisor` WHERE `type` = '0' ORDER BY time LIMIT 7   [ RunTime:0.0001s ]
SQL: SELECT * FROM `hnust_supervisor` WHERE `type` = '0' ORDER BY time LIMIT 7   [ RunTime:0.0001s ]
SQL: SELECT * FROM `hnust_supervisor` WHERE `type` = '2' ORDER BY time LIMIT 6   [ RunTime:0.0001s ]
SQL: SELECT * FROM `hnust_supervisor` WHERE `type` = '3' ORDER BY time LIMIT 6   [ RunTime:0.0002s ]
SQL: SELECT * FROM `hnust_supervisor` WHERE `type` = '4' ORDER BY time LIMIT 5   [ RunTime:0.0001s ]
INFO: [ view_parse ] --START--
INFO: [ template_filter ] --START--
INFO: Run Behavior\ContentReplaceBehavior [ RunTime:0.000035s ]
INFO: [ template_filter ] --END-- [ RunTime:0.000078s ]
INFO: Run Behavior\ParseTemplateBehavior [ RunTime:0.001207s ]
INFO: [ view_parse ] --END-- [ RunTime:0.001250s ]
INFO: [ view_filter ] --START--
INFO: Run Behavior\WriteHtmlCacheBehavior [ RunTime:0.000052s ]
INFO: [ view_filter ] --END-- [ RunTime:0.000090s ]
SQL: SELECT * FROM `hnust_supervisor` WHERE `type` = '5' ORDER BY time LIMIT 6   [ RunTime:0.0001s ]
SQL: SELECT * FROM `hnust_supervisor` WHERE `type` = '6' ORDER BY time LIMIT 6   [ RunTime:0.0001s ]
INFO: [ view_parse ] --START--
INFO: [ template_filter ] --START--
INFO: Run Behavior\ContentReplaceBehavior [ RunTime:0.000122s ]
INFO: [ template_filter ] --END-- [ RunTime:-0.004588s ]
INFO: Run Behavior\ParseTemplateBehavior [ RunTime:0.004231s ]
INFO: [ view_parse ] --END-- [ RunTime:-0.000853s ]
INFO: [ view_filter ] --START--
INFO: Run Behavior\WriteHtmlCacheBehavior [ RunTime:0.000013s ]
INFO: [ view_filter ] --END-- [ RunTime:-0.005039s ]
INFO: [ app_end ] --START--
INFO: Run Behavior\ShowPageTraceBehavior [ RunTime:0.000046s ]
INFO: [ app_end ] --END-- [ RunTime:0.000080s ]

[ 2017-03-28T23:33:22+08:00 ] 110.52.119.79 /mooc/
INFO: [ app_init ] --START--
INFO: Run Behavior\BuildLiteBehavior [ RunTime:0.000013s ]
INFO: [ app_init ] --END-- [ RunTime:0.000086s ]
INFO: [ app_begin ] --START--
INFO: Run Behavior\ReadHtmlCacheBehavior [ RunTime:0.000049s ]
INFO: [ app_begin ] --END-- [ RunTime:0.000090s ]
SQL: SHOW COLUMNS FROM `hnust_supervisor` [ RunTime:0.0005s ]
SQL: SELECT * FROM `hnust_supervisor` WHERE `type` = '0' ORDER BY time LIMIT 7   [ RunTime:0.0001s ]
SQL: SELECT * FROM `hnust_supervisor` WHERE `type` = '0' ORDER BY time LIMIT 7   [ RunTime:0.0001s ]
SQL: SELECT * FROM `hnust_supervisor` WHERE `type` = '2' ORDER BY time LIMIT 6   [ RunTime:0.0001s ]
SQL: SELECT * FROM `hnust_supervisor` WHERE `type` = '3' ORDER BY time LIMIT 6   [ RunTime:0.0001s ]
SQL: SELECT * FROM `hnust_supervisor` WHERE `type` = '4' ORDER BY time LIMIT 5   [ RunTime:0.0001s ]
INFO: [ view_parse ] --START--
INFO: [ template_filter ] --START--
INFO: Run Behavior\ContentReplaceBehavior [ RunTime:0.000039s ]
INFO: [ template_filter ] --END-- [ RunTime:0.000101s ]
INFO: Run Behavior\ParseTemplateBehavior [ RunTime:0.001506s ]
INFO: [ view_parse ] --END-- [ RunTime:0.001549s ]
INFO: [ view_filter ] --START--
INFO: Run Behavior\WriteHtmlCacheBehavior [ RunTime:0.000036s ]
INFO: [ view_filter ] --END-- [ RunTime:0.000059s ]
SQL: SELECT * FROM `hnust_supervisor` WHERE `type` = '5' ORDER BY time LIMIT 6   [ RunTime:0.0001s ]
SQL: SELECT * FROM `hnust_supervisor` WHERE `type` = '6' ORDER BY time LIMIT 6   [ RunTime:0.0001s ]
INFO: [ view_parse ] --START--
INFO: [ template_filter ] --START--
INFO: Run Behavior\ContentReplaceBehavior [ RunTime:0.000049s ]
INFO: [ template_filter ] --END-- [ RunTime:-0.004278s ]
INFO: Run Behavior\ParseTemplateBehavior [ RunTime:0.003686s ]
INFO: [ view_parse ] --END-- [ RunTime:-0.000824s ]
INFO: [ view_filter ] --START--
INFO: Run Behavior\WriteHtmlCacheBehavior [ RunTime:0.000019s ]
INFO: [ view_filter ] --END-- [ RunTime:-0.004496s ]
INFO: [ app_end ] --START--
INFO: Run Behavior\ShowPageTraceBehavior [ RunTime:0.000044s ]
INFO: [ app_end ] --END-- [ RunTime:0.000079s ]

[ 2017-03-28T23:33:30+08:00 ] 110.52.119.79 /mooc/
INFO: [ app_init ] --START--
INFO: Run Behavior\BuildLiteBehavior [ RunTime:0.000014s ]
INFO: [ app_init ] --END-- [ RunTime:0.000095s ]
INFO: [ app_begin ] --START--
INFO: Run Behavior\ReadHtmlCacheBehavior [ RunTime:0.000041s ]
INFO: [ app_begin ] --END-- [ RunTime:0.000079s ]
SQL: SHOW COLUMNS FROM `hnust_supervisor` [ RunTime:0.0006s ]
SQL: SELECT * FROM `hnust_supervisor` WHERE `type` = '0' ORDER BY time LIMIT 7   [ RunTime:0.0001s ]
SQL: SELECT * FROM `hnust_supervisor` WHERE `type` = '0' ORDER BY time LIMIT 7   [ RunTime:0.0001s ]
SQL: SELECT * FROM `hnust_supervisor` WHERE `type` = '2' ORDER BY time LIMIT 6   [ RunTime:0.0001s ]
SQL: SELECT * FROM `hnust_supervisor` WHERE `type` = '3' ORDER BY time LIMIT 6   [ RunTime:0.0001s ]
SQL: SELECT * FROM `hnust_supervisor` WHERE `type` = '4' ORDER BY time LIMIT 5   [ RunTime:0.0001s ]
INFO: [ view_parse ] --START--
INFO: [ template_filter ] --START--
INFO: Run Behavior\ContentReplaceBehavior [ RunTime:0.000037s ]
INFO: [ template_filter ] --END-- [ RunTime:0.000085s ]
INFO: Run Behavior\ParseTemplateBehavior [ RunTime:0.001561s ]
INFO: [ view_parse ] --END-- [ RunTime:0.001652s ]
INFO: [ view_filter ] --START--
INFO: Run Behavior\WriteHtmlCacheBehavior [ RunTime:0.000044s ]
INFO: [ view_filter ] --END-- [ RunTime:0.000077s ]
SQL: SELECT * FROM `hnust_supervisor` WHERE `type` = '5' ORDER BY time LIMIT 6   [ RunTime:0.0001s ]
SQL: SELECT * FROM `hnust_supervisor` WHERE `type` = '6' ORDER BY time LIMIT 6   [ RunTime:0.0001s ]
INFO: [ view_parse ] --START--
INFO: [ template_filter ] --START--
INFO: Run Behavior\ContentReplaceBehavior [ RunTime:0.000070s ]
INFO: [ template_filter ] --END-- [ RunTime:-0.005358s ]
INFO: Run Behavior\ParseTemplateBehavior [ RunTime:0.004909s ]
INFO: [ view_parse ] --END-- [ RunTime:-0.000848s ]
INFO: [ view_filter ] --START--
INFO: Run Behavior\WriteHtmlCacheBehavior [ RunTime:0.000012s ]
INFO: [ view_filter ] --END-- [ RunTime:-0.005728s ]
INFO: [ app_end ] --START--
INFO: Run Behavior\ShowPageTraceBehavior [ RunTime:0.000059s ]
INFO: [ app_end ] --END-- [ RunTime:0.000107s ]

