[ 2017-04-20T05:20:45+08:00 ] 101.226.64.174 /mooc/
INFO: [ app_init ] --START--
INFO: Run Behavior\BuildLiteBehavior [ RunTime:0.000015s ]
INFO: [ app_init ] --END-- [ RunTime:0.000107s ]
INFO: [ app_begin ] --START--
INFO: Run Behavior\ReadHtmlCacheBehavior [ RunTime:0.000040s ]
INFO: [ app_begin ] --END-- [ RunTime:0.000080s ]
SQL: SHOW COLUMNS FROM `hnust_supervisor` [ RunTime:0.0006s ]
SQL: SELECT * FROM `hnust_supervisor` WHERE `type` = '0' ORDER BY time desc LIMIT 7   [ RunTime:0.0002s ]
SQL: SELECT * FROM `hnust_supervisor` WHERE `type` = '1' ORDER BY time desc LIMIT 7   [ RunTime:0.0003s ]
SQL: SELECT * FROM `hnust_supervisor` WHERE `type` = '2' ORDER BY time desc LIMIT 6   [ RunTime:0.0002s ]
SQL: SELECT * FROM `hnust_supervisor` WHERE `type` = '3' ORDER BY time desc LIMIT 6   [ RunTime:0.0001s ]
SQL: SELECT * FROM `hnust_supervisor` WHERE `type` = '4' ORDER BY time desc LIMIT 5   [ RunTime:0.0001s ]
INFO: [ view_parse ] --START--
INFO: [ template_filter ] --START--
INFO: Run Behavior\ContentReplaceBehavior [ RunTime:0.000029s ]
INFO: [ template_filter ] --END-- [ RunTime:0.000068s ]
INFO: Run Behavior\ParseTemplateBehavior [ RunTime:0.001347s ]
INFO: [ view_parse ] --END-- [ RunTime:0.001406s ]
INFO: [ view_filter ] --START--
INFO: Run Behavior\WriteHtmlCacheBehavior [ RunTime:0.000042s ]
INFO: [ view_filter ] --END-- [ RunTime:0.000072s ]
SQL: SELECT * FROM `hnust_supervisor` WHERE `type` = '5' ORDER BY time desc LIMIT 6   [ RunTime:0.0001s ]
SQL: SELECT * FROM `hnust_supervisor` WHERE `type` = '6' ORDER BY time desc LIMIT 6   [ RunTime:0.0001s ]
INFO: [ view_parse ] --START--
INFO: [ template_filter ] --START--
INFO: Run Behavior\ContentReplaceBehavior [ RunTime:0.000081s ]
INFO: [ template_filter ] --END-- [ RunTime:-0.008074s ]
INFO: Run Behavior\ParseTemplateBehavior [ RunTime:0.009117s ]
INFO: [ view_parse ] --END-- [ RunTime:-0.000819s ]
INFO: [ view_filter ] --START--
INFO: Run Behavior\WriteHtmlCacheBehavior [ RunTime:0.000009s ]
INFO: [ view_filter ] --END-- [ RunTime:-0.009931s ]
INFO: [ app_end ] --START--
INFO: Run Behavior\ShowPageTraceBehavior [ RunTime:0.000064s ]
INFO: [ app_end ] --END-- [ RunTime:0.000120s ]

[ 2017-04-20T15:18:10+08:00 ] 218.75.247.247 /mooc/
INFO: [ app_init ] --START--
INFO: Run Behavior\BuildLiteBehavior [ RunTime:0.000013s ]
INFO: [ app_init ] --END-- [ RunTime:0.000093s ]
INFO: [ app_begin ] --START--
INFO: Run Behavior\ReadHtmlCacheBehavior [ RunTime:0.000041s ]
INFO: [ app_begin ] --END-- [ RunTime:0.000073s ]
SQL: SHOW COLUMNS FROM `hnust_supervisor` [ RunTime:0.0005s ]
SQL: SELECT * FROM `hnust_supervisor` WHERE `type` = '0' ORDER BY time desc LIMIT 7   [ RunTime:0.0002s ]
SQL: SELECT * FROM `hnust_supervisor` WHERE `type` = '1' ORDER BY time desc LIMIT 7   [ RunTime:0.0001s ]
SQL: SELECT * FROM `hnust_supervisor` WHERE `type` = '2' ORDER BY time desc LIMIT 6   [ RunTime:0.0030s ]
SQL: SELECT * FROM `hnust_supervisor` WHERE `type` = '3' ORDER BY time desc LIMIT 6   [ RunTime:0.0001s ]
SQL: SELECT * FROM `hnust_supervisor` WHERE `type` = '4' ORDER BY time desc LIMIT 5   [ RunTime:0.0001s ]
INFO: [ view_parse ] --START--
INFO: [ template_filter ] --START--
INFO: Run Behavior\ContentReplaceBehavior [ RunTime:0.000036s ]
INFO: [ template_filter ] --END-- [ RunTime:0.000080s ]
INFO: Run Behavior\ParseTemplateBehavior [ RunTime:0.001257s ]
INFO: [ view_parse ] --END-- [ RunTime:0.001321s ]
INFO: [ view_filter ] --START--
INFO: Run Behavior\WriteHtmlCacheBehavior [ RunTime:0.000042s ]
INFO: [ view_filter ] --END-- [ RunTime:0.000073s ]
SQL: SELECT * FROM `hnust_supervisor` WHERE `type` = '5' ORDER BY time desc LIMIT 6   [ RunTime:0.0001s ]
SQL: SELECT * FROM `hnust_supervisor` WHERE `type` = '6' ORDER BY time desc LIMIT 6   [ RunTime:0.0001s ]
INFO: [ view_parse ] --START--
INFO: [ template_filter ] --START--
INFO: Run Behavior\ContentReplaceBehavior [ RunTime:0.000100s ]
INFO: [ template_filter ] --END-- [ RunTime:-0.017732s ]
INFO: Run Behavior\ParseTemplateBehavior [ RunTime:0.027040s ]
INFO: [ view_parse ] --END-- [ RunTime:-0.000771s ]
INFO: [ view_filter ] --START--
INFO: Run Behavior\WriteHtmlCacheBehavior [ RunTime:0.000012s ]
INFO: [ view_filter ] --END-- [ RunTime:-0.027811s ]
INFO: [ app_end ] --START--
INFO: Run Behavior\ShowPageTraceBehavior [ RunTime:0.000058s ]
INFO: [ app_end ] --END-- [ RunTime:0.000106s ]

[ 2017-04-20T17:13:56+08:00 ] 218.75.247.247 /mooc/index.php
INFO: [ app_init ] --START--
INFO: Run Behavior\BuildLiteBehavior [ RunTime:0.000016s ]
INFO: [ app_init ] --END-- [ RunTime:0.000165s ]
INFO: [ app_begin ] --START--
INFO: Run Behavior\ReadHtmlCacheBehavior [ RunTime:0.000052s ]
INFO: [ app_begin ] --END-- [ RunTime:0.000101s ]
SQL: SHOW COLUMNS FROM `hnust_supervisor` [ RunTime:0.0007s ]
SQL: SELECT * FROM `hnust_supervisor` WHERE `type` = '0' ORDER BY time desc LIMIT 7   [ RunTime:0.0002s ]
SQL: SELECT * FROM `hnust_supervisor` WHERE `type` = '1' ORDER BY time desc LIMIT 7   [ RunTime:0.0001s ]
SQL: SELECT * FROM `hnust_supervisor` WHERE `type` = '2' ORDER BY time desc LIMIT 6   [ RunTime:0.0001s ]
SQL: SELECT * FROM `hnust_supervisor` WHERE `type` = '3' ORDER BY time desc LIMIT 6   [ RunTime:0.0001s ]
SQL: SELECT * FROM `hnust_supervisor` WHERE `type` = '4' ORDER BY time desc LIMIT 5   [ RunTime:0.0001s ]
INFO: [ view_parse ] --START--
INFO: [ template_filter ] --START--
INFO: Run Behavior\ContentReplaceBehavior [ RunTime:0.000055s ]
INFO: [ template_filter ] --END-- [ RunTime:0.000124s ]
INFO: Run Behavior\ParseTemplateBehavior [ RunTime:0.001876s ]
INFO: [ view_parse ] --END-- [ RunTime:0.001946s ]
INFO: [ view_filter ] --START--
INFO: Run Behavior\WriteHtmlCacheBehavior [ RunTime:0.000054s ]
INFO: [ view_filter ] --END-- [ RunTime:0.000092s ]
SQL: SELECT * FROM `hnust_supervisor` WHERE `type` = '5' ORDER BY time desc LIMIT 6   [ RunTime:0.0001s ]
SQL: SELECT * FROM `hnust_supervisor` WHERE `type` = '6' ORDER BY time desc LIMIT 6   [ RunTime:0.0001s ]
INFO: [ view_parse ] --START--
INFO: [ template_filter ] --START--
INFO: Run Behavior\ContentReplaceBehavior [ RunTime:0.000094s ]
INFO: [ template_filter ] --END-- [ RunTime:-0.012573s ]
INFO: Run Behavior\ParseTemplateBehavior [ RunTime:0.014375s ]
INFO: [ view_parse ] --END-- [ RunTime:-0.001098s ]
INFO: [ view_filter ] --START--
INFO: Run Behavior\WriteHtmlCacheBehavior [ RunTime:0.000057s ]
INFO: [ view_filter ] --END-- [ RunTime:-0.015508s ]
INFO: [ app_end ] --START--
INFO: Run Behavior\ShowPageTraceBehavior [ RunTime:0.000076s ]
INFO: [ app_end ] --END-- [ RunTime:0.000135s ]

[ 2017-04-20T17:14:02+08:00 ] 113.108.80.205 /mooc/index.php
INFO: [ app_init ] --START--
INFO: Run Behavior\BuildLiteBehavior [ RunTime:0.000013s ]
INFO: [ app_init ] --END-- [ RunTime:0.000098s ]
INFO: [ app_begin ] --START--
INFO: Run Behavior\ReadHtmlCacheBehavior [ RunTime:0.000046s ]
INFO: [ app_begin ] --END-- [ RunTime:0.000088s ]
SQL: SHOW COLUMNS FROM `hnust_supervisor` [ RunTime:0.0008s ]
SQL: SELECT * FROM `hnust_supervisor` WHERE `type` = '0' ORDER BY time desc LIMIT 7   [ RunTime:0.0002s ]
SQL: SELECT * FROM `hnust_supervisor` WHERE `type` = '1' ORDER BY time desc LIMIT 7   [ RunTime:0.0002s ]
SQL: SELECT * FROM `hnust_supervisor` WHERE `type` = '2' ORDER BY time desc LIMIT 6   [ RunTime:0.0001s ]
SQL: SELECT * FROM `hnust_supervisor` WHERE `type` = '3' ORDER BY time desc LIMIT 6   [ RunTime:0.0001s ]
SQL: SELECT * FROM `hnust_supervisor` WHERE `type` = '4' ORDER BY time desc LIMIT 5   [ RunTime:0.0001s ]
INFO: [ view_parse ] --START--
INFO: [ template_filter ] --START--
INFO: Run Behavior\ContentReplaceBehavior [ RunTime:0.000043s ]
INFO: [ template_filter ] --END-- [ RunTime:0.000099s ]
INFO: Run Behavior\ParseTemplateBehavior [ RunTime:0.001538s ]
INFO: [ view_parse ] --END-- [ RunTime:0.001600s ]
INFO: [ view_filter ] --START--
INFO: Run Behavior\WriteHtmlCacheBehavior [ RunTime:0.000050s ]
INFO: [ view_filter ] --END-- [ RunTime:0.000088s ]
SQL: SELECT * FROM `hnust_supervisor` WHERE `type` = '5' ORDER BY time desc LIMIT 6   [ RunTime:0.0001s ]
SQL: SELECT * FROM `hnust_supervisor` WHERE `type` = '6' ORDER BY time desc LIMIT 6   [ RunTime:0.0001s ]
INFO: [ view_parse ] --START--
INFO: [ template_filter ] --START--
INFO: Run Behavior\ContentReplaceBehavior [ RunTime:0.000095s ]
INFO: [ template_filter ] --END-- [ RunTime:-0.010878s ]
INFO: Run Behavior\ParseTemplateBehavior [ RunTime:0.012703s ]
INFO: [ view_parse ] --END-- [ RunTime:-0.000923s ]
INFO: [ view_filter ] --START--
INFO: Run Behavior\WriteHtmlCacheBehavior [ RunTime:0.000015s ]
INFO: [ view_filter ] --END-- [ RunTime:-0.013637s ]
INFO: [ app_end ] --START--
INFO: Run Behavior\ShowPageTraceBehavior [ RunTime:0.000070s ]
INFO: [ app_end ] --END-- [ RunTime:0.000135s ]

[ 2017-04-20T17:14:02+08:00 ] 101.226.33.221 /mooc/index.php
INFO: [ app_init ] --START--
INFO: Run Behavior\BuildLiteBehavior [ RunTime:0.000016s ]
INFO: [ app_init ] --END-- [ RunTime:0.000104s ]
INFO: [ app_begin ] --START--
INFO: Run Behavior\ReadHtmlCacheBehavior [ RunTime:0.000041s ]
INFO: [ app_begin ] --END-- [ RunTime:0.000084s ]
SQL: SHOW COLUMNS FROM `hnust_supervisor` [ RunTime:0.0008s ]
SQL: SELECT * FROM `hnust_supervisor` WHERE `type` = '0' ORDER BY time desc LIMIT 7   [ RunTime:0.0011s ]
SQL: SELECT * FROM `hnust_supervisor` WHERE `type` = '1' ORDER BY time desc LIMIT 7   [ RunTime:0.0002s ]
SQL: SELECT * FROM `hnust_supervisor` WHERE `type` = '2' ORDER BY time desc LIMIT 6   [ RunTime:0.0001s ]
SQL: SELECT * FROM `hnust_supervisor` WHERE `type` = '3' ORDER BY time desc LIMIT 6   [ RunTime:0.0001s ]
SQL: SELECT * FROM `hnust_supervisor` WHERE `type` = '4' ORDER BY time desc LIMIT 5   [ RunTime:0.0001s ]
INFO: [ view_parse ] --START--
INFO: [ template_filter ] --START--
INFO: Run Behavior\ContentReplaceBehavior [ RunTime:0.000076s ]
INFO: [ template_filter ] --END-- [ RunTime:0.000149s ]
INFO: Run Behavior\ParseTemplateBehavior [ RunTime:0.002117s ]
INFO: [ view_parse ] --END-- [ RunTime:0.002189s ]
INFO: [ view_filter ] --START--
INFO: Run Behavior\WriteHtmlCacheBehavior [ RunTime:0.000047s ]
INFO: [ view_filter ] --END-- [ RunTime:0.000087s ]
SQL: SELECT * FROM `hnust_supervisor` WHERE `type` = '5' ORDER BY time desc LIMIT 6   [ RunTime:0.0003s ]
SQL: SELECT * FROM `hnust_supervisor` WHERE `type` = '6' ORDER BY time desc LIMIT 6   [ RunTime:0.0001s ]
INFO: [ view_parse ] --START--
INFO: [ template_filter ] --START--
INFO: Run Behavior\ContentReplaceBehavior [ RunTime:0.000111s ]
INFO: [ template_filter ] --END-- [ RunTime:-0.010836s ]
INFO: Run Behavior\ParseTemplateBehavior [ RunTime:0.011606s ]
INFO: [ view_parse ] --END-- [ RunTime:-0.001425s ]
INFO: [ view_filter ] --START--
INFO: Run Behavior\WriteHtmlCacheBehavior [ RunTime:0.000016s ]
INFO: [ view_filter ] --END-- [ RunTime:-0.013033s ]
INFO: [ app_end ] --START--
INFO: Run Behavior\ShowPageTraceBehavior [ RunTime:0.000065s ]
INFO: [ app_end ] --END-- [ RunTime:0.000122s ]

[ 2017-04-20T17:26:38+08:00 ] 101.226.33.206 /mooc/index.php
INFO: [ app_init ] --START--
INFO: Run Behavior\BuildLiteBehavior [ RunTime:0.000010s ]
INFO: [ app_init ] --END-- [ RunTime:0.000081s ]
INFO: [ app_begin ] --START--
INFO: Run Behavior\ReadHtmlCacheBehavior [ RunTime:0.000050s ]
INFO: [ app_begin ] --END-- [ RunTime:0.000088s ]
SQL: SHOW COLUMNS FROM `hnust_supervisor` [ RunTime:0.0006s ]
SQL: SELECT * FROM `hnust_supervisor` WHERE `type` = '0' ORDER BY time desc LIMIT 7   [ RunTime:0.0002s ]
SQL: SELECT * FROM `hnust_supervisor` WHERE `type` = '1' ORDER BY time desc LIMIT 7   [ RunTime:0.0001s ]
SQL: SELECT * FROM `hnust_supervisor` WHERE `type` = '2' ORDER BY time desc LIMIT 6   [ RunTime:0.0001s ]
SQL: SELECT * FROM `hnust_supervisor` WHERE `type` = '3' ORDER BY time desc LIMIT 6   [ RunTime:0.0001s ]
SQL: SELECT * FROM `hnust_supervisor` WHERE `type` = '4' ORDER BY time desc LIMIT 5   [ RunTime:0.0003s ]
INFO: [ view_parse ] --START--
INFO: [ template_filter ] --START--
INFO: Run Behavior\ContentReplaceBehavior [ RunTime:0.000089s ]
INFO: [ template_filter ] --END-- [ RunTime:0.000162s ]
INFO: Run Behavior\ParseTemplateBehavior [ RunTime:0.002849s ]
INFO: [ view_parse ] --END-- [ RunTime:0.003042s ]
INFO: [ view_filter ] --START--
INFO: Run Behavior\WriteHtmlCacheBehavior [ RunTime:0.000060s ]
INFO: [ view_filter ] --END-- [ RunTime:0.000145s ]
SQL: SELECT * FROM `hnust_supervisor` WHERE `type` = '5' ORDER BY time desc LIMIT 6   [ RunTime:0.0004s ]
SQL: SELECT * FROM `hnust_supervisor` WHERE `type` = '6' ORDER BY time desc LIMIT 6   [ RunTime:0.0001s ]
INFO: [ view_parse ] --START--
INFO: [ template_filter ] --START--
INFO: Run Behavior\ContentReplaceBehavior [ RunTime:0.000089s ]
INFO: [ template_filter ] --END-- [ RunTime:-0.013941s ]
INFO: Run Behavior\ParseTemplateBehavior [ RunTime:0.013920s ]
INFO: [ view_parse ] --END-- [ RunTime:-0.002156s ]
INFO: [ view_filter ] --START--
INFO: Run Behavior\WriteHtmlCacheBehavior [ RunTime:0.000011s ]
INFO: [ view_filter ] --END-- [ RunTime:-0.016033s ]
INFO: [ app_end ] --START--
INFO: Run Behavior\ShowPageTraceBehavior [ RunTime:0.000060s ]
INFO: [ app_end ] --END-- [ RunTime:0.000121s ]

[ 2017-04-20T17:26:45+08:00 ] 218.75.230.13 /mooc/index.php
INFO: [ app_init ] --START--
INFO: Run Behavior\BuildLiteBehavior [ RunTime:0.000015s ]
INFO: [ app_init ] --END-- [ RunTime:0.000105s ]
INFO: [ app_begin ] --START--
INFO: Run Behavior\ReadHtmlCacheBehavior [ RunTime:0.000049s ]
INFO: [ app_begin ] --END-- [ RunTime:0.000096s ]
SQL: SHOW COLUMNS FROM `hnust_supervisor` [ RunTime:0.0008s ]
SQL: SELECT * FROM `hnust_supervisor` WHERE `type` = '0' ORDER BY time desc LIMIT 7   [ RunTime:0.0002s ]
SQL: SELECT * FROM `hnust_supervisor` WHERE `type` = '1' ORDER BY time desc LIMIT 7   [ RunTime:0.0002s ]
SQL: SELECT * FROM `hnust_supervisor` WHERE `type` = '2' ORDER BY time desc LIMIT 6   [ RunTime:0.0001s ]
SQL: SELECT * FROM `hnust_supervisor` WHERE `type` = '3' ORDER BY time desc LIMIT 6   [ RunTime:0.0001s ]
SQL: SELECT * FROM `hnust_supervisor` WHERE `type` = '4' ORDER BY time desc LIMIT 5   [ RunTime:0.0001s ]
INFO: [ view_parse ] --START--
INFO: [ template_filter ] --START--
INFO: Run Behavior\ContentReplaceBehavior [ RunTime:0.000044s ]
INFO: [ template_filter ] --END-- [ RunTime:0.000107s ]
INFO: Run Behavior\ParseTemplateBehavior [ RunTime:0.001768s ]
INFO: [ view_parse ] --END-- [ RunTime:0.001900s ]
INFO: [ view_filter ] --START--
INFO: Run Behavior\WriteHtmlCacheBehavior [ RunTime:0.000054s ]
INFO: [ view_filter ] --END-- [ RunTime:0.000092s ]
SQL: SELECT * FROM `hnust_supervisor` WHERE `type` = '5' ORDER BY time desc LIMIT 6   [ RunTime:0.0003s ]
SQL: SELECT * FROM `hnust_supervisor` WHERE `type` = '6' ORDER BY time desc LIMIT 6   [ RunTime:0.0001s ]
INFO: [ view_parse ] --START--
INFO: [ template_filter ] --START--
INFO: Run Behavior\ContentReplaceBehavior [ RunTime:0.000068s ]
INFO: [ template_filter ] --END-- [ RunTime:-0.010289s ]
INFO: Run Behavior\ParseTemplateBehavior [ RunTime:0.011102s ]
INFO: [ view_parse ] --END-- [ RunTime:-0.001325s ]
INFO: [ view_filter ] --START--
INFO: Run Behavior\WriteHtmlCacheBehavior [ RunTime:0.000011s ]
INFO: [ view_filter ] --END-- [ RunTime:-0.012429s ]
INFO: [ app_end ] --START--
INFO: Run Behavior\ShowPageTraceBehavior [ RunTime:0.000054s ]
INFO: [ app_end ] --END-- [ RunTime:0.000093s ]

[ 2017-04-20T17:30:04+08:00 ] 101.226.33.202 /mooc/index.php
INFO: [ app_init ] --START--
INFO: Run Behavior\BuildLiteBehavior [ RunTime:0.000013s ]
INFO: [ app_init ] --END-- [ RunTime:0.000104s ]
INFO: [ app_begin ] --START--
INFO: Run Behavior\ReadHtmlCacheBehavior [ RunTime:0.000043s ]
INFO: [ app_begin ] --END-- [ RunTime:0.000085s ]
SQL: SHOW COLUMNS FROM `hnust_supervisor` [ RunTime:0.0007s ]
SQL: SELECT * FROM `hnust_supervisor` WHERE `type` = '0' ORDER BY time desc LIMIT 7   [ RunTime:0.0002s ]
SQL: SELECT * FROM `hnust_supervisor` WHERE `type` = '1' ORDER BY time desc LIMIT 7   [ RunTime:0.0002s ]
SQL: SELECT * FROM `hnust_supervisor` WHERE `type` = '2' ORDER BY time desc LIMIT 6   [ RunTime:0.0001s ]
SQL: SELECT * FROM `hnust_supervisor` WHERE `type` = '3' ORDER BY time desc LIMIT 6   [ RunTime:0.0001s ]
SQL: SELECT * FROM `hnust_supervisor` WHERE `type` = '4' ORDER BY time desc LIMIT 5   [ RunTime:0.0001s ]
INFO: [ view_parse ] --START--
INFO: [ template_filter ] --START--
INFO: Run Behavior\ContentReplaceBehavior [ RunTime:0.000042s ]
INFO: [ template_filter ] --END-- [ RunTime:0.000099s ]
INFO: Run Behavior\ParseTemplateBehavior [ RunTime:0.001703s ]
INFO: [ view_parse ] --END-- [ RunTime:0.001780s ]
INFO: [ view_filter ] --START--
INFO: Run Behavior\WriteHtmlCacheBehavior [ RunTime:0.000053s ]
INFO: [ view_filter ] --END-- [ RunTime:0.000092s ]
SQL: SELECT * FROM `hnust_supervisor` WHERE `type` = '5' ORDER BY time desc LIMIT 6   [ RunTime:0.0001s ]
SQL: SELECT * FROM `hnust_supervisor` WHERE `type` = '6' ORDER BY time desc LIMIT 6   [ RunTime:0.0001s ]
INFO: [ view_parse ] --START--
INFO: [ template_filter ] --START--
INFO: Run Behavior\ContentReplaceBehavior [ RunTime:0.000094s ]
INFO: [ template_filter ] --END-- [ RunTime:-0.011730s ]
INFO: Run Behavior\ParseTemplateBehavior [ RunTime:0.013350s ]
INFO: [ view_parse ] --END-- [ RunTime:-0.001037s ]
INFO: [ view_filter ] --START--
INFO: Run Behavior\WriteHtmlCacheBehavior [ RunTime:0.000015s ]
INFO: [ view_filter ] --END-- [ RunTime:-0.014386s ]
INFO: [ app_end ] --START--
INFO: Run Behavior\ShowPageTraceBehavior [ RunTime:0.000077s ]
INFO: [ app_end ] --END-- [ RunTime:0.000152s ]

[ 2017-04-20T18:41:12+08:00 ] 211.138.232.98 /mooc/index.php
INFO: [ app_init ] --START--
INFO: Run Behavior\BuildLiteBehavior [ RunTime:0.000011s ]
INFO: [ app_init ] --END-- [ RunTime:0.000102s ]
INFO: [ app_begin ] --START--
INFO: Run Behavior\ReadHtmlCacheBehavior [ RunTime:0.000070s ]
INFO: [ app_begin ] --END-- [ RunTime:0.000116s ]
SQL: SHOW COLUMNS FROM `hnust_supervisor` [ RunTime:0.0009s ]
SQL: SELECT * FROM `hnust_supervisor` WHERE `type` = '0' ORDER BY time desc LIMIT 7   [ RunTime:0.0002s ]
SQL: SELECT * FROM `hnust_supervisor` WHERE `type` = '1' ORDER BY time desc LIMIT 7   [ RunTime:0.0001s ]
SQL: SELECT * FROM `hnust_supervisor` WHERE `type` = '2' ORDER BY time desc LIMIT 6   [ RunTime:0.0001s ]
SQL: SELECT * FROM `hnust_supervisor` WHERE `type` = '3' ORDER BY time desc LIMIT 6   [ RunTime:0.0002s ]
SQL: SELECT * FROM `hnust_supervisor` WHERE `type` = '4' ORDER BY time desc LIMIT 5   [ RunTime:0.0001s ]
INFO: [ view_parse ] --START--
INFO: [ template_filter ] --START--
INFO: Run Behavior\ContentReplaceBehavior [ RunTime:0.000041s ]
INFO: [ template_filter ] --END-- [ RunTime:0.000094s ]
INFO: Run Behavior\ParseTemplateBehavior [ RunTime:0.002070s ]
INFO: [ view_parse ] --END-- [ RunTime:0.002143s ]
INFO: [ view_filter ] --START--
INFO: Run Behavior\WriteHtmlCacheBehavior [ RunTime:0.000047s ]
INFO: [ view_filter ] --END-- [ RunTime:0.000079s ]
SQL: SELECT * FROM `hnust_supervisor` WHERE `type` = '5' ORDER BY time desc LIMIT 6   [ RunTime:0.0001s ]
SQL: SELECT * FROM `hnust_supervisor` WHERE `type` = '6' ORDER BY time desc LIMIT 6   [ RunTime:0.0001s ]
INFO: [ view_parse ] --START--
INFO: [ template_filter ] --START--
INFO: Run Behavior\ContentReplaceBehavior [ RunTime:0.000149s ]
INFO: [ template_filter ] --END-- [ RunTime:-0.012652s ]
INFO: Run Behavior\ParseTemplateBehavior [ RunTime:0.014225s ]
INFO: [ view_parse ] --END-- [ RunTime:-0.000913s ]
INFO: [ view_filter ] --START--
INFO: Run Behavior\WriteHtmlCacheBehavior [ RunTime:0.000057s ]
INFO: [ view_filter ] --END-- [ RunTime:-0.015159s ]
INFO: [ app_end ] --START--
INFO: Run Behavior\ShowPageTraceBehavior [ RunTime:0.000065s ]
INFO: [ app_end ] --END-- [ RunTime:0.000160s ]

[ 2017-04-20T20:21:34+08:00 ] 110.52.125.224 /mooc/
INFO: [ app_init ] --START--
INFO: Run Behavior\BuildLiteBehavior [ RunTime:0.000015s ]
INFO: [ app_init ] --END-- [ RunTime:0.000101s ]
INFO: [ app_begin ] --START--
INFO: Run Behavior\ReadHtmlCacheBehavior [ RunTime:0.000047s ]
INFO: [ app_begin ] --END-- [ RunTime:0.000091s ]
SQL: SHOW COLUMNS FROM `hnust_supervisor` [ RunTime:0.0007s ]
SQL: SELECT * FROM `hnust_supervisor` WHERE `type` = '0' ORDER BY time desc LIMIT 7   [ RunTime:0.0002s ]
SQL: SELECT * FROM `hnust_supervisor` WHERE `type` = '1' ORDER BY time desc LIMIT 7   [ RunTime:0.0001s ]
SQL: SELECT * FROM `hnust_supervisor` WHERE `type` = '2' ORDER BY time desc LIMIT 6   [ RunTime:0.0001s ]
SQL: SELECT * FROM `hnust_supervisor` WHERE `type` = '3' ORDER BY time desc LIMIT 6   [ RunTime:0.0001s ]
SQL: SELECT * FROM `hnust_supervisor` WHERE `type` = '4' ORDER BY time desc LIMIT 5   [ RunTime:0.0001s ]
INFO: [ view_parse ] --START--
INFO: [ template_filter ] --START--
INFO: Run Behavior\ContentReplaceBehavior [ RunTime:0.000041s ]
INFO: [ template_filter ] --END-- [ RunTime:0.000098s ]
INFO: Run Behavior\ParseTemplateBehavior [ RunTime:0.001734s ]
INFO: [ view_parse ] --END-- [ RunTime:0.001799s ]
INFO: [ view_filter ] --START--
INFO: Run Behavior\WriteHtmlCacheBehavior [ RunTime:0.000065s ]
INFO: [ view_filter ] --END-- [ RunTime:0.000104s ]
SQL: SELECT * FROM `hnust_supervisor` WHERE `type` = '5' ORDER BY time desc LIMIT 6   [ RunTime:0.0001s ]
SQL: SELECT * FROM `hnust_supervisor` WHERE `type` = '6' ORDER BY time desc LIMIT 6   [ RunTime:0.0001s ]
INFO: [ view_parse ] --START--
INFO: [ template_filter ] --START--
INFO: Run Behavior\ContentReplaceBehavior [ RunTime:0.000101s ]
INFO: [ template_filter ] --END-- [ RunTime:-0.011957s ]
INFO: Run Behavior\ParseTemplateBehavior [ RunTime:0.013727s ]
INFO: [ view_parse ] --END-- [ RunTime:-0.001057s ]
INFO: [ view_filter ] --START--
INFO: Run Behavior\WriteHtmlCacheBehavior [ RunTime:0.000017s ]
INFO: [ view_filter ] --END-- [ RunTime:-0.014803s ]
INFO: [ app_end ] --START--
INFO: Run Behavior\ShowPageTraceBehavior [ RunTime:0.000075s ]
INFO: [ app_end ] --END-- [ RunTime:0.000140s ]

[ 2017-04-20T21:05:32+08:00 ] 110.52.125.224 /mooc/
INFO: [ app_init ] --START--
INFO: Run Behavior\BuildLiteBehavior [ RunTime:0.000014s ]
INFO: [ app_init ] --END-- [ RunTime:0.000109s ]
INFO: [ app_begin ] --START--
INFO: Run Behavior\ReadHtmlCacheBehavior [ RunTime:0.000060s ]
INFO: [ app_begin ] --END-- [ RunTime:0.000107s ]
SQL: SHOW COLUMNS FROM `hnust_supervisor` [ RunTime:0.0008s ]
SQL: SELECT * FROM `hnust_supervisor` WHERE `type` = '0' ORDER BY time desc LIMIT 7   [ RunTime:0.0002s ]
SQL: SELECT * FROM `hnust_supervisor` WHERE `type` = '1' ORDER BY time desc LIMIT 7   [ RunTime:0.0001s ]
SQL: SELECT * FROM `hnust_supervisor` WHERE `type` = '2' ORDER BY time desc LIMIT 6   [ RunTime:0.0001s ]
SQL: SELECT * FROM `hnust_supervisor` WHERE `type` = '3' ORDER BY time desc LIMIT 6   [ RunTime:0.0002s ]
SQL: SELECT * FROM `hnust_supervisor` WHERE `type` = '4' ORDER BY time desc LIMIT 5   [ RunTime:0.0001s ]
INFO: [ view_parse ] --START--
INFO: [ template_filter ] --START--
INFO: Run Behavior\ContentReplaceBehavior [ RunTime:0.000054s ]
INFO: [ template_filter ] --END-- [ RunTime:0.000122s ]
INFO: Run Behavior\ParseTemplateBehavior [ RunTime:0.001877s ]
INFO: [ view_parse ] --END-- [ RunTime:0.001949s ]
INFO: [ view_filter ] --START--
INFO: Run Behavior\WriteHtmlCacheBehavior [ RunTime:0.000055s ]
INFO: [ view_filter ] --END-- [ RunTime:0.000095s ]
SQL: SELECT * FROM `hnust_supervisor` WHERE `type` = '5' ORDER BY time desc LIMIT 6   [ RunTime:0.0002s ]
SQL: SELECT * FROM `hnust_supervisor` WHERE `type` = '6' ORDER BY time desc LIMIT 6   [ RunTime:0.0001s ]
INFO: [ view_parse ] --START--
INFO: [ template_filter ] --START--
INFO: Run Behavior\ContentReplaceBehavior [ RunTime:0.000115s ]
INFO: [ template_filter ] --END-- [ RunTime:-0.015195s ]
INFO: Run Behavior\ParseTemplateBehavior [ RunTime:0.017327s ]
INFO: [ view_parse ] --END-- [ RunTime:-0.001318s ]
INFO: [ view_filter ] --START--
INFO: Run Behavior\WriteHtmlCacheBehavior [ RunTime:0.000018s ]
INFO: [ view_filter ] --END-- [ RunTime:-0.018695s ]
INFO: [ app_end ] --START--
INFO: Run Behavior\ShowPageTraceBehavior [ RunTime:0.000097s ]
INFO: [ app_end ] --END-- [ RunTime:0.000175s ]

[ 2017-04-20T21:06:32+08:00 ] 110.52.125.224 /mooc/
INFO: [ app_init ] --START--
INFO: Run Behavior\BuildLiteBehavior [ RunTime:0.000016s ]
INFO: [ app_init ] --END-- [ RunTime:0.000111s ]
INFO: [ app_begin ] --START--
INFO: Run Behavior\ReadHtmlCacheBehavior [ RunTime:0.000055s ]
INFO: [ app_begin ] --END-- [ RunTime:0.000109s ]
SQL: SHOW COLUMNS FROM `hnust_supervisor` [ RunTime:0.0006s ]
SQL: SELECT * FROM `hnust_supervisor` WHERE `type` = '0' ORDER BY time desc LIMIT 7   [ RunTime:0.0006s ]
SQL: SELECT * FROM `hnust_supervisor` WHERE `type` = '1' ORDER BY time desc LIMIT 7   [ RunTime:0.0001s ]
SQL: SELECT * FROM `hnust_supervisor` WHERE `type` = '2' ORDER BY time desc LIMIT 6   [ RunTime:0.0001s ]
SQL: SELECT * FROM `hnust_supervisor` WHERE `type` = '3' ORDER BY time desc LIMIT 6   [ RunTime:0.0001s ]
SQL: SELECT * FROM `hnust_supervisor` WHERE `type` = '4' ORDER BY time desc LIMIT 5   [ RunTime:0.0002s ]
INFO: [ view_parse ] --START--
INFO: [ template_filter ] --START--
INFO: Run Behavior\ContentReplaceBehavior [ RunTime:0.000031s ]
INFO: [ template_filter ] --END-- [ RunTime:0.000103s ]
INFO: Run Behavior\ParseTemplateBehavior [ RunTime:0.002702s ]
INFO: [ view_parse ] --END-- [ RunTime:0.002812s ]
INFO: [ view_filter ] --START--
INFO: Run Behavior\WriteHtmlCacheBehavior [ RunTime:0.000109s ]
INFO: [ view_filter ] --END-- [ RunTime:0.000153s ]
SQL: SELECT * FROM `hnust_supervisor` WHERE `type` = '5' ORDER BY time desc LIMIT 6   [ RunTime:0.0001s ]
SQL: SELECT * FROM `hnust_supervisor` WHERE `type` = '6' ORDER BY time desc LIMIT 6   [ RunTime:0.0001s ]
INFO: [ view_parse ] --START--
INFO: [ template_filter ] --START--
INFO: Run Behavior\ContentReplaceBehavior [ RunTime:0.000092s ]
INFO: [ template_filter ] --END-- [ RunTime:-0.015909s ]
INFO: Run Behavior\ParseTemplateBehavior [ RunTime:0.019630s ]
INFO: [ view_parse ] --END-- [ RunTime:-0.001412s ]
INFO: [ view_filter ] --START--
INFO: Run Behavior\WriteHtmlCacheBehavior [ RunTime:0.000018s ]
INFO: [ view_filter ] --END-- [ RunTime:-0.020987s ]
INFO: [ app_end ] --START--
INFO: Run Behavior\ShowPageTraceBehavior [ RunTime:0.000162s ]
INFO: [ app_end ] --END-- [ RunTime:0.000235s ]

[ 2017-04-20T21:09:30+08:00 ] 110.52.125.224 /mooc/
INFO: [ app_init ] --START--
INFO: Run Behavior\BuildLiteBehavior [ RunTime:0.000013s ]
INFO: [ app_init ] --END-- [ RunTime:0.000098s ]
INFO: [ app_begin ] --START--
INFO: Run Behavior\ReadHtmlCacheBehavior [ RunTime:0.000051s ]
INFO: [ app_begin ] --END-- [ RunTime:0.000104s ]
SQL: SHOW COLUMNS FROM `hnust_supervisor` [ RunTime:0.0007s ]
SQL: SELECT * FROM `hnust_supervisor` WHERE `type` = '0' ORDER BY time desc LIMIT 7   [ RunTime:0.0002s ]
SQL: SELECT * FROM `hnust_supervisor` WHERE `type` = '1' ORDER BY time desc LIMIT 7   [ RunTime:0.0002s ]
SQL: SELECT * FROM `hnust_supervisor` WHERE `type` = '2' ORDER BY time desc LIMIT 6   [ RunTime:0.0001s ]
SQL: SELECT * FROM `hnust_supervisor` WHERE `type` = '3' ORDER BY time desc LIMIT 6   [ RunTime:0.0001s ]
SQL: SELECT * FROM `hnust_supervisor` WHERE `type` = '4' ORDER BY time desc LIMIT 5   [ RunTime:0.0001s ]
INFO: [ view_parse ] --START--
INFO: [ template_filter ] --START--
INFO: Run Behavior\ContentReplaceBehavior [ RunTime:0.000055s ]
INFO: [ template_filter ] --END-- [ RunTime:0.000131s ]
INFO: Run Behavior\ParseTemplateBehavior [ RunTime:0.001919s ]
INFO: [ view_parse ] --END-- [ RunTime:0.001986s ]
INFO: [ view_filter ] --START--
INFO: Run Behavior\WriteHtmlCacheBehavior [ RunTime:0.000053s ]
INFO: [ view_filter ] --END-- [ RunTime:0.000092s ]
SQL: SELECT * FROM `hnust_supervisor` WHERE `type` = '5' ORDER BY time desc LIMIT 6   [ RunTime:0.0001s ]
SQL: SELECT * FROM `hnust_supervisor` WHERE `type` = '6' ORDER BY time desc LIMIT 6   [ RunTime:0.0001s ]
INFO: [ view_parse ] --START--
INFO: [ template_filter ] --START--
INFO: Run Behavior\ContentReplaceBehavior [ RunTime:0.000096s ]
INFO: [ template_filter ] --END-- [ RunTime:-0.012542s ]
INFO: Run Behavior\ParseTemplateBehavior [ RunTime:0.014154s ]
INFO: [ view_parse ] --END-- [ RunTime:-0.001092s ]
INFO: [ view_filter ] --START--
INFO: Run Behavior\WriteHtmlCacheBehavior [ RunTime:0.000015s ]
INFO: [ view_filter ] --END-- [ RunTime:-0.015272s ]
INFO: [ app_end ] --START--
INFO: Run Behavior\ShowPageTraceBehavior [ RunTime:0.000072s ]
INFO: [ app_end ] --END-- [ RunTime:0.000132s ]

[ 2017-04-20T21:12:20+08:00 ] 110.52.125.224 /mooc/
INFO: [ app_init ] --START--
INFO: Run Behavior\BuildLiteBehavior [ RunTime:0.000014s ]
INFO: [ app_init ] --END-- [ RunTime:0.000122s ]
INFO: [ app_begin ] --START--
INFO: Run Behavior\ReadHtmlCacheBehavior [ RunTime:0.000053s ]
INFO: [ app_begin ] --END-- [ RunTime:0.000097s ]
SQL: SHOW COLUMNS FROM `hnust_supervisor` [ RunTime:0.0006s ]
SQL: SELECT * FROM `hnust_supervisor` WHERE `type` = '0' ORDER BY time desc LIMIT 7   [ RunTime:0.0002s ]
SQL: SELECT * FROM `hnust_supervisor` WHERE `type` = '1' ORDER BY time desc LIMIT 7   [ RunTime:0.0001s ]
SQL: SELECT * FROM `hnust_supervisor` WHERE `type` = '2' ORDER BY time desc LIMIT 6   [ RunTime:0.0001s ]
SQL: SELECT * FROM `hnust_supervisor` WHERE `type` = '3' ORDER BY time desc LIMIT 6   [ RunTime:0.0003s ]
SQL: SELECT * FROM `hnust_supervisor` WHERE `type` = '4' ORDER BY time desc LIMIT 5   [ RunTime:0.0001s ]
INFO: [ view_parse ] --START--
INFO: [ template_filter ] --START--
INFO: Run Behavior\ContentReplaceBehavior [ RunTime:0.000044s ]
INFO: [ template_filter ] --END-- [ RunTime:0.000098s ]
INFO: Run Behavior\ParseTemplateBehavior [ RunTime:0.001679s ]
INFO: [ view_parse ] --END-- [ RunTime:0.001738s ]
INFO: [ view_filter ] --START--
INFO: Run Behavior\WriteHtmlCacheBehavior [ RunTime:0.000050s ]
INFO: [ view_filter ] --END-- [ RunTime:0.000102s ]
SQL: SELECT * FROM `hnust_supervisor` WHERE `type` = '5' ORDER BY time desc LIMIT 6   [ RunTime:0.0001s ]
SQL: SELECT * FROM `hnust_supervisor` WHERE `type` = '6' ORDER BY time desc LIMIT 6   [ RunTime:0.0001s ]
INFO: [ view_parse ] --START--
INFO: [ template_filter ] --START--
INFO: Run Behavior\ContentReplaceBehavior [ RunTime:0.000127s ]
INFO: [ template_filter ] --END-- [ RunTime:-0.012445s ]
INFO: Run Behavior\ParseTemplateBehavior [ RunTime:0.014478s ]
INFO: [ view_parse ] --END-- [ RunTime:-0.001050s ]
INFO: [ view_filter ] --START--
INFO: Run Behavior\WriteHtmlCacheBehavior [ RunTime:0.000016s ]
INFO: [ view_filter ] --END-- [ RunTime:-0.015510s ]
INFO: [ app_end ] --START--
INFO: Run Behavior\ShowPageTraceBehavior [ RunTime:0.000071s ]
INFO: [ app_end ] --END-- [ RunTime:0.000123s ]

[ 2017-04-20T21:13:51+08:00 ] 110.52.125.224 /mooc/
INFO: [ app_init ] --START--
INFO: Run Behavior\BuildLiteBehavior [ RunTime:0.000014s ]
INFO: [ app_init ] --END-- [ RunTime:0.000125s ]
INFO: [ app_begin ] --START--
INFO: Run Behavior\ReadHtmlCacheBehavior [ RunTime:0.000050s ]
INFO: [ app_begin ] --END-- [ RunTime:0.000095s ]
SQL: SHOW COLUMNS FROM `hnust_supervisor` [ RunTime:0.0008s ]
SQL: SELECT * FROM `hnust_supervisor` WHERE `type` = '0' ORDER BY time desc LIMIT 7   [ RunTime:0.0002s ]
SQL: SELECT * FROM `hnust_supervisor` WHERE `type` = '1' ORDER BY time desc LIMIT 7   [ RunTime:0.0001s ]
SQL: SELECT * FROM `hnust_supervisor` WHERE `type` = '2' ORDER BY time desc LIMIT 6   [ RunTime:0.0001s ]
SQL: SELECT * FROM `hnust_supervisor` WHERE `type` = '3' ORDER BY time desc LIMIT 6   [ RunTime:0.0001s ]
SQL: SELECT * FROM `hnust_supervisor` WHERE `type` = '4' ORDER BY time desc LIMIT 5   [ RunTime:0.0001s ]
INFO: [ view_parse ] --START--
INFO: [ template_filter ] --START--
INFO: Run Behavior\ContentReplaceBehavior [ RunTime:0.000041s ]
INFO: [ template_filter ] --END-- [ RunTime:0.000103s ]
INFO: Run Behavior\ParseTemplateBehavior [ RunTime:0.001769s ]
INFO: [ view_parse ] --END-- [ RunTime:0.001826s ]
INFO: [ view_filter ] --START--
INFO: Run Behavior\WriteHtmlCacheBehavior [ RunTime:0.000053s ]
INFO: [ view_filter ] --END-- [ RunTime:0.000090s ]
SQL: SELECT * FROM `hnust_supervisor` WHERE `type` = '5' ORDER BY time desc LIMIT 6   [ RunTime:0.0001s ]
SQL: SELECT * FROM `hnust_supervisor` WHERE `type` = '6' ORDER BY time desc LIMIT 6   [ RunTime:0.0001s ]
INFO: [ view_parse ] --START--
INFO: [ template_filter ] --START--
INFO: Run Behavior\ContentReplaceBehavior [ RunTime:0.000129s ]
INFO: [ template_filter ] --END-- [ RunTime:-0.014064s ]
INFO: Run Behavior\ParseTemplateBehavior [ RunTime:0.015501s ]
INFO: [ view_parse ] --END-- [ RunTime:-0.001166s ]
INFO: [ view_filter ] --START--
INFO: Run Behavior\WriteHtmlCacheBehavior [ RunTime:0.000016s ]
INFO: [ view_filter ] --END-- [ RunTime:-0.016666s ]
INFO: [ app_end ] --START--
INFO: Run Behavior\ShowPageTraceBehavior [ RunTime:0.000078s ]
INFO: [ app_end ] --END-- [ RunTime:0.000138s ]

[ 2017-04-20T21:14:26+08:00 ] 110.52.125.224 /mooc/
INFO: [ app_init ] --START--
INFO: Run Behavior\BuildLiteBehavior [ RunTime:0.000016s ]
INFO: [ app_init ] --END-- [ RunTime:0.000118s ]
INFO: [ app_begin ] --START--
INFO: Run Behavior\ReadHtmlCacheBehavior [ RunTime:0.000083s ]
INFO: [ app_begin ] --END-- [ RunTime:0.000130s ]
SQL: SHOW COLUMNS FROM `hnust_supervisor` [ RunTime:0.0010s ]
SQL: SELECT * FROM `hnust_supervisor` WHERE `type` = '0' ORDER BY time desc LIMIT 7   [ RunTime:0.0002s ]
SQL: SELECT * FROM `hnust_supervisor` WHERE `type` = '1' ORDER BY time desc LIMIT 7   [ RunTime:0.0002s ]
SQL: SELECT * FROM `hnust_supervisor` WHERE `type` = '2' ORDER BY time desc LIMIT 6   [ RunTime:0.0002s ]
SQL: SELECT * FROM `hnust_supervisor` WHERE `type` = '3' ORDER BY time desc LIMIT 6   [ RunTime:0.0001s ]
SQL: SELECT * FROM `hnust_supervisor` WHERE `type` = '4' ORDER BY time desc LIMIT 5   [ RunTime:0.0001s ]
INFO: [ view_parse ] --START--
INFO: [ template_filter ] --START--
INFO: Run Behavior\ContentReplaceBehavior [ RunTime:0.000051s ]
INFO: [ template_filter ] --END-- [ RunTime:0.000110s ]
INFO: Run Behavior\ParseTemplateBehavior [ RunTime:0.001763s ]
INFO: [ view_parse ] --END-- [ RunTime:0.001870s ]
INFO: [ view_filter ] --START--
INFO: Run Behavior\WriteHtmlCacheBehavior [ RunTime:0.000053s ]
INFO: [ view_filter ] --END-- [ RunTime:0.000091s ]
SQL: SELECT * FROM `hnust_supervisor` WHERE `type` = '5' ORDER BY time desc LIMIT 6   [ RunTime:0.0001s ]
SQL: SELECT * FROM `hnust_supervisor` WHERE `type` = '6' ORDER BY time desc LIMIT 6   [ RunTime:0.0001s ]
INFO: [ view_parse ] --START--
INFO: [ template_filter ] --START--
INFO: Run Behavior\ContentReplaceBehavior [ RunTime:0.000120s ]
INFO: [ template_filter ] --END-- [ RunTime:-0.015959s ]
INFO: Run Behavior\ParseTemplateBehavior [ RunTime:0.017530s ]
INFO: [ view_parse ] --END-- [ RunTime:-0.001258s ]
INFO: [ view_filter ] --START--
INFO: Run Behavior\WriteHtmlCacheBehavior [ RunTime:0.000016s ]
INFO: [ view_filter ] --END-- [ RunTime:-0.018784s ]
INFO: [ app_end ] --START--
INFO: Run Behavior\ShowPageTraceBehavior [ RunTime:0.000130s ]
INFO: [ app_end ] --END-- [ RunTime:0.000191s ]

[ 2017-04-20T21:14:44+08:00 ] 110.52.125.224 /mooc/
INFO: [ app_init ] --START--
INFO: Run Behavior\BuildLiteBehavior [ RunTime:0.000015s ]
INFO: [ app_init ] --END-- [ RunTime:0.000106s ]
INFO: [ app_begin ] --START--
INFO: Run Behavior\ReadHtmlCacheBehavior [ RunTime:0.000052s ]
INFO: [ app_begin ] --END-- [ RunTime:0.000101s ]
SQL: SHOW COLUMNS FROM `hnust_supervisor` [ RunTime:0.0006s ]
SQL: SELECT * FROM `hnust_supervisor` WHERE `type` = '0' ORDER BY time desc LIMIT 7   [ RunTime:0.0002s ]
SQL: SELECT * FROM `hnust_supervisor` WHERE `type` = '1' ORDER BY time desc LIMIT 7   [ RunTime:0.0001s ]
SQL: SELECT * FROM `hnust_supervisor` WHERE `type` = '2' ORDER BY time desc LIMIT 6   [ RunTime:0.0001s ]
SQL: SELECT * FROM `hnust_supervisor` WHERE `type` = '3' ORDER BY time desc LIMIT 6   [ RunTime:0.0001s ]
SQL: SELECT * FROM `hnust_supervisor` WHERE `type` = '4' ORDER BY time desc LIMIT 5   [ RunTime:0.0001s ]
INFO: [ view_parse ] --START--
INFO: [ template_filter ] --START--
INFO: Run Behavior\ContentReplaceBehavior [ RunTime:0.000044s ]
INFO: [ template_filter ] --END-- [ RunTime:0.000113s ]
INFO: Run Behavior\ParseTemplateBehavior [ RunTime:0.002077s ]
INFO: [ view_parse ] --END-- [ RunTime:0.002137s ]
INFO: [ view_filter ] --START--
INFO: Run Behavior\WriteHtmlCacheBehavior [ RunTime:0.000054s ]
INFO: [ view_filter ] --END-- [ RunTime:0.000094s ]
SQL: SELECT * FROM `hnust_supervisor` WHERE `type` = '5' ORDER BY time desc LIMIT 6   [ RunTime:0.0001s ]
SQL: SELECT * FROM `hnust_supervisor` WHERE `type` = '6' ORDER BY time desc LIMIT 6   [ RunTime:0.0001s ]
INFO: [ view_parse ] --START--
INFO: [ template_filter ] --START--
INFO: Run Behavior\ContentReplaceBehavior [ RunTime:0.000136s ]
INFO: [ template_filter ] --END-- [ RunTime:-0.014409s ]
INFO: Run Behavior\ParseTemplateBehavior [ RunTime:0.015779s ]
INFO: [ view_parse ] --END-- [ RunTime:-0.001101s ]
INFO: [ view_filter ] --START--
INFO: Run Behavior\WriteHtmlCacheBehavior [ RunTime:0.000016s ]
INFO: [ view_filter ] --END-- [ RunTime:-0.016882s ]
INFO: [ app_end ] --START--
INFO: Run Behavior\ShowPageTraceBehavior [ RunTime:0.000136s ]
INFO: [ app_end ] --END-- [ RunTime:0.000196s ]

[ 2017-04-20T21:15:32+08:00 ] 110.52.125.224 /mooc/
INFO: [ app_init ] --START--
INFO: Run Behavior\BuildLiteBehavior [ RunTime:0.000010s ]
INFO: [ app_init ] --END-- [ RunTime:0.000071s ]
INFO: [ app_begin ] --START--
INFO: Run Behavior\ReadHtmlCacheBehavior [ RunTime:0.000044s ]
INFO: [ app_begin ] --END-- [ RunTime:0.000089s ]
SQL: SHOW COLUMNS FROM `hnust_supervisor` [ RunTime:0.0005s ]
SQL: SELECT * FROM `hnust_supervisor` WHERE `type` = '0' ORDER BY time desc LIMIT 7   [ RunTime:0.0001s ]
SQL: SELECT * FROM `hnust_supervisor` WHERE `type` = '1' ORDER BY time desc LIMIT 7   [ RunTime:0.0001s ]
SQL: SELECT * FROM `hnust_supervisor` WHERE `type` = '2' ORDER BY time desc LIMIT 6   [ RunTime:0.0001s ]
SQL: SELECT * FROM `hnust_supervisor` WHERE `type` = '3' ORDER BY time desc LIMIT 6   [ RunTime:0.0001s ]
SQL: SELECT * FROM `hnust_supervisor` WHERE `type` = '4' ORDER BY time desc LIMIT 5   [ RunTime:0.0001s ]
INFO: [ view_parse ] --START--
INFO: [ template_filter ] --START--
INFO: Run Behavior\ContentReplaceBehavior [ RunTime:0.000034s ]
INFO: [ template_filter ] --END-- [ RunTime:0.000076s ]
INFO: Run Behavior\ParseTemplateBehavior [ RunTime:0.001566s ]
INFO: [ view_parse ] --END-- [ RunTime:0.001614s ]
INFO: [ view_filter ] --START--
INFO: Run Behavior\WriteHtmlCacheBehavior [ RunTime:0.000033s ]
INFO: [ view_filter ] --END-- [ RunTime:0.000057s ]
SQL: SELECT * FROM `hnust_supervisor` WHERE `type` = '5' ORDER BY time desc LIMIT 6   [ RunTime:0.0001s ]
SQL: SELECT * FROM `hnust_supervisor` WHERE `type` = '6' ORDER BY time desc LIMIT 6   [ RunTime:0.0001s ]
INFO: [ view_parse ] --START--
INFO: [ template_filter ] --START--
INFO: Run Behavior\ContentReplaceBehavior [ RunTime:0.000097s ]
INFO: [ template_filter ] --END-- [ RunTime:-0.008918s ]
INFO: Run Behavior\ParseTemplateBehavior [ RunTime:0.010372s ]
INFO: [ view_parse ] --END-- [ RunTime:-0.000726s ]
INFO: [ view_filter ] --START--
INFO: Run Behavior\WriteHtmlCacheBehavior [ RunTime:0.000015s ]
INFO: [ view_filter ] --END-- [ RunTime:-0.011129s ]
INFO: [ app_end ] --START--
INFO: Run Behavior\ShowPageTraceBehavior [ RunTime:0.000053s ]
INFO: [ app_end ] --END-- [ RunTime:0.000094s ]

[ 2017-04-20T21:15:44+08:00 ] 110.52.125.224 /mooc/
INFO: [ app_init ] --START--
INFO: Run Behavior\BuildLiteBehavior [ RunTime:0.000015s ]
INFO: [ app_init ] --END-- [ RunTime:0.000104s ]
INFO: [ app_begin ] --START--
INFO: Run Behavior\ReadHtmlCacheBehavior [ RunTime:0.000047s ]
INFO: [ app_begin ] --END-- [ RunTime:0.000097s ]
SQL: SHOW COLUMNS FROM `hnust_supervisor` [ RunTime:0.0007s ]
SQL: SELECT * FROM `hnust_supervisor` WHERE `type` = '0' ORDER BY time desc LIMIT 7   [ RunTime:0.0002s ]
SQL: SELECT * FROM `hnust_supervisor` WHERE `type` = '1' ORDER BY time desc LIMIT 7   [ RunTime:0.0001s ]
SQL: SELECT * FROM `hnust_supervisor` WHERE `type` = '2' ORDER BY time desc LIMIT 6   [ RunTime:0.0001s ]
SQL: SELECT * FROM `hnust_supervisor` WHERE `type` = '3' ORDER BY time desc LIMIT 6   [ RunTime:0.0001s ]
SQL: SELECT * FROM `hnust_supervisor` WHERE `type` = '4' ORDER BY time desc LIMIT 5   [ RunTime:0.0001s ]
INFO: [ view_parse ] --START--
INFO: [ template_filter ] --START--
INFO: Run Behavior\ContentReplaceBehavior [ RunTime:0.000040s ]
INFO: [ template_filter ] --END-- [ RunTime:0.000089s ]
INFO: Run Behavior\ParseTemplateBehavior [ RunTime:0.001243s ]
INFO: [ view_parse ] --END-- [ RunTime:0.001286s ]
INFO: [ view_filter ] --START--
INFO: Run Behavior\WriteHtmlCacheBehavior [ RunTime:0.000033s ]
INFO: [ view_filter ] --END-- [ RunTime:0.000057s ]
SQL: SELECT * FROM `hnust_supervisor` WHERE `type` = '5' ORDER BY time desc LIMIT 6   [ RunTime:0.0001s ]
SQL: SELECT * FROM `hnust_supervisor` WHERE `type` = '6' ORDER BY time desc LIMIT 6   [ RunTime:0.0001s ]
INFO: [ view_parse ] --START--
INFO: [ template_filter ] --START--
INFO: Run Behavior\ContentReplaceBehavior [ RunTime:0.000114s ]
INFO: [ template_filter ] --END-- [ RunTime:-0.012549s ]
INFO: Run Behavior\ParseTemplateBehavior [ RunTime:0.013794s ]
INFO: [ view_parse ] --END-- [ RunTime:-0.000886s ]
INFO: [ view_filter ] --START--
INFO: Run Behavior\WriteHtmlCacheBehavior [ RunTime:0.000012s ]
INFO: [ view_filter ] --END-- [ RunTime:-0.014686s ]
INFO: [ app_end ] --START--
INFO: Run Behavior\ShowPageTraceBehavior [ RunTime:0.000060s ]
INFO: [ app_end ] --END-- [ RunTime:0.000098s ]

[ 2017-04-20T21:16:50+08:00 ] 110.52.125.224 /mooc/
INFO: [ app_init ] --START--
INFO: Run Behavior\BuildLiteBehavior [ RunTime:0.000016s ]
INFO: [ app_init ] --END-- [ RunTime:0.000120s ]
INFO: [ app_begin ] --START--
INFO: Run Behavior\ReadHtmlCacheBehavior [ RunTime:0.000048s ]
INFO: [ app_begin ] --END-- [ RunTime:0.000095s ]
SQL: SHOW COLUMNS FROM `hnust_supervisor` [ RunTime:0.0007s ]
SQL: SELECT * FROM `hnust_supervisor` WHERE `type` = '0' ORDER BY time desc LIMIT 7   [ RunTime:0.0002s ]
SQL: SELECT * FROM `hnust_supervisor` WHERE `type` = '1' ORDER BY time desc LIMIT 7   [ RunTime:0.0001s ]
SQL: SELECT * FROM `hnust_supervisor` WHERE `type` = '2' ORDER BY time desc LIMIT 6   [ RunTime:0.0001s ]
SQL: SELECT * FROM `hnust_supervisor` WHERE `type` = '3' ORDER BY time desc LIMIT 6   [ RunTime:0.0001s ]
SQL: SELECT * FROM `hnust_supervisor` WHERE `type` = '4' ORDER BY time desc LIMIT 5   [ RunTime:0.0001s ]
INFO: [ view_parse ] --START--
INFO: [ template_filter ] --START--
INFO: Run Behavior\ContentReplaceBehavior [ RunTime:0.000093s ]
INFO: [ template_filter ] --END-- [ RunTime:0.000158s ]
INFO: Run Behavior\ParseTemplateBehavior [ RunTime:0.002036s ]
INFO: [ view_parse ] --END-- [ RunTime:0.002102s ]
INFO: [ view_filter ] --START--
INFO: Run Behavior\WriteHtmlCacheBehavior [ RunTime:0.000054s ]
INFO: [ view_filter ] --END-- [ RunTime:0.000093s ]
SQL: SELECT * FROM `hnust_supervisor` WHERE `type` = '5' ORDER BY time desc LIMIT 6   [ RunTime:0.0001s ]
SQL: SELECT * FROM `hnust_supervisor` WHERE `type` = '6' ORDER BY time desc LIMIT 6   [ RunTime:0.0001s ]
INFO: [ view_parse ] --START--
INFO: [ template_filter ] --START--
INFO: Run Behavior\ContentReplaceBehavior [ RunTime:0.000142s ]
INFO: [ template_filter ] --END-- [ RunTime:-0.013879s ]
INFO: Run Behavior\ParseTemplateBehavior [ RunTime:0.015985s ]
INFO: [ view_parse ] --END-- [ RunTime:-0.001264s ]
INFO: [ view_filter ] --START--
INFO: Run Behavior\WriteHtmlCacheBehavior [ RunTime:0.000015s ]
INFO: [ view_filter ] --END-- [ RunTime:-0.017246s ]
INFO: [ app_end ] --START--
INFO: Run Behavior\ShowPageTraceBehavior [ RunTime:0.000076s ]
INFO: [ app_end ] --END-- [ RunTime:0.000132s ]

[ 2017-04-20T21:18:24+08:00 ] 110.52.125.224 /mooc/
INFO: [ app_init ] --START--
INFO: Run Behavior\BuildLiteBehavior [ RunTime:0.000015s ]
INFO: [ app_init ] --END-- [ RunTime:0.000104s ]
INFO: [ app_begin ] --START--
INFO: Run Behavior\ReadHtmlCacheBehavior [ RunTime:0.000046s ]
INFO: [ app_begin ] --END-- [ RunTime:0.000090s ]
SQL: SHOW COLUMNS FROM `hnust_supervisor` [ RunTime:0.0007s ]
SQL: SELECT * FROM `hnust_supervisor` WHERE `type` = '0' ORDER BY time desc LIMIT 7   [ RunTime:0.0003s ]
SQL: SELECT * FROM `hnust_supervisor` WHERE `type` = '1' ORDER BY time desc LIMIT 7   [ RunTime:0.0002s ]
SQL: SELECT * FROM `hnust_supervisor` WHERE `type` = '2' ORDER BY time desc LIMIT 6   [ RunTime:0.0001s ]
SQL: SELECT * FROM `hnust_supervisor` WHERE `type` = '3' ORDER BY time desc LIMIT 6   [ RunTime:0.0001s ]
SQL: SELECT * FROM `hnust_supervisor` WHERE `type` = '4' ORDER BY time desc LIMIT 5   [ RunTime:0.0001s ]
INFO: [ view_parse ] --START--
INFO: [ template_filter ] --START--
INFO: Run Behavior\ContentReplaceBehavior [ RunTime:0.000043s ]
INFO: [ template_filter ] --END-- [ RunTime:0.000110s ]
INFO: Run Behavior\ParseTemplateBehavior [ RunTime:0.004099s ]
INFO: [ view_parse ] --END-- [ RunTime:0.004153s ]
INFO: [ view_filter ] --START--
INFO: Run Behavior\WriteHtmlCacheBehavior [ RunTime:0.000052s ]
INFO: [ view_filter ] --END-- [ RunTime:0.000089s ]
SQL: SELECT * FROM `hnust_supervisor` WHERE `type` = '5' ORDER BY time desc LIMIT 6   [ RunTime:0.0002s ]
SQL: SELECT * FROM `hnust_supervisor` WHERE `type` = '6' ORDER BY time desc LIMIT 6   [ RunTime:0.0001s ]
INFO: [ view_parse ] --START--
INFO: [ template_filter ] --START--
INFO: Run Behavior\ContentReplaceBehavior [ RunTime:0.000127s ]
INFO: [ template_filter ] --END-- [ RunTime:-0.013697s ]
INFO: Run Behavior\ParseTemplateBehavior [ RunTime:0.017733s ]
INFO: [ view_parse ] --END-- [ RunTime:-0.001131s ]
INFO: [ view_filter ] --START--
INFO: Run Behavior\WriteHtmlCacheBehavior [ RunTime:0.000016s ]
INFO: [ view_filter ] --END-- [ RunTime:-0.018864s ]
INFO: [ app_end ] --START--
INFO: Run Behavior\ShowPageTraceBehavior [ RunTime:0.000076s ]
INFO: [ app_end ] --END-- [ RunTime:0.000128s ]

[ 2017-04-20T21:21:24+08:00 ] 110.52.125.224 /mooc/
INFO: [ app_init ] --START--
INFO: Run Behavior\BuildLiteBehavior [ RunTime:0.000017s ]
INFO: [ app_init ] --END-- [ RunTime:0.000116s ]
INFO: [ app_begin ] --START--
INFO: Run Behavior\ReadHtmlCacheBehavior [ RunTime:0.000051s ]
INFO: [ app_begin ] --END-- [ RunTime:0.000099s ]
SQL: SHOW COLUMNS FROM `hnust_supervisor` [ RunTime:0.0007s ]
SQL: SELECT * FROM `hnust_supervisor` WHERE `type` = '0' ORDER BY time desc LIMIT 7   [ RunTime:0.0002s ]
SQL: SELECT * FROM `hnust_supervisor` WHERE `type` = '1' ORDER BY time desc LIMIT 7   [ RunTime:0.0002s ]
SQL: SELECT * FROM `hnust_supervisor` WHERE `type` = '2' ORDER BY time desc LIMIT 6   [ RunTime:0.0001s ]
SQL: SELECT * FROM `hnust_supervisor` WHERE `type` = '3' ORDER BY time desc LIMIT 6   [ RunTime:0.0001s ]
SQL: SELECT * FROM `hnust_supervisor` WHERE `type` = '4' ORDER BY time desc LIMIT 5   [ RunTime:0.0001s ]
INFO: [ view_parse ] --START--
INFO: [ template_filter ] --START--
INFO: Run Behavior\ContentReplaceBehavior [ RunTime:0.000054s ]
INFO: [ template_filter ] --END-- [ RunTime:0.000124s ]
INFO: Run Behavior\ParseTemplateBehavior [ RunTime:0.001798s ]
INFO: [ view_parse ] --END-- [ RunTime:0.001868s ]
INFO: [ view_filter ] --START--
INFO: Run Behavior\WriteHtmlCacheBehavior [ RunTime:0.000057s ]
INFO: [ view_filter ] --END-- [ RunTime:0.000098s ]
SQL: SELECT * FROM `hnust_supervisor` WHERE `type` = '5' ORDER BY time desc LIMIT 6   [ RunTime:0.0001s ]
SQL: SELECT * FROM `hnust_supervisor` WHERE `type` = '6' ORDER BY time desc LIMIT 6   [ RunTime:0.0001s ]
INFO: [ view_parse ] --START--
INFO: [ template_filter ] --START--
INFO: Run Behavior\ContentReplaceBehavior [ RunTime:0.000135s ]
INFO: [ template_filter ] --END-- [ RunTime:-0.014579s ]
INFO: Run Behavior\ParseTemplateBehavior [ RunTime:0.016740s ]
INFO: [ view_parse ] --END-- [ RunTime:-0.001162s ]
INFO: [ view_filter ] --START--
INFO: Run Behavior\WriteHtmlCacheBehavior [ RunTime:0.000017s ]
INFO: [ view_filter ] --END-- [ RunTime:-0.017892s ]
INFO: [ app_end ] --START--
INFO: Run Behavior\ShowPageTraceBehavior [ RunTime:0.000079s ]
INFO: [ app_end ] --END-- [ RunTime:0.000151s ]

[ 2017-04-20T21:21:44+08:00 ] 110.52.125.224 /mooc/
INFO: [ app_init ] --START--
INFO: Run Behavior\BuildLiteBehavior [ RunTime:0.000014s ]
INFO: [ app_init ] --END-- [ RunTime:0.000159s ]
INFO: [ app_begin ] --START--
INFO: Run Behavior\ReadHtmlCacheBehavior [ RunTime:0.000046s ]
INFO: [ app_begin ] --END-- [ RunTime:0.000087s ]
SQL: SHOW COLUMNS FROM `hnust_supervisor` [ RunTime:0.0006s ]
SQL: SELECT * FROM `hnust_supervisor` WHERE `type` = '0' ORDER BY time desc LIMIT 7   [ RunTime:0.0002s ]
SQL: SELECT * FROM `hnust_supervisor` WHERE `type` = '1' ORDER BY time desc LIMIT 7   [ RunTime:0.0001s ]
SQL: SELECT * FROM `hnust_supervisor` WHERE `type` = '2' ORDER BY time desc LIMIT 6   [ RunTime:0.0001s ]
SQL: SELECT * FROM `hnust_supervisor` WHERE `type` = '3' ORDER BY time desc LIMIT 6   [ RunTime:0.0001s ]
SQL: SELECT * FROM `hnust_supervisor` WHERE `type` = '4' ORDER BY time desc LIMIT 5   [ RunTime:0.0001s ]
INFO: [ view_parse ] --START--
INFO: [ template_filter ] --START--
INFO: Run Behavior\ContentReplaceBehavior [ RunTime:0.000039s ]
INFO: [ template_filter ] --END-- [ RunTime:0.000108s ]
INFO: Run Behavior\ParseTemplateBehavior [ RunTime:0.001752s ]
INFO: [ view_parse ] --END-- [ RunTime:0.001806s ]
INFO: [ view_filter ] --START--
INFO: Run Behavior\WriteHtmlCacheBehavior [ RunTime:0.000048s ]
INFO: [ view_filter ] --END-- [ RunTime:0.000086s ]
SQL: SELECT * FROM `hnust_supervisor` WHERE `type` = '5' ORDER BY time desc LIMIT 6   [ RunTime:0.0001s ]
SQL: SELECT * FROM `hnust_supervisor` WHERE `type` = '6' ORDER BY time desc LIMIT 6   [ RunTime:0.0001s ]
INFO: [ view_parse ] --START--
INFO: [ template_filter ] --START--
INFO: Run Behavior\ContentReplaceBehavior [ RunTime:0.000126s ]
INFO: [ template_filter ] --END-- [ RunTime:-0.012379s ]
INFO: Run Behavior\ParseTemplateBehavior [ RunTime:0.014350s ]
INFO: [ view_parse ] --END-- [ RunTime:-0.001010s ]
INFO: [ view_filter ] --START--
INFO: Run Behavior\WriteHtmlCacheBehavior [ RunTime:0.000015s ]
INFO: [ view_filter ] --END-- [ RunTime:-0.015349s ]
INFO: [ app_end ] --START--
INFO: Run Behavior\ShowPageTraceBehavior [ RunTime:0.000071s ]
INFO: [ app_end ] --END-- [ RunTime:0.000128s ]

[ 2017-04-20T21:25:04+08:00 ] 110.52.125.224 /mooc/
INFO: [ app_init ] --START--
INFO: Run Behavior\BuildLiteBehavior [ RunTime:0.000015s ]
INFO: [ app_init ] --END-- [ RunTime:0.000112s ]
INFO: [ app_begin ] --START--
INFO: Run Behavior\ReadHtmlCacheBehavior [ RunTime:0.000049s ]
INFO: [ app_begin ] --END-- [ RunTime:0.000094s ]
SQL: SHOW COLUMNS FROM `hnust_supervisor` [ RunTime:0.0007s ]
SQL: SELECT * FROM `hnust_supervisor` WHERE `type` = '0' ORDER BY time desc LIMIT 7   [ RunTime:0.0002s ]
SQL: SELECT * FROM `hnust_supervisor` WHERE `type` = '1' ORDER BY time desc LIMIT 7   [ RunTime:0.0002s ]
SQL: SELECT * FROM `hnust_supervisor` WHERE `type` = '2' ORDER BY time desc LIMIT 6   [ RunTime:0.0001s ]
SQL: SELECT * FROM `hnust_supervisor` WHERE `type` = '3' ORDER BY time desc LIMIT 6   [ RunTime:0.0001s ]
SQL: SELECT * FROM `hnust_supervisor` WHERE `type` = '4' ORDER BY time desc LIMIT 5   [ RunTime:0.0001s ]
INFO: [ view_parse ] --START--
INFO: [ template_filter ] --START--
INFO: Run Behavior\ContentReplaceBehavior [ RunTime:0.000033s ]
INFO: [ template_filter ] --END-- [ RunTime:0.000095s ]
INFO: Run Behavior\ParseTemplateBehavior [ RunTime:0.001637s ]
INFO: [ view_parse ] --END-- [ RunTime:0.001701s ]
INFO: [ view_filter ] --START--
INFO: Run Behavior\WriteHtmlCacheBehavior [ RunTime:0.000050s ]
INFO: [ view_filter ] --END-- [ RunTime:0.000076s ]
SQL: SELECT * FROM `hnust_supervisor` WHERE `type` = '5' ORDER BY time desc LIMIT 6   [ RunTime:0.0001s ]
SQL: SELECT * FROM `hnust_supervisor` WHERE `type` = '6' ORDER BY time desc LIMIT 6   [ RunTime:0.0001s ]
INFO: [ view_parse ] --START--
INFO: [ template_filter ] --START--
INFO: Run Behavior\ContentReplaceBehavior [ RunTime:0.000114s ]
INFO: [ template_filter ] --END-- [ RunTime:-0.011359s ]
INFO: Run Behavior\ParseTemplateBehavior [ RunTime:0.014775s ]
INFO: [ view_parse ] --END-- [ RunTime:-0.000787s ]
INFO: [ view_filter ] --START--
INFO: Run Behavior\WriteHtmlCacheBehavior [ RunTime:0.000014s ]
INFO: [ view_filter ] --END-- [ RunTime:-0.015577s ]
INFO: [ app_end ] --START--
INFO: Run Behavior\ShowPageTraceBehavior [ RunTime:0.000071s ]
INFO: [ app_end ] --END-- [ RunTime:0.000111s ]

[ 2017-04-20T21:25:31+08:00 ] 110.52.125.224 /mooc/
INFO: [ app_init ] --START--
INFO: Run Behavior\BuildLiteBehavior [ RunTime:0.000015s ]
INFO: [ app_init ] --END-- [ RunTime:0.000103s ]
INFO: [ app_begin ] --START--
INFO: Run Behavior\ReadHtmlCacheBehavior [ RunTime:0.000047s ]
INFO: [ app_begin ] --END-- [ RunTime:0.000092s ]
SQL: SHOW COLUMNS FROM `hnust_supervisor` [ RunTime:0.0007s ]
SQL: SELECT * FROM `hnust_supervisor` WHERE `type` = '0' ORDER BY time desc LIMIT 7   [ RunTime:0.0003s ]
SQL: SELECT * FROM `hnust_supervisor` WHERE `type` = '1' ORDER BY time desc LIMIT 7   [ RunTime:0.0001s ]
SQL: SELECT * FROM `hnust_supervisor` WHERE `type` = '2' ORDER BY time desc LIMIT 6   [ RunTime:0.0001s ]
SQL: SELECT * FROM `hnust_supervisor` WHERE `type` = '3' ORDER BY time desc LIMIT 6   [ RunTime:0.0002s ]
SQL: SELECT * FROM `hnust_supervisor` WHERE `type` = '4' ORDER BY time desc LIMIT 5   [ RunTime:0.0001s ]
INFO: [ view_parse ] --START--
INFO: [ template_filter ] --START--
INFO: Run Behavior\ContentReplaceBehavior [ RunTime:0.000053s ]
INFO: [ template_filter ] --END-- [ RunTime:0.000121s ]
INFO: Run Behavior\ParseTemplateBehavior [ RunTime:0.002425s ]
INFO: [ view_parse ] --END-- [ RunTime:0.002491s ]
INFO: [ view_filter ] --START--
INFO: Run Behavior\WriteHtmlCacheBehavior [ RunTime:0.000053s ]
INFO: [ view_filter ] --END-- [ RunTime:0.000094s ]
SQL: SELECT * FROM `hnust_supervisor` WHERE `type` = '5' ORDER BY time desc LIMIT 6   [ RunTime:0.0002s ]
SQL: SELECT * FROM `hnust_supervisor` WHERE `type` = '6' ORDER BY time desc LIMIT 6   [ RunTime:0.0001s ]
INFO: [ view_parse ] --START--
INFO: [ template_filter ] --START--
INFO: Run Behavior\ContentReplaceBehavior [ RunTime:0.000138s ]
INFO: [ template_filter ] --END-- [ RunTime:-0.014901s ]
INFO: Run Behavior\ParseTemplateBehavior [ RunTime:0.016805s ]
INFO: [ view_parse ] --END-- [ RunTime:-0.001283s ]
INFO: [ view_filter ] --START--
INFO: Run Behavior\WriteHtmlCacheBehavior [ RunTime:0.000015s ]
INFO: [ view_filter ] --END-- [ RunTime:-0.018071s ]
INFO: [ app_end ] --START--
INFO: Run Behavior\ShowPageTraceBehavior [ RunTime:0.000073s ]
INFO: [ app_end ] --END-- [ RunTime:0.000140s ]

[ 2017-04-20T21:26:12+08:00 ] 110.52.125.224 /mooc/
INFO: [ app_init ] --START--
INFO: Run Behavior\BuildLiteBehavior [ RunTime:0.000017s ]
INFO: [ app_init ] --END-- [ RunTime:0.000108s ]
INFO: [ app_begin ] --START--
INFO: Run Behavior\ReadHtmlCacheBehavior [ RunTime:0.000045s ]
INFO: [ app_begin ] --END-- [ RunTime:0.000085s ]
SQL: SHOW COLUMNS FROM `hnust_supervisor` [ RunTime:0.0049s ]
SQL: SELECT * FROM `hnust_supervisor` WHERE `type` = '0' ORDER BY time desc LIMIT 7   [ RunTime:0.0002s ]
SQL: SELECT * FROM `hnust_supervisor` WHERE `type` = '1' ORDER BY time desc LIMIT 7   [ RunTime:0.0002s ]
SQL: SELECT * FROM `hnust_supervisor` WHERE `type` = '2' ORDER BY time desc LIMIT 6   [ RunTime:0.0001s ]
SQL: SELECT * FROM `hnust_supervisor` WHERE `type` = '3' ORDER BY time desc LIMIT 6   [ RunTime:0.0001s ]
SQL: SELECT * FROM `hnust_supervisor` WHERE `type` = '4' ORDER BY time desc LIMIT 5   [ RunTime:0.0001s ]
INFO: [ view_parse ] --START--
INFO: [ template_filter ] --START--
INFO: Run Behavior\ContentReplaceBehavior [ RunTime:0.000041s ]
INFO: [ template_filter ] --END-- [ RunTime:0.000108s ]
INFO: Run Behavior\ParseTemplateBehavior [ RunTime:0.001725s ]
INFO: [ view_parse ] --END-- [ RunTime:0.001787s ]
INFO: [ view_filter ] --START--
INFO: Run Behavior\WriteHtmlCacheBehavior [ RunTime:0.000051s ]
INFO: [ view_filter ] --END-- [ RunTime:0.000142s ]
SQL: SELECT * FROM `hnust_supervisor` WHERE `type` = '5' ORDER BY time desc LIMIT 6   [ RunTime:0.0002s ]
SQL: SELECT * FROM `hnust_supervisor` WHERE `type` = '6' ORDER BY time desc LIMIT 6   [ RunTime:0.0001s ]
INFO: [ view_parse ] --START--
INFO: [ template_filter ] --START--
INFO: Run Behavior\ContentReplaceBehavior [ RunTime:0.000098s ]
INFO: [ template_filter ] --END-- [ RunTime:-0.011085s ]
INFO: Run Behavior\ParseTemplateBehavior [ RunTime:0.012456s ]
INFO: [ view_parse ] --END-- [ RunTime:-0.001374s ]
INFO: [ view_filter ] --START--
INFO: Run Behavior\WriteHtmlCacheBehavior [ RunTime:0.000016s ]
INFO: [ view_filter ] --END-- [ RunTime:-0.013768s ]
INFO: [ app_end ] --START--
INFO: Run Behavior\ShowPageTraceBehavior [ RunTime:0.000065s ]
INFO: [ app_end ] --END-- [ RunTime:0.000113s ]

[ 2017-04-20T21:26:34+08:00 ] 110.52.125.224 /mooc/
INFO: [ app_init ] --START--
INFO: Run Behavior\BuildLiteBehavior [ RunTime:0.000017s ]
INFO: [ app_init ] --END-- [ RunTime:0.000117s ]
INFO: [ app_begin ] --START--
INFO: Run Behavior\ReadHtmlCacheBehavior [ RunTime:0.000049s ]
INFO: [ app_begin ] --END-- [ RunTime:0.000096s ]
SQL: SHOW COLUMNS FROM `hnust_supervisor` [ RunTime:0.0007s ]
SQL: SELECT * FROM `hnust_supervisor` WHERE `type` = '0' ORDER BY time desc LIMIT 7   [ RunTime:0.0002s ]
SQL: SELECT * FROM `hnust_supervisor` WHERE `type` = '1' ORDER BY time desc LIMIT 7   [ RunTime:0.0001s ]
SQL: SELECT * FROM `hnust_supervisor` WHERE `type` = '2' ORDER BY time desc LIMIT 6   [ RunTime:0.0001s ]
SQL: SELECT * FROM `hnust_supervisor` WHERE `type` = '3' ORDER BY time desc LIMIT 6   [ RunTime:0.0001s ]
SQL: SELECT * FROM `hnust_supervisor` WHERE `type` = '4' ORDER BY time desc LIMIT 5   [ RunTime:0.0001s ]
INFO: [ view_parse ] --START--
INFO: [ template_filter ] --START--
INFO: Run Behavior\ContentReplaceBehavior [ RunTime:0.000047s ]
INFO: [ template_filter ] --END-- [ RunTime:0.000106s ]
INFO: Run Behavior\ParseTemplateBehavior [ RunTime:0.001683s ]
INFO: [ view_parse ] --END-- [ RunTime:0.001742s ]
INFO: [ view_filter ] --START--
INFO: Run Behavior\WriteHtmlCacheBehavior [ RunTime:0.000037s ]
INFO: [ view_filter ] --END-- [ RunTime:0.000062s ]
SQL: SELECT * FROM `hnust_supervisor` WHERE `type` = '5' ORDER BY time desc LIMIT 6   [ RunTime:0.0001s ]
SQL: SELECT * FROM `hnust_supervisor` WHERE `type` = '6' ORDER BY time desc LIMIT 6   [ RunTime:0.0001s ]
INFO: [ view_parse ] --START--
INFO: [ template_filter ] --START--
INFO: Run Behavior\ContentReplaceBehavior [ RunTime:0.000116s ]
INFO: [ template_filter ] --END-- [ RunTime:-0.008436s ]
INFO: Run Behavior\ParseTemplateBehavior [ RunTime:0.009629s ]
INFO: [ view_parse ] --END-- [ RunTime:-0.000767s ]
INFO: [ view_filter ] --START--
INFO: Run Behavior\WriteHtmlCacheBehavior [ RunTime:0.000011s ]
INFO: [ view_filter ] --END-- [ RunTime:-0.010393s ]
INFO: [ app_end ] --START--
INFO: Run Behavior\ShowPageTraceBehavior [ RunTime:0.000049s ]
INFO: [ app_end ] --END-- [ RunTime:0.000093s ]

[ 2017-04-20T21:27:21+08:00 ] 110.52.125.224 /mooc/
INFO: [ app_init ] --START--
INFO: Run Behavior\BuildLiteBehavior [ RunTime:0.000051s ]
INFO: [ app_init ] --END-- [ RunTime:0.000128s ]
INFO: [ app_begin ] --START--
INFO: Run Behavior\ReadHtmlCacheBehavior [ RunTime:0.000046s ]
INFO: [ app_begin ] --END-- [ RunTime:0.000083s ]
SQL: SHOW COLUMNS FROM `hnust_supervisor` [ RunTime:0.0006s ]
SQL: SELECT * FROM `hnust_supervisor` WHERE `type` = '0' ORDER BY time desc LIMIT 7   [ RunTime:0.0002s ]
SQL: SELECT * FROM `hnust_supervisor` WHERE `type` = '1' ORDER BY time desc LIMIT 7   [ RunTime:0.0001s ]
SQL: SELECT * FROM `hnust_supervisor` WHERE `type` = '2' ORDER BY time desc LIMIT 6   [ RunTime:0.0002s ]
SQL: SELECT * FROM `hnust_supervisor` WHERE `type` = '3' ORDER BY time desc LIMIT 6   [ RunTime:0.0001s ]
SQL: SELECT * FROM `hnust_supervisor` WHERE `type` = '4' ORDER BY time desc LIMIT 5   [ RunTime:0.0001s ]
INFO: [ view_parse ] --START--
INFO: [ template_filter ] --START--
INFO: Run Behavior\ContentReplaceBehavior [ RunTime:0.000032s ]
INFO: [ template_filter ] --END-- [ RunTime:0.000084s ]
INFO: Run Behavior\ParseTemplateBehavior [ RunTime:0.001511s ]
INFO: [ view_parse ] --END-- [ RunTime:0.001572s ]
INFO: [ view_filter ] --START--
INFO: Run Behavior\WriteHtmlCacheBehavior [ RunTime:0.000047s ]
INFO: [ view_filter ] --END-- [ RunTime:0.000082s ]
SQL: SELECT * FROM `hnust_supervisor` WHERE `type` = '5' ORDER BY time desc LIMIT 6   [ RunTime:0.0005s ]
SQL: SELECT * FROM `hnust_supervisor` WHERE `type` = '6' ORDER BY time desc LIMIT 6   [ RunTime:0.0001s ]
INFO: [ view_parse ] --START--
INFO: [ template_filter ] --START--
INFO: Run Behavior\ContentReplaceBehavior [ RunTime:0.000195s ]
INFO: [ template_filter ] --END-- [ RunTime:-0.012013s ]
INFO: Run Behavior\ParseTemplateBehavior [ RunTime:0.012449s ]
INFO: [ view_parse ] --END-- [ RunTime:-0.001925s ]
INFO: [ view_filter ] --START--
INFO: Run Behavior\WriteHtmlCacheBehavior [ RunTime:0.000034s ]
INFO: [ view_filter ] --END-- [ RunTime:-0.014485s ]
INFO: [ app_end ] --START--
INFO: Run Behavior\ShowPageTraceBehavior [ RunTime:0.000087s ]
INFO: [ app_end ] --END-- [ RunTime:0.000141s ]

[ 2017-04-20T21:27:54+08:00 ] 110.52.125.224 /mooc/
INFO: [ app_init ] --START--
INFO: Run Behavior\BuildLiteBehavior [ RunTime:0.000015s ]
INFO: [ app_init ] --END-- [ RunTime:0.000107s ]
INFO: [ app_begin ] --START--
INFO: Run Behavior\ReadHtmlCacheBehavior [ RunTime:0.000062s ]
INFO: [ app_begin ] --END-- [ RunTime:0.000107s ]
SQL: SHOW COLUMNS FROM `hnust_supervisor` [ RunTime:0.0008s ]
SQL: SELECT * FROM `hnust_supervisor` WHERE `type` = '0' ORDER BY time desc LIMIT 7   [ RunTime:0.0003s ]
SQL: SELECT * FROM `hnust_supervisor` WHERE `type` = '1' ORDER BY time desc LIMIT 7   [ RunTime:0.0001s ]
SQL: SELECT * FROM `hnust_supervisor` WHERE `type` = '2' ORDER BY time desc LIMIT 6   [ RunTime:0.0001s ]
SQL: SELECT * FROM `hnust_supervisor` WHERE `type` = '3' ORDER BY time desc LIMIT 6   [ RunTime:0.0001s ]
SQL: SELECT * FROM `hnust_supervisor` WHERE `type` = '4' ORDER BY time desc LIMIT 5   [ RunTime:0.0001s ]
INFO: [ view_parse ] --START--
INFO: [ template_filter ] --START--
INFO: Run Behavior\ContentReplaceBehavior [ RunTime:0.000054s ]
INFO: [ template_filter ] --END-- [ RunTime:0.000126s ]
INFO: Run Behavior\ParseTemplateBehavior [ RunTime:0.001893s ]
INFO: [ view_parse ] --END-- [ RunTime:0.001959s ]
INFO: [ view_filter ] --START--
INFO: Run Behavior\WriteHtmlCacheBehavior [ RunTime:0.000058s ]
INFO: [ view_filter ] --END-- [ RunTime:0.000220s ]
SQL: SELECT * FROM `hnust_supervisor` WHERE `type` = '5' ORDER BY time desc LIMIT 6   [ RunTime:0.0002s ]
SQL: SELECT * FROM `hnust_supervisor` WHERE `type` = '6' ORDER BY time desc LIMIT 6   [ RunTime:0.0001s ]
INFO: [ view_parse ] --START--
INFO: [ template_filter ] --START--
INFO: Run Behavior\ContentReplaceBehavior [ RunTime:0.000146s ]
INFO: [ template_filter ] --END-- [ RunTime:-0.013538s ]
INFO: Run Behavior\ParseTemplateBehavior [ RunTime:0.014993s ]
INFO: [ view_parse ] --END-- [ RunTime:-0.001361s ]
INFO: [ view_filter ] --START--
INFO: Run Behavior\WriteHtmlCacheBehavior [ RunTime:0.000014s ]
INFO: [ view_filter ] --END-- [ RunTime:-0.016204s ]
INFO: [ app_end ] --START--
INFO: Run Behavior\ShowPageTraceBehavior [ RunTime:0.000072s ]
INFO: [ app_end ] --END-- [ RunTime:0.000140s ]

[ 2017-04-20T21:28:12+08:00 ] 110.52.125.224 /mooc/
INFO: [ app_init ] --START--
INFO: Run Behavior\BuildLiteBehavior [ RunTime:0.000010s ]
INFO: [ app_init ] --END-- [ RunTime:0.000067s ]
INFO: [ app_begin ] --START--
INFO: Run Behavior\ReadHtmlCacheBehavior [ RunTime:0.000031s ]
INFO: [ app_begin ] --END-- [ RunTime:0.000066s ]
SQL: SHOW COLUMNS FROM `hnust_supervisor` [ RunTime:0.0005s ]
SQL: SELECT * FROM `hnust_supervisor` WHERE `type` = '0' ORDER BY time desc LIMIT 7   [ RunTime:0.0001s ]
SQL: SELECT * FROM `hnust_supervisor` WHERE `type` = '1' ORDER BY time desc LIMIT 7   [ RunTime:0.0001s ]
SQL: SELECT * FROM `hnust_supervisor` WHERE `type` = '2' ORDER BY time desc LIMIT 6   [ RunTime:0.0001s ]
SQL: SELECT * FROM `hnust_supervisor` WHERE `type` = '3' ORDER BY time desc LIMIT 6   [ RunTime:0.0001s ]
SQL: SELECT * FROM `hnust_supervisor` WHERE `type` = '4' ORDER BY time desc LIMIT 5   [ RunTime:0.0001s ]
INFO: [ view_parse ] --START--
INFO: [ template_filter ] --START--
INFO: Run Behavior\ContentReplaceBehavior [ RunTime:0.000027s ]
INFO: [ template_filter ] --END-- [ RunTime:0.000077s ]
INFO: Run Behavior\ParseTemplateBehavior [ RunTime:0.001956s ]
INFO: [ view_parse ] --END-- [ RunTime:0.002001s ]
INFO: [ view_filter ] --START--
INFO: Run Behavior\WriteHtmlCacheBehavior [ RunTime:0.000035s ]
INFO: [ view_filter ] --END-- [ RunTime:0.000059s ]
SQL: SELECT * FROM `hnust_supervisor` WHERE `type` = '5' ORDER BY time desc LIMIT 6   [ RunTime:0.0001s ]
SQL: SELECT * FROM `hnust_supervisor` WHERE `type` = '6' ORDER BY time desc LIMIT 6   [ RunTime:0.0001s ]
INFO: [ view_parse ] --START--
INFO: [ template_filter ] --START--
INFO: Run Behavior\ContentReplaceBehavior [ RunTime:0.000119s ]
INFO: [ template_filter ] --END-- [ RunTime:-0.009661s ]
INFO: Run Behavior\ParseTemplateBehavior [ RunTime:0.011299s ]
INFO: [ view_parse ] --END-- [ RunTime:-0.000838s ]
INFO: [ view_filter ] --START--
INFO: Run Behavior\WriteHtmlCacheBehavior [ RunTime:0.000011s ]
INFO: [ view_filter ] --END-- [ RunTime:-0.012135s ]
INFO: [ app_end ] --START--
INFO: Run Behavior\ShowPageTraceBehavior [ RunTime:0.000058s ]
INFO: [ app_end ] --END-- [ RunTime:0.000104s ]

[ 2017-04-20T21:28:26+08:00 ] 110.52.125.224 /mooc/
INFO: [ app_init ] --START--
INFO: Run Behavior\BuildLiteBehavior [ RunTime:0.000011s ]
INFO: [ app_init ] --END-- [ RunTime:0.000083s ]
INFO: [ app_begin ] --START--
INFO: Run Behavior\ReadHtmlCacheBehavior [ RunTime:0.000041s ]
INFO: [ app_begin ] --END-- [ RunTime:0.000079s ]
SQL: SHOW COLUMNS FROM `hnust_supervisor` [ RunTime:0.0006s ]
SQL: SELECT * FROM `hnust_supervisor` WHERE `type` = '0' ORDER BY time desc LIMIT 7   [ RunTime:0.0002s ]
SQL: SELECT * FROM `hnust_supervisor` WHERE `type` = '1' ORDER BY time desc LIMIT 7   [ RunTime:0.0001s ]
SQL: SELECT * FROM `hnust_supervisor` WHERE `type` = '2' ORDER BY time desc LIMIT 6   [ RunTime:0.0025s ]
SQL: SELECT * FROM `hnust_supervisor` WHERE `type` = '3' ORDER BY time desc LIMIT 6   [ RunTime:0.0001s ]
SQL: SELECT * FROM `hnust_supervisor` WHERE `type` = '4' ORDER BY time desc LIMIT 5   [ RunTime:0.0001s ]
INFO: [ view_parse ] --START--
INFO: [ template_filter ] --START--
INFO: Run Behavior\ContentReplaceBehavior [ RunTime:0.000034s ]
INFO: [ template_filter ] --END-- [ RunTime:0.000082s ]
INFO: Run Behavior\ParseTemplateBehavior [ RunTime:0.001360s ]
INFO: [ view_parse ] --END-- [ RunTime:0.001417s ]
INFO: [ view_filter ] --START--
INFO: Run Behavior\WriteHtmlCacheBehavior [ RunTime:0.000061s ]
INFO: [ view_filter ] --END-- [ RunTime:0.000099s ]
SQL: SELECT * FROM `hnust_supervisor` WHERE `type` = '5' ORDER BY time desc LIMIT 6   [ RunTime:0.0010s ]
SQL: SELECT * FROM `hnust_supervisor` WHERE `type` = '6' ORDER BY time desc LIMIT 6   [ RunTime:0.0001s ]
INFO: [ view_parse ] --START--
INFO: [ template_filter ] --START--
INFO: Run Behavior\ContentReplaceBehavior [ RunTime:0.000120s ]
INFO: [ template_filter ] --END-- [ RunTime:-0.013021s ]
INFO: Run Behavior\ParseTemplateBehavior [ RunTime:0.013213s ]
INFO: [ view_parse ] --END-- [ RunTime:-0.001909s ]
INFO: [ view_filter ] --START--
INFO: Run Behavior\WriteHtmlCacheBehavior [ RunTime:0.000010s ]
INFO: [ view_filter ] --END-- [ RunTime:-0.015071s ]
INFO: [ app_end ] --START--
INFO: Run Behavior\ShowPageTraceBehavior [ RunTime:0.000059s ]
INFO: [ app_end ] --END-- [ RunTime:0.000106s ]

[ 2017-04-20T21:28:35+08:00 ] 110.52.125.224 /mooc/
INFO: [ app_init ] --START--
INFO: Run Behavior\BuildLiteBehavior [ RunTime:0.000013s ]
INFO: [ app_init ] --END-- [ RunTime:0.000092s ]
INFO: [ app_begin ] --START--
INFO: Run Behavior\ReadHtmlCacheBehavior [ RunTime:0.000040s ]
INFO: [ app_begin ] --END-- [ RunTime:0.000079s ]
SQL: SHOW COLUMNS FROM `hnust_supervisor` [ RunTime:0.0006s ]
SQL: SELECT * FROM `hnust_supervisor` WHERE `type` = '0' ORDER BY time desc LIMIT 7   [ RunTime:0.0002s ]
SQL: SELECT * FROM `hnust_supervisor` WHERE `type` = '1' ORDER BY time desc LIMIT 7   [ RunTime:0.0001s ]
SQL: SELECT * FROM `hnust_supervisor` WHERE `type` = '2' ORDER BY time desc LIMIT 6   [ RunTime:0.0002s ]
SQL: SELECT * FROM `hnust_supervisor` WHERE `type` = '3' ORDER BY time desc LIMIT 6   [ RunTime:0.0001s ]
SQL: SELECT * FROM `hnust_supervisor` WHERE `type` = '4' ORDER BY time desc LIMIT 5   [ RunTime:0.0001s ]
INFO: [ view_parse ] --START--
INFO: [ template_filter ] --START--
INFO: Run Behavior\ContentReplaceBehavior [ RunTime:0.000036s ]
INFO: [ template_filter ] --END-- [ RunTime:0.000090s ]
INFO: Run Behavior\ParseTemplateBehavior [ RunTime:0.001553s ]
INFO: [ view_parse ] --END-- [ RunTime:0.001603s ]
INFO: [ view_filter ] --START--
INFO: Run Behavior\WriteHtmlCacheBehavior [ RunTime:0.000042s ]
INFO: [ view_filter ] --END-- [ RunTime:0.000075s ]
SQL: SELECT * FROM `hnust_supervisor` WHERE `type` = '5' ORDER BY time desc LIMIT 6   [ RunTime:0.0003s ]
SQL: SELECT * FROM `hnust_supervisor` WHERE `type` = '6' ORDER BY time desc LIMIT 6   [ RunTime:0.0001s ]
INFO: [ view_parse ] --START--
INFO: [ template_filter ] --START--
INFO: Run Behavior\ContentReplaceBehavior [ RunTime:0.000113s ]
INFO: [ template_filter ] --END-- [ RunTime:-0.012138s ]
INFO: Run Behavior\ParseTemplateBehavior [ RunTime:0.013658s ]
INFO: [ view_parse ] --END-- [ RunTime:-0.001218s ]
INFO: [ view_filter ] --START--
INFO: Run Behavior\WriteHtmlCacheBehavior [ RunTime:0.000015s ]
INFO: [ view_filter ] --END-- [ RunTime:-0.014869s ]
INFO: [ app_end ] --START--
INFO: Run Behavior\ShowPageTraceBehavior [ RunTime:0.000165s ]
INFO: [ app_end ] --END-- [ RunTime:0.000218s ]

[ 2017-04-20T21:30:49+08:00 ] 110.52.125.224 /mooc/
INFO: [ app_init ] --START--
INFO: Run Behavior\BuildLiteBehavior [ RunTime:0.000015s ]
INFO: [ app_init ] --END-- [ RunTime:0.000107s ]
INFO: [ app_begin ] --START--
INFO: Run Behavior\ReadHtmlCacheBehavior [ RunTime:0.000050s ]
INFO: [ app_begin ] --END-- [ RunTime:0.000098s ]
SQL: SHOW COLUMNS FROM `hnust_supervisor` [ RunTime:0.0007s ]
SQL: SELECT * FROM `hnust_supervisor` WHERE `type` = '0' ORDER BY time desc LIMIT 7   [ RunTime:0.0002s ]
SQL: SELECT * FROM `hnust_supervisor` WHERE `type` = '1' ORDER BY time desc LIMIT 7   [ RunTime:0.0001s ]
SQL: SELECT * FROM `hnust_supervisor` WHERE `type` = '2' ORDER BY time desc LIMIT 6   [ RunTime:0.0001s ]
SQL: SELECT * FROM `hnust_supervisor` WHERE `type` = '3' ORDER BY time desc LIMIT 6   [ RunTime:0.0001s ]
SQL: SELECT * FROM `hnust_supervisor` WHERE `type` = '4' ORDER BY time desc LIMIT 5   [ RunTime:0.0001s ]
INFO: [ view_parse ] --START--
INFO: [ template_filter ] --START--
INFO: Run Behavior\ContentReplaceBehavior [ RunTime:0.000049s ]
INFO: [ template_filter ] --END-- [ RunTime:0.000113s ]
INFO: Run Behavior\ParseTemplateBehavior [ RunTime:0.001952s ]
INFO: [ view_parse ] --END-- [ RunTime:0.002016s ]
INFO: [ view_filter ] --START--
INFO: Run Behavior\WriteHtmlCacheBehavior [ RunTime:0.000059s ]
INFO: [ view_filter ] --END-- [ RunTime:0.000103s ]
SQL: SELECT * FROM `hnust_supervisor` WHERE `type` = '5' ORDER BY time desc LIMIT 6   [ RunTime:0.0001s ]
SQL: SELECT * FROM `hnust_supervisor` WHERE `type` = '6' ORDER BY time desc LIMIT 6   [ RunTime:0.0001s ]
INFO: [ view_parse ] --START--
INFO: [ template_filter ] --START--
INFO: Run Behavior\ContentReplaceBehavior [ RunTime:0.000127s ]
INFO: [ template_filter ] --END-- [ RunTime:-0.012863s ]
INFO: Run Behavior\ParseTemplateBehavior [ RunTime:0.014206s ]
INFO: [ view_parse ] --END-- [ RunTime:-0.001188s ]
INFO: [ view_filter ] --START--
INFO: Run Behavior\WriteHtmlCacheBehavior [ RunTime:0.000016s ]
INFO: [ view_filter ] --END-- [ RunTime:-0.015363s ]
INFO: [ app_end ] --START--
INFO: Run Behavior\ShowPageTraceBehavior [ RunTime:0.000132s ]
INFO: [ app_end ] --END-- [ RunTime:0.000206s ]

[ 2017-04-20T21:32:43+08:00 ] 110.52.125.224 /mooc/
INFO: [ app_init ] --START--
INFO: Run Behavior\BuildLiteBehavior [ RunTime:0.000011s ]
INFO: [ app_init ] --END-- [ RunTime:0.000080s ]
INFO: [ app_begin ] --START--
INFO: Run Behavior\ReadHtmlCacheBehavior [ RunTime:0.000030s ]
INFO: [ app_begin ] --END-- [ RunTime:0.000056s ]
SQL: SHOW COLUMNS FROM `hnust_supervisor` [ RunTime:0.0005s ]
SQL: SELECT * FROM `hnust_supervisor` WHERE `type` = '0' ORDER BY time desc LIMIT 7   [ RunTime:0.0002s ]
SQL: SELECT * FROM `hnust_supervisor` WHERE `type` = '1' ORDER BY time desc LIMIT 7   [ RunTime:0.0002s ]
SQL: SELECT * FROM `hnust_supervisor` WHERE `type` = '2' ORDER BY time desc LIMIT 6   [ RunTime:0.0001s ]
SQL: SELECT * FROM `hnust_supervisor` WHERE `type` = '3' ORDER BY time desc LIMIT 6   [ RunTime:0.0001s ]
SQL: SELECT * FROM `hnust_supervisor` WHERE `type` = '4' ORDER BY time desc LIMIT 5   [ RunTime:0.0001s ]
INFO: [ view_parse ] --START--
INFO: [ template_filter ] --START--
INFO: Run Behavior\ContentReplaceBehavior [ RunTime:0.000044s ]
INFO: [ template_filter ] --END-- [ RunTime:0.000116s ]
INFO: Run Behavior\ParseTemplateBehavior [ RunTime:0.001939s ]
INFO: [ view_parse ] --END-- [ RunTime:0.002000s ]
INFO: [ view_filter ] --START--
INFO: Run Behavior\WriteHtmlCacheBehavior [ RunTime:0.000059s ]
INFO: [ view_filter ] --END-- [ RunTime:0.000098s ]
SQL: SELECT * FROM `hnust_supervisor` WHERE `type` = '5' ORDER BY time desc LIMIT 6   [ RunTime:0.0002s ]
SQL: SELECT * FROM `hnust_supervisor` WHERE `type` = '6' ORDER BY time desc LIMIT 6   [ RunTime:0.0001s ]
INFO: [ view_parse ] --START--
INFO: [ template_filter ] --START--
INFO: Run Behavior\ContentReplaceBehavior [ RunTime:0.000194s ]
INFO: [ template_filter ] --END-- [ RunTime:-0.013170s ]
INFO: Run Behavior\ParseTemplateBehavior [ RunTime:0.014819s ]
INFO: [ view_parse ] --END-- [ RunTime:-0.001216s ]
INFO: [ view_filter ] --START--
INFO: Run Behavior\WriteHtmlCacheBehavior [ RunTime:0.000016s ]
INFO: [ view_filter ] --END-- [ RunTime:-0.016011s ]
INFO: [ app_end ] --START--
INFO: Run Behavior\ShowPageTraceBehavior [ RunTime:0.000068s ]
INFO: [ app_end ] --END-- [ RunTime:0.000114s ]

[ 2017-04-20T21:33:04+08:00 ] 110.52.125.224 /mooc/
INFO: [ app_init ] --START--
INFO: Run Behavior\BuildLiteBehavior [ RunTime:0.000015s ]
INFO: [ app_init ] --END-- [ RunTime:0.000118s ]
INFO: [ app_begin ] --START--
INFO: Run Behavior\ReadHtmlCacheBehavior [ RunTime:0.000056s ]
INFO: [ app_begin ] --END-- [ RunTime:0.000105s ]
SQL: SHOW COLUMNS FROM `hnust_supervisor` [ RunTime:0.0006s ]
SQL: SELECT * FROM `hnust_supervisor` WHERE `type` = '0' ORDER BY time desc LIMIT 7   [ RunTime:0.0006s ]
SQL: SELECT * FROM `hnust_supervisor` WHERE `type` = '1' ORDER BY time desc LIMIT 7   [ RunTime:0.0002s ]
SQL: SELECT * FROM `hnust_supervisor` WHERE `type` = '2' ORDER BY time desc LIMIT 6   [ RunTime:0.0002s ]
SQL: SELECT * FROM `hnust_supervisor` WHERE `type` = '3' ORDER BY time desc LIMIT 6   [ RunTime:0.0002s ]
SQL: SELECT * FROM `hnust_supervisor` WHERE `type` = '4' ORDER BY time desc LIMIT 5   [ RunTime:0.0001s ]
INFO: [ view_parse ] --START--
INFO: [ template_filter ] --START--
INFO: Run Behavior\ContentReplaceBehavior [ RunTime:0.000049s ]
INFO: [ template_filter ] --END-- [ RunTime:0.000170s ]
INFO: Run Behavior\ParseTemplateBehavior [ RunTime:0.002153s ]
INFO: [ view_parse ] --END-- [ RunTime:0.002215s ]
INFO: [ view_filter ] --START--
INFO: Run Behavior\WriteHtmlCacheBehavior [ RunTime:0.000058s ]
INFO: [ view_filter ] --END-- [ RunTime:0.000106s ]
SQL: SELECT * FROM `hnust_supervisor` WHERE `type` = '5' ORDER BY time desc LIMIT 6   [ RunTime:0.0002s ]
SQL: SELECT * FROM `hnust_supervisor` WHERE `type` = '6' ORDER BY time desc LIMIT 6   [ RunTime:0.0001s ]
INFO: [ view_parse ] --START--
INFO: [ template_filter ] --START--
INFO: Run Behavior\ContentReplaceBehavior [ RunTime:0.000088s ]
INFO: [ template_filter ] --END-- [ RunTime:-0.014757s ]
INFO: Run Behavior\ParseTemplateBehavior [ RunTime:0.015753s ]
INFO: [ view_parse ] --END-- [ RunTime:-0.001440s ]
INFO: [ view_filter ] --START--
INFO: Run Behavior\WriteHtmlCacheBehavior [ RunTime:0.000016s ]
INFO: [ view_filter ] --END-- [ RunTime:-0.017049s ]
INFO: [ app_end ] --START--
INFO: Run Behavior\ShowPageTraceBehavior [ RunTime:0.000138s ]
INFO: [ app_end ] --END-- [ RunTime:0.000203s ]

[ 2017-04-20T22:02:01+08:00 ] 110.52.125.224 /mooc/
INFO: [ app_init ] --START--
INFO: Run Behavior\BuildLiteBehavior [ RunTime:0.000014s ]
INFO: [ app_init ] --END-- [ RunTime:0.000122s ]
INFO: [ app_begin ] --START--
INFO: Run Behavior\ReadHtmlCacheBehavior [ RunTime:0.000058s ]
INFO: [ app_begin ] --END-- [ RunTime:0.000106s ]
SQL: SHOW COLUMNS FROM `hnust_supervisor` [ RunTime:0.0006s ]
SQL: SELECT * FROM `hnust_supervisor` WHERE `type` = '0' ORDER BY time desc LIMIT 7   [ RunTime:0.0002s ]
SQL: SELECT * FROM `hnust_supervisor` WHERE `type` = '1' ORDER BY time desc LIMIT 7   [ RunTime:0.0007s ]
SQL: SELECT * FROM `hnust_supervisor` WHERE `type` = '2' ORDER BY time desc LIMIT 6   [ RunTime:0.0001s ]
SQL: SELECT * FROM `hnust_supervisor` WHERE `type` = '3' ORDER BY time desc LIMIT 6   [ RunTime:0.0002s ]
SQL: SELECT * FROM `hnust_supervisor` WHERE `type` = '4' ORDER BY time desc LIMIT 5   [ RunTime:0.0001s ]
INFO: [ view_parse ] --START--
INFO: [ template_filter ] --START--
INFO: Run Behavior\ContentReplaceBehavior [ RunTime:0.000040s ]
INFO: [ template_filter ] --END-- [ RunTime:0.000099s ]
INFO: Run Behavior\ParseTemplateBehavior [ RunTime:0.002044s ]
INFO: [ view_parse ] --END-- [ RunTime:0.002104s ]
INFO: [ view_filter ] --START--
INFO: Run Behavior\WriteHtmlCacheBehavior [ RunTime:0.000057s ]
INFO: [ view_filter ] --END-- [ RunTime:0.000096s ]
SQL: SELECT * FROM `hnust_supervisor` WHERE `type` = '5' ORDER BY time desc LIMIT 6   [ RunTime:0.0002s ]
SQL: SELECT * FROM `hnust_supervisor` WHERE `type` = '6' ORDER BY time desc LIMIT 6   [ RunTime:0.0001s ]
INFO: [ view_parse ] --START--
INFO: [ template_filter ] --START--
INFO: Run Behavior\ContentReplaceBehavior [ RunTime:0.000137s ]
INFO: [ template_filter ] --END-- [ RunTime:-0.014529s ]
INFO: Run Behavior\ParseTemplateBehavior [ RunTime:0.016027s ]
INFO: [ view_parse ] --END-- [ RunTime:-0.001297s ]
INFO: [ view_filter ] --START--
INFO: Run Behavior\WriteHtmlCacheBehavior [ RunTime:0.000016s ]
INFO: [ view_filter ] --END-- [ RunTime:-0.017314s ]
INFO: [ app_end ] --START--
INFO: Run Behavior\ShowPageTraceBehavior [ RunTime:0.000073s ]
INFO: [ app_end ] --END-- [ RunTime:0.000130s ]

