[ 2017-05-27T11:02:13+08:00 ] 218.75.247.247 /hnust/
INFO: [ app_init ] --START--
INFO: Run Behavior\BuildLiteBehavior [ RunTime:0.000015s ]
INFO: [ app_init ] --END-- [ RunTime:0.000111s ]
INFO: [ app_begin ] --START--
INFO: Run Behavior\ReadHtmlCacheBehavior [ RunTime:0.000044s ]
INFO: [ app_begin ] --END-- [ RunTime:0.000089s ]
SQL: SHOW COLUMNS FROM `hnust_supervisor` [ RunTime:0.0287s ]
SQL: SELECT * FROM `hnust_supervisor` WHERE `type` = '0' ORDER BY time desc LIMIT 14   [ RunTime:0.0264s ]
SQL: SELECT * FROM `hnust_supervisor` WHERE `type` = '1' ORDER BY time desc LIMIT 8   [ RunTime:0.0177s ]
SQL: SELECT * FROM `hnust_supervisor` WHERE `type` = '2' ORDER BY time desc LIMIT 8   [ RunTime:0.0092s ]
SQL: SELECT * FROM `hnust_supervisor` WHERE `type` = '3' ORDER BY time desc LIMIT 3   [ RunTime:0.2261s ]
SQL: SELECT * FROM `hnust_supervisor` WHERE `type` = '4' AND `imgurl` is not null ORDER BY time desc LIMIT 5   [ RunTime:0.0520s ]
SQL: SELECT * FROM `hnust_supervisor` WHERE `type` = '5' ORDER BY time desc LIMIT 3   [ RunTime:0.2435s ]
INFO: [ view_parse ] --START--
INFO: [ template_filter ] --START--
INFO: Run Behavior\ContentReplaceBehavior [ RunTime:0.000109s ]
INFO: [ template_filter ] --END-- [ RunTime:0.000163s ]
INFO: Run Behavior\ParseTemplateBehavior [ RunTime:0.013983s ]
INFO: [ view_parse ] --END-- [ RunTime:0.014039s ]
INFO: [ view_filter ] --START--
INFO: Run Behavior\WriteHtmlCacheBehavior [ RunTime:0.000114s ]
INFO: [ view_filter ] --END-- [ RunTime:0.000148s ]
INFO: [ app_end ] --START--
INFO: Run Behavior\ShowPageTraceBehavior [ RunTime:0.000062s ]
INFO: [ app_end ] --END-- [ RunTime:0.000105s ]

[ 2017-05-27T11:02:26+08:00 ] 218.75.247.247 /hnust/index.php/more?type=0&d=inform
INFO: [ app_init ] --START--
INFO: Run Behavior\BuildLiteBehavior [ RunTime:0.000011s ]
INFO: [ app_init ] --END-- [ RunTime:0.000086s ]
INFO: [ app_begin ] --START--
INFO: Run Behavior\ReadHtmlCacheBehavior [ RunTime:0.000047s ]
INFO: [ app_begin ] --END-- [ RunTime:0.000086s ]
INFO: [ view_parse ] --START--
INFO: [ template_filter ] --START--
INFO: Run Behavior\ContentReplaceBehavior [ RunTime:0.000042s ]
INFO: [ template_filter ] --END-- [ RunTime:0.000084s ]
NOTIC: [8] Undefined variable: content /home/ubuntu/hnust/HNUST/Runtime/Cache/Home/78782fd6f7f1ba7737967cc554d01190.php 第 127 行.
INFO: Run Behavior\ParseTemplateBehavior [ RunTime:0.003567s ]
INFO: [ view_parse ] --END-- [ RunTime:0.003614s ]
INFO: [ view_filter ] --START--
INFO: Run Behavior\WriteHtmlCacheBehavior [ RunTime:0.000042s ]
INFO: [ view_filter ] --END-- [ RunTime:0.000066s ]
INFO: [ app_end ] --START--
INFO: Run Behavior\ShowPageTraceBehavior [ RunTime:0.000038s ]
INFO: [ app_end ] --END-- [ RunTime:0.000076s ]

[ 2017-05-27T11:02:26+08:00 ] 218.75.247.247 /hnust/index.php/nextPage?type=0&d=inform
INFO: [ app_init ] --START--
INFO: Run Behavior\BuildLiteBehavior [ RunTime:0.000016s ]
INFO: [ app_init ] --END-- [ RunTime:0.000100s ]
INFO: [ app_begin ] --START--
INFO: Run Behavior\ReadHtmlCacheBehavior [ RunTime:0.000041s ]
INFO: [ app_begin ] --END-- [ RunTime:0.000089s ]
SQL: SHOW COLUMNS FROM `hnust_supervisor` [ RunTime:0.0105s ]
SQL: SELECT * FROM `hnust_supervisor` WHERE `type` = '0' ORDER BY time desc LIMIT 0,8   [ RunTime:0.0295s ]
INFO: [ view_parse ] --START--
INFO: [ template_filter ] --START--
INFO: Run Behavior\ContentReplaceBehavior [ RunTime:0.000048s ]
INFO: [ template_filter ] --END-- [ RunTime:0.000112s ]
INFO: Run Behavior\ParseTemplateBehavior [ RunTime:0.001487s ]
INFO: [ view_parse ] --END-- [ RunTime:0.001538s ]
INFO: [ view_filter ] --START--
INFO: Run Behavior\WriteHtmlCacheBehavior [ RunTime:0.000044s ]
INFO: [ view_filter ] --END-- [ RunTime:0.000076s ]
SQL: SELECT count(*) FROM `hnust_supervisor` WHERE `type` = '0' ORDER BY time  [ RunTime:0.0099s ]

[ 2017-05-27T11:02:32+08:00 ] 218.75.247.247 /hnust/index.php/home/file/getfile?type=0&id=3d1bd3a094c63f15e258c352bf197e6a
INFO: [ app_init ] --START--
INFO: Run Behavior\BuildLiteBehavior [ RunTime:0.000010s ]
INFO: [ app_init ] --END-- [ RunTime:0.000086s ]
INFO: [ app_begin ] --START--
INFO: Run Behavior\ReadHtmlCacheBehavior [ RunTime:0.000045s ]
INFO: [ app_begin ] --END-- [ RunTime:0.000085s ]
SQL: SHOW COLUMNS FROM `hnust_supervisor` [ RunTime:0.0110s ]
SQL: SELECT * FROM `hnust_supervisor` WHERE `id` = '3d1bd3a094c63f15e258c352bf197e6a' LIMIT 1   [ RunTime:0.0107s ]
SQL: UPDATE `hnust_supervisor` SET `clicknum`=clicknum+1 WHERE `id` = '3d1bd3a094c63f15e258c352bf197e6a' [ RunTime:0.0245s ]
INFO: [ view_parse ] --START--
INFO: [ template_filter ] --START--
INFO: Run Behavior\ContentReplaceBehavior [ RunTime:0.000043s ]
INFO: [ template_filter ] --END-- [ RunTime:0.000084s ]
INFO: Run Behavior\ParseTemplateBehavior [ RunTime:0.003543s ]
INFO: [ view_parse ] --END-- [ RunTime:0.003591s ]
INFO: [ view_filter ] --START--
INFO: Run Behavior\WriteHtmlCacheBehavior [ RunTime:0.000040s ]
INFO: [ view_filter ] --END-- [ RunTime:0.000068s ]
INFO: [ app_end ] --START--
INFO: Run Behavior\ShowPageTraceBehavior [ RunTime:0.000046s ]
INFO: [ app_end ] --END-- [ RunTime:0.000084s ]

[ 2017-05-27T11:02:35+08:00 ] 218.75.247.247 /hnust/index.php/download?fileid=/file/file/20170426/1493189250117748.doc&filename=%E5%85%B3%E4%BA%8E%E5%8D%B0%E5%8F%91%E3%80%8A%E6%B9%96%E5%8D%97%E7%A7%91%E6%8A%80%E5%A4%A7%E5%AD%A6%E6%95%99%E5%AD%A6%E9%99%A2%E6%9C%AC%E7%A7%91%E6%95%99%E5%AD%A6%E5%AE%A1%E6%A0%B8%E8%AF%84%E4%BC%B0%E8%87%AA%E8%AF%84%E6%8A%A5%E5%91%8A%E6%92%B0%E5%86%99%E8%A6%81%E6%B1%82%E5%8F%8A%E6%A8%A1%E6%9D%BF%E3%80%8B%E7%9A%84%E9%80%9A%E7%9F%A5%EF%BC%88%E7%A7%91%E5%A4%A7%E6%94%BF%E5%8F%91%E3%80%942017%E3%80%951%E5%8F%B7%20%EF%BC%89.doc
INFO: [ app_init ] --START--
INFO: Run Behavior\BuildLiteBehavior [ RunTime:0.000014s ]
INFO: [ app_init ] --END-- [ RunTime:0.000103s ]
INFO: [ app_begin ] --START--
INFO: Run Behavior\ReadHtmlCacheBehavior [ RunTime:0.000043s ]
INFO: [ app_begin ] --END-- [ RunTime:0.000085s ]
INFO: [ app_end ] --START--
INFO: Run Behavior\ShowPageTraceBehavior [ RunTime:0.000063s ]
INFO: [ app_end ] --END-- [ RunTime:0.000118s ]

