[ 2017-03-21T06:55:30+08:00 ] 101.226.66.172 /mooc/index.php/home/file/getfile?type%253D6%2526id%253D9be735f1fb2889cdbe99f5f06622bb8a
INFO: [ app_init ] --START--
INFO: Run Behavior\BuildLiteBehavior [ RunTime:0.000015s ]
INFO: [ app_init ] --END-- [ RunTime:0.000103s ]
INFO: [ app_begin ] --START--
INFO: Run Behavior\ReadHtmlCacheBehavior [ RunTime:0.000044s ]
INFO: [ app_begin ] --END-- [ RunTime:0.000077s ]
SQL: SHOW COLUMNS FROM `hnust_supervisor` [ RunTime:0.0005s ]
SQL: SELECT `content` FROM `hnust_supervisor` WHERE `id` = '' LIMIT 1   [ RunTime:0.0001s ]
SQL: SELECT * FROM `hnust_supervisor` ORDER BY time LIMIT 7   [ RunTime:0.0001s ]
INFO: [ view_parse ] --START--
INFO: [ template_filter ] --START--
INFO: Run Behavior\ContentReplaceBehavior [ RunTime:0.000041s ]
INFO: [ template_filter ] --END-- [ RunTime:0.000074s ]
INFO: Run Behavior\ParseTemplateBehavior [ RunTime:0.002543s ]
INFO: [ view_parse ] --END-- [ RunTime:0.002589s ]
INFO: [ view_filter ] --START--
INFO: Run Behavior\WriteHtmlCacheBehavior [ RunTime:0.000051s ]
INFO: [ view_filter ] --END-- [ RunTime:0.000131s ]
INFO: [ app_end ] --START--
INFO: Run Behavior\ShowPageTraceBehavior [ RunTime:0.000050s ]
INFO: [ app_end ] --END-- [ RunTime:0.000091s ]

[ 2017-03-21T06:58:02+08:00 ] 101.226.33.200 /mooc/index.php/home/file/loadcontent?type%3D6%26d%3Dfile
INFO: [ app_init ] --START--
INFO: Run Behavior\BuildLiteBehavior [ RunTime:0.000015s ]
INFO: [ app_init ] --END-- [ RunTime:0.000105s ]
INFO: [ app_begin ] --START--
INFO: Run Behavior\ReadHtmlCacheBehavior [ RunTime:0.000049s ]
INFO: [ app_begin ] --END-- [ RunTime:0.000095s ]
SQL: SHOW COLUMNS FROM `hnust_supervisor` [ RunTime:0.0006s ]
SQL: SELECT * FROM `hnust_supervisor` WHERE `type` = '' ORDER BY time LIMIT 0,8   [ RunTime:0.0001s ]
INFO: [ view_parse ] --START--
INFO: [ template_filter ] --START--
INFO: Run Behavior\ContentReplaceBehavior [ RunTime:0.000038s ]
INFO: [ template_filter ] --END-- [ RunTime:0.000088s ]
INFO: Run Behavior\ParseTemplateBehavior [ RunTime:0.001457s ]
INFO: [ view_parse ] --END-- [ RunTime:0.001509s ]
INFO: [ view_filter ] --START--
INFO: Run Behavior\WriteHtmlCacheBehavior [ RunTime:0.000050s ]
INFO: [ view_filter ] --END-- [ RunTime:0.000088s ]
SQL: SELECT count(*) FROM `hnust_supervisor` WHERE `type` = '' ORDER BY time  [ RunTime:0.0001s ]
NOTIC: [8] Undefined index: count(*) /home/ubuntu/mooc/HNUST/Home/Controller/FileController.class.php 第 96 行.
INFO: [ app_end ] --START--
INFO: Run Behavior\ShowPageTraceBehavior [ RunTime:0.000053s ]
INFO: [ app_end ] --END-- [ RunTime:0.000094s ]

[ 2017-03-21T06:58:02+08:00 ] 180.153.212.13 /mooc/index.php/home/file/loadContent/type/1/d/inform
INFO: [ app_init ] --START--
INFO: Run Behavior\BuildLiteBehavior [ RunTime:0.000014s ]
INFO: [ app_init ] --END-- [ RunTime:0.000092s ]
INFO: [ app_begin ] --START--
INFO: Run Behavior\ReadHtmlCacheBehavior [ RunTime:0.000041s ]
INFO: [ app_begin ] --END-- [ RunTime:0.000085s ]
SQL: SHOW COLUMNS FROM `hnust_supervisor` [ RunTime:0.0006s ]
SQL: SELECT * FROM `hnust_supervisor` WHERE `type` = '1' ORDER BY time LIMIT 0,8   [ RunTime:0.0001s ]
INFO: [ view_parse ] --START--
INFO: [ template_filter ] --START--
INFO: Run Behavior\ContentReplaceBehavior [ RunTime:0.000036s ]
INFO: [ template_filter ] --END-- [ RunTime:0.000085s ]
INFO: Run Behavior\ParseTemplateBehavior [ RunTime:0.001316s ]
INFO: [ view_parse ] --END-- [ RunTime:0.001366s ]
INFO: [ view_filter ] --START--
INFO: Run Behavior\WriteHtmlCacheBehavior [ RunTime:0.000041s ]
INFO: [ view_filter ] --END-- [ RunTime:0.000079s ]
SQL: SELECT count(*) FROM `hnust_supervisor` WHERE `type` = '1' ORDER BY time  [ RunTime:0.0001s ]
NOTIC: [8] Undefined index: count(*) /home/ubuntu/mooc/HNUST/Home/Controller/FileController.class.php 第 96 行.
INFO: [ app_end ] --START--
INFO: Run Behavior\ShowPageTraceBehavior [ RunTime:0.000043s ]
INFO: [ app_end ] --END-- [ RunTime:0.000083s ]

[ 2017-03-21T08:12:39+08:00 ] 101.226.33.238 /mooc/index.php/download?fileid%252525253D/file/file/20170319/1489905172122095.xls%2525252526filename%252525253D14%2525252525E7%2525252525BA%2525252525A7%2525252525E7%2525252525BD%252525252591%2525252525E7%2525252525BB%25252525259C%2525252525E5%2525252525B7%2525252525A5%2525252525E7%2525252525A8%25252525258B%2525252525E4%2525252525BA%25252525258C%2525252525E7%25252525258F%2525252525AD%2525252525E5%25252525259B%2525252525A2%2525252525E5%252525252591%252525252598%2525252525E6%252525252595%252525252599%2525252525E8%252525252582%2525252525B2%2525252525E8%2525252525AF%252525252584%2525252525E8%2525252525AE%2525252525AE%2525252525E7%2525252525AD%252525252589%2525252525E7%2525252525BA%2525252525A7%2525252525E7%252525252599%2525252525BB%2525252525E8%2525252525AE%2525252525B0%2525252525E7%2525252525AE%252525252580%2525252525E8%2525252525A1%2525252525A8.xls
INFO: [ app_init ] --START--
INFO: Run Behavior\BuildLiteBehavior [ RunTime:0.000016s ]
INFO: [ app_init ] --END-- [ RunTime:0.000108s ]
INFO: [ app_begin ] --START--
INFO: Run Behavior\ReadHtmlCacheBehavior [ RunTime:0.000051s ]
INFO: [ app_begin ] --END-- [ RunTime:0.000099s ]

[ 2017-03-21T08:15:22+08:00 ] 119.147.207.158 /mooc/index.php/nextPage?type%25253D0%252526d%25253Dinform
INFO: [ app_init ] --START--
INFO: Run Behavior\BuildLiteBehavior [ RunTime:0.000014s ]
INFO: [ app_init ] --END-- [ RunTime:0.000097s ]
INFO: [ app_begin ] --START--
INFO: Run Behavior\ReadHtmlCacheBehavior [ RunTime:0.000046s ]
INFO: [ app_begin ] --END-- [ RunTime:0.000090s ]
SQL: SHOW COLUMNS FROM `hnust_supervisor` [ RunTime:0.0007s ]
SQL: SELECT * FROM `hnust_supervisor` WHERE `type` = '' ORDER BY time LIMIT 0,8   [ RunTime:0.0001s ]
INFO: [ view_parse ] --START--
INFO: [ template_filter ] --START--
INFO: Run Behavior\ContentReplaceBehavior [ RunTime:0.000023s ]
INFO: [ template_filter ] --END-- [ RunTime:0.000055s ]
INFO: Run Behavior\ParseTemplateBehavior [ RunTime:0.000933s ]
INFO: [ view_parse ] --END-- [ RunTime:0.000977s ]
INFO: [ view_filter ] --START--
INFO: Run Behavior\WriteHtmlCacheBehavior [ RunTime:0.000044s ]
INFO: [ view_filter ] --END-- [ RunTime:0.000078s ]
SQL: SELECT count(*) FROM `hnust_supervisor` WHERE `type` = '' ORDER BY time  [ RunTime:0.0001s ]
NOTIC: [8] Undefined index: count(*) /home/ubuntu/mooc/HNUST/Home/Controller/FileController.class.php 第 96 行.

[ 2017-03-21T08:15:31+08:00 ] 101.226.33.205 /mooc/index.php/nextPage?type%25253D0%252526d%25253Dinform
INFO: [ app_init ] --START--
INFO: Run Behavior\BuildLiteBehavior [ RunTime:0.000012s ]
INFO: [ app_init ] --END-- [ RunTime:0.000114s ]
INFO: [ app_begin ] --START--
INFO: Run Behavior\ReadHtmlCacheBehavior [ RunTime:0.000040s ]
INFO: [ app_begin ] --END-- [ RunTime:0.000076s ]
SQL: SHOW COLUMNS FROM `hnust_supervisor` [ RunTime:0.0004s ]
SQL: SELECT * FROM `hnust_supervisor` WHERE `type` = '' ORDER BY time LIMIT 0,8   [ RunTime:0.0001s ]
INFO: [ view_parse ] --START--
INFO: [ template_filter ] --START--
INFO: Run Behavior\ContentReplaceBehavior [ RunTime:0.000025s ]
INFO: [ template_filter ] --END-- [ RunTime:0.000058s ]
INFO: Run Behavior\ParseTemplateBehavior [ RunTime:0.001014s ]
INFO: [ view_parse ] --END-- [ RunTime:0.001049s ]
INFO: [ view_filter ] --START--
INFO: Run Behavior\WriteHtmlCacheBehavior [ RunTime:0.000048s ]
INFO: [ view_filter ] --END-- [ RunTime:0.000082s ]
SQL: SELECT count(*) FROM `hnust_supervisor` WHERE `type` = '' ORDER BY time  [ RunTime:0.0001s ]
NOTIC: [8] Undefined index: count(*) /home/ubuntu/mooc/HNUST/Home/Controller/FileController.class.php 第 96 行.

[ 2017-03-21T09:24:13+08:00 ] 101.226.89.116 /mooc/index.php/home/file/getfile?type%25253D6%252526id%25253D9be735f1fb2889cdbe99f5f06622bb8a
INFO: [ app_init ] --START--
INFO: Run Behavior\BuildLiteBehavior [ RunTime:0.000012s ]
INFO: [ app_init ] --END-- [ RunTime:0.000074s ]
INFO: [ app_begin ] --START--
INFO: Run Behavior\ReadHtmlCacheBehavior [ RunTime:0.000036s ]
INFO: [ app_begin ] --END-- [ RunTime:0.000066s ]
SQL: SHOW COLUMNS FROM `hnust_supervisor` [ RunTime:0.0006s ]
SQL: SELECT `content` FROM `hnust_supervisor` WHERE `id` = '' LIMIT 1   [ RunTime:0.0001s ]
SQL: SELECT * FROM `hnust_supervisor` ORDER BY time LIMIT 7   [ RunTime:0.0001s ]
INFO: [ view_parse ] --START--
INFO: [ template_filter ] --START--
INFO: Run Behavior\ContentReplaceBehavior [ RunTime:0.000059s ]
INFO: [ template_filter ] --END-- [ RunTime:0.000163s ]
INFO: Run Behavior\ParseTemplateBehavior [ RunTime:0.003647s ]
INFO: [ view_parse ] --END-- [ RunTime:0.003701s ]
INFO: [ view_filter ] --START--
INFO: Run Behavior\WriteHtmlCacheBehavior [ RunTime:0.000056s ]
INFO: [ view_filter ] --END-- [ RunTime:0.000096s ]
INFO: [ app_end ] --START--
INFO: Run Behavior\ShowPageTraceBehavior [ RunTime:0.000047s ]
INFO: [ app_end ] --END-- [ RunTime:0.000085s ]

[ 2017-03-21T10:12:24+08:00 ] 180.153.206.24 /mooc/index.php/nextPage?type%2525253D2%25252526d%2525253Dinform
INFO: [ app_init ] --START--
INFO: Run Behavior\BuildLiteBehavior [ RunTime:0.000015s ]
INFO: [ app_init ] --END-- [ RunTime:0.000104s ]
INFO: [ app_begin ] --START--
INFO: Run Behavior\ReadHtmlCacheBehavior [ RunTime:0.000048s ]
INFO: [ app_begin ] --END-- [ RunTime:0.000094s ]
SQL: SHOW COLUMNS FROM `hnust_supervisor` [ RunTime:0.0006s ]
SQL: SELECT * FROM `hnust_supervisor` WHERE `type` = '' ORDER BY time LIMIT 0,8   [ RunTime:0.0001s ]
INFO: [ view_parse ] --START--
INFO: [ template_filter ] --START--
INFO: Run Behavior\ContentReplaceBehavior [ RunTime:0.000040s ]
INFO: [ template_filter ] --END-- [ RunTime:0.000091s ]
INFO: Run Behavior\ParseTemplateBehavior [ RunTime:0.001703s ]
INFO: [ view_parse ] --END-- [ RunTime:0.001755s ]
INFO: [ view_filter ] --START--
INFO: Run Behavior\WriteHtmlCacheBehavior [ RunTime:0.000051s ]
INFO: [ view_filter ] --END-- [ RunTime:0.000090s ]
SQL: SELECT count(*) FROM `hnust_supervisor` WHERE `type` = '' ORDER BY time  [ RunTime:0.0001s ]
NOTIC: [8] Undefined index: count(*) /home/ubuntu/mooc/HNUST/Home/Controller/FileController.class.php 第 96 行.

[ 2017-03-21T11:04:52+08:00 ] 101.226.33.223 /mooc/index.php/nextPage?type%2525253D0%25252526d%2525253Dinform
INFO: [ app_init ] --START--
INFO: Run Behavior\BuildLiteBehavior [ RunTime:0.000014s ]
INFO: [ app_init ] --END-- [ RunTime:0.000102s ]
INFO: [ app_begin ] --START--
INFO: Run Behavior\ReadHtmlCacheBehavior [ RunTime:0.000046s ]
INFO: [ app_begin ] --END-- [ RunTime:0.000089s ]
SQL: SHOW COLUMNS FROM `hnust_supervisor` [ RunTime:0.0006s ]
SQL: SELECT * FROM `hnust_supervisor` WHERE `type` = '' ORDER BY time LIMIT 0,8   [ RunTime:0.0001s ]
INFO: [ view_parse ] --START--
INFO: [ template_filter ] --START--
INFO: Run Behavior\ContentReplaceBehavior [ RunTime:0.000037s ]
INFO: [ template_filter ] --END-- [ RunTime:0.000086s ]
INFO: Run Behavior\ParseTemplateBehavior [ RunTime:0.001399s ]
INFO: [ view_parse ] --END-- [ RunTime:0.001450s ]
INFO: [ view_filter ] --START--
INFO: Run Behavior\WriteHtmlCacheBehavior [ RunTime:0.000048s ]
INFO: [ view_filter ] --END-- [ RunTime:0.000084s ]
SQL: SELECT count(*) FROM `hnust_supervisor` WHERE `type` = '' ORDER BY time  [ RunTime:0.0001s ]
NOTIC: [8] Undefined index: count(*) /home/ubuntu/mooc/HNUST/Home/Controller/FileController.class.php 第 96 行.

[ 2017-03-21T13:45:46+08:00 ] 180.153.206.17 /mooc/index.php/nextPage?type%252525253D2%2525252526d%252525253Dinform
INFO: [ app_init ] --START--
INFO: Run Behavior\BuildLiteBehavior [ RunTime:0.000014s ]
INFO: [ app_init ] --END-- [ RunTime:0.000103s ]
INFO: [ app_begin ] --START--
INFO: Run Behavior\ReadHtmlCacheBehavior [ RunTime:0.000048s ]
INFO: [ app_begin ] --END-- [ RunTime:0.000097s ]
SQL: SHOW COLUMNS FROM `hnust_supervisor` [ RunTime:0.0006s ]
SQL: SELECT * FROM `hnust_supervisor` WHERE `type` = '' ORDER BY time LIMIT 0,8   [ RunTime:0.0001s ]
INFO: [ view_parse ] --START--
INFO: [ template_filter ] --START--
INFO: Run Behavior\ContentReplaceBehavior [ RunTime:0.000025s ]
INFO: [ template_filter ] --END-- [ RunTime:0.000057s ]
INFO: Run Behavior\ParseTemplateBehavior [ RunTime:0.000948s ]
INFO: [ view_parse ] --END-- [ RunTime:0.000982s ]
INFO: [ view_filter ] --START--
INFO: Run Behavior\WriteHtmlCacheBehavior [ RunTime:0.000045s ]
INFO: [ view_filter ] --END-- [ RunTime:0.000105s ]
SQL: SELECT count(*) FROM `hnust_supervisor` WHERE `type` = '' ORDER BY time  [ RunTime:0.0001s ]
NOTIC: [8] Undefined index: count(*) /home/ubuntu/mooc/HNUST/Home/Controller/FileController.class.php 第 96 行.

[ 2017-03-21T15:41:34+08:00 ] 140.207.185.111 /mooc/index.php/nextPage?type%252525253D0%2525252526d%252525253Dinform
INFO: [ app_init ] --START--
INFO: Run Behavior\BuildLiteBehavior [ RunTime:0.000010s ]
INFO: [ app_init ] --END-- [ RunTime:0.000086s ]
INFO: [ app_begin ] --START--
INFO: Run Behavior\ReadHtmlCacheBehavior [ RunTime:0.000031s ]
INFO: [ app_begin ] --END-- [ RunTime:0.000059s ]
SQL: SHOW COLUMNS FROM `hnust_supervisor` [ RunTime:0.0005s ]
SQL: SELECT * FROM `hnust_supervisor` WHERE `type` = '' ORDER BY time LIMIT 0,8   [ RunTime:0.0001s ]
INFO: [ view_parse ] --START--
INFO: [ template_filter ] --START--
INFO: Run Behavior\ContentReplaceBehavior [ RunTime:0.000029s ]
INFO: [ template_filter ] --END-- [ RunTime:0.000073s ]
INFO: Run Behavior\ParseTemplateBehavior [ RunTime:0.001235s ]
INFO: [ view_parse ] --END-- [ RunTime:0.001278s ]
INFO: [ view_filter ] --START--
INFO: Run Behavior\WriteHtmlCacheBehavior [ RunTime:0.000041s ]
INFO: [ view_filter ] --END-- [ RunTime:0.000073s ]
SQL: SELECT count(*) FROM `hnust_supervisor` WHERE `type` = '' ORDER BY time  [ RunTime:0.0001s ]
NOTIC: [8] Undefined index: count(*) /home/ubuntu/mooc/HNUST/Home/Controller/FileController.class.php 第 96 行.

[ 2017-03-21T17:25:18+08:00 ] 180.153.201.66 /mooc/index.php/nextPage?type%25252525253D2%252525252526d%25252525253Dinform
INFO: [ app_init ] --START--
INFO: Run Behavior\BuildLiteBehavior [ RunTime:0.000015s ]
INFO: [ app_init ] --END-- [ RunTime:0.000130s ]
INFO: [ app_begin ] --START--
INFO: Run Behavior\ReadHtmlCacheBehavior [ RunTime:0.000060s ]
INFO: [ app_begin ] --END-- [ RunTime:0.000116s ]
SQL: SHOW COLUMNS FROM `hnust_supervisor` [ RunTime:0.0007s ]
SQL: SELECT * FROM `hnust_supervisor` WHERE `type` = '' ORDER BY time LIMIT 0,8   [ RunTime:0.0001s ]
INFO: [ view_parse ] --START--
INFO: [ template_filter ] --START--
INFO: Run Behavior\ContentReplaceBehavior [ RunTime:0.000027s ]
INFO: [ template_filter ] --END-- [ RunTime:0.000062s ]
INFO: Run Behavior\ParseTemplateBehavior [ RunTime:0.002868s ]
INFO: [ view_parse ] --END-- [ RunTime:0.002908s ]
INFO: [ view_filter ] --START--
INFO: Run Behavior\WriteHtmlCacheBehavior [ RunTime:0.000039s ]
INFO: [ view_filter ] --END-- [ RunTime:0.000063s ]
SQL: SELECT count(*) FROM `hnust_supervisor` WHERE `type` = '' ORDER BY time  [ RunTime:0.0001s ]
NOTIC: [8] Undefined index: count(*) /home/ubuntu/mooc/HNUST/Home/Controller/FileController.class.php 第 96 行.

[ 2017-03-21T19:10:05+08:00 ] 101.226.68.215 /mooc/index.php/nextPage?type%25252525253D0%252525252526d%25252525253Dinform
INFO: [ app_init ] --START--
INFO: Run Behavior\BuildLiteBehavior [ RunTime:0.000015s ]
INFO: [ app_init ] --END-- [ RunTime:0.000077s ]
INFO: [ app_begin ] --START--
INFO: Run Behavior\ReadHtmlCacheBehavior [ RunTime:0.000043s ]
INFO: [ app_begin ] --END-- [ RunTime:0.000080s ]
SQL: SHOW COLUMNS FROM `hnust_supervisor` [ RunTime:0.0006s ]
SQL: SELECT * FROM `hnust_supervisor` WHERE `type` = '' ORDER BY time LIMIT 0,8   [ RunTime:0.0001s ]
INFO: [ view_parse ] --START--
INFO: [ template_filter ] --START--
INFO: Run Behavior\ContentReplaceBehavior [ RunTime:0.000026s ]
INFO: [ template_filter ] --END-- [ RunTime:0.000059s ]
INFO: Run Behavior\ParseTemplateBehavior [ RunTime:0.001037s ]
INFO: [ view_parse ] --END-- [ RunTime:0.001072s ]
INFO: [ view_filter ] --START--
INFO: Run Behavior\WriteHtmlCacheBehavior [ RunTime:0.000035s ]
INFO: [ view_filter ] --END-- [ RunTime:0.000057s ]
SQL: SELECT count(*) FROM `hnust_supervisor` WHERE `type` = '' ORDER BY time  [ RunTime:0.0001s ]
NOTIC: [8] Undefined index: count(*) /home/ubuntu/mooc/HNUST/Home/Controller/FileController.class.php 第 96 行.

[ 2017-03-21T19:10:14+08:00 ] 180.163.2.117 /mooc/index.php/nextPage?type%25252525253D0%252525252526d%25252525253Dinform
INFO: [ app_init ] --START--
INFO: Run Behavior\BuildLiteBehavior [ RunTime:0.000018s ]
INFO: [ app_init ] --END-- [ RunTime:0.000127s ]
INFO: [ app_begin ] --START--
INFO: Run Behavior\ReadHtmlCacheBehavior [ RunTime:0.000046s ]
INFO: [ app_begin ] --END-- [ RunTime:0.000088s ]
SQL: SHOW COLUMNS FROM `hnust_supervisor` [ RunTime:0.0006s ]
SQL: SELECT * FROM `hnust_supervisor` WHERE `type` = '' ORDER BY time LIMIT 0,8   [ RunTime:0.0001s ]
INFO: [ view_parse ] --START--
INFO: [ template_filter ] --START--
INFO: Run Behavior\ContentReplaceBehavior [ RunTime:0.000038s ]
INFO: [ template_filter ] --END-- [ RunTime:0.000095s ]
INFO: Run Behavior\ParseTemplateBehavior [ RunTime:0.001569s ]
INFO: [ view_parse ] --END-- [ RunTime:0.001623s ]
INFO: [ view_filter ] --START--
INFO: Run Behavior\WriteHtmlCacheBehavior [ RunTime:0.000051s ]
INFO: [ view_filter ] --END-- [ RunTime:0.000086s ]
SQL: SELECT count(*) FROM `hnust_supervisor` WHERE `type` = '' ORDER BY time  [ RunTime:0.0001s ]
NOTIC: [8] Undefined index: count(*) /home/ubuntu/mooc/HNUST/Home/Controller/FileController.class.php 第 96 行.

[ 2017-03-21T19:45:21+08:00 ] 180.153.214.191 /mooc/index.php/nextPage?type%2525252525253D2%25252525252526d%2525252525253Dinform
INFO: [ app_init ] --START--
INFO: Run Behavior\BuildLiteBehavior [ RunTime:0.000015s ]
INFO: [ app_init ] --END-- [ RunTime:0.000104s ]
INFO: [ app_begin ] --START--
INFO: Run Behavior\ReadHtmlCacheBehavior [ RunTime:0.000047s ]
INFO: [ app_begin ] --END-- [ RunTime:0.000091s ]
SQL: SHOW COLUMNS FROM `hnust_supervisor` [ RunTime:0.0007s ]
SQL: SELECT * FROM `hnust_supervisor` WHERE `type` = '' ORDER BY time LIMIT 0,8   [ RunTime:0.0002s ]
INFO: [ view_parse ] --START--
INFO: [ template_filter ] --START--
INFO: Run Behavior\ContentReplaceBehavior [ RunTime:0.000046s ]
INFO: [ template_filter ] --END-- [ RunTime:0.000097s ]
INFO: Run Behavior\ParseTemplateBehavior [ RunTime:0.001433s ]
INFO: [ view_parse ] --END-- [ RunTime:0.001484s ]
INFO: [ view_filter ] --START--
INFO: Run Behavior\WriteHtmlCacheBehavior [ RunTime:0.000049s ]
INFO: [ view_filter ] --END-- [ RunTime:0.000086s ]
SQL: SELECT count(*) FROM `hnust_supervisor` WHERE `type` = '' ORDER BY time  [ RunTime:0.0001s ]
NOTIC: [8] Undefined index: count(*) /home/ubuntu/mooc/HNUST/Home/Controller/FileController.class.php 第 96 行.

