[ 2017-05-13T10:15:25+08:00 ] 119.39.183.115 /hnust/
INFO: [ app_init ] --START--
INFO: Run Behavior\BuildLiteBehavior [ RunTime:0.000010s ]
INFO: [ app_init ] --END-- [ RunTime:0.000071s ]
INFO: [ app_begin ] --START--
INFO: Run Behavior\ReadHtmlCacheBehavior [ RunTime:0.000043s ]
INFO: [ app_begin ] --END-- [ RunTime:0.000079s ]
SQL: SHOW COLUMNS FROM `hnust_supervisor` [ RunTime:0.0090s ]
SQL: SELECT * FROM `hnust_supervisor` WHERE `type` = '0' ORDER BY time desc LIMIT 14   [ RunTime:0.0250s ]
SQL: SELECT * FROM `hnust_supervisor` WHERE `type` = '1' ORDER BY time desc LIMIT 8   [ RunTime:0.0171s ]
SQL: SELECT * FROM `hnust_supervisor` WHERE `type` = '2' ORDER BY time desc LIMIT 8   [ RunTime:0.0091s ]
SQL: SELECT * FROM `hnust_supervisor` WHERE `type` = '3' ORDER BY time desc LIMIT 3   [ RunTime:0.0088s ]
SQL: SELECT * FROM `hnust_supervisor` WHERE `type` = '4' AND `imgurl` is not null ORDER BY time desc LIMIT 5   [ RunTime:0.2564s ]
SQL: SELECT * FROM `hnust_supervisor` WHERE `type` = '5' ORDER BY time desc LIMIT 3   [ RunTime:0.0249s ]
INFO: [ view_parse ] --START--
INFO: [ template_filter ] --START--
INFO: Run Behavior\ContentReplaceBehavior [ RunTime:0.000154s ]
INFO: [ template_filter ] --END-- [ RunTime:0.000224s ]
INFO: Run Behavior\ParseTemplateBehavior [ RunTime:0.016543s ]
INFO: [ view_parse ] --END-- [ RunTime:0.016637s ]
INFO: [ view_filter ] --START--
INFO: Run Behavior\WriteHtmlCacheBehavior [ RunTime:0.000070s ]
INFO: [ view_filter ] --END-- [ RunTime:0.000110s ]
INFO: [ app_end ] --START--
INFO: Run Behavior\ShowPageTraceBehavior [ RunTime:0.000064s ]
INFO: [ app_end ] --END-- [ RunTime:0.000116s ]

[ 2017-05-13T10:29:13+08:00 ] 119.39.183.115 /hnust/
INFO: [ app_init ] --START--
INFO: Run Behavior\BuildLiteBehavior [ RunTime:0.000011s ]
INFO: [ app_init ] --END-- [ RunTime:0.000072s ]
INFO: [ app_begin ] --START--
INFO: Run Behavior\ReadHtmlCacheBehavior [ RunTime:0.000038s ]
INFO: [ app_begin ] --END-- [ RunTime:0.000077s ]
SQL: SHOW COLUMNS FROM `hnust_supervisor` [ RunTime:0.0101s ]
SQL: SELECT * FROM `hnust_supervisor` WHERE `type` = '0' ORDER BY time desc LIMIT 14   [ RunTime:0.0285s ]
SQL: SELECT * FROM `hnust_supervisor` WHERE `type` = '1' ORDER BY time desc LIMIT 8   [ RunTime:0.0191s ]
SQL: SELECT * FROM `hnust_supervisor` WHERE `type` = '2' ORDER BY time desc LIMIT 8   [ RunTime:0.0099s ]
SQL: SELECT * FROM `hnust_supervisor` WHERE `type` = '3' ORDER BY time desc LIMIT 3   [ RunTime:0.0097s ]
SQL: SELECT * FROM `hnust_supervisor` WHERE `type` = '4' AND `imgurl` is not null ORDER BY time desc LIMIT 5   [ RunTime:0.2571s ]
SQL: SELECT * FROM `hnust_supervisor` WHERE `type` = '5' ORDER BY time desc LIMIT 3   [ RunTime:0.0286s ]
INFO: [ view_parse ] --START--
INFO: [ template_filter ] --START--
INFO: Run Behavior\ContentReplaceBehavior [ RunTime:0.000153s ]
INFO: [ template_filter ] --END-- [ RunTime:0.000221s ]
INFO: Run Behavior\ParseTemplateBehavior [ RunTime:0.014621s ]
INFO: [ view_parse ] --END-- [ RunTime:0.014714s ]
INFO: [ view_filter ] --START--
INFO: Run Behavior\WriteHtmlCacheBehavior [ RunTime:0.000058s ]
INFO: [ view_filter ] --END-- [ RunTime:0.000083s ]
INFO: [ app_end ] --START--
INFO: Run Behavior\ShowPageTraceBehavior [ RunTime:0.000070s ]
INFO: [ app_end ] --END-- [ RunTime:0.000127s ]

