[ 2017-03-02T17:03:20+08:00 ] 192.168.1.190 /mooc/
INFO: [ app_init ] --START--
INFO: Run Behavior\BuildLiteBehavior [ RunTime:0.000036s ]
INFO: [ app_init ] --END-- [ RunTime:0.103974s ]
INFO: [ app_begin ] --START--
INFO: Run Behavior\ReadHtmlCacheBehavior [ RunTime:0.060503s ]
INFO: [ app_begin ] --END-- [ RunTime:0.060670s ]
SQL: SHOW COLUMNS FROM `work1` [ RunTime:0.0913s ]
SQL: SELECT * FROM `work1`  [ RunTime:0.0009s ]
SQL: SELECT * FROM `work1`  [ RunTime:0.0008s ]
SQL: SELECT * FROM `work1`  [ RunTime:0.0007s ]
SQL: SHOW COLUMNS FROM `filename` [ RunTime:0.0446s ]
SQL: SELECT * FROM `filename`  [ RunTime:0.0009s ]
SQL: SELECT * FROM `work1`  [ RunTime:0.0010s ]
SQL: SELECT * FROM `work1`  [ RunTime:0.0007s ]
INFO: [ view_parse ] --START--
INFO: [ template_filter ] --START--
INFO: Run Behavior\ContentReplaceBehavior [ RunTime:0.011037s ]
INFO: [ template_filter ] --END-- [ RunTime:0.011223s ]
INFO: Run Behavior\ParseTemplateBehavior [ RunTime:0.922963s ]
INFO: [ view_parse ] --END-- [ RunTime:0.923140s ]
INFO: [ view_filter ] --START--
INFO: Run Behavior\WriteHtmlCacheBehavior [ RunTime:0.074968s ]
INFO: [ view_filter ] --END-- [ RunTime:0.075140s ]
INFO: [ app_end ] --START--
INFO: Run Behavior\ShowPageTraceBehavior [ RunTime:0.040419s ]
INFO: [ app_end ] --END-- [ RunTime:0.040603s ]

[ 2017-03-02T17:03:39+08:00 ] 192.168.1.190 /mooc/
INFO: [ app_init ] --START--
INFO: Run Behavior\BuildLiteBehavior [ RunTime:0.000032s ]
INFO: [ app_init ] --END-- [ RunTime:0.000964s ]
INFO: [ app_begin ] --START--
INFO: Run Behavior\ReadHtmlCacheBehavior [ RunTime:0.001494s ]
INFO: [ app_begin ] --END-- [ RunTime:0.001636s ]
SQL: SHOW COLUMNS FROM `work1` [ RunTime:0.0270s ]
SQL: SELECT * FROM `work1`  [ RunTime:0.0008s ]
SQL: SELECT * FROM `work1`  [ RunTime:0.0008s ]
SQL: SELECT * FROM `work1`  [ RunTime:0.0008s ]
SQL: SHOW COLUMNS FROM `filename` [ RunTime:0.0117s ]
SQL: SELECT * FROM `filename`  [ RunTime:0.0008s ]
SQL: SELECT * FROM `work1`  [ RunTime:0.0006s ]
SQL: SELECT * FROM `work1`  [ RunTime:0.0005s ]
INFO: [ view_parse ] --START--
INFO: [ template_filter ] --START--
INFO: Run Behavior\ContentReplaceBehavior [ RunTime:0.000288s ]
INFO: [ template_filter ] --END-- [ RunTime:0.000413s ]
INFO: Run Behavior\ParseTemplateBehavior [ RunTime:0.185881s ]
INFO: [ view_parse ] --END-- [ RunTime:0.186005s ]
INFO: [ view_filter ] --START--
INFO: Run Behavior\WriteHtmlCacheBehavior [ RunTime:0.001124s ]
INFO: [ view_filter ] --END-- [ RunTime:0.001261s ]
INFO: [ app_end ] --START--
INFO: Run Behavior\ShowPageTraceBehavior [ RunTime:0.002277s ]
INFO: [ app_end ] --END-- [ RunTime:0.002468s ]

[ 2017-03-02T17:03:39+08:00 ] 192.168.1.190 /mooc/
INFO: [ app_init ] --START--
INFO: Run Behavior\BuildLiteBehavior [ RunTime:0.000033s ]
INFO: [ app_init ] --END-- [ RunTime:0.000899s ]
INFO: [ app_begin ] --START--
INFO: Run Behavior\ReadHtmlCacheBehavior [ RunTime:0.001326s ]
INFO: [ app_begin ] --END-- [ RunTime:0.001495s ]
SQL: SHOW COLUMNS FROM `work1` [ RunTime:0.0136s ]
SQL: SELECT * FROM `work1`  [ RunTime:0.0008s ]
SQL: SELECT * FROM `work1`  [ RunTime:0.0005s ]
SQL: SELECT * FROM `work1`  [ RunTime:0.0004s ]
SQL: SHOW COLUMNS FROM `filename` [ RunTime:0.0140s ]
SQL: SELECT * FROM `filename`  [ RunTime:0.0007s ]
SQL: SELECT * FROM `work1`  [ RunTime:0.0006s ]
SQL: SELECT * FROM `work1`  [ RunTime:0.0009s ]
INFO: [ view_parse ] --START--
INFO: [ template_filter ] --START--
INFO: Run Behavior\ContentReplaceBehavior [ RunTime:0.000289s ]
INFO: [ template_filter ] --END-- [ RunTime:0.000422s ]
INFO: Run Behavior\ParseTemplateBehavior [ RunTime:0.180252s ]
INFO: [ view_parse ] --END-- [ RunTime:0.180390s ]
INFO: [ view_filter ] --START--
INFO: Run Behavior\WriteHtmlCacheBehavior [ RunTime:0.000653s ]
INFO: [ view_filter ] --END-- [ RunTime:0.000752s ]
INFO: [ app_end ] --START--
INFO: Run Behavior\ShowPageTraceBehavior [ RunTime:0.002094s ]
INFO: [ app_end ] --END-- [ RunTime:0.002374s ]

[ 2017-03-02T17:10:32+08:00 ] 192.168.1.190 /mooc/
INFO: [ app_init ] --START--
INFO: Run Behavior\BuildLiteBehavior [ RunTime:0.000031s ]
INFO: [ app_init ] --END-- [ RunTime:0.000968s ]
INFO: [ app_begin ] --START--
INFO: Run Behavior\ReadHtmlCacheBehavior [ RunTime:0.001425s ]
INFO: [ app_begin ] --END-- [ RunTime:0.001565s ]
SQL: SHOW COLUMNS FROM `work1` [ RunTime:0.0256s ]
SQL: SELECT * FROM `work1`  [ RunTime:0.0009s ]
SQL: SELECT * FROM `work1`  [ RunTime:0.0007s ]
SQL: SELECT * FROM `work1`  [ RunTime:0.0006s ]
SQL: SHOW COLUMNS FROM `filename` [ RunTime:0.0164s ]
SQL: SELECT * FROM `filename`  [ RunTime:0.0007s ]
SQL: SELECT * FROM `work1`  [ RunTime:0.0006s ]
SQL: SELECT * FROM `work1`  [ RunTime:0.0007s ]
INFO: [ view_parse ] --START--
INFO: [ template_filter ] --START--
INFO: Run Behavior\ContentReplaceBehavior [ RunTime:0.000300s ]
INFO: [ template_filter ] --END-- [ RunTime:0.000433s ]
INFO: Run Behavior\ParseTemplateBehavior [ RunTime:0.172632s ]
INFO: [ view_parse ] --END-- [ RunTime:0.172768s ]
INFO: [ view_filter ] --START--
INFO: Run Behavior\WriteHtmlCacheBehavior [ RunTime:0.000980s ]
INFO: [ view_filter ] --END-- [ RunTime:0.001091s ]
INFO: [ app_end ] --START--
INFO: Run Behavior\ShowPageTraceBehavior [ RunTime:0.002177s ]
INFO: [ app_end ] --END-- [ RunTime:0.002343s ]

[ 2017-03-02T17:10:32+08:00 ] 192.168.1.190 /mooc/
INFO: [ app_init ] --START--
INFO: Run Behavior\BuildLiteBehavior [ RunTime:0.000035s ]
INFO: [ app_init ] --END-- [ RunTime:0.000948s ]
INFO: [ app_begin ] --START--
INFO: Run Behavior\ReadHtmlCacheBehavior [ RunTime:0.001104s ]
INFO: [ app_begin ] --END-- [ RunTime:0.001248s ]
SQL: SHOW COLUMNS FROM `work1` [ RunTime:0.0272s ]
SQL: SELECT * FROM `work1`  [ RunTime:0.0009s ]
SQL: SELECT * FROM `work1`  [ RunTime:0.0008s ]
SQL: SELECT * FROM `work1`  [ RunTime:0.0007s ]
SQL: SHOW COLUMNS FROM `filename` [ RunTime:0.0127s ]
SQL: SELECT * FROM `filename`  [ RunTime:0.0025s ]
SQL: SELECT * FROM `work1`  [ RunTime:0.0008s ]
SQL: SELECT * FROM `work1`  [ RunTime:0.0008s ]
INFO: [ view_parse ] --START--
INFO: [ template_filter ] --START--
INFO: Run Behavior\ContentReplaceBehavior [ RunTime:0.000324s ]
INFO: [ template_filter ] --END-- [ RunTime:0.000455s ]
INFO: Run Behavior\ParseTemplateBehavior [ RunTime:0.172268s ]
INFO: [ view_parse ] --END-- [ RunTime:0.172435s ]
INFO: [ view_filter ] --START--
INFO: Run Behavior\WriteHtmlCacheBehavior [ RunTime:0.000630s ]
INFO: [ view_filter ] --END-- [ RunTime:0.000726s ]
INFO: [ app_end ] --START--
INFO: Run Behavior\ShowPageTraceBehavior [ RunTime:0.001743s ]
INFO: [ app_end ] --END-- [ RunTime:0.002117s ]

[ 2017-03-02T18:07:02+08:00 ] ::1 /mooc/
INFO: [ app_init ] --START--
INFO: Run Behavior\BuildLiteBehavior [ RunTime:0.000032s ]
INFO: [ app_init ] --END-- [ RunTime:0.001075s ]
INFO: [ app_begin ] --START--
INFO: Run Behavior\ReadHtmlCacheBehavior [ RunTime:0.001633s ]
INFO: [ app_begin ] --END-- [ RunTime:0.001772s ]
SQL: SHOW COLUMNS FROM `work1` [ RunTime:0.0302s ]
SQL: SELECT * FROM `work1`  [ RunTime:0.0010s ]
SQL: SELECT * FROM `work1`  [ RunTime:0.0006s ]
SQL: SELECT * FROM `work1`  [ RunTime:0.0006s ]
SQL: SHOW COLUMNS FROM `filename` [ RunTime:0.0121s ]
SQL: SELECT * FROM `filename`  [ RunTime:0.0008s ]
SQL: SELECT * FROM `work1`  [ RunTime:0.0007s ]
SQL: SELECT * FROM `work1`  [ RunTime:0.0007s ]
INFO: [ view_parse ] --START--
INFO: [ template_filter ] --START--
INFO: Run Behavior\ContentReplaceBehavior [ RunTime:0.000280s ]
INFO: [ template_filter ] --END-- [ RunTime:0.000420s ]
INFO: Run Behavior\ParseTemplateBehavior [ RunTime:0.172100s ]
INFO: [ view_parse ] --END-- [ RunTime:0.172255s ]
INFO: [ view_filter ] --START--
INFO: Run Behavior\WriteHtmlCacheBehavior [ RunTime:0.000845s ]
INFO: [ view_filter ] --END-- [ RunTime:0.000947s ]
INFO: [ app_end ] --START--
INFO: Run Behavior\ShowPageTraceBehavior [ RunTime:0.003301s ]
INFO: [ app_end ] --END-- [ RunTime:0.003476s ]

[ 2017-03-02T18:09:18+08:00 ] ::1 /mooc/
INFO: [ app_init ] --START--
INFO: Run Behavior\BuildLiteBehavior [ RunTime:0.000036s ]
INFO: [ app_init ] --END-- [ RunTime:0.001059s ]
INFO: [ app_begin ] --START--
INFO: Run Behavior\ReadHtmlCacheBehavior [ RunTime:0.001717s ]
INFO: [ app_begin ] --END-- [ RunTime:0.001879s ]
SQL: SHOW COLUMNS FROM `work1` [ RunTime:0.0333s ]
SQL: SELECT * FROM `work1`  [ RunTime:0.0007s ]
SQL: SELECT * FROM `work1`  [ RunTime:0.0005s ]
SQL: SELECT * FROM `work1`  [ RunTime:0.0005s ]
SQL: SHOW COLUMNS FROM `filename` [ RunTime:0.0322s ]
SQL: SELECT * FROM `filename`  [ RunTime:0.0007s ]
SQL: SELECT * FROM `work1`  [ RunTime:0.0006s ]
SQL: SELECT * FROM `work1`  [ RunTime:0.0006s ]
INFO: [ view_parse ] --START--
INFO: [ template_filter ] --START--
INFO: Run Behavior\ContentReplaceBehavior [ RunTime:0.000306s ]
INFO: [ template_filter ] --END-- [ RunTime:0.000496s ]
INFO: Run Behavior\ParseTemplateBehavior [ RunTime:0.171981s ]
INFO: [ view_parse ] --END-- [ RunTime:0.172147s ]
INFO: [ view_filter ] --START--
INFO: Run Behavior\WriteHtmlCacheBehavior [ RunTime:0.001339s ]
INFO: [ view_filter ] --END-- [ RunTime:0.001482s ]
INFO: [ app_end ] --START--
INFO: Run Behavior\ShowPageTraceBehavior [ RunTime:0.001843s ]
INFO: [ app_end ] --END-- [ RunTime:0.002004s ]

[ 2017-03-02T18:12:18+08:00 ] ::1 /mooc/
INFO: [ app_init ] --START--
INFO: Run Behavior\BuildLiteBehavior [ RunTime:0.000036s ]
INFO: [ app_init ] --END-- [ RunTime:0.001278s ]
INFO: [ app_begin ] --START--
INFO: Run Behavior\ReadHtmlCacheBehavior [ RunTime:0.001887s ]
INFO: [ app_begin ] --END-- [ RunTime:0.002094s ]
SQL: SHOW COLUMNS FROM `work1` [ RunTime:0.0418s ]
SQL: SELECT * FROM `work1`  [ RunTime:0.0009s ]
SQL: SELECT * FROM `work1`  [ RunTime:0.0007s ]
SQL: SELECT * FROM `work1`  [ RunTime:0.0006s ]
SQL: SHOW COLUMNS FROM `filename` [ RunTime:0.0134s ]
SQL: SELECT * FROM `filename`  [ RunTime:0.0008s ]
SQL: SELECT * FROM `work1`  [ RunTime:0.0009s ]
SQL: SELECT * FROM `work1`  [ RunTime:0.0008s ]
INFO: [ view_parse ] --START--
INFO: [ template_filter ] --START--
INFO: Run Behavior\ContentReplaceBehavior [ RunTime:0.000284s ]
INFO: [ template_filter ] --END-- [ RunTime:0.000425s ]
INFO: Run Behavior\ParseTemplateBehavior [ RunTime:0.251417s ]
INFO: [ view_parse ] --END-- [ RunTime:0.251601s ]
INFO: [ view_filter ] --START--
INFO: Run Behavior\WriteHtmlCacheBehavior [ RunTime:0.002201s ]
INFO: [ view_filter ] --END-- [ RunTime:0.002380s ]
INFO: [ app_end ] --START--
INFO: Run Behavior\ShowPageTraceBehavior [ RunTime:0.002220s ]
INFO: [ app_end ] --END-- [ RunTime:0.002541s ]

[ 2017-03-02T18:12:21+08:00 ] ::1 /mooc/
INFO: [ app_init ] --START--
INFO: Run Behavior\BuildLiteBehavior [ RunTime:0.000038s ]
INFO: [ app_init ] --END-- [ RunTime:0.000967s ]
INFO: [ app_begin ] --START--
INFO: Run Behavior\ReadHtmlCacheBehavior [ RunTime:0.001728s ]
INFO: [ app_begin ] --END-- [ RunTime:0.001906s ]
SQL: SHOW COLUMNS FROM `work1` [ RunTime:0.0313s ]
SQL: SELECT * FROM `work1`  [ RunTime:0.0009s ]
SQL: SELECT * FROM `work1`  [ RunTime:0.0008s ]
SQL: SELECT * FROM `work1`  [ RunTime:0.0009s ]
SQL: SHOW COLUMNS FROM `filename` [ RunTime:0.0142s ]
SQL: SELECT * FROM `filename`  [ RunTime:0.0008s ]
SQL: SELECT * FROM `work1`  [ RunTime:0.0009s ]
SQL: SELECT * FROM `work1`  [ RunTime:0.0007s ]
INFO: [ view_parse ] --START--
INFO: [ template_filter ] --START--
INFO: Run Behavior\ContentReplaceBehavior [ RunTime:0.000308s ]
INFO: [ template_filter ] --END-- [ RunTime:0.000465s ]
INFO: Run Behavior\ParseTemplateBehavior [ RunTime:0.176876s ]
INFO: [ view_parse ] --END-- [ RunTime:0.177034s ]
INFO: [ view_filter ] --START--
INFO: Run Behavior\WriteHtmlCacheBehavior [ RunTime:0.000819s ]
INFO: [ view_filter ] --END-- [ RunTime:0.000956s ]
INFO: [ app_end ] --START--
INFO: Run Behavior\ShowPageTraceBehavior [ RunTime:0.001525s ]
INFO: [ app_end ] --END-- [ RunTime:0.001843s ]

[ 2017-03-02T18:12:39+08:00 ] ::1 /mooc/
INFO: [ app_init ] --START--
INFO: Run Behavior\BuildLiteBehavior [ RunTime:0.000038s ]
INFO: [ app_init ] --END-- [ RunTime:0.001161s ]
INFO: [ app_begin ] --START--
INFO: Run Behavior\ReadHtmlCacheBehavior [ RunTime:0.001711s ]
INFO: [ app_begin ] --END-- [ RunTime:0.001885s ]
SQL: SHOW COLUMNS FROM `work1` [ RunTime:0.0291s ]
SQL: SELECT * FROM `work1`  [ RunTime:0.0007s ]
SQL: SELECT * FROM `work1`  [ RunTime:0.0009s ]
SQL: SELECT * FROM `work1`  [ RunTime:0.0009s ]
SQL: SHOW COLUMNS FROM `filename` [ RunTime:0.0131s ]
SQL: SELECT * FROM `filename`  [ RunTime:0.0008s ]
SQL: SELECT * FROM `work1`  [ RunTime:0.0009s ]
SQL: SELECT * FROM `work1`  [ RunTime:0.0008s ]
INFO: [ view_parse ] --START--
INFO: [ template_filter ] --START--
INFO: Run Behavior\ContentReplaceBehavior [ RunTime:0.000281s ]
INFO: [ template_filter ] --END-- [ RunTime:0.000410s ]
INFO: Run Behavior\ParseTemplateBehavior [ RunTime:0.173966s ]
INFO: [ view_parse ] --END-- [ RunTime:0.174115s ]
INFO: [ view_filter ] --START--
INFO: Run Behavior\WriteHtmlCacheBehavior [ RunTime:0.000931s ]
INFO: [ view_filter ] --END-- [ RunTime:0.001029s ]
INFO: [ app_end ] --START--
INFO: Run Behavior\ShowPageTraceBehavior [ RunTime:0.002372s ]
INFO: [ app_end ] --END-- [ RunTime:0.002731s ]

[ 2017-03-02T18:13:12+08:00 ] ::1 /mooc/
INFO: [ app_init ] --START--
INFO: Run Behavior\BuildLiteBehavior [ RunTime:0.000046s ]
INFO: [ app_init ] --END-- [ RunTime:0.003036s ]
INFO: [ app_begin ] --START--
INFO: Run Behavior\ReadHtmlCacheBehavior [ RunTime:0.001385s ]
INFO: [ app_begin ] --END-- [ RunTime:0.001562s ]
SQL: SHOW COLUMNS FROM `work1` [ RunTime:0.0691s ]
SQL: SELECT * FROM `work1`  [ RunTime:0.0010s ]
SQL: SELECT * FROM `work1`  [ RunTime:0.0009s ]
SQL: SELECT * FROM `work1`  [ RunTime:0.0009s ]
SQL: SHOW COLUMNS FROM `filename` [ RunTime:0.0276s ]
SQL: SELECT * FROM `filename`  [ RunTime:0.0008s ]
SQL: SELECT * FROM `work1`  [ RunTime:0.0007s ]
SQL: SELECT * FROM `work1`  [ RunTime:0.0006s ]
INFO: [ view_parse ] --START--
INFO: [ template_filter ] --START--
INFO: Run Behavior\ContentReplaceBehavior [ RunTime:0.000268s ]
INFO: [ template_filter ] --END-- [ RunTime:0.000398s ]
INFO: Run Behavior\ParseTemplateBehavior [ RunTime:0.173727s ]
INFO: [ view_parse ] --END-- [ RunTime:0.173886s ]
INFO: [ view_filter ] --START--
INFO: Run Behavior\WriteHtmlCacheBehavior [ RunTime:0.000716s ]
INFO: [ view_filter ] --END-- [ RunTime:0.000821s ]
INFO: [ app_end ] --START--
INFO: Run Behavior\ShowPageTraceBehavior [ RunTime:0.001481s ]
INFO: [ app_end ] --END-- [ RunTime:0.001649s ]

[ 2017-03-02T18:13:36+08:00 ] ::1 /mooc/
INFO: [ app_init ] --START--
INFO: Run Behavior\BuildLiteBehavior [ RunTime:0.000042s ]
INFO: [ app_init ] --END-- [ RunTime:0.002551s ]
INFO: [ app_begin ] --START--
INFO: Run Behavior\ReadHtmlCacheBehavior [ RunTime:0.001527s ]
INFO: [ app_begin ] --END-- [ RunTime:0.001702s ]
SQL: SHOW COLUMNS FROM `work1` [ RunTime:0.0285s ]
SQL: SELECT * FROM `work1`  [ RunTime:0.0009s ]
SQL: SELECT * FROM `work1`  [ RunTime:0.0007s ]
SQL: SELECT * FROM `work1`  [ RunTime:0.0007s ]
SQL: SHOW COLUMNS FROM `filename` [ RunTime:0.0138s ]
SQL: SELECT * FROM `filename`  [ RunTime:0.0008s ]
SQL: SELECT * FROM `work1`  [ RunTime:0.0008s ]
SQL: SELECT * FROM `work1`  [ RunTime:0.0008s ]
INFO: [ view_parse ] --START--
INFO: [ template_filter ] --START--
INFO: Run Behavior\ContentReplaceBehavior [ RunTime:0.000275s ]
INFO: [ template_filter ] --END-- [ RunTime:0.000403s ]
INFO: Run Behavior\ParseTemplateBehavior [ RunTime:0.193192s ]
INFO: [ view_parse ] --END-- [ RunTime:0.193431s ]
INFO: [ view_filter ] --START--
INFO: Run Behavior\WriteHtmlCacheBehavior [ RunTime:0.001204s ]
INFO: [ view_filter ] --END-- [ RunTime:0.001343s ]
INFO: [ app_end ] --START--
INFO: Run Behavior\ShowPageTraceBehavior [ RunTime:0.001954s ]
INFO: [ app_end ] --END-- [ RunTime:0.002127s ]

[ 2017-03-02T18:14:38+08:00 ] ::1 /mooc/
INFO: [ app_init ] --START--
INFO: Run Behavior\BuildLiteBehavior [ RunTime:0.000038s ]
INFO: [ app_init ] --END-- [ RunTime:0.001519s ]
INFO: [ app_begin ] --START--
INFO: Run Behavior\ReadHtmlCacheBehavior [ RunTime:0.001492s ]
INFO: [ app_begin ] --END-- [ RunTime:0.001643s ]
SQL: SHOW COLUMNS FROM `work1` [ RunTime:0.0272s ]
SQL: SELECT * FROM `work1`  [ RunTime:0.0007s ]
SQL: SELECT * FROM `work1`  [ RunTime:0.0008s ]
SQL: SELECT * FROM `work1`  [ RunTime:0.0010s ]
SQL: SHOW COLUMNS FROM `filename` [ RunTime:0.0126s ]
SQL: SELECT * FROM `filename`  [ RunTime:0.0006s ]
SQL: SELECT * FROM `work1`  [ RunTime:0.0010s ]
SQL: SELECT * FROM `work1`  [ RunTime:0.0009s ]
INFO: [ view_parse ] --START--
INFO: [ template_filter ] --START--
INFO: Run Behavior\ContentReplaceBehavior [ RunTime:0.000260s ]
INFO: [ template_filter ] --END-- [ RunTime:0.000386s ]
INFO: Run Behavior\ParseTemplateBehavior [ RunTime:0.177377s ]
INFO: [ view_parse ] --END-- [ RunTime:0.177532s ]
INFO: [ view_filter ] --START--
INFO: Run Behavior\WriteHtmlCacheBehavior [ RunTime:0.001061s ]
INFO: [ view_filter ] --END-- [ RunTime:0.001212s ]
INFO: [ app_end ] --START--
INFO: Run Behavior\ShowPageTraceBehavior [ RunTime:0.001828s ]
INFO: [ app_end ] --END-- [ RunTime:0.002004s ]

[ 2017-03-02T18:15:13+08:00 ] ::1 /mooc/
INFO: [ app_init ] --START--
INFO: Run Behavior\BuildLiteBehavior [ RunTime:0.000034s ]
INFO: [ app_init ] --END-- [ RunTime:0.000865s ]
INFO: [ app_begin ] --START--
INFO: Run Behavior\ReadHtmlCacheBehavior [ RunTime:0.001129s ]
INFO: [ app_begin ] --END-- [ RunTime:0.001266s ]
SQL: SHOW COLUMNS FROM `work1` [ RunTime:0.0282s ]
SQL: SELECT * FROM `work1`  [ RunTime:0.0007s ]
SQL: SELECT * FROM `work1`  [ RunTime:0.0008s ]
SQL: SELECT * FROM `work1`  [ RunTime:0.0008s ]
SQL: SHOW COLUMNS FROM `filename` [ RunTime:0.0124s ]
SQL: SELECT * FROM `filename`  [ RunTime:0.0008s ]
SQL: SELECT * FROM `work1`  [ RunTime:0.0009s ]
SQL: SELECT * FROM `work1`  [ RunTime:0.0008s ]
INFO: [ view_parse ] --START--
INFO: [ template_filter ] --START--
INFO: Run Behavior\ContentReplaceBehavior [ RunTime:0.000313s ]
INFO: [ template_filter ] --END-- [ RunTime:0.000460s ]
INFO: Run Behavior\ParseTemplateBehavior [ RunTime:0.165441s ]
INFO: [ view_parse ] --END-- [ RunTime:0.165575s ]
INFO: [ view_filter ] --START--
INFO: Run Behavior\WriteHtmlCacheBehavior [ RunTime:0.000682s ]
INFO: [ view_filter ] --END-- [ RunTime:0.000815s ]
INFO: [ app_end ] --START--
INFO: Run Behavior\ShowPageTraceBehavior [ RunTime:0.001494s ]
INFO: [ app_end ] --END-- [ RunTime:0.001670s ]

[ 2017-03-02T18:22:07+08:00 ] ::1 /mooc/
INFO: [ app_init ] --START--
INFO: Run Behavior\BuildLiteBehavior [ RunTime:0.000016s ]
INFO: [ app_init ] --END-- [ RunTime:0.000500s ]
INFO: [ app_begin ] --START--
INFO: Run Behavior\ReadHtmlCacheBehavior [ RunTime:0.000892s ]
INFO: [ app_begin ] --END-- [ RunTime:0.000961s ]
SQL: SHOW COLUMNS FROM `work1` [ RunTime:0.0290s ]
SQL: SELECT * FROM `work1`  [ RunTime:0.0008s ]
SQL: SELECT * FROM `work1`  [ RunTime:0.0004s ]
SQL: SELECT * FROM `work1`  [ RunTime:0.0004s ]
SQL: SHOW COLUMNS FROM `filename` [ RunTime:0.0274s ]
SQL: SELECT * FROM `filename`  [ RunTime:0.0008s ]
SQL: SELECT * FROM `work1`  [ RunTime:0.0004s ]
SQL: SELECT * FROM `work1`  [ RunTime:0.0003s ]
INFO: [ view_parse ] --START--
INFO: [ template_filter ] --START--
INFO: Run Behavior\ContentReplaceBehavior [ RunTime:0.000175s ]
INFO: [ template_filter ] --END-- [ RunTime:0.000272s ]
INFO: Run Behavior\ParseTemplateBehavior [ RunTime:0.100774s ]
INFO: [ view_parse ] --END-- [ RunTime:0.100874s ]
INFO: [ view_filter ] --START--
INFO: Run Behavior\WriteHtmlCacheBehavior [ RunTime:0.000604s ]
INFO: [ view_filter ] --END-- [ RunTime:0.000655s ]
INFO: [ app_end ] --START--
INFO: Run Behavior\ShowPageTraceBehavior [ RunTime:0.001879s ]
INFO: [ app_end ] --END-- [ RunTime:0.002007s ]

[ 2017-03-02T18:23:08+08:00 ] ::1 /mooc/
INFO: [ app_init ] --START--
INFO: Run Behavior\BuildLiteBehavior [ RunTime:0.000016s ]
INFO: [ app_init ] --END-- [ RunTime:0.000486s ]
INFO: [ app_begin ] --START--
INFO: Run Behavior\ReadHtmlCacheBehavior [ RunTime:0.000709s ]
INFO: [ app_begin ] --END-- [ RunTime:0.000779s ]
SQL: SHOW COLUMNS FROM `work1` [ RunTime:0.0217s ]
SQL: SELECT * FROM `work1`  [ RunTime:0.0005s ]
SQL: SELECT * FROM `work1`  [ RunTime:0.0022s ]
SQL: SELECT * FROM `work1`  [ RunTime:0.0004s ]
SQL: SHOW COLUMNS FROM `filename` [ RunTime:0.0100s ]
SQL: SELECT * FROM `filename`  [ RunTime:0.0005s ]
SQL: SELECT * FROM `work1`  [ RunTime:0.0009s ]
SQL: SELECT * FROM `work1`  [ RunTime:0.0006s ]
INFO: [ view_parse ] --START--
INFO: [ template_filter ] --START--
INFO: Run Behavior\ContentReplaceBehavior [ RunTime:0.000118s ]
INFO: [ template_filter ] --END-- [ RunTime:0.000184s ]
INFO: Run Behavior\ParseTemplateBehavior [ RunTime:0.102735s ]
INFO: [ view_parse ] --END-- [ RunTime:0.102851s ]
INFO: [ view_filter ] --START--
INFO: Run Behavior\WriteHtmlCacheBehavior [ RunTime:0.000578s ]
INFO: [ view_filter ] --END-- [ RunTime:0.000627s ]
INFO: [ app_end ] --START--
INFO: Run Behavior\ShowPageTraceBehavior [ RunTime:0.002777s ]
INFO: [ app_end ] --END-- [ RunTime:0.002885s ]

[ 2017-03-02T18:23:10+08:00 ] ::1 /mooc/
INFO: [ app_init ] --START--
INFO: Run Behavior\BuildLiteBehavior [ RunTime:0.000030s ]
INFO: [ app_init ] --END-- [ RunTime:0.000958s ]
INFO: [ app_begin ] --START--
INFO: Run Behavior\ReadHtmlCacheBehavior [ RunTime:0.000690s ]
INFO: [ app_begin ] --END-- [ RunTime:0.000788s ]
SQL: SHOW COLUMNS FROM `work1` [ RunTime:0.0231s ]
SQL: SELECT * FROM `work1`  [ RunTime:0.0006s ]
SQL: SELECT * FROM `work1`  [ RunTime:0.0005s ]
SQL: SELECT * FROM `work1`  [ RunTime:0.0005s ]
SQL: SHOW COLUMNS FROM `filename` [ RunTime:0.0091s ]
SQL: SELECT * FROM `filename`  [ RunTime:0.0005s ]
SQL: SELECT * FROM `work1`  [ RunTime:0.0008s ]
SQL: SELECT * FROM `work1`  [ RunTime:0.0006s ]
INFO: [ view_parse ] --START--
INFO: [ template_filter ] --START--
INFO: Run Behavior\ContentReplaceBehavior [ RunTime:0.000186s ]
INFO: [ template_filter ] --END-- [ RunTime:0.000308s ]
INFO: Run Behavior\ParseTemplateBehavior [ RunTime:0.101624s ]
INFO: [ view_parse ] --END-- [ RunTime:0.101725s ]
INFO: [ view_filter ] --START--
INFO: Run Behavior\WriteHtmlCacheBehavior [ RunTime:0.000406s ]
INFO: [ view_filter ] --END-- [ RunTime:0.000464s ]
INFO: [ app_end ] --START--
INFO: Run Behavior\ShowPageTraceBehavior [ RunTime:0.003282s ]
INFO: [ app_end ] --END-- [ RunTime:0.003388s ]

[ 2017-03-02T18:23:49+08:00 ] ::1 /mooc/
INFO: [ app_init ] --START--
INFO: Run Behavior\BuildLiteBehavior [ RunTime:0.000020s ]
INFO: [ app_init ] --END-- [ RunTime:0.000530s ]
INFO: [ app_begin ] --START--
INFO: Run Behavior\ReadHtmlCacheBehavior [ RunTime:0.000708s ]
INFO: [ app_begin ] --END-- [ RunTime:0.000797s ]
SQL: SHOW COLUMNS FROM `work1` [ RunTime:0.0197s ]
SQL: SELECT * FROM `work1`  [ RunTime:0.0006s ]
SQL: SELECT * FROM `work1`  [ RunTime:0.0007s ]
SQL: SELECT * FROM `work1`  [ RunTime:0.0005s ]
SQL: SHOW COLUMNS FROM `filename` [ RunTime:0.0100s ]
SQL: SELECT * FROM `filename`  [ RunTime:0.0005s ]
SQL: SELECT * FROM `work1`  [ RunTime:0.0004s ]
SQL: SELECT * FROM `work1`  [ RunTime:0.0003s ]
INFO: [ view_parse ] --START--
INFO: [ template_filter ] --START--
INFO: Run Behavior\ContentReplaceBehavior [ RunTime:0.000191s ]
INFO: [ template_filter ] --END-- [ RunTime:0.000303s ]
INFO: Run Behavior\ParseTemplateBehavior [ RunTime:0.097935s ]
INFO: [ view_parse ] --END-- [ RunTime:0.098032s ]
INFO: [ view_filter ] --START--
INFO: Run Behavior\WriteHtmlCacheBehavior [ RunTime:0.000403s ]
INFO: [ view_filter ] --END-- [ RunTime:0.000457s ]
INFO: [ app_end ] --START--
INFO: Run Behavior\ShowPageTraceBehavior [ RunTime:0.003123s ]
INFO: [ app_end ] --END-- [ RunTime:0.003258s ]

[ 2017-03-02T18:51:27+08:00 ] ::1 /mooc/
INFO: [ app_init ] --START--
INFO: Run Behavior\BuildLiteBehavior [ RunTime:0.000032s ]
INFO: [ app_init ] --END-- [ RunTime:0.000775s ]
INFO: [ app_begin ] --START--
INFO: Run Behavior\ReadHtmlCacheBehavior [ RunTime:0.000830s ]
INFO: [ app_begin ] --END-- [ RunTime:0.000896s ]
SQL: SHOW COLUMNS FROM `work1` [ RunTime:0.0263s ]
SQL: SELECT * FROM `work1`  [ RunTime:0.0008s ]
SQL: SELECT * FROM `work1`  [ RunTime:0.0007s ]
SQL: SELECT * FROM `work1`  [ RunTime:0.0005s ]
SQL: SHOW COLUMNS FROM `filename` [ RunTime:0.0133s ]
SQL: SELECT * FROM `filename`  [ RunTime:0.0005s ]
SQL: SELECT * FROM `work1`  [ RunTime:0.0004s ]
SQL: SELECT * FROM `work1`  [ RunTime:0.0005s ]
INFO: [ view_parse ] --START--
INFO: [ template_filter ] --START--
INFO: Run Behavior\ContentReplaceBehavior [ RunTime:0.000191s ]
INFO: [ template_filter ] --END-- [ RunTime:0.000288s ]
INFO: Run Behavior\ParseTemplateBehavior [ RunTime:0.119135s ]
INFO: [ view_parse ] --END-- [ RunTime:0.119262s ]
INFO: [ view_filter ] --START--
INFO: Run Behavior\WriteHtmlCacheBehavior [ RunTime:0.000401s ]
INFO: [ view_filter ] --END-- [ RunTime:0.000442s ]
INFO: [ app_end ] --START--
INFO: Run Behavior\ShowPageTraceBehavior [ RunTime:0.003101s ]
INFO: [ app_end ] --END-- [ RunTime:0.003215s ]

[ 2017-03-02T18:52:32+08:00 ] ::1 /mooc/
INFO: [ app_init ] --START--
INFO: Run Behavior\BuildLiteBehavior [ RunTime:0.000029s ]
INFO: [ app_init ] --END-- [ RunTime:0.002157s ]
INFO: [ app_begin ] --START--
INFO: Run Behavior\ReadHtmlCacheBehavior [ RunTime:0.001048s ]
INFO: [ app_begin ] --END-- [ RunTime:0.001153s ]
SQL: SHOW COLUMNS FROM `work1` [ RunTime:0.0266s ]
SQL: SELECT * FROM `work1`  [ RunTime:0.0006s ]
SQL: SELECT * FROM `work1`  [ RunTime:0.0009s ]
SQL: SELECT * FROM `work1`  [ RunTime:0.0005s ]
SQL: SHOW COLUMNS FROM `filename` [ RunTime:0.0117s ]
SQL: SELECT * FROM `filename`  [ RunTime:0.0007s ]
SQL: SELECT * FROM `work1`  [ RunTime:0.0008s ]
SQL: SELECT * FROM `work1`  [ RunTime:0.0008s ]
INFO: [ view_parse ] --START--
INFO: [ template_filter ] --START--
INFO: Run Behavior\ContentReplaceBehavior [ RunTime:0.000159s ]
INFO: [ template_filter ] --END-- [ RunTime:0.000246s ]
INFO: Run Behavior\ParseTemplateBehavior [ RunTime:0.144276s ]
INFO: [ view_parse ] --END-- [ RunTime:0.144410s ]
INFO: [ view_filter ] --START--
INFO: Run Behavior\WriteHtmlCacheBehavior [ RunTime:0.000912s ]
INFO: [ view_filter ] --END-- [ RunTime:0.001006s ]
INFO: [ app_end ] --START--
INFO: Run Behavior\ShowPageTraceBehavior [ RunTime:0.001358s ]
INFO: [ app_end ] --END-- [ RunTime:0.001487s ]

[ 2017-03-02T22:55:36+08:00 ] ::1 /mooc/
INFO: [ app_init ] --START--
INFO: Run Behavior\BuildLiteBehavior [ RunTime:0.000035s ]
INFO: [ app_init ] --END-- [ RunTime:0.001065s ]
INFO: [ app_begin ] --START--
INFO: Run Behavior\ReadHtmlCacheBehavior [ RunTime:0.001572s ]
INFO: [ app_begin ] --END-- [ RunTime:0.001758s ]
SQL: SHOW COLUMNS FROM `work1` [ RunTime:0.0845s ]
SQL: SELECT * FROM `work1`  [ RunTime:0.0011s ]
SQL: SELECT * FROM `work1`  [ RunTime:0.0021s ]
SQL: SELECT * FROM `work1`  [ RunTime:0.0172s ]
SQL: SHOW COLUMNS FROM `filename` [ RunTime:0.1279s ]
SQL: SELECT * FROM `filename`  [ RunTime:0.0019s ]
SQL: SELECT * FROM `work1`  [ RunTime:0.0011s ]
SQL: SELECT * FROM `work1`  [ RunTime:0.0009s ]
INFO: [ view_parse ] --START--
INFO: [ template_filter ] --START--
INFO: Run Behavior\ContentReplaceBehavior [ RunTime:0.000300s ]
INFO: [ template_filter ] --END-- [ RunTime:0.000566s ]
INFO: Run Behavior\ParseTemplateBehavior [ RunTime:0.463472s ]
INFO: [ view_parse ] --END-- [ RunTime:0.463629s ]
INFO: [ view_filter ] --START--
INFO: Run Behavior\WriteHtmlCacheBehavior [ RunTime:0.000940s ]
INFO: [ view_filter ] --END-- [ RunTime:0.001035s ]
INFO: [ app_end ] --START--
INFO: Run Behavior\ShowPageTraceBehavior [ RunTime:0.001652s ]
INFO: [ app_end ] --END-- [ RunTime:0.039070s ]

[ 2017-03-02T23:05:47+08:00 ] ::1 /mooc/
INFO: [ app_init ] --START--
INFO: Run Behavior\BuildLiteBehavior [ RunTime:0.000038s ]
INFO: [ app_init ] --END-- [ RunTime:0.002279s ]
INFO: [ app_begin ] --START--
INFO: Run Behavior\ReadHtmlCacheBehavior [ RunTime:0.001027s ]
INFO: [ app_begin ] --END-- [ RunTime:0.001170s ]
SQL: SHOW COLUMNS FROM `work1` [ RunTime:0.0248s ]
SQL: SELECT * FROM `work1`  [ RunTime:0.0006s ]
SQL: SELECT * FROM `work1`  [ RunTime:0.0005s ]
SQL: SELECT * FROM `work1`  [ RunTime:0.0005s ]
SQL: SHOW COLUMNS FROM `filename` [ RunTime:0.0121s ]
SQL: SELECT * FROM `filename`  [ RunTime:0.0011s ]
SQL: SELECT * FROM `work1`  [ RunTime:0.0008s ]
SQL: SELECT * FROM `work1`  [ RunTime:0.0010s ]
INFO: [ view_parse ] --START--
INFO: [ template_filter ] --START--
INFO: Run Behavior\ContentReplaceBehavior [ RunTime:0.000188s ]
INFO: [ template_filter ] --END-- [ RunTime:0.000298s ]
INFO: Run Behavior\ParseTemplateBehavior [ RunTime:0.116303s ]
INFO: [ view_parse ] --END-- [ RunTime:0.116434s ]
INFO: [ view_filter ] --START--
INFO: Run Behavior\WriteHtmlCacheBehavior [ RunTime:0.000683s ]
INFO: [ view_filter ] --END-- [ RunTime:0.000798s ]
INFO: [ app_end ] --START--
INFO: Run Behavior\ShowPageTraceBehavior [ RunTime:0.001777s ]
INFO: [ app_end ] --END-- [ RunTime:0.002037s ]

[ 2017-03-02T23:06:43+08:00 ] ::1 /mooc/
INFO: [ app_init ] --START--
INFO: Run Behavior\BuildLiteBehavior [ RunTime:0.000034s ]
INFO: [ app_init ] --END-- [ RunTime:0.001059s ]
INFO: [ app_begin ] --START--
INFO: Run Behavior\ReadHtmlCacheBehavior [ RunTime:0.000776s ]
INFO: [ app_begin ] --END-- [ RunTime:0.000885s ]
SQL: SHOW COLUMNS FROM `work1` [ RunTime:0.0280s ]
SQL: SELECT * FROM `work1`  [ RunTime:0.0010s ]
SQL: SELECT * FROM `work1`  [ RunTime:0.0010s ]
SQL: SELECT * FROM `work1`  [ RunTime:0.0009s ]
SQL: SHOW COLUMNS FROM `filename` [ RunTime:0.0138s ]
SQL: SELECT * FROM `filename`  [ RunTime:0.0007s ]
SQL: SELECT * FROM `work1`  [ RunTime:0.0007s ]
SQL: SELECT * FROM `work1`  [ RunTime:0.0007s ]
INFO: [ view_parse ] --START--
INFO: [ template_filter ] --START--
INFO: Run Behavior\ContentReplaceBehavior [ RunTime:0.000163s ]
INFO: [ template_filter ] --END-- [ RunTime:0.000258s ]
INFO: Run Behavior\ParseTemplateBehavior [ RunTime:0.115639s ]
INFO: [ view_parse ] --END-- [ RunTime:0.115750s ]
INFO: [ view_filter ] --START--
INFO: Run Behavior\WriteHtmlCacheBehavior [ RunTime:0.000488s ]
INFO: [ view_filter ] --END-- [ RunTime:0.000546s ]
INFO: [ app_end ] --START--
INFO: Run Behavior\ShowPageTraceBehavior [ RunTime:0.001435s ]
INFO: [ app_end ] --END-- [ RunTime:0.001596s ]

[ 2017-03-02T23:08:17+08:00 ] ::1 /mooc/
INFO: [ app_init ] --START--
INFO: Run Behavior\BuildLiteBehavior [ RunTime:0.000045s ]
INFO: [ app_init ] --END-- [ RunTime:0.003714s ]
INFO: [ app_begin ] --START--
INFO: Run Behavior\ReadHtmlCacheBehavior [ RunTime:0.001445s ]
INFO: [ app_begin ] --END-- [ RunTime:0.001588s ]
SQL: SHOW COLUMNS FROM `work1` [ RunTime:0.0310s ]
SQL: SELECT * FROM `work1`  [ RunTime:0.0011s ]
SQL: SELECT * FROM `work1`  [ RunTime:0.0010s ]
SQL: SELECT * FROM `work1`  [ RunTime:0.0008s ]
SQL: SHOW COLUMNS FROM `filename` [ RunTime:0.0117s ]
SQL: SELECT * FROM `filename`  [ RunTime:0.0007s ]
SQL: SELECT * FROM `work1`  [ RunTime:0.0010s ]
SQL: SELECT * FROM `work1`  [ RunTime:0.0011s ]
INFO: [ view_parse ] --START--
INFO: [ template_filter ] --START--
INFO: Run Behavior\ContentReplaceBehavior [ RunTime:0.000166s ]
INFO: [ template_filter ] --END-- [ RunTime:0.000259s ]
INFO: Run Behavior\ParseTemplateBehavior [ RunTime:0.143678s ]
INFO: [ view_parse ] --END-- [ RunTime:0.143804s ]
INFO: [ view_filter ] --START--
INFO: Run Behavior\WriteHtmlCacheBehavior [ RunTime:0.000729s ]
INFO: [ view_filter ] --END-- [ RunTime:0.000802s ]
INFO: [ app_end ] --START--
INFO: Run Behavior\ShowPageTraceBehavior [ RunTime:0.001424s ]
INFO: [ app_end ] --END-- [ RunTime:0.001574s ]

[ 2017-03-02T23:15:42+08:00 ] ::1 /mooc/
INFO: [ app_init ] --START--
INFO: Run Behavior\BuildLiteBehavior [ RunTime:0.000021s ]
INFO: [ app_init ] --END-- [ RunTime:0.000619s ]
INFO: [ app_begin ] --START--
INFO: Run Behavior\ReadHtmlCacheBehavior [ RunTime:0.000919s ]
INFO: [ app_begin ] --END-- [ RunTime:0.001011s ]
SQL: SHOW COLUMNS FROM `work1` [ RunTime:0.0218s ]
SQL: SELECT * FROM `work1`  [ RunTime:0.0008s ]
SQL: SELECT * FROM `work1`  [ RunTime:0.0008s ]
SQL: SELECT * FROM `work1`  [ RunTime:0.0007s ]
SQL: SHOW COLUMNS FROM `filename` [ RunTime:0.0103s ]
SQL: SELECT * FROM `filename`  [ RunTime:0.0010s ]
SQL: SELECT * FROM `work1`  [ RunTime:0.0007s ]
SQL: SELECT * FROM `work1`  [ RunTime:0.0005s ]
INFO: [ view_parse ] --START--
INFO: [ template_filter ] --START--
INFO: Run Behavior\ContentReplaceBehavior [ RunTime:0.000118s ]
INFO: [ template_filter ] --END-- [ RunTime:0.000183s ]
INFO: Run Behavior\ParseTemplateBehavior [ RunTime:0.100658s ]
INFO: [ view_parse ] --END-- [ RunTime:0.100757s ]
INFO: [ view_filter ] --START--
INFO: Run Behavior\WriteHtmlCacheBehavior [ RunTime:0.001024s ]
INFO: [ view_filter ] --END-- [ RunTime:0.001116s ]
INFO: [ app_end ] --START--
INFO: Run Behavior\ShowPageTraceBehavior [ RunTime:0.001931s ]
INFO: [ app_end ] --END-- [ RunTime:0.002057s ]

[ 2017-03-02T23:15:49+08:00 ] ::1 /mooc/
INFO: [ app_init ] --START--
INFO: Run Behavior\BuildLiteBehavior [ RunTime:0.000041s ]
INFO: [ app_init ] --END-- [ RunTime:0.001119s ]
INFO: [ app_begin ] --START--
INFO: Run Behavior\ReadHtmlCacheBehavior [ RunTime:0.000955s ]
INFO: [ app_begin ] --END-- [ RunTime:0.001040s ]
SQL: SHOW COLUMNS FROM `work1` [ RunTime:0.0249s ]
SQL: SELECT * FROM `work1`  [ RunTime:0.0009s ]
SQL: SELECT * FROM `work1`  [ RunTime:0.0010s ]
SQL: SELECT * FROM `work1`  [ RunTime:0.0007s ]
SQL: SHOW COLUMNS FROM `filename` [ RunTime:0.0100s ]
SQL: SELECT * FROM `filename`  [ RunTime:0.0006s ]
SQL: SELECT * FROM `work1`  [ RunTime:0.0008s ]
SQL: SELECT * FROM `work1`  [ RunTime:0.0007s ]
INFO: [ view_parse ] --START--
INFO: [ template_filter ] --START--
INFO: Run Behavior\ContentReplaceBehavior [ RunTime:0.000115s ]
INFO: [ template_filter ] --END-- [ RunTime:0.000181s ]
INFO: Run Behavior\ParseTemplateBehavior [ RunTime:0.106994s ]
INFO: [ view_parse ] --END-- [ RunTime:0.107156s ]
INFO: [ view_filter ] --START--
INFO: Run Behavior\WriteHtmlCacheBehavior [ RunTime:0.000525s ]
INFO: [ view_filter ] --END-- [ RunTime:0.000597s ]
INFO: [ app_end ] --START--
INFO: Run Behavior\ShowPageTraceBehavior [ RunTime:0.001895s ]
INFO: [ app_end ] --END-- [ RunTime:0.002024s ]

[ 2017-03-02T23:17:18+08:00 ] ::1 /mooc/
INFO: [ app_init ] --START--
INFO: Run Behavior\BuildLiteBehavior [ RunTime:0.000034s ]
INFO: [ app_init ] --END-- [ RunTime:0.001168s ]
INFO: [ app_begin ] --START--
INFO: Run Behavior\ReadHtmlCacheBehavior [ RunTime:0.001202s ]
INFO: [ app_begin ] --END-- [ RunTime:0.001335s ]
SQL: SHOW COLUMNS FROM `work1` [ RunTime:0.0260s ]
SQL: SELECT * FROM `work1`  [ RunTime:0.0010s ]
SQL: SELECT * FROM `work1`  [ RunTime:0.0006s ]
SQL: SELECT * FROM `work1`  [ RunTime:0.0003s ]
SQL: SHOW COLUMNS FROM `filename` [ RunTime:0.0135s ]
SQL: SELECT * FROM `filename`  [ RunTime:0.0006s ]
SQL: SELECT * FROM `work1`  [ RunTime:0.0005s ]
SQL: SELECT * FROM `work1`  [ RunTime:0.0004s ]
INFO: [ view_parse ] --START--
INFO: [ template_filter ] --START--
INFO: Run Behavior\ContentReplaceBehavior [ RunTime:0.000269s ]
INFO: [ template_filter ] --END-- [ RunTime:0.000383s ]
INFO: Run Behavior\ParseTemplateBehavior [ RunTime:0.125246s ]
INFO: [ view_parse ] --END-- [ RunTime:0.125456s ]
INFO: [ view_filter ] --START--
INFO: Run Behavior\WriteHtmlCacheBehavior [ RunTime:0.000995s ]
INFO: [ view_filter ] --END-- [ RunTime:0.001346s ]
INFO: [ app_end ] --START--
INFO: Run Behavior\ShowPageTraceBehavior [ RunTime:0.001714s ]
INFO: [ app_end ] --END-- [ RunTime:0.001875s ]

[ 2017-03-02T23:24:45+08:00 ] ::1 /mooc/
INFO: [ app_init ] --START--
INFO: Run Behavior\BuildLiteBehavior [ RunTime:0.000033s ]
INFO: [ app_init ] --END-- [ RunTime:0.000981s ]
INFO: [ app_begin ] --START--
INFO: Run Behavior\ReadHtmlCacheBehavior [ RunTime:0.001403s ]
INFO: [ app_begin ] --END-- [ RunTime:0.001567s ]
SQL: SHOW COLUMNS FROM `work1` [ RunTime:0.0251s ]
SQL: SELECT * FROM `work1`  [ RunTime:0.0010s ]
SQL: SELECT * FROM `work1`  [ RunTime:0.0008s ]
SQL: SELECT * FROM `work1`  [ RunTime:0.0009s ]
SQL: SHOW COLUMNS FROM `filename` [ RunTime:0.0117s ]
SQL: SELECT * FROM `filename`  [ RunTime:0.0008s ]
SQL: SELECT * FROM `work1`  [ RunTime:0.0007s ]
SQL: SELECT * FROM `work1`  [ RunTime:0.0009s ]
INFO: [ view_parse ] --START--
INFO: [ template_filter ] --START--
INFO: Run Behavior\ContentReplaceBehavior [ RunTime:0.000167s ]
INFO: [ template_filter ] --END-- [ RunTime:0.000272s ]
INFO: Run Behavior\ParseTemplateBehavior [ RunTime:0.117076s ]
INFO: [ view_parse ] --END-- [ RunTime:0.117217s ]
INFO: [ view_filter ] --START--
INFO: Run Behavior\WriteHtmlCacheBehavior [ RunTime:0.001635s ]
INFO: [ view_filter ] --END-- [ RunTime:0.001746s ]
INFO: [ app_end ] --START--
INFO: Run Behavior\ShowPageTraceBehavior [ RunTime:0.002358s ]
INFO: [ app_end ] --END-- [ RunTime:0.002506s ]

[ 2017-03-02T23:25:07+08:00 ] ::1 /mooc/
INFO: [ app_init ] --START--
INFO: Run Behavior\BuildLiteBehavior [ RunTime:0.000027s ]
INFO: [ app_init ] --END-- [ RunTime:0.000712s ]
INFO: [ app_begin ] --START--
INFO: Run Behavior\ReadHtmlCacheBehavior [ RunTime:0.002057s ]
INFO: [ app_begin ] --END-- [ RunTime:0.002334s ]
SQL: SHOW COLUMNS FROM `work1` [ RunTime:0.0278s ]
SQL: SELECT * FROM `work1`  [ RunTime:0.0009s ]
SQL: SELECT * FROM `work1`  [ RunTime:0.0012s ]
SQL: SELECT * FROM `work1`  [ RunTime:0.0008s ]
SQL: SHOW COLUMNS FROM `filename` [ RunTime:0.0111s ]
SQL: SELECT * FROM `filename`  [ RunTime:0.0008s ]
SQL: SELECT * FROM `work1`  [ RunTime:0.0009s ]
SQL: SELECT * FROM `work1`  [ RunTime:0.0012s ]
INFO: [ view_parse ] --START--
INFO: [ template_filter ] --START--
INFO: Run Behavior\ContentReplaceBehavior [ RunTime:0.000173s ]
INFO: [ template_filter ] --END-- [ RunTime:0.000268s ]
INFO: Run Behavior\ParseTemplateBehavior [ RunTime:0.111698s ]
INFO: [ view_parse ] --END-- [ RunTime:0.111815s ]
INFO: [ view_filter ] --START--
INFO: Run Behavior\WriteHtmlCacheBehavior [ RunTime:0.000653s ]
INFO: [ view_filter ] --END-- [ RunTime:0.000778s ]
INFO: [ app_end ] --START--
INFO: Run Behavior\ShowPageTraceBehavior [ RunTime:0.002478s ]
INFO: [ app_end ] --END-- [ RunTime:0.003165s ]

[ 2017-03-02T23:25:26+08:00 ] ::1 /mooc/
INFO: [ app_init ] --START--
INFO: Run Behavior\BuildLiteBehavior [ RunTime:0.000021s ]
INFO: [ app_init ] --END-- [ RunTime:0.000613s ]
INFO: [ app_begin ] --START--
INFO: Run Behavior\ReadHtmlCacheBehavior [ RunTime:0.001011s ]
INFO: [ app_begin ] --END-- [ RunTime:0.001125s ]
SQL: SHOW COLUMNS FROM `work1` [ RunTime:0.0199s ]
SQL: SELECT * FROM `work1`  [ RunTime:0.0007s ]
SQL: SELECT * FROM `work1`  [ RunTime:0.0009s ]
SQL: SELECT * FROM `work1`  [ RunTime:0.0007s ]
SQL: SHOW COLUMNS FROM `filename` [ RunTime:0.0105s ]
SQL: SELECT * FROM `filename`  [ RunTime:0.0008s ]
SQL: SELECT * FROM `work1`  [ RunTime:0.0007s ]
SQL: SELECT * FROM `work1`  [ RunTime:0.0004s ]
INFO: [ view_parse ] --START--
INFO: [ template_filter ] --START--
INFO: Run Behavior\ContentReplaceBehavior [ RunTime:0.000183s ]
INFO: [ template_filter ] --END-- [ RunTime:0.000304s ]
INFO: Run Behavior\ParseTemplateBehavior [ RunTime:0.100812s ]
INFO: [ view_parse ] --END-- [ RunTime:0.100898s ]
INFO: [ view_filter ] --START--
INFO: Run Behavior\WriteHtmlCacheBehavior [ RunTime:0.000591s ]
INFO: [ view_filter ] --END-- [ RunTime:0.000650s ]
INFO: [ app_end ] --START--
INFO: Run Behavior\ShowPageTraceBehavior [ RunTime:0.003926s ]
INFO: [ app_end ] --END-- [ RunTime:0.004048s ]

[ 2017-03-02T23:27:21+08:00 ] ::1 /mooc/
INFO: [ app_init ] --START--
INFO: Run Behavior\BuildLiteBehavior [ RunTime:0.000046s ]
INFO: [ app_init ] --END-- [ RunTime:0.001067s ]
INFO: [ app_begin ] --START--
INFO: Run Behavior\ReadHtmlCacheBehavior [ RunTime:0.001192s ]
INFO: [ app_begin ] --END-- [ RunTime:0.001357s ]
SQL: SHOW COLUMNS FROM `work1` [ RunTime:0.0286s ]
SQL: SELECT * FROM `work1`  [ RunTime:0.0008s ]
SQL: SELECT * FROM `work1`  [ RunTime:0.0010s ]
SQL: SELECT * FROM `work1`  [ RunTime:0.0009s ]
SQL: SHOW COLUMNS FROM `filename` [ RunTime:0.0135s ]
SQL: SELECT * FROM `filename`  [ RunTime:0.0010s ]
SQL: SELECT * FROM `work1`  [ RunTime:0.0010s ]
SQL: SELECT * FROM `work1`  [ RunTime:0.0011s ]
INFO: [ view_parse ] --START--
INFO: [ template_filter ] --START--
INFO: Run Behavior\ContentReplaceBehavior [ RunTime:0.000179s ]
INFO: [ template_filter ] --END-- [ RunTime:0.000279s ]
INFO: Run Behavior\ParseTemplateBehavior [ RunTime:0.115811s ]
INFO: [ view_parse ] --END-- [ RunTime:0.115919s ]
INFO: [ view_filter ] --START--
INFO: Run Behavior\WriteHtmlCacheBehavior [ RunTime:0.000582s ]
INFO: [ view_filter ] --END-- [ RunTime:0.000646s ]
INFO: [ app_end ] --START--
INFO: Run Behavior\ShowPageTraceBehavior [ RunTime:0.001377s ]
INFO: [ app_end ] --END-- [ RunTime:0.001539s ]

[ 2017-03-02T23:28:58+08:00 ] ::1 /mooc/
INFO: [ app_init ] --START--
INFO: Run Behavior\BuildLiteBehavior [ RunTime:0.000078s ]
INFO: [ app_init ] --END-- [ RunTime:0.001148s ]
INFO: [ app_begin ] --START--
INFO: Run Behavior\ReadHtmlCacheBehavior [ RunTime:0.000946s ]
INFO: [ app_begin ] --END-- [ RunTime:0.001055s ]
SQL: SHOW COLUMNS FROM `work1` [ RunTime:0.0262s ]
SQL: SELECT * FROM `work1`  [ RunTime:0.0007s ]
SQL: SELECT * FROM `work1`  [ RunTime:0.0005s ]
SQL: SELECT * FROM `work1`  [ RunTime:0.0004s ]
SQL: SHOW COLUMNS FROM `filename` [ RunTime:0.0095s ]
SQL: SELECT * FROM `filename`  [ RunTime:0.0004s ]
SQL: SELECT * FROM `work1`  [ RunTime:0.0008s ]
SQL: SELECT * FROM `work1`  [ RunTime:0.0007s ]
INFO: [ view_parse ] --START--
INFO: [ template_filter ] --START--
INFO: Run Behavior\ContentReplaceBehavior [ RunTime:0.000170s ]
INFO: [ template_filter ] --END-- [ RunTime:0.000279s ]
INFO: Run Behavior\ParseTemplateBehavior [ RunTime:0.102525s ]
INFO: [ view_parse ] --END-- [ RunTime:0.102621s ]
INFO: [ view_filter ] --START--
INFO: Run Behavior\WriteHtmlCacheBehavior [ RunTime:0.000585s ]
INFO: [ view_filter ] --END-- [ RunTime:0.000643s ]
INFO: [ app_end ] --START--
INFO: Run Behavior\ShowPageTraceBehavior [ RunTime:0.001194s ]
INFO: [ app_end ] --END-- [ RunTime:0.001312s ]

[ 2017-03-02T23:29:30+08:00 ] ::1 /mooc/
INFO: [ app_init ] --START--
INFO: Run Behavior\BuildLiteBehavior [ RunTime:0.000028s ]
INFO: [ app_init ] --END-- [ RunTime:0.000754s ]
INFO: [ app_begin ] --START--
INFO: Run Behavior\ReadHtmlCacheBehavior [ RunTime:0.002803s ]
INFO: [ app_begin ] --END-- [ RunTime:0.002994s ]
SQL: SHOW COLUMNS FROM `work1` [ RunTime:0.0198s ]
SQL: SELECT * FROM `work1`  [ RunTime:0.0010s ]
SQL: SELECT * FROM `work1`  [ RunTime:0.0009s ]
SQL: SELECT * FROM `work1`  [ RunTime:0.0005s ]
SQL: SHOW COLUMNS FROM `filename` [ RunTime:0.0102s ]
SQL: SELECT * FROM `filename`  [ RunTime:0.0009s ]
SQL: SELECT * FROM `work1`  [ RunTime:0.0006s ]
SQL: SELECT * FROM `work1`  [ RunTime:0.0006s ]
INFO: [ view_parse ] --START--
INFO: [ template_filter ] --START--
INFO: Run Behavior\ContentReplaceBehavior [ RunTime:0.000173s ]
INFO: [ template_filter ] --END-- [ RunTime:0.000248s ]
INFO: Run Behavior\ParseTemplateBehavior [ RunTime:0.108739s ]
INFO: [ view_parse ] --END-- [ RunTime:0.108829s ]
INFO: [ view_filter ] --START--
INFO: Run Behavior\WriteHtmlCacheBehavior [ RunTime:0.000381s ]
INFO: [ view_filter ] --END-- [ RunTime:0.000429s ]
INFO: [ app_end ] --START--
INFO: Run Behavior\ShowPageTraceBehavior [ RunTime:0.001135s ]
INFO: [ app_end ] --END-- [ RunTime:0.001263s ]

[ 2017-03-02T23:29:47+08:00 ] ::1 /mooc/
INFO: [ app_init ] --START--
INFO: Run Behavior\BuildLiteBehavior [ RunTime:0.000018s ]
INFO: [ app_init ] --END-- [ RunTime:0.000554s ]
INFO: [ app_begin ] --START--
INFO: Run Behavior\ReadHtmlCacheBehavior [ RunTime:0.001003s ]
INFO: [ app_begin ] --END-- [ RunTime:0.001105s ]
SQL: SHOW COLUMNS FROM `work1` [ RunTime:0.0217s ]
SQL: SELECT * FROM `work1`  [ RunTime:0.0007s ]
SQL: SELECT * FROM `work1`  [ RunTime:0.0004s ]
SQL: SELECT * FROM `work1`  [ RunTime:0.0002s ]
SQL: SHOW COLUMNS FROM `filename` [ RunTime:0.0100s ]
SQL: SELECT * FROM `filename`  [ RunTime:0.0005s ]
SQL: SELECT * FROM `work1`  [ RunTime:0.0007s ]
SQL: SELECT * FROM `work1`  [ RunTime:0.0008s ]
INFO: [ view_parse ] --START--
INFO: [ template_filter ] --START--
INFO: Run Behavior\ContentReplaceBehavior [ RunTime:0.000120s ]
INFO: [ template_filter ] --END-- [ RunTime:0.000190s ]
INFO: Run Behavior\ParseTemplateBehavior [ RunTime:0.098551s ]
INFO: [ view_parse ] --END-- [ RunTime:0.098654s ]
INFO: [ view_filter ] --START--
INFO: Run Behavior\WriteHtmlCacheBehavior [ RunTime:0.000887s ]
INFO: [ view_filter ] --END-- [ RunTime:0.000998s ]
INFO: [ app_end ] --START--
INFO: Run Behavior\ShowPageTraceBehavior [ RunTime:0.001162s ]
INFO: [ app_end ] --END-- [ RunTime:0.001279s ]

[ 2017-03-02T23:32:41+08:00 ] ::1 /mooc/
INFO: [ app_init ] --START--
INFO: Run Behavior\BuildLiteBehavior [ RunTime:0.000294s ]
INFO: [ app_init ] --END-- [ RunTime:0.001922s ]
INFO: [ app_begin ] --START--
INFO: Run Behavior\ReadHtmlCacheBehavior [ RunTime:0.001367s ]
INFO: [ app_begin ] --END-- [ RunTime:0.001568s ]
SQL: SHOW COLUMNS FROM `work1` [ RunTime:0.0381s ]
SQL: SELECT * FROM `work1`  [ RunTime:0.0006s ]
SQL: SELECT * FROM `work1`  [ RunTime:0.0008s ]
SQL: SELECT * FROM `work1`  [ RunTime:0.0010s ]
SQL: SHOW COLUMNS FROM `filename` [ RunTime:0.0119s ]
SQL: SELECT * FROM `filename`  [ RunTime:0.0010s ]
SQL: SELECT * FROM `work1`  [ RunTime:0.0014s ]
SQL: SELECT * FROM `work1`  [ RunTime:0.0009s ]
INFO: [ view_parse ] --START--
INFO: [ template_filter ] --START--
INFO: Run Behavior\ContentReplaceBehavior [ RunTime:0.000162s ]
INFO: [ template_filter ] --END-- [ RunTime:0.000301s ]
INFO: Run Behavior\ParseTemplateBehavior [ RunTime:0.115318s ]
INFO: [ view_parse ] --END-- [ RunTime:0.115471s ]
INFO: [ view_filter ] --START--
INFO: Run Behavior\WriteHtmlCacheBehavior [ RunTime:0.000996s ]
INFO: [ view_filter ] --END-- [ RunTime:0.001240s ]
INFO: [ app_end ] --START--
INFO: Run Behavior\ShowPageTraceBehavior [ RunTime:0.002354s ]
INFO: [ app_end ] --END-- [ RunTime:0.002526s ]

[ 2017-03-02T23:35:01+08:00 ] ::1 /mooc/
INFO: [ app_init ] --START--
INFO: Run Behavior\BuildLiteBehavior [ RunTime:0.000025s ]
INFO: [ app_init ] --END-- [ RunTime:0.000728s ]
INFO: [ app_begin ] --START--
INFO: Run Behavior\ReadHtmlCacheBehavior [ RunTime:0.001002s ]
INFO: [ app_begin ] --END-- [ RunTime:0.001108s ]
SQL: SHOW COLUMNS FROM `work1` [ RunTime:0.0281s ]
SQL: SELECT * FROM `work1`  [ RunTime:0.0009s ]
SQL: SELECT * FROM `work1`  [ RunTime:0.0009s ]
SQL: SELECT * FROM `work1`  [ RunTime:0.0010s ]
SQL: SHOW COLUMNS FROM `filename` [ RunTime:0.0127s ]
SQL: SELECT * FROM `filename`  [ RunTime:0.0009s ]
SQL: SELECT * FROM `work1`  [ RunTime:0.0010s ]
SQL: SELECT * FROM `work1`  [ RunTime:0.0009s ]
INFO: [ view_parse ] --START--
INFO: [ template_filter ] --START--
INFO: Run Behavior\ContentReplaceBehavior [ RunTime:0.000166s ]
INFO: [ template_filter ] --END-- [ RunTime:0.000273s ]
INFO: Run Behavior\ParseTemplateBehavior [ RunTime:0.114903s ]
INFO: [ view_parse ] --END-- [ RunTime:0.115016s ]
INFO: [ view_filter ] --START--
INFO: Run Behavior\WriteHtmlCacheBehavior [ RunTime:0.000666s ]
INFO: [ view_filter ] --END-- [ RunTime:0.000732s ]
INFO: [ app_end ] --START--
INFO: Run Behavior\ShowPageTraceBehavior [ RunTime:0.004880s ]
INFO: [ app_end ] --END-- [ RunTime:0.005062s ]

[ 2017-03-02T23:36:15+08:00 ] ::1 /mooc/
INFO: [ app_init ] --START--
INFO: Run Behavior\BuildLiteBehavior [ RunTime:0.000025s ]
INFO: [ app_init ] --END-- [ RunTime:0.000626s ]
INFO: [ app_begin ] --START--
INFO: Run Behavior\ReadHtmlCacheBehavior [ RunTime:0.000782s ]
INFO: [ app_begin ] --END-- [ RunTime:0.000889s ]
SQL: SHOW COLUMNS FROM `work1` [ RunTime:0.0250s ]
SQL: SELECT * FROM `work1`  [ RunTime:0.0009s ]
SQL: SELECT * FROM `work1`  [ RunTime:0.0009s ]
SQL: SELECT * FROM `work1`  [ RunTime:0.0009s ]
SQL: SHOW COLUMNS FROM `filename` [ RunTime:0.0125s ]
SQL: SELECT * FROM `filename`  [ RunTime:0.0007s ]
SQL: SELECT * FROM `work1`  [ RunTime:0.0005s ]
SQL: SELECT * FROM `work1`  [ RunTime:0.0005s ]
INFO: [ view_parse ] --START--
INFO: [ template_filter ] --START--
INFO: Run Behavior\ContentReplaceBehavior [ RunTime:0.000180s ]
INFO: [ template_filter ] --END-- [ RunTime:0.000691s ]
INFO: Run Behavior\ParseTemplateBehavior [ RunTime:0.113577s ]
INFO: [ view_parse ] --END-- [ RunTime:0.113689s ]
INFO: [ view_filter ] --START--
INFO: Run Behavior\WriteHtmlCacheBehavior [ RunTime:0.000463s ]
INFO: [ view_filter ] --END-- [ RunTime:0.000526s ]
INFO: [ app_end ] --START--
INFO: Run Behavior\ShowPageTraceBehavior [ RunTime:0.002815s ]
INFO: [ app_end ] --END-- [ RunTime:0.002966s ]

