[ 2017-06-02T09:58:02+08:00 ] 14.116.141.129 /hnust/
INFO: [ app_init ] --START--
INFO: Run Behavior\BuildLiteBehavior [ RunTime:0.000024s ]
INFO: [ app_init ] --END-- [ RunTime:0.000100s ]
INFO: [ app_begin ] --START--
INFO: Run Behavior\ReadHtmlCacheBehavior [ RunTime:0.000031s ]
INFO: [ app_begin ] --END-- [ RunTime:0.000066s ]
SQL: SHOW COLUMNS FROM `hnust_supervisor` [ RunTime:0.0118s ]
SQL: SELECT * FROM `hnust_supervisor` WHERE `type` = '0' ORDER BY time desc LIMIT 14   [ RunTime:0.0331s ]
SQL: SELECT * FROM `hnust_supervisor` WHERE `type` = '1' ORDER BY time desc LIMIT 8   [ RunTime:0.0222s ]
SQL: SELECT * FROM `hnust_supervisor` WHERE `type` = '2' ORDER BY time desc LIMIT 8   [ RunTime:0.0114s ]
SQL: SELECT * FROM `hnust_supervisor` WHERE `type` = '3' ORDER BY time desc LIMIT 3   [ RunTime:0.0114s ]
SQL: SELECT * FROM `hnust_supervisor` WHERE `type` = '4' AND `imgurl` is not null ORDER BY time desc LIMIT 5   [ RunTime:0.2761s ]
SQL: SELECT * FROM `hnust_supervisor` WHERE `type` = '5' ORDER BY time desc LIMIT 3   [ RunTime:0.2649s ]
INFO: [ view_parse ] --START--
INFO: [ template_filter ] --START--
INFO: Run Behavior\ContentReplaceBehavior [ RunTime:0.000127s ]
INFO: [ template_filter ] --END-- [ RunTime:0.000200s ]
INFO: Run Behavior\ParseTemplateBehavior [ RunTime:0.018619s ]
INFO: [ view_parse ] --END-- [ RunTime:0.018691s ]
INFO: [ view_filter ] --START--
INFO: Run Behavior\WriteHtmlCacheBehavior [ RunTime:0.000071s ]
INFO: [ view_filter ] --END-- [ RunTime:0.000113s ]
INFO: [ app_end ] --START--
INFO: Run Behavior\ShowPageTraceBehavior [ RunTime:0.000064s ]
INFO: [ app_end ] --END-- [ RunTime:0.000116s ]

[ 2017-06-02T14:52:29+08:00 ] 218.75.247.247 /hnust/
INFO: [ app_init ] --START--
INFO: Run Behavior\BuildLiteBehavior [ RunTime:0.000011s ]
INFO: [ app_init ] --END-- [ RunTime:0.000071s ]
INFO: [ app_begin ] --START--
INFO: Run Behavior\ReadHtmlCacheBehavior [ RunTime:0.000048s ]
INFO: [ app_begin ] --END-- [ RunTime:0.000092s ]
SQL: SHOW COLUMNS FROM `hnust_supervisor` [ RunTime:0.0109s ]
SQL: SELECT * FROM `hnust_supervisor` WHERE `type` = '0' ORDER BY time desc LIMIT 14   [ RunTime:0.0309s ]
SQL: SELECT * FROM `hnust_supervisor` WHERE `type` = '1' ORDER BY time desc LIMIT 8   [ RunTime:0.0206s ]
SQL: SELECT * FROM `hnust_supervisor` WHERE `type` = '2' ORDER BY time desc LIMIT 8   [ RunTime:0.0109s ]
SQL: SELECT * FROM `hnust_supervisor` WHERE `type` = '3' ORDER BY time desc LIMIT 3   [ RunTime:0.0105s ]
SQL: SELECT * FROM `hnust_supervisor` WHERE `type` = '4' AND `imgurl` is not null ORDER BY time desc LIMIT 5   [ RunTime:0.2719s ]
SQL: SELECT * FROM `hnust_supervisor` WHERE `type` = '5' ORDER BY time desc LIMIT 3   [ RunTime:0.2613s ]
INFO: [ view_parse ] --START--
INFO: [ template_filter ] --START--
INFO: Run Behavior\ContentReplaceBehavior [ RunTime:0.000103s ]
INFO: [ template_filter ] --END-- [ RunTime:0.000164s ]
INFO: Run Behavior\ParseTemplateBehavior [ RunTime:0.012531s ]
INFO: [ view_parse ] --END-- [ RunTime:0.012585s ]
INFO: [ view_filter ] --START--
INFO: Run Behavior\WriteHtmlCacheBehavior [ RunTime:0.000047s ]
INFO: [ view_filter ] --END-- [ RunTime:0.000071s ]
INFO: [ app_end ] --START--
INFO: Run Behavior\ShowPageTraceBehavior [ RunTime:0.000050s ]
INFO: [ app_end ] --END-- [ RunTime:0.000091s ]

[ 2017-06-02T18:02:48+08:00 ] 218.75.247.247 /hnust/
INFO: [ app_init ] --START--
INFO: Run Behavior\BuildLiteBehavior [ RunTime:0.000010s ]
INFO: [ app_init ] --END-- [ RunTime:0.000082s ]
INFO: [ app_begin ] --START--
INFO: Run Behavior\ReadHtmlCacheBehavior [ RunTime:0.000039s ]
INFO: [ app_begin ] --END-- [ RunTime:0.000068s ]
SQL: SHOW COLUMNS FROM `hnust_supervisor` [ RunTime:0.0097s ]
SQL: SELECT * FROM `hnust_supervisor` WHERE `type` = '0' ORDER BY time desc LIMIT 14   [ RunTime:0.0273s ]
SQL: SELECT * FROM `hnust_supervisor` WHERE `type` = '1' ORDER BY time desc LIMIT 8   [ RunTime:0.0184s ]
SQL: SELECT * FROM `hnust_supervisor` WHERE `type` = '2' ORDER BY time desc LIMIT 8   [ RunTime:0.0095s ]
SQL: SELECT * FROM `hnust_supervisor` WHERE `type` = '3' ORDER BY time desc LIMIT 3   [ RunTime:0.2708s ]
SQL: SELECT * FROM `hnust_supervisor` WHERE `type` = '4' AND `imgurl` is not null ORDER BY time desc LIMIT 5   [ RunTime:0.0536s ]
SQL: SELECT * FROM `hnust_supervisor` WHERE `type` = '5' ORDER BY time desc LIMIT 3   [ RunTime:0.2547s ]
INFO: [ view_parse ] --START--
INFO: [ template_filter ] --START--
INFO: Run Behavior\ContentReplaceBehavior [ RunTime:0.000099s ]
INFO: [ template_filter ] --END-- [ RunTime:0.000155s ]
INFO: Run Behavior\ParseTemplateBehavior [ RunTime:0.013342s ]
INFO: [ view_parse ] --END-- [ RunTime:0.013392s ]
INFO: [ view_filter ] --START--
INFO: Run Behavior\WriteHtmlCacheBehavior [ RunTime:0.000077s ]
INFO: [ view_filter ] --END-- [ RunTime:0.000105s ]
INFO: [ app_end ] --START--
INFO: Run Behavior\ShowPageTraceBehavior [ RunTime:0.000045s ]
INFO: [ app_end ] --END-- [ RunTime:0.000080s ]

[ 2017-06-02T18:02:53+08:00 ] 101.226.102.97 /hnust/
INFO: [ app_init ] --START--
INFO: Run Behavior\BuildLiteBehavior [ RunTime:0.000009s ]
INFO: [ app_init ] --END-- [ RunTime:0.000074s ]
INFO: [ app_begin ] --START--
INFO: Run Behavior\ReadHtmlCacheBehavior [ RunTime:0.000031s ]
INFO: [ app_begin ] --END-- [ RunTime:0.000057s ]
SQL: SHOW COLUMNS FROM `hnust_supervisor` [ RunTime:0.0095s ]
SQL: SELECT * FROM `hnust_supervisor` WHERE `type` = '0' ORDER BY time desc LIMIT 14   [ RunTime:0.0271s ]
SQL: SELECT * FROM `hnust_supervisor` WHERE `type` = '1' ORDER BY time desc LIMIT 8   [ RunTime:0.0184s ]
SQL: SELECT * FROM `hnust_supervisor` WHERE `type` = '2' ORDER BY time desc LIMIT 8   [ RunTime:0.0094s ]
SQL: SELECT * FROM `hnust_supervisor` WHERE `type` = '3' ORDER BY time desc LIMIT 3   [ RunTime:0.2263s ]
SQL: SELECT * FROM `hnust_supervisor` WHERE `type` = '4' AND `imgurl` is not null ORDER BY time desc LIMIT 5   [ RunTime:0.5594s ]
SQL: SELECT * FROM `hnust_supervisor` WHERE `type` = '5' ORDER BY time desc LIMIT 3   [ RunTime:0.0932s ]
INFO: [ view_parse ] --START--
INFO: [ template_filter ] --START--
INFO: Run Behavior\ContentReplaceBehavior [ RunTime:0.000175s ]
INFO: [ template_filter ] --END-- [ RunTime:0.000245s ]
INFO: Run Behavior\ParseTemplateBehavior [ RunTime:0.020341s ]
INFO: [ view_parse ] --END-- [ RunTime:0.020411s ]
INFO: [ view_filter ] --START--
INFO: Run Behavior\WriteHtmlCacheBehavior [ RunTime:0.000068s ]
INFO: [ view_filter ] --END-- [ RunTime:0.000109s ]
INFO: [ app_end ] --START--
INFO: Run Behavior\ShowPageTraceBehavior [ RunTime:0.000058s ]
INFO: [ app_end ] --END-- [ RunTime:0.000107s ]

[ 2017-06-02T18:02:55+08:00 ] 180.153.160.24 /hnust/
INFO: [ app_init ] --START--
INFO: Run Behavior\BuildLiteBehavior [ RunTime:0.000009s ]
INFO: [ app_init ] --END-- [ RunTime:0.000070s ]
INFO: [ app_begin ] --START--
INFO: Run Behavior\ReadHtmlCacheBehavior [ RunTime:0.000027s ]
INFO: [ app_begin ] --END-- [ RunTime:0.000056s ]
SQL: SHOW COLUMNS FROM `hnust_supervisor` [ RunTime:0.0076s ]
SQL: SELECT * FROM `hnust_supervisor` WHERE `type` = '0' ORDER BY time desc LIMIT 14   [ RunTime:0.2744s ]
SQL: SELECT * FROM `hnust_supervisor` WHERE `type` = '1' ORDER BY time desc LIMIT 8   [ RunTime:0.5319s ]
SQL: SELECT * FROM `hnust_supervisor` WHERE `type` = '2' ORDER BY time desc LIMIT 8   [ RunTime:0.2988s ]
SQL: SELECT * FROM `hnust_supervisor` WHERE `type` = '3' ORDER BY time desc LIMIT 3   [ RunTime:0.2887s ]
SQL: SELECT * FROM `hnust_supervisor` WHERE `type` = '4' AND `imgurl` is not null ORDER BY time desc LIMIT 5   [ RunTime:0.5284s ]
SQL: SELECT * FROM `hnust_supervisor` WHERE `type` = '5' ORDER BY time desc LIMIT 3   [ RunTime:0.3058s ]
INFO: [ view_parse ] --START--
INFO: [ template_filter ] --START--
INFO: Run Behavior\ContentReplaceBehavior [ RunTime:0.000097s ]
INFO: [ template_filter ] --END-- [ RunTime:0.000149s ]
INFO: Run Behavior\ParseTemplateBehavior [ RunTime:0.012948s ]
INFO: [ view_parse ] --END-- [ RunTime:0.013011s ]
INFO: [ view_filter ] --START--
INFO: Run Behavior\WriteHtmlCacheBehavior [ RunTime:0.000046s ]
INFO: [ view_filter ] --END-- [ RunTime:0.000088s ]
INFO: [ app_end ] --START--
INFO: Run Behavior\ShowPageTraceBehavior [ RunTime:0.000035s ]
INFO: [ app_end ] --END-- [ RunTime:0.000074s ]

[ 2017-06-02T18:02:56+08:00 ] 101.226.65.107 /hnust/
INFO: [ app_init ] --START--
INFO: Run Behavior\BuildLiteBehavior [ RunTime:0.000013s ]
INFO: [ app_init ] --END-- [ RunTime:0.000074s ]
INFO: [ app_begin ] --START--
INFO: Run Behavior\ReadHtmlCacheBehavior [ RunTime:0.000029s ]
INFO: [ app_begin ] --END-- [ RunTime:0.000064s ]
SQL: SHOW COLUMNS FROM `hnust_supervisor` [ RunTime:0.0090s ]
SQL: SELECT * FROM `hnust_supervisor` WHERE `type` = '0' ORDER BY time desc LIMIT 14   [ RunTime:0.7522s ]
SQL: SELECT * FROM `hnust_supervisor` WHERE `type` = '1' ORDER BY time desc LIMIT 8   [ RunTime:0.3702s ]
SQL: SELECT * FROM `hnust_supervisor` WHERE `type` = '2' ORDER BY time desc LIMIT 8   [ RunTime:0.3657s ]
SQL: SELECT * FROM `hnust_supervisor` WHERE `type` = '3' ORDER BY time desc LIMIT 3   [ RunTime:0.0585s ]
SQL: SELECT * FROM `hnust_supervisor` WHERE `type` = '4' AND `imgurl` is not null ORDER BY time desc LIMIT 5   [ RunTime:0.2779s ]
SQL: SELECT * FROM `hnust_supervisor` WHERE `type` = '5' ORDER BY time desc LIMIT 3   [ RunTime:0.0252s ]
INFO: [ view_parse ] --START--
INFO: [ template_filter ] --START--
INFO: Run Behavior\ContentReplaceBehavior [ RunTime:0.000125s ]
INFO: [ template_filter ] --END-- [ RunTime:0.000188s ]
INFO: Run Behavior\ParseTemplateBehavior [ RunTime:0.024318s ]
INFO: [ view_parse ] --END-- [ RunTime:0.024385s ]
INFO: [ view_filter ] --START--
INFO: Run Behavior\WriteHtmlCacheBehavior [ RunTime:0.000058s ]
INFO: [ view_filter ] --END-- [ RunTime:0.000085s ]
INFO: [ app_end ] --START--
INFO: Run Behavior\ShowPageTraceBehavior [ RunTime:0.000039s ]
INFO: [ app_end ] --END-- [ RunTime:0.000076s ]

[ 2017-06-02T18:02:59+08:00 ] 218.75.230.12 /hnust/
INFO: [ app_init ] --START--
INFO: Run Behavior\BuildLiteBehavior [ RunTime:0.000013s ]
INFO: [ app_init ] --END-- [ RunTime:0.000105s ]
INFO: [ app_begin ] --START--
INFO: Run Behavior\ReadHtmlCacheBehavior [ RunTime:0.000044s ]
INFO: [ app_begin ] --END-- [ RunTime:0.000088s ]
SQL: SHOW COLUMNS FROM `hnust_supervisor` [ RunTime:0.0090s ]
SQL: SELECT * FROM `hnust_supervisor` WHERE `type` = '0' ORDER BY time desc LIMIT 14   [ RunTime:0.0252s ]
SQL: SELECT * FROM `hnust_supervisor` WHERE `type` = '1' ORDER BY time desc LIMIT 8   [ RunTime:0.0171s ]
SQL: SELECT * FROM `hnust_supervisor` WHERE `type` = '2' ORDER BY time desc LIMIT 8   [ RunTime:0.0087s ]
SQL: SELECT * FROM `hnust_supervisor` WHERE `type` = '3' ORDER BY time desc LIMIT 3   [ RunTime:0.0168s ]
SQL: SELECT * FROM `hnust_supervisor` WHERE `type` = '4' AND `imgurl` is not null ORDER BY time desc LIMIT 5   [ RunTime:0.2939s ]
SQL: SELECT * FROM `hnust_supervisor` WHERE `type` = '5' ORDER BY time desc LIMIT 3   [ RunTime:0.2574s ]
INFO: [ view_parse ] --START--
INFO: [ template_filter ] --START--
INFO: Run Behavior\ContentReplaceBehavior [ RunTime:0.000121s ]
INFO: [ template_filter ] --END-- [ RunTime:0.000196s ]
INFO: Run Behavior\ParseTemplateBehavior [ RunTime:0.013301s ]
INFO: [ view_parse ] --END-- [ RunTime:0.013352s ]
INFO: [ view_filter ] --START--
INFO: Run Behavior\WriteHtmlCacheBehavior [ RunTime:0.000048s ]
INFO: [ view_filter ] --END-- [ RunTime:0.000073s ]
INFO: [ app_end ] --START--
INFO: Run Behavior\ShowPageTraceBehavior [ RunTime:0.000052s ]
INFO: [ app_end ] --END-- [ RunTime:0.000101s ]

[ 2017-06-02T18:03:36+08:00 ] 218.75.230.12 /hnust/index.php/more?type=7&d=file
INFO: [ app_init ] --START--
INFO: Run Behavior\BuildLiteBehavior [ RunTime:0.000013s ]
INFO: [ app_init ] --END-- [ RunTime:0.000103s ]
INFO: [ app_begin ] --START--
INFO: Run Behavior\ReadHtmlCacheBehavior [ RunTime:0.000048s ]
INFO: [ app_begin ] --END-- [ RunTime:0.000101s ]
INFO: [ view_parse ] --START--
INFO: [ template_filter ] --START--
INFO: Run Behavior\ContentReplaceBehavior [ RunTime:0.000063s ]
INFO: [ template_filter ] --END-- [ RunTime:0.000124s ]
NOTIC: [8] Undefined variable: content /home/ubuntu/hnust/HNUST/Runtime/Cache/Home/78782fd6f7f1ba7737967cc554d01190.php 第 129 行.
INFO: Run Behavior\ParseTemplateBehavior [ RunTime:0.005752s ]
INFO: [ view_parse ] --END-- [ RunTime:0.005798s ]
INFO: [ view_filter ] --START--
INFO: Run Behavior\WriteHtmlCacheBehavior [ RunTime:0.000055s ]
INFO: [ view_filter ] --END-- [ RunTime:0.000093s ]
INFO: [ app_end ] --START--
INFO: Run Behavior\ShowPageTraceBehavior [ RunTime:0.000055s ]
INFO: [ app_end ] --END-- [ RunTime:0.000139s ]

[ 2017-06-02T18:03:36+08:00 ] 218.75.230.12 /hnust/index.php/nextPage?type=7&d=file
INFO: [ app_init ] --START--
INFO: Run Behavior\BuildLiteBehavior [ RunTime:0.000011s ]
INFO: [ app_init ] --END-- [ RunTime:0.000070s ]
INFO: [ app_begin ] --START--
INFO: Run Behavior\ReadHtmlCacheBehavior [ RunTime:0.000028s ]
INFO: [ app_begin ] --END-- [ RunTime:0.000057s ]
SQL: SHOW COLUMNS FROM `hnust_supervisor` [ RunTime:0.0113s ]
SQL: SELECT * FROM `hnust_supervisor` WHERE `type` = '7' ORDER BY time desc LIMIT 0,10   [ RunTime:0.0111s ]
INFO: [ view_parse ] --START--
INFO: [ template_filter ] --START--
INFO: Run Behavior\ContentReplaceBehavior [ RunTime:0.000109s ]
INFO: [ template_filter ] --END-- [ RunTime:0.000167s ]
INFO: Run Behavior\ParseTemplateBehavior [ RunTime:0.001626s ]
INFO: [ view_parse ] --END-- [ RunTime:0.001680s ]
INFO: [ view_filter ] --START--
INFO: Run Behavior\WriteHtmlCacheBehavior [ RunTime:0.000048s ]
INFO: [ view_filter ] --END-- [ RunTime:0.000085s ]
SQL: SELECT count(*) FROM `hnust_supervisor` WHERE `type` = '7'  [ RunTime:0.0108s ]

[ 2017-06-02T18:03:41+08:00 ] 218.75.230.12 /hnust/index.php/more?type=4&d=inform
INFO: [ app_init ] --START--
INFO: Run Behavior\BuildLiteBehavior [ RunTime:0.000015s ]
INFO: [ app_init ] --END-- [ RunTime:0.000110s ]
INFO: [ app_begin ] --START--
INFO: Run Behavior\ReadHtmlCacheBehavior [ RunTime:0.000046s ]
INFO: [ app_begin ] --END-- [ RunTime:0.000092s ]
INFO: [ view_parse ] --START--
INFO: [ template_filter ] --START--
INFO: Run Behavior\ContentReplaceBehavior [ RunTime:0.000048s ]
INFO: [ template_filter ] --END-- [ RunTime:0.000092s ]
NOTIC: [8] Undefined variable: content /home/ubuntu/hnust/HNUST/Runtime/Cache/Home/78782fd6f7f1ba7737967cc554d01190.php 第 129 行.
INFO: Run Behavior\ParseTemplateBehavior [ RunTime:0.004659s ]
INFO: [ view_parse ] --END-- [ RunTime:0.004701s ]
INFO: [ view_filter ] --START--
INFO: Run Behavior\WriteHtmlCacheBehavior [ RunTime:0.000039s ]
INFO: [ view_filter ] --END-- [ RunTime:0.000064s ]
INFO: [ app_end ] --START--
INFO: Run Behavior\ShowPageTraceBehavior [ RunTime:0.000035s ]
INFO: [ app_end ] --END-- [ RunTime:0.000068s ]

[ 2017-06-02T18:03:41+08:00 ] 218.75.230.12 /hnust/index.php/nextPage?type=4&d=inform
INFO: [ app_init ] --START--
INFO: Run Behavior\BuildLiteBehavior [ RunTime:0.000014s ]
INFO: [ app_init ] --END-- [ RunTime:0.000085s ]
INFO: [ app_begin ] --START--
INFO: Run Behavior\ReadHtmlCacheBehavior [ RunTime:0.000031s ]
INFO: [ app_begin ] --END-- [ RunTime:0.000061s ]
SQL: SHOW COLUMNS FROM `hnust_supervisor` [ RunTime:0.0098s ]
SQL: SELECT * FROM `hnust_supervisor` WHERE `type` = '4' ORDER BY time desc LIMIT 0,8   [ RunTime:0.0281s ]
INFO: [ view_parse ] --START--
INFO: [ template_filter ] --START--
INFO: Run Behavior\ContentReplaceBehavior [ RunTime:0.000041s ]
INFO: [ template_filter ] --END-- [ RunTime:0.000093s ]
INFO: Run Behavior\ParseTemplateBehavior [ RunTime:0.008471s ]
INFO: [ view_parse ] --END-- [ RunTime:0.008547s ]
INFO: [ view_filter ] --START--
INFO: Run Behavior\WriteHtmlCacheBehavior [ RunTime:0.000069s ]
INFO: [ view_filter ] --END-- [ RunTime:0.000111s ]
SQL: SELECT count(*) FROM `hnust_supervisor` WHERE `type` = '4' ORDER BY time  [ RunTime:0.0095s ]

[ 2017-06-02T18:03:52+08:00 ] 218.75.230.12 /hnust/index.php/more?type=3&d=inform
INFO: [ app_init ] --START--
INFO: Run Behavior\BuildLiteBehavior [ RunTime:0.000014s ]
INFO: [ app_init ] --END-- [ RunTime:0.000137s ]
INFO: [ app_begin ] --START--
INFO: Run Behavior\ReadHtmlCacheBehavior [ RunTime:0.000042s ]
INFO: [ app_begin ] --END-- [ RunTime:0.000083s ]
INFO: [ view_parse ] --START--
INFO: [ template_filter ] --START--
INFO: Run Behavior\ContentReplaceBehavior [ RunTime:0.000113s ]
INFO: [ template_filter ] --END-- [ RunTime:0.000166s ]
NOTIC: [8] Undefined variable: content /home/ubuntu/hnust/HNUST/Runtime/Cache/Home/78782fd6f7f1ba7737967cc554d01190.php 第 129 行.
INFO: Run Behavior\ParseTemplateBehavior [ RunTime:0.004113s ]
INFO: [ view_parse ] --END-- [ RunTime:0.004144s ]
INFO: [ view_filter ] --START--
INFO: Run Behavior\WriteHtmlCacheBehavior [ RunTime:0.000041s ]
INFO: [ view_filter ] --END-- [ RunTime:0.000074s ]
INFO: [ app_end ] --START--
INFO: Run Behavior\ShowPageTraceBehavior [ RunTime:0.000036s ]
INFO: [ app_end ] --END-- [ RunTime:0.000068s ]

[ 2017-06-02T18:03:52+08:00 ] 218.75.230.12 /hnust/index.php/nextPage?type=3&d=inform
INFO: [ app_init ] --START--
INFO: Run Behavior\BuildLiteBehavior [ RunTime:0.000010s ]
INFO: [ app_init ] --END-- [ RunTime:0.000063s ]
INFO: [ app_begin ] --START--
INFO: Run Behavior\ReadHtmlCacheBehavior [ RunTime:0.000036s ]
INFO: [ app_begin ] --END-- [ RunTime:0.000069s ]
SQL: SHOW COLUMNS FROM `hnust_supervisor` [ RunTime:0.0095s ]
SQL: SELECT * FROM `hnust_supervisor` WHERE `type` = '3' ORDER BY time desc LIMIT 0,10   [ RunTime:0.0369s ]
INFO: [ view_parse ] --START--
INFO: [ template_filter ] --START--
INFO: Run Behavior\ContentReplaceBehavior [ RunTime:0.000041s ]
INFO: [ template_filter ] --END-- [ RunTime:0.000092s ]
INFO: Run Behavior\ParseTemplateBehavior [ RunTime:0.001554s ]
INFO: [ view_parse ] --END-- [ RunTime:0.001605s ]
INFO: [ view_filter ] --START--
INFO: Run Behavior\WriteHtmlCacheBehavior [ RunTime:0.000043s ]
INFO: [ view_filter ] --END-- [ RunTime:0.000077s ]
SQL: SELECT count(*) FROM `hnust_supervisor` WHERE `type` = '3'  [ RunTime:0.0094s ]

[ 2017-06-02T18:05:12+08:00 ] 218.75.230.12 /hnust/index.php/more?type=5&d=inform
INFO: [ app_init ] --START--
INFO: Run Behavior\BuildLiteBehavior [ RunTime:0.000011s ]
INFO: [ app_init ] --END-- [ RunTime:0.000079s ]
INFO: [ app_begin ] --START--
INFO: Run Behavior\ReadHtmlCacheBehavior [ RunTime:0.000045s ]
INFO: [ app_begin ] --END-- [ RunTime:0.000086s ]
INFO: [ view_parse ] --START--
INFO: [ template_filter ] --START--
INFO: Run Behavior\ContentReplaceBehavior [ RunTime:0.000066s ]
INFO: [ template_filter ] --END-- [ RunTime:0.000118s ]
NOTIC: [8] Undefined variable: content /home/ubuntu/hnust/HNUST/Runtime/Cache/Home/78782fd6f7f1ba7737967cc554d01190.php 第 129 行.
INFO: Run Behavior\ParseTemplateBehavior [ RunTime:0.003438s ]
INFO: [ view_parse ] --END-- [ RunTime:0.003473s ]
INFO: [ view_filter ] --START--
INFO: Run Behavior\WriteHtmlCacheBehavior [ RunTime:0.000036s ]
INFO: [ view_filter ] --END-- [ RunTime:0.000061s ]
INFO: [ app_end ] --START--
INFO: Run Behavior\ShowPageTraceBehavior [ RunTime:0.000041s ]
INFO: [ app_end ] --END-- [ RunTime:0.000077s ]

[ 2017-06-02T18:05:12+08:00 ] 218.75.230.12 /hnust/index.php/nextPage?type=5&d=inform
INFO: [ app_init ] --START--
INFO: Run Behavior\BuildLiteBehavior [ RunTime:0.000011s ]
INFO: [ app_init ] --END-- [ RunTime:0.000085s ]
INFO: [ app_begin ] --START--
INFO: Run Behavior\ReadHtmlCacheBehavior [ RunTime:0.000040s ]
INFO: [ app_begin ] --END-- [ RunTime:0.000073s ]
SQL: SHOW COLUMNS FROM `hnust_supervisor` [ RunTime:0.0094s ]
SQL: SELECT * FROM `hnust_supervisor` WHERE `type` = '5' ORDER BY time desc LIMIT 0,10   [ RunTime:0.0356s ]
INFO: [ view_parse ] --START--
INFO: [ template_filter ] --START--
INFO: Run Behavior\ContentReplaceBehavior [ RunTime:0.000041s ]
INFO: [ template_filter ] --END-- [ RunTime:0.000137s ]
INFO: Run Behavior\ParseTemplateBehavior [ RunTime:0.001649s ]
INFO: [ view_parse ] --END-- [ RunTime:0.001708s ]
INFO: [ view_filter ] --START--
INFO: Run Behavior\WriteHtmlCacheBehavior [ RunTime:0.000043s ]
INFO: [ view_filter ] --END-- [ RunTime:0.000077s ]
SQL: SELECT count(*) FROM `hnust_supervisor` WHERE `type` = '5'  [ RunTime:0.0092s ]

[ 2017-06-02T18:07:30+08:00 ] 218.75.230.12 /hnust/index.php/more?type=4&d=inform
INFO: [ app_init ] --START--
INFO: Run Behavior\BuildLiteBehavior [ RunTime:0.000010s ]
INFO: [ app_init ] --END-- [ RunTime:0.000098s ]
INFO: [ app_begin ] --START--
INFO: Run Behavior\ReadHtmlCacheBehavior [ RunTime:0.000086s ]
INFO: [ app_begin ] --END-- [ RunTime:0.000139s ]
INFO: [ view_parse ] --START--
INFO: [ template_filter ] --START--
INFO: Run Behavior\ContentReplaceBehavior [ RunTime:0.000050s ]
INFO: [ template_filter ] --END-- [ RunTime:0.000089s ]
NOTIC: [8] Undefined variable: content /home/ubuntu/hnust/HNUST/Runtime/Cache/Home/78782fd6f7f1ba7737967cc554d01190.php 第 129 行.
INFO: Run Behavior\ParseTemplateBehavior [ RunTime:0.003626s ]
INFO: [ view_parse ] --END-- [ RunTime:0.003656s ]
INFO: [ view_filter ] --START--
INFO: Run Behavior\WriteHtmlCacheBehavior [ RunTime:0.000034s ]
INFO: [ view_filter ] --END-- [ RunTime:0.000057s ]
INFO: [ app_end ] --START--
INFO: Run Behavior\ShowPageTraceBehavior [ RunTime:0.000036s ]
INFO: [ app_end ] --END-- [ RunTime:0.000066s ]

[ 2017-06-02T18:07:30+08:00 ] 218.75.230.12 /hnust/index.php/nextPage?type=4&d=inform
INFO: [ app_init ] --START--
INFO: Run Behavior\BuildLiteBehavior [ RunTime:0.000016s ]
INFO: [ app_init ] --END-- [ RunTime:0.000098s ]
INFO: [ app_begin ] --START--
INFO: Run Behavior\ReadHtmlCacheBehavior [ RunTime:0.000037s ]
INFO: [ app_begin ] --END-- [ RunTime:0.000072s ]
SQL: SHOW COLUMNS FROM `hnust_supervisor` [ RunTime:0.0113s ]
SQL: SELECT * FROM `hnust_supervisor` WHERE `type` = '4' ORDER BY time desc LIMIT 0,8   [ RunTime:0.0318s ]
INFO: [ view_parse ] --START--
INFO: [ template_filter ] --START--
INFO: Run Behavior\ContentReplaceBehavior [ RunTime:0.000045s ]
INFO: [ template_filter ] --END-- [ RunTime:0.000079s ]
INFO: Run Behavior\ParseTemplateBehavior [ RunTime:0.001316s ]
INFO: [ view_parse ] --END-- [ RunTime:0.001360s ]
INFO: [ view_filter ] --START--
INFO: Run Behavior\WriteHtmlCacheBehavior [ RunTime:0.000033s ]
INFO: [ view_filter ] --END-- [ RunTime:0.000056s ]
SQL: SELECT count(*) FROM `hnust_supervisor` WHERE `type` = '4' ORDER BY time  [ RunTime:0.0104s ]

