[ 2017-05-10T15:08:18+08:00 ] 218.75.230.17 /hnust/
INFO: [ app_init ] --START--
INFO: Run Behavior\BuildLiteBehavior [ RunTime:0.000015s ]
INFO: [ app_init ] --END-- [ RunTime:0.000107s ]
INFO: [ app_begin ] --START--
INFO: Run Behavior\ReadHtmlCacheBehavior [ RunTime:0.000054s ]
INFO: [ app_begin ] --END-- [ RunTime:0.000159s ]
SQL: SHOW COLUMNS FROM `hnust_supervisor` [ RunTime:0.0088s ]
SQL: SELECT * FROM `hnust_supervisor` WHERE `type` = '0' ORDER BY time desc LIMIT 14   [ RunTime:0.0247s ]
SQL: SELECT * FROM `hnust_supervisor` WHERE `type` = '1' ORDER BY time desc LIMIT 8   [ RunTime:0.0167s ]
SQL: SELECT * FROM `hnust_supervisor` WHERE `type` = '2' ORDER BY time desc LIMIT 8   [ RunTime:0.0086s ]
SQL: SELECT * FROM `hnust_supervisor` WHERE `type` = '3' ORDER BY time desc LIMIT 3   [ RunTime:0.0084s ]
SQL: SELECT * FROM `hnust_supervisor` WHERE `type` = '4' AND `imgurl` is not null ORDER BY time desc LIMIT 5   [ RunTime:0.2495s ]
SQL: SELECT * FROM `hnust_supervisor` WHERE `type` = '5' ORDER BY time desc LIMIT 3   [ RunTime:0.0247s ]
INFO: [ view_parse ] --START--
INFO: [ template_filter ] --START--
INFO: Run Behavior\ContentReplaceBehavior [ RunTime:0.000220s ]
INFO: [ template_filter ] --END-- [ RunTime:0.000296s ]
INFO: Run Behavior\ParseTemplateBehavior [ RunTime:0.023401s ]
INFO: [ view_parse ] --END-- [ RunTime:0.023485s ]
INFO: [ view_filter ] --START--
INFO: Run Behavior\WriteHtmlCacheBehavior [ RunTime:0.000094s ]
INFO: [ view_filter ] --END-- [ RunTime:0.000136s ]
INFO: [ app_end ] --START--
INFO: Run Behavior\ShowPageTraceBehavior [ RunTime:0.000085s ]
INFO: [ app_end ] --END-- [ RunTime:0.000138s ]

[ 2017-05-10T15:08:55+08:00 ] 218.75.230.17 /hnust/index.php//home/file/getfile?type=2&id=c32323cfaf037cd8fd88ef30ea6347e9
INFO: [ app_init ] --START--
INFO: Run Behavior\BuildLiteBehavior [ RunTime:0.000012s ]
INFO: [ app_init ] --END-- [ RunTime:0.000080s ]
INFO: [ app_begin ] --START--
INFO: Run Behavior\ReadHtmlCacheBehavior [ RunTime:0.000051s ]
INFO: [ app_begin ] --END-- [ RunTime:0.000101s ]
SQL: SHOW COLUMNS FROM `hnust_supervisor` [ RunTime:0.0086s ]
SQL: SELECT * FROM `hnust_supervisor` WHERE `id` = 'c32323cfaf037cd8fd88ef30ea6347e9' LIMIT 1   [ RunTime:0.0095s ]
SQL: UPDATE `hnust_supervisor` SET `clicknum`=clicknum+1 WHERE `id` = 'c32323cfaf037cd8fd88ef30ea6347e9' [ RunTime:0.0425s ]
SQL: SELECT * FROM `hnust_supervisor` ORDER BY time desc LIMIT 6   [ RunTime:0.0169s ]
INFO: [ view_parse ] --START--
INFO: [ template_filter ] --START--
INFO: Run Behavior\ContentReplaceBehavior [ RunTime:0.000069s ]
INFO: [ template_filter ] --END-- [ RunTime:0.000186s ]
INFO: Run Behavior\ParseTemplateBehavior [ RunTime:0.004349s ]
INFO: [ view_parse ] --END-- [ RunTime:0.004960s ]
INFO: [ view_filter ] --START--
INFO: Run Behavior\WriteHtmlCacheBehavior [ RunTime:0.000060s ]
INFO: [ view_filter ] --END-- [ RunTime:0.000089s ]
INFO: [ app_end ] --START--
INFO: Run Behavior\ShowPageTraceBehavior [ RunTime:0.000057s ]
INFO: [ app_end ] --END-- [ RunTime:0.000105s ]

[ 2017-05-10T15:09:02+08:00 ] 218.75.230.17 /hnust/index.php/home/file/getfile?type=2&id=48bc68c0020c76e11b44f9e19c27668d
INFO: [ app_init ] --START--
INFO: Run Behavior\BuildLiteBehavior [ RunTime:0.000013s ]
INFO: [ app_init ] --END-- [ RunTime:0.000102s ]
INFO: [ app_begin ] --START--
INFO: Run Behavior\ReadHtmlCacheBehavior [ RunTime:0.000049s ]
INFO: [ app_begin ] --END-- [ RunTime:0.000093s ]
SQL: SHOW COLUMNS FROM `hnust_supervisor` [ RunTime:0.0085s ]
SQL: SELECT * FROM `hnust_supervisor` WHERE `id` = '48bc68c0020c76e11b44f9e19c27668d' LIMIT 1   [ RunTime:0.0083s ]
SQL: UPDATE `hnust_supervisor` SET `clicknum`=clicknum+1 WHERE `id` = '48bc68c0020c76e11b44f9e19c27668d' [ RunTime:0.0086s ]
SQL: SELECT * FROM `hnust_supervisor` ORDER BY time desc LIMIT 6   [ RunTime:0.0165s ]
INFO: [ view_parse ] --START--
INFO: [ template_filter ] --START--
INFO: Run Behavior\ContentReplaceBehavior [ RunTime:0.000071s ]
INFO: [ template_filter ] --END-- [ RunTime:0.000139s ]
INFO: Run Behavior\ParseTemplateBehavior [ RunTime:0.021858s ]
INFO: [ view_parse ] --END-- [ RunTime:0.021936s ]
INFO: [ view_filter ] --START--
INFO: Run Behavior\WriteHtmlCacheBehavior [ RunTime:0.000052s ]
INFO: [ view_filter ] --END-- [ RunTime:0.000089s ]
INFO: [ app_end ] --START--
INFO: Run Behavior\ShowPageTraceBehavior [ RunTime:0.000111s ]
INFO: [ app_end ] --END-- [ RunTime:0.000161s ]

[ 2017-05-10T15:09:08+08:00 ] 218.75.230.17 /hnust/index.php/home/file/getfile?type=1&id=82be0c7f6b58e2cd494555e3d945c8dc
INFO: [ app_init ] --START--
INFO: Run Behavior\BuildLiteBehavior [ RunTime:0.000013s ]
INFO: [ app_init ] --END-- [ RunTime:0.000100s ]
INFO: [ app_begin ] --START--
INFO: Run Behavior\ReadHtmlCacheBehavior [ RunTime:0.000044s ]
INFO: [ app_begin ] --END-- [ RunTime:0.000090s ]
SQL: SHOW COLUMNS FROM `hnust_supervisor` [ RunTime:0.0098s ]
SQL: SELECT * FROM `hnust_supervisor` WHERE `id` = '82be0c7f6b58e2cd494555e3d945c8dc' LIMIT 1   [ RunTime:0.0092s ]
SQL: UPDATE `hnust_supervisor` SET `clicknum`=clicknum+1 WHERE `id` = '82be0c7f6b58e2cd494555e3d945c8dc' [ RunTime:0.0094s ]
SQL: SELECT * FROM `hnust_supervisor` ORDER BY time desc LIMIT 6   [ RunTime:0.0183s ]
INFO: [ view_parse ] --START--
INFO: [ template_filter ] --START--
INFO: Run Behavior\ContentReplaceBehavior [ RunTime:0.000075s ]
INFO: [ template_filter ] --END-- [ RunTime:0.000137s ]
INFO: Run Behavior\ParseTemplateBehavior [ RunTime:0.004879s ]
INFO: [ view_parse ] --END-- [ RunTime:0.004939s ]
INFO: [ view_filter ] --START--
INFO: Run Behavior\WriteHtmlCacheBehavior [ RunTime:0.000056s ]
INFO: [ view_filter ] --END-- [ RunTime:0.000094s ]
INFO: [ app_end ] --START--
INFO: Run Behavior\ShowPageTraceBehavior [ RunTime:0.000047s ]
INFO: [ app_end ] --END-- [ RunTime:0.000088s ]

[ 2017-05-10T15:09:14+08:00 ] 218.75.230.17 /hnust/index.php/home/file/getfile?type=5&id=da13f367e395a195a1d14e87a449352c
INFO: [ app_init ] --START--
INFO: Run Behavior\BuildLiteBehavior [ RunTime:0.000012s ]
INFO: [ app_init ] --END-- [ RunTime:0.000073s ]
INFO: [ app_begin ] --START--
INFO: Run Behavior\ReadHtmlCacheBehavior [ RunTime:0.000034s ]
INFO: [ app_begin ] --END-- [ RunTime:0.000064s ]
SQL: SHOW COLUMNS FROM `hnust_supervisor` [ RunTime:0.0081s ]
SQL: SELECT * FROM `hnust_supervisor` WHERE `id` = 'da13f367e395a195a1d14e87a449352c' LIMIT 1   [ RunTime:0.0078s ]
SQL: UPDATE `hnust_supervisor` SET `clicknum`=clicknum+1 WHERE `id` = 'da13f367e395a195a1d14e87a449352c' [ RunTime:0.0080s ]
SQL: SELECT * FROM `hnust_supervisor` ORDER BY time desc LIMIT 6   [ RunTime:0.0167s ]
INFO: [ view_parse ] --START--
INFO: [ template_filter ] --START--
INFO: Run Behavior\ContentReplaceBehavior [ RunTime:0.000056s ]
INFO: [ template_filter ] --END-- [ RunTime:0.000115s ]
INFO: Run Behavior\ParseTemplateBehavior [ RunTime:0.004109s ]
INFO: [ view_parse ] --END-- [ RunTime:0.004156s ]
INFO: [ view_filter ] --START--
INFO: Run Behavior\WriteHtmlCacheBehavior [ RunTime:0.000056s ]
INFO: [ view_filter ] --END-- [ RunTime:0.000093s ]
INFO: [ app_end ] --START--
INFO: Run Behavior\ShowPageTraceBehavior [ RunTime:0.000062s ]
INFO: [ app_end ] --END-- [ RunTime:0.000101s ]

[ 2017-05-10T15:09:18+08:00 ] 218.75.230.17 /hnust/index.php/home/file/getfile?type=0&id=3d1bd3a094c63f15e258c352bf197e6a
INFO: [ app_init ] --START--
INFO: Run Behavior\BuildLiteBehavior [ RunTime:0.000015s ]
INFO: [ app_init ] --END-- [ RunTime:0.000103s ]
INFO: [ app_begin ] --START--
INFO: Run Behavior\ReadHtmlCacheBehavior [ RunTime:0.000048s ]
INFO: [ app_begin ] --END-- [ RunTime:0.000092s ]
SQL: SHOW COLUMNS FROM `hnust_supervisor` [ RunTime:0.0099s ]
SQL: SELECT * FROM `hnust_supervisor` WHERE `id` = '3d1bd3a094c63f15e258c352bf197e6a' LIMIT 1   [ RunTime:0.0098s ]
SQL: UPDATE `hnust_supervisor` SET `clicknum`=clicknum+1 WHERE `id` = '3d1bd3a094c63f15e258c352bf197e6a' [ RunTime:0.0098s ]
INFO: [ view_parse ] --START--
INFO: [ template_filter ] --START--
INFO: Run Behavior\ContentReplaceBehavior [ RunTime:0.000041s ]
INFO: [ template_filter ] --END-- [ RunTime:0.000084s ]
INFO: Run Behavior\ParseTemplateBehavior [ RunTime:0.003457s ]
INFO: [ view_parse ] --END-- [ RunTime:0.003505s ]
INFO: [ view_filter ] --START--
INFO: Run Behavior\WriteHtmlCacheBehavior [ RunTime:0.000055s ]
INFO: [ view_filter ] --END-- [ RunTime:0.000091s ]
INFO: [ app_end ] --START--
INFO: Run Behavior\ShowPageTraceBehavior [ RunTime:0.000040s ]
INFO: [ app_end ] --END-- [ RunTime:0.000079s ]

[ 2017-05-10T18:18:44+08:00 ] 218.75.230.17 /hnust/
INFO: [ app_init ] --START--
INFO: Run Behavior\BuildLiteBehavior [ RunTime:0.000015s ]
INFO: [ app_init ] --END-- [ RunTime:0.000115s ]
INFO: [ app_begin ] --START--
INFO: Run Behavior\ReadHtmlCacheBehavior [ RunTime:0.000048s ]
INFO: [ app_begin ] --END-- [ RunTime:0.000093s ]
SQL: SHOW COLUMNS FROM `hnust_supervisor` [ RunTime:0.0088s ]
SQL: SELECT * FROM `hnust_supervisor` WHERE `type` = '0' ORDER BY time desc LIMIT 14   [ RunTime:0.0251s ]
SQL: SELECT * FROM `hnust_supervisor` WHERE `type` = '1' ORDER BY time desc LIMIT 8   [ RunTime:0.0171s ]
SQL: SELECT * FROM `hnust_supervisor` WHERE `type` = '2' ORDER BY time desc LIMIT 8   [ RunTime:0.0098s ]
SQL: SELECT * FROM `hnust_supervisor` WHERE `type` = '3' ORDER BY time desc LIMIT 3   [ RunTime:0.0086s ]
SQL: SELECT * FROM `hnust_supervisor` WHERE `type` = '4' AND `imgurl` is not null ORDER BY time desc LIMIT 5   [ RunTime:0.2919s ]
SQL: SELECT * FROM `hnust_supervisor` WHERE `type` = '5' ORDER BY time desc LIMIT 3   [ RunTime:0.0251s ]
INFO: [ view_parse ] --START--
INFO: [ template_filter ] --START--
INFO: Run Behavior\ContentReplaceBehavior [ RunTime:0.000250s ]
INFO: [ template_filter ] --END-- [ RunTime:0.000329s ]
INFO: Run Behavior\ParseTemplateBehavior [ RunTime:0.017937s ]
INFO: [ view_parse ] --END-- [ RunTime:0.018028s ]
INFO: [ view_filter ] --START--
INFO: Run Behavior\WriteHtmlCacheBehavior [ RunTime:0.000078s ]
INFO: [ view_filter ] --END-- [ RunTime:0.000174s ]
INFO: [ app_end ] --START--
INFO: Run Behavior\ShowPageTraceBehavior [ RunTime:0.000065s ]
INFO: [ app_end ] --END-- [ RunTime:0.000110s ]

