[ 2017-02-27T10:44:53+08:00 ] ::1 /mooc/
INFO: [ app_init ] --START--
INFO: Run Behavior\BuildLiteBehavior [ RunTime:0.000028s ]
INFO: [ app_init ] --END-- [ RunTime:0.017810s ]
INFO: [ app_begin ] --START--
INFO: Run Behavior\ReadHtmlCacheBehavior [ RunTime:0.043361s ]
INFO: [ app_begin ] --END-- [ RunTime:0.043529s ]
SQL: SHOW COLUMNS FROM `work1` [ RunTime:0.0178s ]
SQL: SELECT * FROM `work1`  [ RunTime:0.0003s ]
SQL: SELECT * FROM `work1`  [ RunTime:0.0007s ]
SQL: SELECT * FROM `work1`  [ RunTime:0.0006s ]
SQL: SHOW COLUMNS FROM `filename` [ RunTime:0.0129s ]
SQL: SELECT * FROM `filename`  [ RunTime:0.0005s ]
SQL: SELECT * FROM `work1`  [ RunTime:0.0004s ]
SQL: SELECT * FROM `work1`  [ RunTime:0.0007s ]
INFO: [ view_parse ] --START--
INFO: [ template_filter ] --START--
INFO: Run Behavior\ContentReplaceBehavior [ RunTime:0.000182s ]
INFO: [ template_filter ] --END-- [ RunTime:0.000270s ]
INFO: Run Behavior\ParseTemplateBehavior [ RunTime:0.274206s ]
INFO: [ view_parse ] --END-- [ RunTime:0.274362s ]
INFO: [ view_filter ] --START--
INFO: Run Behavior\WriteHtmlCacheBehavior [ RunTime:0.020668s ]
INFO: [ view_filter ] --END-- [ RunTime:0.020755s ]
INFO: [ app_end ] --START--
INFO: Run Behavior\ShowPageTraceBehavior [ RunTime:0.100012s ]
INFO: [ app_end ] --END-- [ RunTime:0.100123s ]

[ 2017-02-27T10:44:53+08:00 ] ::1 /mooc/
INFO: [ app_init ] --START--
INFO: Run Behavior\BuildLiteBehavior [ RunTime:0.000027s ]
INFO: [ app_init ] --END-- [ RunTime:0.018320s ]
INFO: [ app_begin ] --START--
INFO: Run Behavior\ReadHtmlCacheBehavior [ RunTime:0.043544s ]
INFO: [ app_begin ] --END-- [ RunTime:0.043708s ]
SQL: SHOW COLUMNS FROM `work1` [ RunTime:0.0242s ]
SQL: SELECT * FROM `work1`  [ RunTime:0.0009s ]
SQL: SELECT * FROM `work1`  [ RunTime:0.0005s ]
SQL: SELECT * FROM `work1`  [ RunTime:0.0002s ]
SQL: SHOW COLUMNS FROM `filename` [ RunTime:0.0097s ]
SQL: SELECT * FROM `filename`  [ RunTime:0.0005s ]
SQL: SELECT * FROM `work1`  [ RunTime:0.0007s ]
SQL: SELECT * FROM `work1`  [ RunTime:0.0008s ]
INFO: [ view_parse ] --START--
INFO: [ template_filter ] --START--
INFO: Run Behavior\ContentReplaceBehavior [ RunTime:0.000180s ]
INFO: [ template_filter ] --END-- [ RunTime:0.000271s ]
INFO: Run Behavior\ParseTemplateBehavior [ RunTime:0.278925s ]
INFO: [ view_parse ] --END-- [ RunTime:0.279044s ]
INFO: [ view_filter ] --START--
INFO: Run Behavior\WriteHtmlCacheBehavior [ RunTime:0.020565s ]
INFO: [ view_filter ] --END-- [ RunTime:0.020650s ]
INFO: [ app_end ] --START--
INFO: Run Behavior\ShowPageTraceBehavior [ RunTime:0.100450s ]
INFO: [ app_end ] --END-- [ RunTime:0.100689s ]

[ 2017-02-27T10:45:26+08:00 ] ::1 /mooc/?index.php?home/index/download?filename=bg2.jpg
INFO: [ app_init ] --START--
INFO: Run Behavior\BuildLiteBehavior [ RunTime:0.000020s ]
INFO: [ app_init ] --END-- [ RunTime:0.000602s ]
INFO: [ app_begin ] --START--
INFO: Run Behavior\ReadHtmlCacheBehavior [ RunTime:0.001082s ]
INFO: [ app_begin ] --END-- [ RunTime:0.001152s ]
SQL: SHOW COLUMNS FROM `work1` [ RunTime:0.0168s ]
SQL: SELECT * FROM `work1`  [ RunTime:0.0004s ]
SQL: SELECT * FROM `work1`  [ RunTime:0.0004s ]
SQL: SELECT * FROM `work1`  [ RunTime:0.0003s ]
SQL: SHOW COLUMNS FROM `filename` [ RunTime:0.0082s ]
SQL: SELECT * FROM `filename`  [ RunTime:0.0003s ]
SQL: SELECT * FROM `work1`  [ RunTime:0.0006s ]
SQL: SELECT * FROM `work1`  [ RunTime:0.0007s ]
INFO: [ view_parse ] --START--
INFO: [ template_filter ] --START--
INFO: Run Behavior\ContentReplaceBehavior [ RunTime:0.000120s ]
INFO: [ template_filter ] --END-- [ RunTime:0.000182s ]
INFO: Run Behavior\ParseTemplateBehavior [ RunTime:0.095018s ]
INFO: [ view_parse ] --END-- [ RunTime:0.095108s ]
INFO: [ view_filter ] --START--
INFO: Run Behavior\WriteHtmlCacheBehavior [ RunTime:0.001026s ]
INFO: [ view_filter ] --END-- [ RunTime:0.001078s ]
INFO: [ app_end ] --START--
INFO: Run Behavior\ShowPageTraceBehavior [ RunTime:0.001948s ]
INFO: [ app_end ] --END-- [ RunTime:0.002089s ]

[ 2017-02-27T10:45:34+08:00 ] ::1 /mooc/index.php/home/index/download?filename=%E4%BD%BF%E7%94%A8HTML%20JS%E5%AE%9E%E7%8E%B0%E7%9A%84tag%E6%A0%87%E7%AD%BE%E4%BA%91%20by%20%E8%94%A1%E7%BA%A2%E6%97%BA.zip
INFO: [ app_init ] --START--
INFO: Run Behavior\BuildLiteBehavior [ RunTime:0.000019s ]
INFO: [ app_init ] --END-- [ RunTime:0.000722s ]
INFO: [ app_begin ] --START--
INFO: Run Behavior\ReadHtmlCacheBehavior [ RunTime:0.001058s ]
INFO: [ app_begin ] --END-- [ RunTime:0.001178s ]
INFO: [ app_end ] --START--
INFO: Run Behavior\ShowPageTraceBehavior [ RunTime:0.001667s ]
INFO: [ app_end ] --END-- [ RunTime:0.001836s ]

[ 2017-02-27T14:26:40+08:00 ] ::1 /mooc/
INFO: [ app_init ] --START--
INFO: Run Behavior\BuildLiteBehavior [ RunTime:0.000031s ]
INFO: [ app_init ] --END-- [ RunTime:0.018185s ]
INFO: [ app_begin ] --START--
INFO: Run Behavior\ReadHtmlCacheBehavior [ RunTime:0.045329s ]
INFO: [ app_begin ] --END-- [ RunTime:0.045506s ]
SQL: SHOW COLUMNS FROM `work1` [ RunTime:0.0388s ]
SQL: SELECT * FROM `work1`  [ RunTime:0.0006s ]
SQL: SELECT * FROM `work1`  [ RunTime:0.0008s ]
SQL: SELECT * FROM `work1`  [ RunTime:0.0006s ]
SQL: SHOW COLUMNS FROM `filename` [ RunTime:0.0090s ]
SQL: SELECT * FROM `filename`  [ RunTime:0.0004s ]
SQL: SELECT * FROM `work1`  [ RunTime:0.0008s ]
SQL: SELECT * FROM `work1`  [ RunTime:0.0005s ]
INFO: [ view_parse ] --START--
INFO: [ template_filter ] --START--
INFO: Run Behavior\ContentReplaceBehavior [ RunTime:0.000175s ]
INFO: [ template_filter ] --END-- [ RunTime:0.000266s ]
INFO: Run Behavior\ParseTemplateBehavior [ RunTime:0.335730s ]
INFO: [ view_parse ] --END-- [ RunTime:0.335842s ]
INFO: [ view_filter ] --START--
INFO: Run Behavior\WriteHtmlCacheBehavior [ RunTime:0.020386s ]
INFO: [ view_filter ] --END-- [ RunTime:0.020673s ]
INFO: [ app_end ] --START--
INFO: Run Behavior\ShowPageTraceBehavior [ RunTime:0.015601s ]
INFO: [ app_end ] --END-- [ RunTime:0.015740s ]

[ 2017-02-27T14:26:40+08:00 ] ::1 /mooc/
INFO: [ app_init ] --START--
INFO: Run Behavior\BuildLiteBehavior [ RunTime:0.000028s ]
INFO: [ app_init ] --END-- [ RunTime:0.017928s ]
INFO: [ app_begin ] --START--
INFO: Run Behavior\ReadHtmlCacheBehavior [ RunTime:0.045226s ]
INFO: [ app_begin ] --END-- [ RunTime:0.045351s ]
SQL: SHOW COLUMNS FROM `work1` [ RunTime:0.0103s ]
SQL: SELECT * FROM `work1`  [ RunTime:0.0009s ]
SQL: SELECT * FROM `work1`  [ RunTime:0.0009s ]
SQL: SELECT * FROM `work1`  [ RunTime:0.0010s ]
SQL: SHOW COLUMNS FROM `filename` [ RunTime:0.0099s ]
SQL: SELECT * FROM `filename`  [ RunTime:0.0009s ]
SQL: SELECT * FROM `work1`  [ RunTime:0.0006s ]
SQL: SELECT * FROM `work1`  [ RunTime:0.0008s ]
INFO: [ view_parse ] --START--
INFO: [ template_filter ] --START--
INFO: Run Behavior\ContentReplaceBehavior [ RunTime:0.000217s ]
INFO: [ template_filter ] --END-- [ RunTime:0.000294s ]
INFO: Run Behavior\ParseTemplateBehavior [ RunTime:0.102179s ]
INFO: [ view_parse ] --END-- [ RunTime:0.102319s ]
INFO: [ view_filter ] --START--
INFO: Run Behavior\WriteHtmlCacheBehavior [ RunTime:0.001001s ]
INFO: [ view_filter ] --END-- [ RunTime:0.001172s ]
INFO: [ app_end ] --START--
INFO: Run Behavior\ShowPageTraceBehavior [ RunTime:0.001727s ]
INFO: [ app_end ] --END-- [ RunTime:0.001954s ]

[ 2017-02-27T14:36:23+08:00 ] 127.0.0.1 /mooc/
INFO: [ app_init ] --START--
INFO: Run Behavior\BuildLiteBehavior [ RunTime:0.000034s ]
INFO: [ app_init ] --END-- [ RunTime:0.001311s ]
INFO: [ app_begin ] --START--
INFO: Run Behavior\ReadHtmlCacheBehavior [ RunTime:0.001111s ]
INFO: [ app_begin ] --END-- [ RunTime:0.001205s ]
SQL: SHOW COLUMNS FROM `work1` [ RunTime:0.0198s ]
SQL: SELECT * FROM `work1`  [ RunTime:0.0010s ]
SQL: SELECT * FROM `work1`  [ RunTime:0.0005s ]
SQL: SELECT * FROM `work1`  [ RunTime:0.0008s ]
SQL: SHOW COLUMNS FROM `filename` [ RunTime:0.0099s ]
SQL: SELECT * FROM `filename`  [ RunTime:0.0009s ]
SQL: SELECT * FROM `work1`  [ RunTime:0.0008s ]
SQL: SELECT * FROM `work1`  [ RunTime:0.0009s ]
INFO: [ view_parse ] --START--
INFO: [ template_filter ] --START--
INFO: Run Behavior\ContentReplaceBehavior [ RunTime:0.000228s ]
INFO: [ template_filter ] --END-- [ RunTime:0.000301s ]
INFO: Run Behavior\ParseTemplateBehavior [ RunTime:0.098169s ]
INFO: [ view_parse ] --END-- [ RunTime:0.098291s ]
INFO: [ view_filter ] --START--
INFO: Run Behavior\WriteHtmlCacheBehavior [ RunTime:0.000898s ]
INFO: [ view_filter ] --END-- [ RunTime:0.000968s ]
INFO: [ app_end ] --START--
INFO: Run Behavior\ShowPageTraceBehavior [ RunTime:0.001668s ]
INFO: [ app_end ] --END-- [ RunTime:0.001823s ]

[ 2017-02-27T14:37:41+08:00 ] 127.0.0.1 /mooc/
INFO: [ app_init ] --START--
INFO: Run Behavior\BuildLiteBehavior [ RunTime:0.000025s ]
INFO: [ app_init ] --END-- [ RunTime:0.000658s ]
INFO: [ app_begin ] --START--
INFO: Run Behavior\ReadHtmlCacheBehavior [ RunTime:0.001082s ]
INFO: [ app_begin ] --END-- [ RunTime:0.001166s ]
SQL: SHOW COLUMNS FROM `work1` [ RunTime:0.0249s ]
SQL: SELECT * FROM `work1`  [ RunTime:0.0007s ]
SQL: SELECT * FROM `work1`  [ RunTime:0.0005s ]
SQL: SELECT * FROM `work1`  [ RunTime:0.0005s ]
SQL: SHOW COLUMNS FROM `filename` [ RunTime:0.0109s ]
SQL: SELECT * FROM `filename`  [ RunTime:0.0005s ]
SQL: SELECT * FROM `work1`  [ RunTime:0.0005s ]
SQL: SELECT * FROM `work1`  [ RunTime:0.0005s ]
INFO: [ view_parse ] --START--
INFO: [ template_filter ] --START--
INFO: Run Behavior\ContentReplaceBehavior [ RunTime:0.000135s ]
INFO: [ template_filter ] --END-- [ RunTime:0.000263s ]
INFO: Run Behavior\ParseTemplateBehavior [ RunTime:0.105027s ]
INFO: [ view_parse ] --END-- [ RunTime:0.105111s ]
INFO: [ view_filter ] --START--
INFO: Run Behavior\WriteHtmlCacheBehavior [ RunTime:0.000715s ]
INFO: [ view_filter ] --END-- [ RunTime:0.000769s ]
INFO: [ app_end ] --START--
INFO: Run Behavior\ShowPageTraceBehavior [ RunTime:0.001265s ]
INFO: [ app_end ] --END-- [ RunTime:0.001366s ]

[ 2017-02-27T14:38:25+08:00 ] 127.0.0.1 /mooc/
INFO: [ app_init ] --START--
INFO: Run Behavior\BuildLiteBehavior [ RunTime:0.000035s ]
INFO: [ app_init ] --END-- [ RunTime:0.001139s ]
INFO: [ app_begin ] --START--
INFO: Run Behavior\ReadHtmlCacheBehavior [ RunTime:0.000982s ]
INFO: [ app_begin ] --END-- [ RunTime:0.001079s ]
SQL: SHOW COLUMNS FROM `work1` [ RunTime:0.0183s ]
SQL: SELECT * FROM `work1`  [ RunTime:0.0008s ]
SQL: SELECT * FROM `work1`  [ RunTime:0.0006s ]
SQL: SELECT * FROM `work1`  [ RunTime:0.0008s ]
SQL: SHOW COLUMNS FROM `filename` [ RunTime:0.0096s ]
SQL: SELECT * FROM `filename`  [ RunTime:0.0006s ]
SQL: SELECT * FROM `work1`  [ RunTime:0.0008s ]
SQL: SELECT * FROM `work1`  [ RunTime:0.0007s ]
INFO: [ view_parse ] --START--
INFO: [ template_filter ] --START--
INFO: Run Behavior\ContentReplaceBehavior [ RunTime:0.000125s ]
INFO: [ template_filter ] --END-- [ RunTime:0.000192s ]
INFO: Run Behavior\ParseTemplateBehavior [ RunTime:0.094095s ]
INFO: [ view_parse ] --END-- [ RunTime:0.094204s ]
INFO: [ view_filter ] --START--
INFO: Run Behavior\WriteHtmlCacheBehavior [ RunTime:0.000755s ]
INFO: [ view_filter ] --END-- [ RunTime:0.000819s ]
INFO: [ app_end ] --START--
INFO: Run Behavior\ShowPageTraceBehavior [ RunTime:0.001659s ]
INFO: [ app_end ] --END-- [ RunTime:0.001781s ]

[ 2017-02-27T15:08:21+08:00 ] 127.0.0.1 /mooc/
INFO: [ app_init ] --START--
INFO: Run Behavior\BuildLiteBehavior [ RunTime:0.000016s ]
INFO: [ app_init ] --END-- [ RunTime:0.000513s ]
INFO: [ app_begin ] --START--
INFO: Run Behavior\ReadHtmlCacheBehavior [ RunTime:0.000960s ]
INFO: [ app_begin ] --END-- [ RunTime:0.001027s ]
SQL: SHOW COLUMNS FROM `work1` [ RunTime:0.0435s ]
SQL: SELECT * FROM `work1`  [ RunTime:0.0005s ]
SQL: SELECT * FROM `work1`  [ RunTime:0.0005s ]
SQL: SELECT * FROM `work1`  [ RunTime:0.0005s ]
SQL: SHOW COLUMNS FROM `filename` [ RunTime:0.0097s ]
SQL: SELECT * FROM `filename`  [ RunTime:0.0005s ]
SQL: SELECT * FROM `work1`  [ RunTime:0.0008s ]
SQL: SELECT * FROM `work1`  [ RunTime:0.0008s ]
INFO: [ view_parse ] --START--
INFO: [ template_filter ] --START--
INFO: Run Behavior\ContentReplaceBehavior [ RunTime:0.000118s ]
INFO: [ template_filter ] --END-- [ RunTime:0.000176s ]
INFO: Run Behavior\ParseTemplateBehavior [ RunTime:0.093197s ]
INFO: [ view_parse ] --END-- [ RunTime:0.093311s ]
INFO: [ view_filter ] --START--
INFO: Run Behavior\WriteHtmlCacheBehavior [ RunTime:0.000686s ]
INFO: [ view_filter ] --END-- [ RunTime:0.000737s ]
INFO: [ app_end ] --START--
INFO: Run Behavior\ShowPageTraceBehavior [ RunTime:0.001488s ]
INFO: [ app_end ] --END-- [ RunTime:0.001608s ]

[ 2017-02-27T15:26:20+08:00 ] 127.0.0.1 /mooc/index.php/home/index/work?modle=1
INFO: [ app_init ] --START--
INFO: Run Behavior\BuildLiteBehavior [ RunTime:0.000047s ]
INFO: [ app_init ] --END-- [ RunTime:0.000952s ]
INFO: [ app_begin ] --START--
INFO: Run Behavior\ReadHtmlCacheBehavior [ RunTime:0.001336s ]
INFO: [ app_begin ] --END-- [ RunTime:0.001446s ]
INFO: [ view_parse ] --START--
INFO: [ template_filter ] --START--
INFO: Run Behavior\ContentReplaceBehavior [ RunTime:0.000068s ]
INFO: [ template_filter ] --END-- [ RunTime:0.000136s ]
INFO: Run Behavior\ParseTemplateBehavior [ RunTime:0.101877s ]
INFO: [ view_parse ] --END-- [ RunTime:0.101993s ]
INFO: [ view_filter ] --START--
INFO: Run Behavior\WriteHtmlCacheBehavior [ RunTime:0.001266s ]
INFO: [ view_filter ] --END-- [ RunTime:0.001437s ]
INFO: [ app_end ] --START--
INFO: Run Behavior\ShowPageTraceBehavior [ RunTime:0.001054s ]
INFO: [ app_end ] --END-- [ RunTime:0.001110s ]

[ 2017-02-27T15:26:29+08:00 ] 127.0.0.1 /mooc/index.php/home/index/work?modle=1
INFO: [ app_init ] --START--
INFO: Run Behavior\BuildLiteBehavior [ RunTime:0.000026s ]
INFO: [ app_init ] --END-- [ RunTime:0.001056s ]
INFO: [ app_begin ] --START--
INFO: Run Behavior\ReadHtmlCacheBehavior [ RunTime:0.001302s ]
INFO: [ app_begin ] --END-- [ RunTime:0.001389s ]
INFO: [ view_parse ] --START--
INFO: [ template_filter ] --START--
INFO: Run Behavior\ContentReplaceBehavior [ RunTime:0.000107s ]
INFO: [ template_filter ] --END-- [ RunTime:0.000215s ]
INFO: Run Behavior\ParseTemplateBehavior [ RunTime:0.012609s ]
INFO: [ view_parse ] --END-- [ RunTime:0.012736s ]
INFO: [ view_filter ] --START--
INFO: Run Behavior\WriteHtmlCacheBehavior [ RunTime:0.000737s ]
INFO: [ view_filter ] --END-- [ RunTime:0.000814s ]
INFO: [ app_end ] --START--
INFO: Run Behavior\ShowPageTraceBehavior [ RunTime:0.001404s ]
INFO: [ app_end ] --END-- [ RunTime:0.001498s ]

[ 2017-02-27T15:27:07+08:00 ] 127.0.0.1 /mooc/index.php/home/index/work?modle=1
INFO: [ app_init ] --START--
INFO: Run Behavior\BuildLiteBehavior [ RunTime:0.000047s ]
INFO: [ app_init ] --END-- [ RunTime:0.000717s ]
INFO: [ app_begin ] --START--
INFO: Run Behavior\ReadHtmlCacheBehavior [ RunTime:0.001029s ]
INFO: [ app_begin ] --END-- [ RunTime:0.001125s ]
INFO: [ view_parse ] --START--
INFO: [ template_filter ] --START--
INFO: Run Behavior\ContentReplaceBehavior [ RunTime:0.000098s ]
INFO: [ template_filter ] --END-- [ RunTime:0.000192s ]
INFO: Run Behavior\ParseTemplateBehavior [ RunTime:0.012230s ]
INFO: [ view_parse ] --END-- [ RunTime:0.012321s ]
INFO: [ view_filter ] --START--
INFO: Run Behavior\WriteHtmlCacheBehavior [ RunTime:0.000838s ]
INFO: [ view_filter ] --END-- [ RunTime:0.000893s ]
INFO: [ app_end ] --START--
INFO: Run Behavior\ShowPageTraceBehavior [ RunTime:0.001199s ]
INFO: [ app_end ] --END-- [ RunTime:0.001281s ]

