[ 2017-04-28T13:12:13+08:00 ] 119.39.148.129 /hnust/index.php/login
INFO: [ app_init ] --START--
INFO: Run Behavior\BuildLiteBehavior [ RunTime:0.000017s ]
INFO: [ app_init ] --END-- [ RunTime:0.000181s ]
INFO: [ app_begin ] --START--
INFO: Run Behavior\ReadHtmlCacheBehavior [ RunTime:0.000039s ]
INFO: [ app_begin ] --END-- [ RunTime:0.000074s ]
INFO: [ view_parse ] --START--
INFO: [ template_filter ] --START--
INFO: Run Behavior\ContentReplaceBehavior [ RunTime:0.000049s ]
INFO: [ template_filter ] --END-- [ RunTime:0.000106s ]
NOTIC: [8] Undefined variable: error /home/ubuntu/hnust/HNUST/Runtime/Cache/Admin/50d2c8a1262c3fe8cb5c41323de340c0.php 第 46 行.
INFO: Run Behavior\ParseTemplateBehavior [ RunTime:0.002387s ]
INFO: [ view_parse ] --END-- [ RunTime:0.002429s ]
INFO: [ view_filter ] --START--
INFO: Run Behavior\WriteHtmlCacheBehavior [ RunTime:0.000093s ]
INFO: [ view_filter ] --END-- [ RunTime:0.000134s ]
INFO: [ app_end ] --START--
INFO: Run Behavior\ShowPageTraceBehavior [ RunTime:0.000054s ]
INFO: [ app_end ] --END-- [ RunTime:0.000098s ]

[ 2017-04-28T13:12:28+08:00 ] 119.39.148.129 /hnust/index.php/login
INFO: [ app_init ] --START--
INFO: Run Behavior\BuildLiteBehavior [ RunTime:0.000013s ]
INFO: [ app_init ] --END-- [ RunTime:0.000099s ]
INFO: [ app_begin ] --START--
INFO: Run Behavior\ReadHtmlCacheBehavior [ RunTime:0.000048s ]
INFO: [ app_begin ] --END-- [ RunTime:0.000092s ]
INFO: [ view_parse ] --START--
INFO: [ template_filter ] --START--
INFO: Run Behavior\ContentReplaceBehavior [ RunTime:0.000114s ]
INFO: [ template_filter ] --END-- [ RunTime:0.000218s ]
NOTIC: [8] Undefined variable: error /home/ubuntu/hnust/HNUST/Runtime/Cache/Admin/50d2c8a1262c3fe8cb5c41323de340c0.php 第 46 行.
INFO: Run Behavior\ParseTemplateBehavior [ RunTime:0.002684s ]
INFO: [ view_parse ] --END-- [ RunTime:0.002731s ]
INFO: [ view_filter ] --START--
INFO: Run Behavior\WriteHtmlCacheBehavior [ RunTime:0.000056s ]
INFO: [ view_filter ] --END-- [ RunTime:0.000092s ]
INFO: [ app_end ] --START--
INFO: Run Behavior\ShowPageTraceBehavior [ RunTime:0.000051s ]
INFO: [ app_end ] --END-- [ RunTime:0.000092s ]

[ 2017-04-28T13:13:41+08:00 ] 119.39.148.129 /hnust/index.php/login
INFO: [ app_init ] --START--
INFO: Run Behavior\BuildLiteBehavior [ RunTime:0.000011s ]
INFO: [ app_init ] --END-- [ RunTime:0.000071s ]
INFO: [ app_begin ] --START--
INFO: Run Behavior\ReadHtmlCacheBehavior [ RunTime:0.000035s ]
INFO: [ app_begin ] --END-- [ RunTime:0.000071s ]
INFO: [ view_parse ] --START--
INFO: [ template_filter ] --START--
INFO: Run Behavior\ContentReplaceBehavior [ RunTime:0.000033s ]
INFO: [ template_filter ] --END-- [ RunTime:0.000070s ]
NOTIC: [8] Undefined variable: error /home/ubuntu/hnust/HNUST/Runtime/Cache/Admin/50d2c8a1262c3fe8cb5c41323de340c0.php 第 46 行.
INFO: Run Behavior\ParseTemplateBehavior [ RunTime:0.001825s ]
INFO: [ view_parse ] --END-- [ RunTime:0.001865s ]
INFO: [ view_filter ] --START--
INFO: Run Behavior\WriteHtmlCacheBehavior [ RunTime:0.000044s ]
INFO: [ view_filter ] --END-- [ RunTime:0.000080s ]
INFO: [ app_end ] --START--
INFO: Run Behavior\ShowPageTraceBehavior [ RunTime:0.000035s ]
INFO: [ app_end ] --END-- [ RunTime:0.000066s ]

[ 2017-04-28T13:13:43+08:00 ] 119.39.148.129 /hnust/index.php/login
INFO: [ app_init ] --START--
INFO: Run Behavior\BuildLiteBehavior [ RunTime:0.000017s ]
INFO: [ app_init ] --END-- [ RunTime:0.000103s ]
INFO: [ app_begin ] --START--
INFO: Run Behavior\ReadHtmlCacheBehavior [ RunTime:0.000043s ]
INFO: [ app_begin ] --END-- [ RunTime:0.000093s ]
SQL: SHOW COLUMNS FROM `hnust_user` [ RunTime:0.0092s ]
SQL: SELECT `password` FROM `hnust_user` WHERE `username` = '1405020204'  [ RunTime:0.0086s ]
INFO: [ app_end ] --START--
INFO: Run Behavior\ShowPageTraceBehavior [ RunTime:0.000103s ]
INFO: [ app_end ] --END-- [ RunTime:0.000257s ]

[ 2017-04-28T13:13:43+08:00 ] 119.39.148.129 /hnust/index.php/admin
INFO: [ app_init ] --START--
INFO: Run Behavior\BuildLiteBehavior [ RunTime:0.000014s ]
INFO: [ app_init ] --END-- [ RunTime:0.000092s ]
INFO: [ app_begin ] --START--
INFO: Run Behavior\ReadHtmlCacheBehavior [ RunTime:0.000046s ]
INFO: [ app_begin ] --END-- [ RunTime:0.000093s ]
SQL: SHOW COLUMNS FROM `hnust_user` [ RunTime:0.0089s ]
SQL: SELECT `authority`,`nickname` FROM `hnust_user` WHERE `username` = '1405020204'  [ RunTime:0.0084s ]
INFO: [ view_parse ] --START--
INFO: [ template_filter ] --START--
INFO: Run Behavior\ContentReplaceBehavior [ RunTime:0.000058s ]
INFO: [ template_filter ] --END-- [ RunTime:0.000125s ]
INFO: Run Behavior\ParseTemplateBehavior [ RunTime:0.005019s ]
INFO: [ view_parse ] --END-- [ RunTime:0.005079s ]
INFO: [ view_filter ] --START--
INFO: Run Behavior\WriteHtmlCacheBehavior [ RunTime:0.000054s ]
INFO: [ view_filter ] --END-- [ RunTime:0.000095s ]
INFO: [ app_end ] --START--
INFO: Run Behavior\ShowPageTraceBehavior [ RunTime:0.000049s ]
INFO: [ app_end ] --END-- [ RunTime:0.000087s ]

[ 2017-04-28T13:13:43+08:00 ] 119.39.148.129 /hnust/index.php/admin?target=index_v1
INFO: [ app_init ] --START--
INFO: Run Behavior\BuildLiteBehavior [ RunTime:0.000014s ]
INFO: [ app_init ] --END-- [ RunTime:0.000125s ]
INFO: [ app_begin ] --START--
INFO: Run Behavior\ReadHtmlCacheBehavior [ RunTime:0.000030s ]
INFO: [ app_begin ] --END-- [ RunTime:0.000060s ]
INFO: [ view_parse ] --START--
INFO: [ template_filter ] --START--
INFO: Run Behavior\ContentReplaceBehavior [ RunTime:0.000035s ]
INFO: [ template_filter ] --END-- [ RunTime:0.000077s ]
INFO: Run Behavior\ParseTemplateBehavior [ RunTime:0.002307s ]
INFO: [ view_parse ] --END-- [ RunTime:0.002349s ]
INFO: [ view_filter ] --START--
INFO: Run Behavior\WriteHtmlCacheBehavior [ RunTime:0.000051s ]
INFO: [ view_filter ] --END-- [ RunTime:0.000082s ]
INFO: [ app_end ] --START--
INFO: Run Behavior\ShowPageTraceBehavior [ RunTime:0.000025s ]
INFO: [ app_end ] --END-- [ RunTime:0.000049s ]

[ 2017-04-28T13:14:33+08:00 ] 119.39.148.129 /hnust/index.php/admin?target=editorNews
INFO: [ app_init ] --START--
INFO: Run Behavior\BuildLiteBehavior [ RunTime:0.000013s ]
INFO: [ app_init ] --END-- [ RunTime:0.000108s ]
INFO: [ app_begin ] --START--
INFO: Run Behavior\ReadHtmlCacheBehavior [ RunTime:0.000051s ]
INFO: [ app_begin ] --END-- [ RunTime:0.000097s ]
INFO: [ view_parse ] --START--
INFO: [ template_filter ] --START--
INFO: Run Behavior\ContentReplaceBehavior [ RunTime:0.000040s ]
INFO: [ template_filter ] --END-- [ RunTime:0.000323s ]
INFO: Run Behavior\ParseTemplateBehavior [ RunTime:0.003777s ]
INFO: [ view_parse ] --END-- [ RunTime:0.003813s ]
INFO: [ view_filter ] --START--
INFO: Run Behavior\WriteHtmlCacheBehavior [ RunTime:0.000046s ]
INFO: [ view_filter ] --END-- [ RunTime:0.000083s ]
INFO: [ app_end ] --START--
INFO: Run Behavior\ShowPageTraceBehavior [ RunTime:0.000050s ]
INFO: [ app_end ] --END-- [ RunTime:0.000090s ]

[ 2017-04-28T13:16:03+08:00 ] 119.39.148.129 /hnust/index.php/uploadinform
INFO: [ app_init ] --START--
INFO: Run Behavior\BuildLiteBehavior [ RunTime:0.000014s ]
INFO: [ app_init ] --END-- [ RunTime:0.000103s ]
INFO: [ app_begin ] --START--
INFO: Run Behavior\ReadHtmlCacheBehavior [ RunTime:0.000047s ]
INFO: [ app_begin ] --END-- [ RunTime:0.000088s ]
SQL: SHOW COLUMNS FROM `hnust_supervisor` [ RunTime:0.0085s ]
NOTIC: [2] call_user_func() expects parameter 1 to be a valid callback, no array or string given /home/ubuntu/hnust/ThinkPHP/Library/Think/Upload.class.php 第 170 行.
SQL: INSERT INTO `hnust_supervisor` (`id`,`title`,`content`,`link`,`author`,`source`,`time`,`type`,`imgurl`) VALUES ('42fc27434db28b8b2c917d97368b9570','本科教学审核评估“自选特色项目”研讨会召开','&lt;p style=&quot;margin-top: 0px; margin-bottom: 0px; padding: 0px; border: 0px; text-indent: 28px; line-height: 24px; font-size: 14px; font-family: 宋体, 微软雅黑; white-space: normal; widows: 1; text-align: center;&quot;&gt;&lt;span style=&quot;;padding: 0px;border: 0px&quot;&gt;&lt;span style=&quot;;padding: 0px;border: 0px;font-family: 宋体&quot;&gt;&lt;br/&gt;&lt;img alt=&quot;&quot; width=&quot;590&quot; height=&quot;331&quot; src=&quot;http://news.hnust.cn/images/content/2017-04/20170417082956737099.jpg&quot;/&gt;&lt;br/&gt;&lt;br/&gt;&lt;img alt=&quot;&quot; width=&quot;600&quot; height=&quot;400&quot; src=&quot;http://news.hnust.cn/images/content/2017-04/20170417083007760100.jpg&quot;/&gt;&lt;br/&gt;&lt;/span&gt;&lt;/span&gt;&lt;/p&gt;&lt;p style=&quot;margin-top: 0;margin-bottom: 0;padding: 0px;border: 0px;text-indent: 28px;line-height: 24px;font-size: 14px;font-family: 宋体, 微软雅黑;white-space: normal;widows: 1&quot;&gt;&lt;span style=&quot;;padding: 0px;border: 0px&quot;&gt;&lt;span style=&quot;;padding: 0px;border: 0px;font-family: 宋体&quot;&gt;　　&lt;br/&gt;　　4月13日下午，我校本科教学审核评估“自选特色项目”研讨会在综合楼417会议室召开。副校长施式亮出席，评建办、机关各处室及直属单位主要代表与会。&lt;/span&gt;&lt;/span&gt;&lt;br/&gt;&lt;br/&gt;　　&lt;span style=&quot;;padding: 0px;border: 0px&quot;&gt;&lt;span style=&quot;;padding: 0px;border: 0px;font-family: 宋体&quot;&gt;施式亮首先对本次教学审核评估特色项目的内涵进行了基本阐释，他指出，“自选特色项目”的选取一定要结合我校办校历史、校训以及办学特色，采用三级指标形成综合、系统、全面的项目主题，同时，选取的项目与以往相比，既要具有独立的内涵，又要保持彼此之间的关联，保证“自选特色项目”的顺利开展。施式亮要求，各职能单位要清晰地认识到此次评估工作的主要目标和关键，从根本上落实“以评为手段、建为目标”的基本准则。他希望各机关单位针对此次评建工作的创新之处及“自选特色项目”的主题积极建言献策，并在会后严格按照文件精神和要求加大工作力度，全面提升评建工作质量。&lt;/span&gt;&lt;/span&gt;&lt;br/&gt;&lt;br/&gt;　　&lt;span style=&quot;;padding: 0px;border: 0px&quot;&gt;&lt;span style=&quot;;padding: 0px;border: 0px;font-family: 宋体&quot;&gt;与会人员就办学特色的内涵和外延、办学特色和教学质量的关系、特色项目的凝练和培育，以及创新创业发展、校园文化建设等问题开展了深入研讨，纷纷发表建议和意见。&lt;/span&gt;&lt;/span&gt;&lt;/p&gt;&lt;p&gt;&lt;br/&gt;&lt;/p&gt;','home/file/getfile?type=4&id=42fc27434db28b8b2c917d97368b9570','文/孙慧 魏玉婷 图/袁颖璇','大学生通讯社','2017-04-16','4','/hnust/Public/img/b786c643878fa1cb8cf6b82d5e27a9e5.jpg') [ RunTime:0.0165s ]
SQL: SHOW COLUMNS FROM `hnust_document` [ RunTime:0.0086s ]
SQL: UPDATE `hnust_document` SET `informid`='42fc27434db28b8b2c917d97368b9570' WHERE ( informid is null ) [ RunTime:0.0083s ]

[ 2017-04-28T13:25:42+08:00 ] 119.39.148.129 /hnust/index.php/uploadinform
INFO: [ app_init ] --START--
INFO: Run Behavior\BuildLiteBehavior [ RunTime:0.000015s ]
INFO: [ app_init ] --END-- [ RunTime:0.000108s ]
INFO: [ app_begin ] --START--
INFO: Run Behavior\ReadHtmlCacheBehavior [ RunTime:0.000057s ]
INFO: [ app_begin ] --END-- [ RunTime:0.000133s ]
SQL: SHOW COLUMNS FROM `hnust_supervisor` [ RunTime:0.0098s ]
NOTIC: [2] call_user_func() expects parameter 1 to be a valid callback, no array or string given /home/ubuntu/hnust/ThinkPHP/Library/Think/Upload.class.php 第 170 行.
SQL: INSERT INTO `hnust_supervisor` (`id`,`title`,`content`,`link`,`author`,`source`,`time`,`type`,`imgurl`) VALUES ('d310518ee6a98d1ba4874c69107faf39','我校召开2016年教学工作会议暨本科教学审核评估工作部署会','&lt;p&gt;&lt;br/&gt;&lt;/p&gt;&lt;ul class=&quot;ad-thumb-list list-paddingleft-2&quot; style=&quot;list-style-type: none;&quot;&gt;&lt;li&gt;&lt;p&gt;&lt;a href=&quot;http://news.hnust.cn/images/content/2016-10/20161019084031046246.jpg&quot; class=&quot;ad-thumb1&quot; style=&quot;text-decoration-line: none; color: rgb(65, 117, 190); margin: 0px; padding: 0px; display: block; text-align: center;&quot;&gt;&lt;img src=&quot;http://news.hnust.cn/images/content/2016-10/20161019084031046246.jpg&quot; class=&quot;image2&quot;/&gt;&lt;/a&gt;&lt;/p&gt;&lt;/li&gt;&lt;li&gt;&lt;p&gt;&lt;a href=&quot;http://news.hnust.cn/images/content/2016-10/20161019084031054301.jpg&quot; class=&quot;ad-thumb2&quot; style=&quot;text-decoration-line: none; color: rgb(65, 117, 190); margin: 0px; padding: 0px; display: block; text-align: center;&quot;&gt;&lt;img src=&quot;http://news.hnust.cn/images/content/2016-10/20161019084031054301.jpg&quot; class=&quot;image3&quot;/&gt;&lt;/a&gt;&lt;/p&gt;&lt;/li&gt;&lt;li&gt;&lt;p&gt;&lt;a href=&quot;http://news.hnust.cn/images/content/2016-10/20161019084031078439.jpg&quot; class=&quot;ad-thumb3 ad-active&quot; style=&quot;text-decoration-line: none; color: rgb(65, 117, 190); margin: 0px; padding: 0px; display: block; text-align: center;&quot;&gt;&lt;img src=&quot;http://news.hnust.cn/images/content/2016-10/20161019084031078439.jpg&quot; class=&quot;image4&quot;/&gt;&lt;/a&gt;&lt;/p&gt;&lt;/li&gt;&lt;li&gt;&lt;p&gt;&lt;a href=&quot;http://news.hnust.cn/images/content/2016-10/20161019084031091539.jpg&quot; class=&quot;ad-thumb4&quot; style=&quot;text-decoration-line: none; color: rgb(65, 117, 190); margin: 0px; padding: 0px; display: block; text-align: center;&quot;&gt;&lt;img src=&quot;http://news.hnust.cn/images/content/2016-10/20161019084031091539.jpg&quot; class=&quot;image5&quot;/&gt;&lt;/a&gt;&lt;/p&gt;&lt;/li&gt;&lt;li&gt;&lt;p&gt;&lt;a href=&quot;http://news.hnust.cn/images/content/2016-10/20161019095312947899.jpg&quot; class=&quot;ad-thumb5&quot; style=&quot;text-decoration-line: none; color: rgb(65, 117, 190); margin: 0px; padding: 0px; display: block; text-align: center;&quot;&gt;&lt;img src=&quot;http://news.hnust.cn/images/content/2016-10/20161019095312947899.jpg&quot; class=&quot;image6&quot;/&gt;&lt;/a&gt;&lt;/p&gt;&lt;/li&gt;&lt;li&gt;&lt;p&gt;&lt;a href=&quot;http://news.hnust.cn/images/content/2016-10/20161019095312957972.jpg&quot; class=&quot;ad-thumb6&quot; style=&quot;text-decoration-line: none; color: rgb(65, 117, 190); margin: 0px; padding: 0px; display: block; text-align: center;&quot;&gt;&lt;img src=&quot;http://news.hnust.cn/images/content/2016-10/20161019095312957972.jpg&quot; class=&quot;image7&quot;/&gt;&lt;/a&gt;&lt;/p&gt;&lt;/li&gt;&lt;/ul&gt;&lt;p style=&quot;margin-top: 0px; margin-bottom: 0px; padding: 0px; border: 0px; text-indent: 2em; line-height: 24px; font-size: 14px; text-align: justify;&quot;&gt;&lt;span style=&quot;margin: 0px; padding: 0px; border: 0px;&quot;&gt;&lt;span style=&quot;margin: 0px; padding: 0px; border: 0px; font-family: 宋体;&quot;&gt;　　10月18日下午，我校2016年教学工作会议暨本科教学审核评估工作部署会在俱乐部召开。湖南省教育厅厅长肖国安出席会议并作重要讲话，校长李伯超作主题发言，副校长施式亮作教学工作报告。全体校领导，&lt;span style=&quot;margin: 0px; padding: 0px; border: 0px;&quot;&gt;教学督导团全体成员、全体处级干部，&lt;/span&gt;&lt;span style=&quot;margin: 0px; padding: 0px; border: 0px;&quot;&gt;各教学院系主任、实验室中心主任、&lt;/span&gt;&lt;span style=&quot;margin: 0px; padding: 0px; border: 0px;&quot;&gt;专任教师及实验教学人员代表，各教学院教务办、学工办、分团委全体人员&lt;/span&gt;&lt;span style=&quot;margin: 0px; padding: 0px; border: 0px;&quot;&gt;，相关职能部门人员&lt;/span&gt;&lt;span style=&quot;margin: 0px; padding: 0px; border: 0px;&quot;&gt;参加。会议由校党委书记刘德顺主持。&lt;/span&gt;&lt;span style=&quot;margin: 0px; padding: 0px; border: 0px;&quot;&gt;&amp;nbsp;&lt;/span&gt;&lt;br/&gt;&lt;span style=&quot;margin: 0px; padding: 0px; border: 0px;&quot;&gt;&lt;span style=&quot;margin: 0px; padding: 0px; border: 0px;&quot;&gt;&lt;span style=&quot;margin: 0px; padding: 0px; border: 0px;&quot;&gt;　　&lt;br/&gt;&amp;nbsp;&amp;nbsp;&amp;nbsp; 刘德顺致&lt;/span&gt;&lt;span style=&quot;margin: 0px; padding: 0px; border: 0px;&quot;&gt;辞&lt;/span&gt;&lt;span style=&quot;margin: 0px; padding: 0px; border: 0px;&quot;&gt;，对肖国安的到来表示热烈欢迎和衷心感谢&lt;/span&gt;&lt;span style=&quot;margin: 0px; padding: 0px; border: 0px;&quot;&gt;，对获奖单位及个人表示热烈的祝贺，&lt;/span&gt;&lt;span style=&quot;margin: 0px; padding: 0px; border: 0px;&quot;&gt;希望各学院、各位老师&lt;/span&gt;&lt;span style=&quot;margin: 0px; padding: 0px; border: 0px;&quot;&gt;以先进典型为榜样，不断加强学习&lt;/span&gt;&lt;span style=&quot;margin: 0px; padding: 0px; border: 0px;&quot;&gt;。&lt;/span&gt;&lt;span style=&quot;margin: 0px; padding: 0px; border: 0px;&quot;&gt;他说，&lt;/span&gt;&lt;span style=&quot;margin: 0px; padding: 0px; border: 0px;&quot;&gt;根据教育部和省教育厅有关文件精神，我校将于明年11月接受教育部委托省教育厅组织的本科教学工作审核评估，学校成立了专门的工作机构，全面推进本科教学工作审核评估与建设的各项工作&lt;/span&gt;&lt;span style=&quot;margin: 0px; padding: 0px; border: 0px;&quot;&gt;，各单位（部门）要&lt;/span&gt;&lt;span style=&quot;margin: 0px; padding: 0px; border: 0px;&quot;&gt;以中国特色社会主义理论体系为指导，深入贯彻落实党的十八大&lt;/span&gt;&lt;span style=&quot;margin: 0px; padding: 0px; border: 0px;&quot;&gt;精神，坚持立德树人，按照“以评促建、以评促改、以评促管、评建结合、重在建设”的评估工作方针，&lt;/span&gt;&lt;span style=&quot;margin: 0px; padding: 0px; border: 0px;&quot;&gt;实施卓越教育，加强内涵建设，推进审核评估，全面提高人才培养质量&lt;/span&gt;&lt;span style=&quot;margin: 0px; padding: 0px; border: 0px;&quot;&gt;，加快特色鲜明高水平综合性大学建设进程，开创学校“十三五”建设与发展的新局面。&lt;/span&gt;&lt;span style=&quot;margin: 0px; padding: 0px; border: 0px;&quot;&gt;他要求，&lt;/span&gt;&lt;span style=&quot;margin: 0px; padding: 0px; border: 0px;&quot;&gt;各单位党政主要负责人按照会议议程安排，按时参加会议和培训,认真组织开展学习和讨论，并按时提交学习总结、讨论意见和建议。&lt;/span&gt;&lt;/span&gt;&lt;/span&gt;&lt;br/&gt;&lt;br/&gt;&lt;span style=&quot;font-size:12px;font-family:Arial&quot;&gt;　　&lt;/span&gt;&lt;span style=&quot;margin: 0px; padding: 0px; border: 0px;&quot;&gt;&lt;span style=&quot;margin: 0px; padding: 0px; border: 0px;&quot;&gt;&lt;span style=&quot;margin: 0px; padding: 0px; border: 0px;&quot;&gt;李伯超&lt;/span&gt;&lt;span style=&quot;margin: 0px; padding: 0px; border: 0px;&quot;&gt;围绕“牢牢把握人才培养这条生命线”作主题发言。他&lt;/span&gt;&lt;span style=&quot;margin: 0px; padding: 0px; border: 0px;&quot;&gt;就人才培养方面提出五点&lt;/span&gt;&lt;span style=&quot;margin: 0px; padding: 0px; border: 0px;&quot;&gt;意见&lt;/span&gt;&lt;span style=&quot;margin: 0px; padding: 0px; border: 0px;&quot;&gt;：&lt;/span&gt;&lt;strong&gt;&lt;span style=&quot;margin: 0px; padding: 0px; border: 0px;&quot;&gt;一&lt;/span&gt;&lt;/strong&gt;&lt;strong&gt;&lt;span style=&quot;margin: 0px; padding: 0px; border: 0px;&quot;&gt;是&lt;/span&gt;&lt;/strong&gt;&lt;strong&gt;&lt;span style=&quot;margin: 0px; padding: 0px; border: 0px;&quot;&gt;以审核评估工作为契机，不断强化质量立校、人才兴校的办学理念&lt;/span&gt;&lt;/strong&gt;&lt;strong&gt;&lt;span style=&quot;margin: 0px; padding: 0px; border: 0px;&quot;&gt;。&lt;/span&gt;&lt;/strong&gt;&lt;span style=&quot;margin: 0px; padding: 0px; border: 0px;&quot;&gt;审核评估的核心是“质量”，全校一定要从办学的根本使命和发展的战略路径的角度来认识这次审核评估工作，按照审核评估的要求和学校的部署安排认真做好这项工程，真正把“以评促建、以评促改、以评促管、评建结合、重在建设”的工作方针落到实处。&lt;/span&gt;&lt;span style=&quot;margin: 0px; padding: 0px; border: 0px;&quot;&gt;他指出，&lt;/span&gt;&lt;span style=&quot;margin: 0px; padding: 0px; border: 0px;&quot;&gt;广大教师要把不断提高教学水平作为根本任务，通过改进教学态度、完善教学方法、加大精力投入、加强科学研究来提高教学效果和教学水平。广大管理工作者，要真正树立起人才是兴校之本的理念，进一步强化服务意识，理解和支持学校的人才政策。&lt;/span&gt;&lt;strong&gt;&lt;span style=&quot;margin: 0px; padding: 0px; border: 0px;&quot;&gt;二&lt;/span&gt;&lt;/strong&gt;&lt;strong&gt;&lt;span style=&quot;margin: 0px; padding: 0px; border: 0px;&quot;&gt;是&lt;/span&gt;&lt;/strong&gt;&lt;strong&gt;&lt;span style=&quot;margin: 0px; padding: 0px; border: 0px;&quot;&gt;不断扩大和优化教学资源，切实保障学生根本利益&lt;/span&gt;&lt;/strong&gt;&lt;strong&gt;&lt;span style=&quot;margin: 0px; padding: 0px; border: 0px;&quot;&gt;。&lt;/span&gt;&lt;/strong&gt;&lt;span style=&quot;margin: 0px; padding: 0px; border: 0px;&quot;&gt;要为&lt;/span&gt;&lt;span style=&quot;margin: 0px; padding: 0px; border: 0px;&quot;&gt;学生提供充足、优质的教学资源，保障学生根本利益的&lt;/span&gt;&lt;span style=&quot;margin: 0px; padding: 0px; border: 0px;&quot;&gt;实现；要&lt;/span&gt;&lt;span style=&quot;margin: 0px; padding: 0px; border: 0px;&quot;&gt;建设一支高水平的师资队伍&lt;/span&gt;&lt;span style=&quot;margin: 0px; padding: 0px; border: 0px;&quot;&gt;；要努力&lt;/span&gt;&lt;span style=&quot;margin: 0px; padding: 0px; border: 0px;&quot;&gt;将科研成果转化为教学资源&lt;/span&gt;&lt;span style=&quot;margin: 0px; padding: 0px; border: 0px;&quot;&gt;，&lt;/span&gt;&lt;span style=&quot;margin: 0px; padding: 0px; border: 0px;&quot;&gt;要牢固树立“教学相长”&lt;/span&gt;&lt;span style=&quot;margin: 0px; padding: 0px; border: 0px;&quot;&gt;的&lt;/span&gt;&lt;span style=&quot;margin: 0px; padding: 0px; border: 0px;&quot;&gt;理念，在教学与科研过程中，&lt;/span&gt;&lt;span style=&quot;margin: 0px; padding: 0px; border: 0px;&quot;&gt;加强&lt;/span&gt;&lt;span style=&quot;margin: 0px; padding: 0px; border: 0px;&quot;&gt;与学生的互动，&lt;/span&gt;&lt;span style=&quot;margin: 0px; padding: 0px; border: 0px;&quot;&gt;以&lt;/span&gt;&lt;span style=&quot;margin: 0px; padding: 0px; border: 0px;&quot;&gt;实现教学工作的创新、科研水平的提高&lt;/span&gt;&lt;span style=&quot;margin: 0px; padding: 0px; border: 0px;&quot;&gt;和&lt;/span&gt;&lt;span style=&quot;margin: 0px; padding: 0px; border: 0px;&quot;&gt;人才培养质量&lt;/span&gt;&lt;span style=&quot;margin: 0px; padding: 0px; border: 0px;&quot;&gt;的提升&lt;/span&gt;&lt;span style=&quot;margin: 0px; padding: 0px; border: 0px;&quot;&gt;。&lt;/span&gt;&lt;strong&gt;&lt;span style=&quot;margin: 0px; padding: 0px; border: 0px;&quot;&gt;三是&lt;/span&gt;&lt;/strong&gt;&lt;strong&gt;&lt;span style=&quot;margin: 0px; padding: 0px; border: 0px;&quot;&gt;进一步深化教学改革，不断扩大学生的学习自主权&lt;/span&gt;&lt;/strong&gt;&lt;strong&gt;&lt;span style=&quot;margin: 0px; padding: 0px; border: 0px;&quot;&gt;。&lt;/span&gt;&lt;/strong&gt;&lt;span style=&quot;margin: 0px; padding: 0px; border: 0px;&quot;&gt;教学改革的最终目的就是要充分调动学生的学习积极性，扩大学生的学习自主权。&lt;/span&gt;&lt;span style=&quot;margin: 0px; padding: 0px; border: 0px;&quot;&gt;一&lt;/span&gt;&lt;span style=&quot;margin: 0px; padding: 0px; border: 0px;&quot;&gt;要逐步扩大学生的专业选择权&lt;/span&gt;&lt;span style=&quot;margin: 0px; padding: 0px; border: 0px;&quot;&gt;，二&lt;/span&gt;&lt;span style=&quot;margin: 0px; padding: 0px; border: 0px;&quot;&gt;要逐步扩大学生的选课自由权&lt;/span&gt;&lt;span style=&quot;margin: 0px; padding: 0px; border: 0px;&quot;&gt;，三&lt;/span&gt;&lt;span style=&quot;margin: 0px; padding: 0px; border: 0px;&quot;&gt;要进一步扩大学生自主学习的时间。&lt;/span&gt;&lt;strong&gt;&lt;span style=&quot;margin: 0px; padding: 0px; border: 0px;&quot;&gt;四&lt;/span&gt;&lt;/strong&gt;&lt;strong&gt;&lt;span style=&quot;margin: 0px; padding: 0px; border: 0px;&quot;&gt;是&lt;/span&gt;&lt;/strong&gt;&lt;strong&gt;&lt;span style=&quot;margin: 0px; padding: 0px; border: 0px;&quot;&gt;以质量为导向，构建科学有效的教学评价机制和奖惩机制&lt;/span&gt;&lt;/strong&gt;&lt;strong&gt;&lt;span style=&quot;margin: 0px; padding: 0px; border: 0px;&quot;&gt;。&lt;/span&gt;&lt;/strong&gt;&lt;span style=&quot;margin: 0px; padding: 0px; border: 0px;&quot;&gt;审核评估，关键是评，重点是建。构建以质量为导向的评价机制和奖惩机制，是做好教学工作、搞好审核评估、提高培养质量的重要保障。&lt;/span&gt;&lt;span style=&quot;margin: 0px; padding: 0px; border: 0px;&quot;&gt;要增强评价主体的多元化&lt;/span&gt;&lt;span style=&quot;margin: 0px; padding: 0px; border: 0px;&quot;&gt;；&lt;/span&gt;&lt;span style=&quot;margin: 0px; padding: 0px; border: 0px;&quot;&gt;要突出评价标准的客观性、公开性、可操作性&lt;/span&gt;&lt;span style=&quot;margin: 0px; padding: 0px; border: 0px;&quot;&gt;；&lt;/span&gt;&lt;span style=&quot;margin: 0px; padding: 0px; border: 0px;&quot;&gt;要严格评价结果的刚性运用&lt;/span&gt;&lt;span style=&quot;margin: 0px; padding: 0px; border: 0px;&quot;&gt;，&lt;/span&gt;&lt;span style=&quot;margin: 0px; padding: 0px; border: 0px;&quot;&gt;要加大教学质量在学校绩效考核中的力度。&lt;/span&gt;&lt;strong&gt;&lt;span style=&quot;margin: 0px; padding: 0px; border: 0px;&quot;&gt;五&lt;/span&gt;&lt;/strong&gt;&lt;strong&gt;&lt;span style=&quot;margin: 0px; padding: 0px; border: 0px;&quot;&gt;是&lt;/span&gt;&lt;/strong&gt;&lt;strong&gt;&lt;span style=&quot;margin: 0px; padding: 0px; border: 0px;&quot;&gt;加强文化引领，营造开放包容的学术氛围&lt;/span&gt;&lt;/strong&gt;&lt;strong&gt;&lt;span style=&quot;margin: 0px; padding: 0px; border: 0px;&quot;&gt;。&lt;/span&gt;&lt;/strong&gt;&lt;span style=&quot;margin: 0px; padding: 0px; border: 0px;&quot;&gt;厚重的学术氛围，能有效提升学校学术科研实力。作为学校，要加大投入；要各个职能部门、学科学院通力合作，我们在广泛邀请国内国际知名学者讲学交流的同时，自身高水平的学术讲座，要奖励；对青年学者的首次讲座，要扶持；对学术讲座品牌，要打造。&lt;/span&gt;&lt;/span&gt;&lt;/span&gt;&lt;br/&gt;&lt;br/&gt;&lt;span style=&quot;font-size:12px;font-family:Arial&quot;&gt;　　&lt;/span&gt;&lt;/span&gt;&lt;/span&gt;&lt;span style=&quot;margin: 0px; padding: 0px; border: 0px;&quot;&gt;&lt;span style=&quot;margin: 0px; padding: 0px; border: 0px; font-family: 宋体;&quot;&gt;施式亮在教学工作报告中全面总结了一年来学校教学工作所取得的成绩，深入分析了学校教学工作中亟待解决的问题，提出了今后学校教学工作的基本思路：要转变教育理念，深化本科人才培养模式改革；更新管理理念，不断提高教学管理服务质量；优化专业设置，全面对接国家高考制度改革；完善质量标准，扎实推进本科教学审核评估；强化五个责任，持续协同推进教风学风建设。他还对本科教学审核评估工作做出严密部署与安排。他指出，做好审核评估工作，各单位（部门）要全面贯彻落实“以评促建、以评促改、以评促管、评建结合、重在建设”的评估方针，加强组织领导，精心安排部署；加强学习研究，突出评估重点；明确任务分工，强化工作责任；坚持统筹协调，精准自查自评；及时总结分析，全面整改落实。&lt;br/&gt;&lt;br/&gt;　　副校长周飞跃宣读了上级部门表彰教学工作的相关文件，副校长陈安华宣读了学校教学工作表彰项目。大会对2015年度“教学工作先进集体”、2015年度“学生工作先进单位”、2013-2015年度“实践教学管理工作先进集体”、2013-2015年度“实践教学管理工作先进个人”、2013-2015年度“优秀实验（实训）教师”、2013-2015年度“青年教师教学能手”、湖南科技大学第二届教师课堂教学竞赛一等奖的获奖教师、湖南科技大学第二届教师课堂教学竞赛优秀组织奖获奖单位、2012-2015年度“优秀教务工作者”进行现场表彰。&amp;nbsp;&amp;nbsp;&lt;br/&gt;&lt;br/&gt;　　2015年度教学工作先进单位获奖单位代表——外国语学院院长曾艳钰交流了教学管理工作经验。2015年度省普通高校教师课堂教学竞赛一等奖获得者、土木工程学院副院长孙洪鑫博士分享了他在教学及科研上的经验。&lt;br/&gt;&lt;br/&gt;　　根据大会安排，各单位将在下周组织广大教职工认真学习与讨论会议精神。&lt;/span&gt;&lt;/span&gt;&lt;/p&gt;&lt;p&gt;&lt;br/&gt;&lt;/p&gt;','home/file/getfile?type=4&id=d310518ee6a98d1ba4874c69107faf39','文/尹承　吴美佳 彭锦 丁婉婷 彭慧 图/柳殊萌 田文艺','大学生通讯社','2016-10-19','4','/hnust/Public/img/f5ff5cb701a1242fd1fabc108f576319.jpg') [ RunTime:0.0216s ]
SQL: SHOW COLUMNS FROM `hnust_document` [ RunTime:0.0096s ]
SQL: UPDATE `hnust_document` SET `informid`='d310518ee6a98d1ba4874c69107faf39' WHERE ( informid is null ) [ RunTime:0.0094s ]

[ 2017-04-28T13:27:22+08:00 ] 119.39.148.129 /hnust/index.php/uploadinform
INFO: [ app_init ] --START--
INFO: Run Behavior\BuildLiteBehavior [ RunTime:0.000021s ]
INFO: [ app_init ] --END-- [ RunTime:0.000174s ]
INFO: [ app_begin ] --START--
INFO: Run Behavior\ReadHtmlCacheBehavior [ RunTime:0.000049s ]
INFO: [ app_begin ] --END-- [ RunTime:0.000104s ]
SQL: SHOW COLUMNS FROM `hnust_supervisor` [ RunTime:0.0083s ]
NOTIC: [2] call_user_func() expects parameter 1 to be a valid callback, no array or string given /home/ubuntu/hnust/ThinkPHP/Library/Think/Upload.class.php 第 170 行.
SQL: INSERT INTO `hnust_supervisor` (`id`,`title`,`content`,`link`,`author`,`source`,`time`,`type`,`imgurl`) VALUES ('36c3f68ea26287b044a1c50aaae957eb','湖南省审计厅赴我校交接审核进点会议顺利召开','&lt;p style=&quot;text-align: center;&quot;&gt;&lt;img alt=&quot;&quot; width=&quot;600&quot; height=&quot;400&quot; src=&quot;http://news.hnust.cn/images/content/2016-10/20161018161541666545.jpg&quot;/&gt;&lt;br/&gt;&lt;br/&gt;&lt;img alt=&quot;&quot; width=&quot;600&quot; height=&quot;400&quot; src=&quot;http://news.hnust.cn/images/content/2016-10/20161018161718595862.jpg&quot;/&gt;&lt;br/&gt;&lt;br/&gt;&lt;img alt=&quot;&quot; width=&quot;600&quot; height=&quot;400&quot; src=&quot;http://news.hnust.cn/images/content/2016-10/20161018161628941707.jpg&quot;/&gt;&lt;br/&gt;&lt;br/&gt;&lt;img alt=&quot;&quot; width=&quot;600&quot; height=&quot;400&quot; src=&quot;http://news.hnust.cn/images/content/2016-10/20161018161608437693.jpg&quot;/&gt;&lt;br/&gt;&lt;br/&gt;　&lt;span style=&quot;;padding: 0px;border: 0px;font-family: 宋体, 微软雅黑;font-size: 14px&quot;&gt;&lt;span style=&quot;;padding: 0px;border: 0px;font-family: 宋体&quot;&gt;&amp;nbsp;&lt;br/&gt;&lt;/span&gt;&lt;/span&gt;&lt;/p&gt;&lt;p style=&quot;margin-top: 0px;margin-bottom: 0px;padding: 0px;border: 0px;text-indent: 2em;line-height: 24px;font-size: 14px;font-family: 宋体, 微软雅黑;white-space: normal&quot;&gt;&lt;span style=&quot;;padding: 0px;border: 0px&quot;&gt;&lt;span style=&quot;;padding: 0px;border: 0px;font-family: 宋体&quot;&gt;&amp;nbsp;&lt;span style=&quot;;padding: 0;border: 1px windowtext&quot;&gt;10&lt;/span&gt;&lt;span style=&quot;;padding: 0;border: 1px windowtext&quot;&gt;月&lt;/span&gt;&lt;span style=&quot;;padding: 0;border: 1px windowtext&quot;&gt;17&lt;/span&gt;&lt;span style=&quot;;padding: 0;border: 1px windowtext&quot;&gt;日下午&lt;/span&gt;&lt;span style=&quot;;padding: 0;border: 1px windowtext&quot;&gt;3:00&lt;/span&gt;&lt;span style=&quot;;padding: 0;border: 1px windowtext&quot;&gt;，湖南省审计厅赴我校交接审核进点会议在综合楼&lt;/span&gt;&lt;span style=&quot;;padding: 0;border: 1px windowtext&quot;&gt;211&lt;/span&gt;&lt;span style=&quot;;padding: 0;border: 1px windowtext&quot;&gt;会议室召开，湖南省审计厅审计组组长、资源环境审计处陈刚处长，我校党委书记刘德顺、校长李伯超、校纪委书记刘宇文、副校长李琳出席。会议由陈刚主持，学校相关职能部门主要负责人与会。&lt;/span&gt;&lt;span style=&quot;;padding: 0px;border: 0px&quot;&gt;&amp;nbsp;&lt;br/&gt;&lt;/span&gt;&lt;span style=&quot;;padding: 0;border: 1px windowtext&quot;&gt;&lt;br/&gt;&lt;/span&gt;&lt;span style=&quot;;padding: 0;border: 1px windowtext&quot;&gt;　　刘德顺对陈刚一行的到来表示热烈欢迎。他对学校近年的工作做了简单介绍，并作了表态性发言，做出了“认识到位”、“任务到位”、“整改到位”等三个承诺。他认为，这次审计工作既是对学校工作的考核评价，也是对学校财务工作的一次系统检验和督促。他希望审计组在审查的同时对学校的工作提出宝贵的意见和建议。&lt;/span&gt;&lt;span style=&quot;;padding: 0px;border: 0px&quot;&gt;&amp;nbsp;&lt;br/&gt;&lt;br/&gt;&lt;/span&gt;&lt;span style=&quot;;padding: 0;border: 1px windowtext&quot;&gt;　　李伯超表示，学校会按照审计组的工作安排积极配合开展工作，保证审计工作顺利完成。&lt;/span&gt;&lt;span style=&quot;;padding: 0px;border: 0px&quot;&gt;&amp;nbsp;&lt;br/&gt;&lt;br/&gt;&lt;/span&gt;&lt;span style=&quot;;padding: 0;border: 1px windowtext&quot;&gt;　　会上，湖南省审计厅审计组主审刘京宣读了相关文件，并介绍了此次审计工作的主要内容。&lt;/span&gt;&lt;/span&gt;&lt;/span&gt;&lt;/p&gt;&lt;p&gt;&lt;br/&gt;&lt;/p&gt;','home/file/getfile?type=4&id=36c3f68ea26287b044a1c50aaae957eb','文/于瑶 邝永健 彭锦　图/陈勃鑫','大学生通讯社','2016-10-20','4','/hnust/Public/img/bd0934f76085f12185ee6895e44467c7.jpg') [ RunTime:0.0100s ]
SQL: SHOW COLUMNS FROM `hnust_document` [ RunTime:0.0081s ]
SQL: UPDATE `hnust_document` SET `informid`='36c3f68ea26287b044a1c50aaae957eb' WHERE ( informid is null ) [ RunTime:0.0081s ]

[ 2017-04-28T13:29:28+08:00 ] 119.39.148.129 /hnust/index.php/uploadinform
INFO: [ app_init ] --START--
INFO: Run Behavior\BuildLiteBehavior [ RunTime:0.000014s ]
INFO: [ app_init ] --END-- [ RunTime:0.000106s ]
INFO: [ app_begin ] --START--
INFO: Run Behavior\ReadHtmlCacheBehavior [ RunTime:0.000056s ]
INFO: [ app_begin ] --END-- [ RunTime:0.000099s ]
SQL: SHOW COLUMNS FROM `hnust_supervisor` [ RunTime:0.0095s ]
NOTIC: [2] finfo_file(): Empty filename or path /home/ubuntu/hnust/ThinkPHP/Library/Think/Upload.class.php 第 152 行.
SQL: INSERT INTO `hnust_supervisor` (`id`,`title`,`content`,`link`,`author`,`source`,`time`,`type`) VALUES ('9c838226097b1583fc882d6255983716','我校实施“卓越本科教育计划”引师生热议','&lt;p style=&quot;margin-top: 0px;margin-bottom: 0px;padding: 0px;border: 0px;text-indent: 2em;line-height: 24px;font-size: 14px;font-family: 宋体, 微软雅黑;white-space: normal&quot;&gt;&lt;span style=&quot;;padding: 0px;border: 0px&quot;&gt;&lt;span style=&quot;;padding: 0px;border: 0px;font-family: 宋体&quot;&gt;为全面提升学校人才培养能力和教育教学质量，满足经济社会发展对卓越人才的需要，我校决定实施卓越本科教育计划，并于&lt;span style=&quot;;padding: 0px;border: 0px&quot;&gt;4&lt;/span&gt;月&lt;span style=&quot;;padding: 0px;border: 0px&quot;&gt;5&lt;/span&gt;日发布了《关于实施卓越本科教育计划的意见》（以下简称《意见》）。《意见》下发后，“创新人才”“卓越学子”“卓越讲师”“人才培养”等热词纷纷进入师生视野，掀起热议、学习风潮。&lt;/span&gt;&lt;/span&gt;&lt;/p&gt;&lt;p&gt;&lt;span style=&quot;;padding: 0px;border: 0px;font-size: 14px&quot;&gt;&lt;span style=&quot;;padding: 0px;border: 0px;font-family: 宋体&quot;&gt;&lt;span style=&quot;;padding: 0px;border: 0px&quot;&gt;&amp;nbsp;&lt;p style=&quot;margin-top: 0px;margin-bottom: 0px;padding: 0px;border: 0px;text-indent: 2em;line-height: 24px&quot;&gt;&lt;span style=&quot;;padding: 0px;border: 0px&quot;&gt;习近平总书记在全国高校思想政治工作会议上指出，我们对高等教育的需要比以往任何时候都更加迫切，对科学知识和卓越人才的渴求比以往任何时候都更加强烈。《意见》的制定结合了国家和地方经济社会发展的背景，结合了教育部提出的&lt;span style=&quot;;padding: 0px;border: 0px&quot;&gt;“&lt;/span&gt;卓越人才教育培养计划&lt;span style=&quot;;padding: 0px;border: 0px&quot;&gt;”&lt;/span&gt;、省级&lt;span style=&quot;;padding: 0px;border: 0px&quot;&gt;“&lt;/span&gt;双一流”高校建设的目标要求。一流的本科教育是建设高水平大学的重要基础，“&lt;/span&gt;&lt;span style=&quot;;padding: 0px;border: 0px&quot;&gt;卓越本科教育计划”的实施有助于提升我校人才培养能力，满足经济社会发展对卓越人才的强烈渴求。《意见》中提到，要明确学校人才培养目标，不断提升学生社会责任感、培养学生创业意识、增强学生实践能力；要创新专业人才培养，完善学生学籍管理制度、融合创新创业教育、设立专项经费；要优化专业结构和布局，服务社会需求、科学配置资源、专业动态调整。&lt;/span&gt;&lt;/p&gt;&lt;/span&gt;&lt;/span&gt;&lt;/span&gt;&lt;/p&gt;&lt;p style=&quot;margin-top: 0px;margin-bottom: 0px;padding: 0px;border: 0px;text-indent: 2em;line-height: 24px;font-size: 14px;font-family: 宋体, 微软雅黑;white-space: normal&quot;&gt;&amp;nbsp;&lt;/p&gt;&lt;p style=&quot;margin-top: 0px;margin-bottom: 0px;padding: 0px;border: 0px;text-indent: 2em;line-height: 24px;font-size: 14px;font-family: 宋体, 微软雅黑;white-space: normal&quot;&gt;&lt;span style=&quot;;padding: 0px;border: 0px&quot;&gt;&lt;span style=&quot;;padding: 0px;border: 0px;font-family: 宋体&quot;&gt;《意见》从“认识计划的重要意义”、“全面提升本科人才培养能力”、“全面提升学校本科教育教学质量”以及“构建实施计划的保证体系”等四方面对“卓越本科教育计划”进行了全方位的解读；文本制定以宏观、微观、可操作性兼顾为基本定位，厘清了各项重点任务，为广大师生的发展方向指明了道路。&lt;/span&gt;&lt;/span&gt;&lt;/p&gt;&lt;p style=&quot;margin-top: 0px;margin-bottom: 0px;padding: 0px;border: 0px;text-indent: 2em;line-height: 24px;font-size: 14px;font-family: 宋体, 微软雅黑;white-space: normal&quot;&gt;&lt;span style=&quot;;padding: 0px;border: 0px&quot;&gt;&lt;span style=&quot;;padding: 0px;border: 0px;font-family: 宋体&quot;&gt;&lt;span style=&quot;;padding: 0px;border: 0px&quot;&gt;&amp;nbsp;&amp;nbsp;&amp;nbsp;&lt;/span&gt;&lt;/span&gt;&lt;/span&gt;&lt;span style=&quot;;padding: 0px;border: 0px&quot;&gt;&lt;span style=&quot;;padding: 0px;border: 0px;font-family: 宋体&quot;&gt;&lt;span style=&quot;;padding: 0px;border: 0px&quot;&gt;&amp;nbsp;&lt;/span&gt;&lt;/span&gt;&lt;/span&gt;&lt;/p&gt;&lt;p style=&quot;margin-top: 0px;margin-bottom: 0px;padding: 0px;border: 0px;text-indent: 2em;line-height: 24px;font-size: 14px;font-family: 宋体, 微软雅黑;white-space: normal&quot;&gt;&lt;span style=&quot;;padding: 0px;border: 0px&quot;&gt;&lt;span style=&quot;;padding: 0px;border: 0px;font-family: 宋体&quot;&gt;提升我校本科教育教学质量也是“卓越本科教育计划”的重要内容。《意见》称，要充分发挥教师教书育人的主导作用，强化科研资源转化为教学资源，推进教师队伍国际化建设；要突出思想政治教育引领，将思想政治工作贯穿教育教学全过程；要建立健全教学质量标准、监测与评估体系，以本科教学工作审核评估为契机，全面梳理人才培养各个方面、环节，查漏补缺。&lt;/span&gt;&lt;/span&gt;&lt;/p&gt;&lt;p style=&quot;margin-top: 0px;margin-bottom: 0px;padding: 0px;border: 0px;text-indent: 2em;line-height: 24px;font-size: 14px;font-family: 宋体, 微软雅黑;white-space: normal&quot;&gt;&lt;span style=&quot;;padding: 0px;border: 0px&quot;&gt;&lt;span style=&quot;;padding: 0px;border: 0px;font-family: 宋体&quot;&gt;&lt;span style=&quot;;padding: 0px;border: 0px&quot;&gt;&amp;nbsp;&lt;/span&gt;&lt;/span&gt;&lt;/span&gt;&lt;/p&gt;&lt;p style=&quot;margin-top: 0px;margin-bottom: 0px;padding: 0px;border: 0px;text-indent: 2em;line-height: 24px;font-size: 14px;font-family: 宋体, 微软雅黑;white-space: normal&quot;&gt;&lt;span style=&quot;;padding: 0px;border: 0px&quot;&gt;&lt;span style=&quot;;padding: 0px;border: 0px;font-family: 宋体&quot;&gt;“卓越本科教育计划”鼓励教师分类发展，探索以学生能力培养为核心的教学评价机制。对此，法学与公共管理学院教师朱红梅认为，这既是为教师提供了一个更好的教学平台，也提高了对教师的要求。教师们应当努力扩大知识面，提升专业素养，并尽可能走出去、多交流。同时，教师也要提升自身授课技巧，完善第二课堂和第一课堂协同育人机制，着力培养学生实践能力和创新能力。&lt;/span&gt;&lt;/span&gt;&lt;/p&gt;&lt;p style=&quot;margin-top: 0px;margin-bottom: 0px;padding: 0px;border: 0px;text-indent: 2em;line-height: 24px;font-size: 14px;font-family: 宋体, 微软雅黑;white-space: normal&quot;&gt;&lt;span style=&quot;;padding: 0px;border: 0px&quot;&gt;&lt;span style=&quot;;padding: 0px;border: 0px;font-family: 宋体&quot;&gt;&lt;span style=&quot;;padding: 0px;border: 0px&quot;&gt;&amp;nbsp;&lt;/span&gt;&lt;/span&gt;&lt;/span&gt;&lt;/p&gt;&lt;p style=&quot;margin-top: 0px;margin-bottom: 0px;padding: 0px;border: 0px;text-indent: 2em;line-height: 24px;font-size: 14px;font-family: 宋体, 微软雅黑;white-space: normal&quot;&gt;&lt;span style=&quot;;padding: 0px;border: 0px&quot;&gt;&lt;span style=&quot;;padding: 0px;border: 0px;font-family: 宋体&quot;&gt;“真正的人才不仅应该具备灵敏的思维，也应该拥有较高的思想道德素质。”马克思主义学院教师杨松菊认为，“思想道德教育对人的成长成才起着领航作用，思政教育应贯彻党的思政理念，做到“三进”，即进教材、进课堂、进大脑。”在教学中，杨松菊也会将教学与学生的思想动态结合，及时了解和解决学生在学习生活中遇到的问题，让学生在平时的学习生活中意识到思想政治教育的重要性。她希望，思想政治不应只&lt;/span&gt;&lt;/span&gt;&lt;span style=&quot;;padding: 0px;border: 0px&quot;&gt;&lt;span style=&quot;;padding: 0px;border: 0px;font-family: 宋体&quot;&gt;&lt;span style=&quot;;padding: 0px;border: 0px&quot;&gt;停留在思政课上，所有任课老师都要把思政教育摆在重要位置。&lt;/span&gt;&lt;/span&gt;&lt;/span&gt;&lt;/p&gt;&lt;p style=&quot;margin-top: 0px;margin-bottom: 0px;padding: 0px;border: 0px;text-indent: 2em;line-height: 24px;font-size: 14px;font-family: 宋体, 微软雅黑;white-space: normal&quot;&gt;&lt;span style=&quot;;padding: 0px;border: 0px&quot;&gt;&lt;span style=&quot;;padding: 0px;border: 0px;font-family: 宋体&quot;&gt;&lt;br/&gt;&lt;br/&gt;&amp;nbsp;&amp;nbsp;&amp;nbsp; “优化专业结构和布局是提升学校本科人才培养能力的重要举措。”信息与电气工程学院教师唐东峰对我校实施“卓越本科教育计划”十分认同。他表示，以信息工程类专业为例，其与数学、计算机等理工类专业也有交叉覆盖的点，可以相互补充，培育优势，进行相关科学研究也可以达到事半功倍的效果。而在这抢抓“双一流”建设机遇时期，我校学科建设应该以服务社会需求为导向，聚力特色，打破学科壁垒，培育优势特色学科群，进而形成紧随社会需求潮流、办学条件优越、特色优势明显的专业结构和布局。&lt;/span&gt;&lt;/span&gt;&lt;/p&gt;&lt;p style=&quot;margin-top: 0px;margin-bottom: 0px;padding: 0px;border: 0px;text-indent: 2em;line-height: 24px;font-size: 14px;font-family: 宋体, 微软雅黑;white-space: normal&quot;&gt;&lt;span style=&quot;;padding: 0px;border: 0px&quot;&gt;&lt;span style=&quot;;padding: 0px;border: 0px;font-family: 宋体&quot;&gt;&lt;span style=&quot;;padding: 0px;border: 0px&quot;&gt;&amp;nbsp;&lt;/span&gt;&lt;/span&gt;&lt;/span&gt;&lt;/p&gt;&lt;p style=&quot;margin-top: 0px;margin-bottom: 0px;padding: 0px;border: 0px;text-indent: 2em;line-height: 24px;font-size: 14px;font-family: 宋体, 微软雅黑;white-space: normal&quot;&gt;&lt;span style=&quot;;padding: 0px;border: 0px&quot;&gt;&lt;span style=&quot;;padding: 0px;border: 0px;font-family: 宋体&quot;&gt;“‘卓越本科教育计划’也为学生们提供了良好的学习平台，因材施教，重点培育，让我们的实践、创新能力都得到了充分培育和发挥。”数学与计算科学学院的大二学生高继飞今年成功申报了“卓越学子计划”科学创新类项目“智能停车管理系统”，该计划为他配备了辅导老师，并协助项目实施，同时还解决了项目团队资金不足的问题。在他看来，学生不仅是在课堂上学习，课外科技活动、社团活动、社会实践等都是学生们的第二课堂。&lt;/span&gt;&lt;/span&gt;&lt;/p&gt;&lt;p&gt;&lt;br/&gt;&lt;/p&gt;','home/file/getfile?type=4&id=9c838226097b1583fc882d6255983716','文/彭澎 刘一博 叶香渝','大学生通讯社','2017-04-14','4') [ RunTime:0.1623s ]
SQL: SHOW COLUMNS FROM `hnust_document` [ RunTime:0.0094s ]
SQL: UPDATE `hnust_document` SET `informid`='9c838226097b1583fc882d6255983716' WHERE ( informid is null ) [ RunTime:0.0090s ]

[ 2017-04-28T13:30:28+08:00 ] 119.39.148.129 /hnust/index.php/uploadinform
INFO: [ app_init ] --START--
INFO: Run Behavior\BuildLiteBehavior [ RunTime:0.000015s ]
INFO: [ app_init ] --END-- [ RunTime:0.000106s ]
INFO: [ app_begin ] --START--
INFO: Run Behavior\ReadHtmlCacheBehavior [ RunTime:0.000046s ]
INFO: [ app_begin ] --END-- [ RunTime:0.000091s ]
SQL: SHOW COLUMNS FROM `hnust_supervisor` [ RunTime:0.0094s ]
NOTIC: [2] finfo_file(): Empty filename or path /home/ubuntu/hnust/ThinkPHP/Library/Think/Upload.class.php 第 152 行.
SQL: INSERT INTO `hnust_supervisor` (`id`,`title`,`content`,`link`,`author`,`source`,`time`,`type`) VALUES ('97d1e082723e4fb3c6459cd01ed58d29','学校启动 “卓越学子计划”','&lt;p&gt;&lt;span style=&quot;margin: 0px; padding: 0px; border: 0px; font-family: 宋体, 微软雅黑; font-size: 14px; text-indent: 28px;&quot;&gt;&lt;span style=&quot;margin: 0px; padding: 0px; border: 0px; font-family: 宋体;&quot;&gt;为深入贯彻落实《国家中长期教育改革和发展规划纲要（2010—2020年）》文件精神，全面深入推进我校“卓越本科教育计划”工作，2月19日，我校出台《“卓越学子计划”实施方案（试行）》（以下简称《方案》）。&lt;br/&gt;&lt;br/&gt;　　&lt;/span&gt;&lt;/span&gt;&lt;span style=&quot;margin: 0px; padding: 0px; border: 0px; font-family: 宋体, 微软雅黑; font-size: 14px; text-indent: 28px;&quot;&gt;&lt;span style=&quot;margin: 0px; padding: 0px; border: 0px; font-family: 宋体;&quot;&gt;“卓越学子计划”即围绕学校人才培养综合改革，通过学院推荐和学校评审，在学生中有计划、有重点地选培支持一批思想引领和科技创新方面有影响力的卓越学子培育对象，并在专项经费支持下，力争通过一至两年时间形成思想引领和科技创新的卓越人才队伍体系。&lt;/span&gt;&lt;/span&gt;&lt;br/&gt;&lt;br/&gt;&lt;span style=&quot;font-family: 宋体, 微软雅黑; font-size: 14px; text-indent: 28px;&quot;&gt;　　&lt;/span&gt;&lt;span style=&quot;margin: 0px; padding: 0px; border: 0px; font-family: 宋体, 微软雅黑; font-size: 14px; text-indent: 28px;&quot;&gt;&lt;span style=&quot;margin: 0px; padding: 0px; border: 0px; font-family: 宋体;&quot;&gt;《方案》称，卓越学子培育对象主要分为思想引领和科技创新两类，选培范围主要限于学校全日制本科生和研究生。选培强调“突出优秀、宁缺毋滥”的原则。&lt;/span&gt;&lt;/span&gt;&lt;br/&gt;&lt;br/&gt;&lt;span style=&quot;font-family: 宋体, 微软雅黑; font-size: 14px; text-indent: 28px;&quot;&gt;　　&lt;/span&gt;&lt;span style=&quot;margin: 0px; padding: 0px; border: 0px; font-family: 宋体, 微软雅黑; font-size: 14px; text-indent: 28px;&quot;&gt;&lt;span style=&quot;margin: 0px; padding: 0px; border: 0px; font-family: 宋体;&quot;&gt;其中，思想引领卓越学子培育对象以个人为主，要求学业成绩优秀，在道德信仰、自强自立、创新创业等方面有一定突出事迹，具有一定社会影响力；个人特点和优势突出，具有进一步发展和提升的潜力。&lt;/span&gt;&lt;/span&gt;&lt;span style=&quot;margin: 0px; padding: 0px; border: 0px; font-family: 宋体, 微软雅黑; font-size: 14px; text-indent: 28px;&quot;&gt;&lt;span style=&quot;margin: 0px; padding: 0px; border: 0px; font-family: 宋体;&quot;&gt;科技创新卓越学子培育对象原则上以团队为主，要求有专门的的指导老师，团队具有前瞻性、计划性、目标性和创新性，在学术研究和工程应用领域取得创新性成果并产生一定的经济和社会效益，或提出重要的政策咨询建议，在区域社会经济建设和改革中发挥重要的影响。团队应具有一定的前期工作基础，具有较好的团队精神和科学的管理机制，表现出较好的创新潜力，具有可预见性的创新成果和发展前景。原则上每个团队人数不超过5名，学生每次只能负责或参加1个团队。&lt;/span&gt;&lt;/span&gt;&lt;br/&gt;&lt;br/&gt;&lt;span style=&quot;font-family: 宋体, 微软雅黑; font-size: 14px; text-indent: 28px;&quot;&gt;　　&lt;/span&gt;&lt;span style=&quot;margin: 0px; padding: 0px; border: 0px; font-family: 宋体, 微软雅黑; font-size: 14px; text-indent: 28px;&quot;&gt;&lt;span style=&quot;margin: 0px; padding: 0px; border: 0px; font-family: 宋体;&quot;&gt;《方案》指出，学校与学院将分别组建“卓越学子计划”评审考核委员会，主要负责培育对象的选培与考核工作。学校每年定期组织选培卓越学子培育对象。具体选培程序分四步走：一是学院推荐。每年3月份，学院对符合选培条件的学生个人或团队择优推荐；二是资格审查。由校团委进行初审，会同各相关职能部门就材料进行复核；三是学校评审。学校“卓越学子计划”评审考核委员会进行评审，确定培育对象名单；四是结果公示；学校对卓越学子培育对象名单进行公示。&lt;/span&gt;&lt;/span&gt;&lt;br/&gt;&lt;br/&gt;&lt;span style=&quot;font-family: 宋体, 微软雅黑; font-size: 14px; text-indent: 28px;&quot;&gt;　　&lt;/span&gt;&lt;span style=&quot;margin: 0px; padding: 0px; border: 0px; font-family: 宋体, 微软雅黑; font-size: 14px; text-indent: 28px;&quot;&gt;&lt;span style=&quot;margin: 0px; padding: 0px; border: 0px; font-family: 宋体;&quot;&gt;《方案》中提到，“卓越学子计划”实行目标考核和动态管理的考核管理机制。卓越学子培育对象培育期一般为两年，培育期满一年时学校“卓越学子计划”评审考核委员会进行中期检查；满两年时进行终期考核。各学院负责对本单位的卓越学子培育对象进行日常管理和学期考核，每学期期末各学院组织一次内部考核。对于每年学校中期检查不合格的培育对象，学校将予以淘汰，取消其培育资格，停发培育经费，并重新选培新的优秀学生加入培育计划。&lt;/span&gt;&lt;/span&gt;&lt;br/&gt;&lt;br/&gt;&lt;span style=&quot;font-family: 宋体, 微软雅黑; font-size: 14px; text-indent: 28px;&quot;&gt;　　&lt;/span&gt;&lt;span style=&quot;margin: 0px; padding: 0px; border: 0px; font-family: 宋体, 微软雅黑; font-size: 14px; text-indent: 28px;&quot;&gt;&lt;span style=&quot;margin: 0px; padding: 0px; border: 0px; font-family: 宋体;&quot;&gt;“卓越学子计划”专项资金总额度达到100万元，其用途包括培育工作管理经费及培育对象合同经费；其来源包括学校拨款，政府和企业资助经费及其他经费等。其中，思想引领卓越学子培育对象专项资金总额约为20万元，科技创新专项资金总额约为80万元。&lt;/span&gt;&lt;/span&gt;&lt;br/&gt;&lt;br/&gt;&lt;span style=&quot;font-family: 宋体, 微软雅黑; font-size: 14px; text-indent: 28px;&quot;&gt;　　&lt;/span&gt;&lt;span style=&quot;margin: 0px; padding: 0px; border: 0px; font-family: 宋体, 微软雅黑; font-size: 14px; text-indent: 28px;&quot;&gt;&lt;span style=&quot;margin: 0px; padding: 0px; border: 0px; font-family: 宋体;&quot;&gt;“卓越学子计划”作为我校“卓越本科教育计划”的重要组成部分，将与“卓越本科教育计划”“高层次人才发展支持计划”以及学校综合改革人才培养目标相结合。在加强卓越学子培育对象的条件保障上，学校将在实验室、教室、图书馆等方面优先考虑卓越学子培育对象，免费为其开放相关场所；推荐培育对象进入相关科研项目负责人的学术团队进行科研训练；优先推荐培育对象参加海外交流、校际交流和学术会议；在评奖评优和免试研究生等方面，同等条件下可优先考虑培育对象。&lt;/span&gt;&lt;/span&gt;&lt;/p&gt;','home/file/getfile?type=4&id=97d1e082723e4fb3c6459cd01ed58d29','彭澎','大学生通讯社','2017-02-27','4') [ RunTime:0.0112s ]
SQL: SHOW COLUMNS FROM `hnust_document` [ RunTime:0.0089s ]
SQL: UPDATE `hnust_document` SET `informid`='97d1e082723e4fb3c6459cd01ed58d29' WHERE ( informid is null ) [ RunTime:0.0087s ]

[ 2017-04-28T13:31:51+08:00 ] 119.39.148.129 /hnust/index.php/uploadinform
INFO: [ app_init ] --START--
INFO: Run Behavior\BuildLiteBehavior [ RunTime:0.000015s ]
INFO: [ app_init ] --END-- [ RunTime:0.000106s ]
INFO: [ app_begin ] --START--
INFO: Run Behavior\ReadHtmlCacheBehavior [ RunTime:0.000043s ]
INFO: [ app_begin ] --END-- [ RunTime:0.000083s ]
SQL: SHOW COLUMNS FROM `hnust_supervisor` [ RunTime:0.0080s ]
NOTIC: [2] call_user_func() expects parameter 1 to be a valid callback, no array or string given /home/ubuntu/hnust/ThinkPHP/Library/Think/Upload.class.php 第 170 行.
SQL: INSERT INTO `hnust_supervisor` (`id`,`title`,`content`,`link`,`author`,`source`,`time`,`type`,`imgurl`) VALUES ('5d136f9fd3a813649e9090c004550a3b','2017年学科建设研讨会召开','&lt;p style=&quot;text-align: center;&quot;&gt;&lt;img alt=&quot;&quot; src=&quot;http://news.hnust.cn/images/content/2017-03/20170308225441743992.jpg&quot;/&gt;&lt;br/&gt;&lt;br/&gt;&lt;img width=&quot;600&quot; height=&quot;400&quot; alt=&quot;&quot; src=&quot;http://news.hnust.cn/images/content/2017-03/20170309173121268703.jpg&quot;/&gt;&lt;br/&gt;&lt;br/&gt;&lt;img alt=&quot;&quot; src=&quot;http://news.hnust.cn/images/content/2017-03/20170308225525298091.jpg&quot;/&gt;&lt;br/&gt;&lt;span style=&quot;font-family: 宋体, 微软雅黑; font-size: 12px;&quot;&gt;&amp;nbsp;&lt;/span&gt;&lt;/p&gt;&lt;p style=&quot;margin-top: 0px; margin-bottom: 0px; padding: 0px; border: 0px; text-indent: 2em; line-height: 24px; font-size: 14px; font-family: 宋体, 微软雅黑; white-space: normal;&quot;&gt;&lt;span style=&quot;margin: 0px; padding: 0px; border: 0px;&quot;&gt;&lt;span style=&quot;margin: 0px; padding: 0px; border: 0px; font-family: 宋体;&quot;&gt;3月8日下午，我校学科建设研讨会在综合楼601会议室召开。校党委书记刘德顺、校长李伯超、校党委副书记朱川曲，副校长陈安华、刘友金、施式亮、廖湘岳、校党委委员王卫军出席。发展规划与学科建设处、教务处、科技处、社科处、人事处、研究生院及各教学院主要负责人参加会议。会议由陈安华主持。&lt;/span&gt;&lt;/span&gt;&lt;/p&gt;&lt;p style=&quot;margin-top: 0px; margin-bottom: 0px; padding: 0px; border: 0px; text-indent: 2em; line-height: 24px; font-size: 14px; font-family: 宋体, 微软雅黑; white-space: normal;&quot;&gt;&lt;span style=&quot;margin: 0px; padding: 0px; border: 0px;&quot;&gt;&lt;span style=&quot;margin: 0px; padding: 0px; border: 0px; font-family: 宋体;&quot;&gt;此次会议主要从学校对接国家与湖南省双一流建设计划、博（硕）士学位授权点增列申报工作以及学科专业特色建设专项计划三个方面进行了研讨和交流，会议还明确了相关部门的工作重点与方向。&lt;/span&gt;&lt;/span&gt;&lt;/p&gt;&lt;p style=&quot;margin-top: 0px; margin-bottom: 0px; padding: 0px; border: 0px; text-indent: 2em; line-height: 24px; font-size: 14px; font-family: 宋体, 微软雅黑; white-space: normal;&quot;&gt;&lt;span style=&quot;margin: 0px; padding: 0px; border: 0px;&quot;&gt;&lt;span style=&quot;margin: 0px; padding: 0px; border: 0px; font-family: 宋体;&quot;&gt;刘德顺在会上强调，会议提出的工作和计划，关键和核心就是特色发展，要不断凝练学科特色，发展特色学科，坚持走“结构优化、质量提升、特色凸显”的内涵式发展道路；在工作推进过程中，要充分体现开放与共享的发展理念，不断深化和加强协同创新。&lt;/span&gt;&lt;/span&gt;&lt;/p&gt;&lt;p style=&quot;margin-top: 0px; margin-bottom: 0px; padding: 0px; border: 0px; text-indent: 2em; line-height: 24px; font-size: 14px; font-family: 宋体, 微软雅黑; white-space: normal;&quot;&gt;&lt;span style=&quot;margin: 0px; padding: 0px; border: 0px;&quot;&gt;&lt;span style=&quot;margin: 0px; padding: 0px; border: 0px; font-family: 宋体;&quot;&gt;李伯超提出三点要求：一是要充分认识到目前严峻的形势，各单位要高度重视，立足长远，切实加强学科学术带头人等高层次人才的引进和培养工作；二是从学校发展全局出发，统一部署，加强职能部门的协调指导作用及其与学院之间的联动；三是要求各学院要此为契机，进一步完善学院学科“十三五”发展规划，明确发展定位，以目标管理为导向推进各项工作。&lt;/span&gt;&lt;/span&gt;&lt;/p&gt;&lt;p style=&quot;margin-top: 0px; margin-bottom: 0px; padding: 0px; border: 0px; text-indent: 2em; line-height: 24px; font-size: 14px; font-family: 宋体, 微软雅黑; white-space: normal;&quot;&gt;&lt;span style=&quot;margin: 0px; padding: 0px; border: 0px;&quot;&gt;&lt;span style=&quot;margin: 0px; padding: 0px; border: 0px; font-family: 宋体;&quot;&gt;会上，发展规划与学科建设处处长岳文辉传达了国家和湖南省“双一流”建设实施方案要点，对本次学位授权审核办法与实施方案的关键内容进行了简要解读，介绍了学校实施学科专业特色建设计划工作构想。&lt;/span&gt;&lt;/span&gt;&lt;/p&gt;&lt;p style=&quot;margin-top: 0px; margin-bottom: 0px; padding: 0px; border: 0px; text-indent: 2em; line-height: 24px; font-size: 14px; font-family: 宋体, 微软雅黑; white-space: normal;&quot;&gt;&lt;span style=&quot;margin: 0px; padding: 0px; border: 0px;&quot;&gt;&lt;span style=&quot;margin: 0px; padding: 0px; border: 0px; font-family: 宋体;&quot;&gt;与会人员对推进相关工作进行了深入讨论。&lt;/span&gt;&lt;/span&gt;&lt;/p&gt;&lt;p&gt;&lt;br/&gt;&lt;/p&gt;','home/file/getfile?type=4&id=5d136f9fd3a813649e9090c004550a3b','文/孙慧 於婉璐 图/刘丽姗 李宇霞','','2017-03-08','4','/hnust/Public/img/80e381325a5a391aa9d31cbd67bc1f7c.jpg') [ RunTime:0.0199s ]
SQL: SHOW COLUMNS FROM `hnust_document` [ RunTime:0.0079s ]
SQL: UPDATE `hnust_document` SET `informid`='5d136f9fd3a813649e9090c004550a3b' WHERE ( informid is null ) [ RunTime:0.0076s ]

[ 2017-04-28T13:33:25+08:00 ] 119.39.148.129 /hnust/index.php/uploadinform
INFO: [ app_init ] --START--
INFO: Run Behavior\BuildLiteBehavior [ RunTime:0.000014s ]
INFO: [ app_init ] --END-- [ RunTime:0.000102s ]
INFO: [ app_begin ] --START--
INFO: Run Behavior\ReadHtmlCacheBehavior [ RunTime:0.000042s ]
INFO: [ app_begin ] --END-- [ RunTime:0.000082s ]
SQL: SHOW COLUMNS FROM `hnust_supervisor` [ RunTime:0.0101s ]
NOTIC: [2] call_user_func() expects parameter 1 to be a valid callback, no array or string given /home/ubuntu/hnust/ThinkPHP/Library/Think/Upload.class.php 第 170 行.
SQL: INSERT INTO `hnust_supervisor` (`id`,`title`,`content`,`link`,`author`,`source`,`time`,`type`,`imgurl`) VALUES ('7b6044b247a80b67aae8919f648ac77f','我校本科教学工作委员会会议召开','&lt;p style=&quot;text-align: center;&quot;&gt;&lt;img alt=&quot;&quot; width=&quot;600&quot; height=&quot;400&quot; src=&quot;http://news.hnust.cn/images/content/2016-11/20161114082104928649.jpg&quot;/&gt;&lt;br/&gt;&amp;nbsp;&lt;/p&gt;&lt;p style=&quot;margin-top: 0px; margin-bottom: 0px; padding: 0px; border: 0px; text-indent: 2em; line-height: 24px; font-size: 14px; font-family: 宋体, 微软雅黑; white-space: normal;&quot;&gt;&lt;span style=&quot;margin: 0px; padding: 0px; border: 0px;&quot;&gt;&lt;span style=&quot;margin: 0px; padding: 0px; border: 0px; font-family: 宋体;&quot;&gt;11月11日上午，我校本科教学工作委员会会议在综合楼417会议室召开。副校长胡石其、施式亮出席，教务处、学工处等相关职能部门负责人、各教学院分管教学工作负责人及各教学院副书记与会。会议由施式亮主持。&lt;br/&gt;&lt;br/&gt;&amp;nbsp;&amp;nbsp;&amp;nbsp; 随着招生人数的增加，学生工作的难度和复杂度都有所提升，对此，胡石其在会上强调：教书育人是学校的根本，学生工作各个环节必须真正落实到位。他表示学习是学生的本质任务，各部门应该加强服务管理，为学生提供一个良好的学习环境；学生是主体，教师和辅导员不应有“高高在上”的姿态，应多于学生沟通交流，帮助学生解决学习等当面的问题。为促进学风建设，他对各（单位）部门提出五点要求：一是加强教学工作力度，完善相应的配套设施；二是加强创新改革，提高专业影响力；三是全方位守住底线，把学生作为工作重点；四是改善服务，把关爱体现在细节；五是以学生为本，把育人放在心上。&lt;br/&gt;&lt;br/&gt;&amp;nbsp;&amp;nbsp;&amp;nbsp; 施式亮强调，各单位必须高度重视学校本科教学工作，全面部署落实本科教学工作的审核评估的工作，以最好的状态迎接省教育厅的现场评估。同时，坚守人才培养阵地，严格规范教学秩序，坚定“教学决定生存”、科研决定水平”、“服务决定地位”、“质量决定兴衰”、“制度决定成败”为内容的五个办学理念。&lt;br/&gt;&lt;br/&gt;&amp;nbsp;&amp;nbsp;&amp;nbsp; 教务处处长杨清就“教学礼拜”主题活动开展基本情况作总结。我校教学工作在国家级教学平台、本科专业布局调整实施等方面取得了一定的成就，但日常教学活动中仍存在“学生积极性不高，听课效率差”、“到课率低”等问题。他强调，要进一步加强师资队伍建设、强化学风建设“五个责任”，同时完善教育质量标准体系，优化学科专业规范，实施“卓越本科教育计划”，推进课堂教学模式改革。&lt;br/&gt;&lt;br/&gt;&amp;nbsp;&amp;nbsp;&amp;nbsp; 学生工作处副处长蒋利平就本学期“教学礼拜”主题活动的学风状况巡查进行总结，简要梳理本学期学风巡查活动开展情况，认真分析了我校当前学风状况基本情况及存在的主要问题，并提出建议及改进措施：一是进一步加强学生自主学习能力的培养，二是进一步加强学生日常活动管理，三是加大优秀典型学生培养宣传力度，四是进一步加强学生干部队伍的培养，五是采取切实有效措施强化辅导员队伍建设。&lt;br/&gt;&amp;nbsp;&lt;br/&gt;&amp;nbsp;&amp;nbsp;&amp;nbsp; 在听取职能部门汇报后，教学工作委员会委员们围绕会议主题进行了充分的研讨与交流，针对如何充分利用教学资源更好地服务于学生学习等问题提出富有建设性的意见和建议。&lt;/span&gt;&lt;/span&gt;&lt;/p&gt;&lt;p&gt;&lt;br/&gt;&lt;/p&gt;','home/file/getfile?type=4&id=7b6044b247a80b67aae8919f648ac77f','文/韦仙甜 蓝海媛 郭田甜 何佳冰 图/ 李雅茹','大学生通讯社','2016-11-14','4','/hnust/Public/img/543f3dd3b350dd3255850912b890b3a3.jpg') [ RunTime:0.0113s ]
SQL: SHOW COLUMNS FROM `hnust_document` [ RunTime:0.0097s ]
SQL: UPDATE `hnust_document` SET `informid`='7b6044b247a80b67aae8919f648ac77f' WHERE ( informid is null ) [ RunTime:0.0095s ]

[ 2017-04-28T13:34:48+08:00 ] 119.39.148.129 /hnust/index.php/uploadinform
INFO: [ app_init ] --START--
INFO: Run Behavior\BuildLiteBehavior [ RunTime:0.000014s ]
INFO: [ app_init ] --END-- [ RunTime:0.000108s ]
INFO: [ app_begin ] --START--
INFO: Run Behavior\ReadHtmlCacheBehavior [ RunTime:0.000048s ]
INFO: [ app_begin ] --END-- [ RunTime:0.000092s ]
SQL: SHOW COLUMNS FROM `hnust_supervisor` [ RunTime:0.0079s ]
NOTIC: [2] call_user_func() expects parameter 1 to be a valid callback, no array or string given /home/ubuntu/hnust/ThinkPHP/Library/Think/Upload.class.php 第 170 行.
SQL: INSERT INTO `hnust_supervisor` (`id`,`title`,`content`,`link`,`author`,`source`,`time`,`type`,`imgurl`) VALUES ('ff03c92cc1811a08157fcd70f7156577','【魅力课堂】孙洪鑫：“笨”方法助力高效课堂','&lt;p style=&quot;text-align: center;&quot;&gt;&lt;span style=&quot;margin: 0px; padding: 0px; border: 0px; font-family: 宋体, 微软雅黑; font-size: 14px; text-indent: 28px;&quot;&gt;&lt;span style=&quot;margin: 0px; padding: 0px; border: 0px; font-family: 宋体;&quot;&gt;&lt;img alt=&quot;&quot; width=&quot;600&quot; height=&quot;400&quot; src=&quot;http://news.hnust.cn/images/content/2017-04/20170421143343052558.jpg&quot;/&gt;&lt;br/&gt;&lt;br/&gt;&lt;img alt=&quot;&quot; width=&quot;600&quot; height=&quot;400&quot; src=&quot;http://news.hnust.cn/images/content/2017-04/20170421154409813649.jpg&quot;/&gt;&lt;br/&gt;　　&lt;br/&gt;&amp;nbsp;&amp;nbsp;&amp;nbsp; 4月10日，凉风夹杂着细雨呼呼地刮着，倒春寒的余威让路上缩着脖子的学生匆匆赶往教室。下午1时50分，三教331课室内已经热闹非常。土木工程学院教师孙洪鑫正在这里对《结构力学》中“三铰拱支座反力计算”内容进行讲解。&lt;/span&gt;&lt;/span&gt;&lt;br/&gt;&lt;br/&gt;&lt;span style=&quot;font-family: 宋体, 微软雅黑; font-size: 14px; text-indent: 28px;&quot;&gt;　　&lt;/span&gt;&lt;span style=&quot;margin: 0px; padding: 0px; border: 0px; font-family: 宋体, 微软雅黑; font-size: 14px; text-indent: 28px;&quot;&gt;&lt;span style=&quot;margin: 0px; padding: 0px; border: 0px; font-family: 宋体;&quot;&gt;“我觉得Va与Vb是相等的，因为……”“不对，你这样推理行不通！”不大的教室里，80余位学生，三五人一组正在热烈地讨论着什么。“你们想想，拱与梁有什么区别？”孙洪鑫眼里透出耐人寻味的笑意，又抛出一个问题。话音刚落，前几秒还热闹纷繁的教室突然安静下来。此刻，学生陈光伟也眉头紧锁，盯着黑板上极为相似的两个公式，若有所思。&lt;br/&gt;&lt;br/&gt;　　&lt;/span&gt;&lt;/span&gt;&lt;span style=&quot;margin: 0px; padding: 0px; border: 0px; font-family: 宋体, 微软雅黑; font-size: 14px; text-indent: 28px;&quot;&gt;&lt;span style=&quot;margin: 0px; padding: 0px; border: 0px; font-family: 宋体;&quot;&gt;“铃铃铃……”上课铃这才响起。&lt;/span&gt;&lt;/span&gt;&lt;br/&gt;&lt;br/&gt;&lt;span style=&quot;font-family: 宋体, 微软雅黑; font-size: 14px; text-indent: 28px;&quot;&gt;　　&lt;/span&gt;&lt;span style=&quot;margin: 0px; padding: 0px; border: 0px; font-family: 宋体, 微软雅黑; font-size: 14px; text-indent: 28px;&quot;&gt;&lt;span style=&quot;margin: 0px; padding: 0px; border: 0px; font-family: 宋体;&quot;&gt;“上课。同学们好！”“老师好！”教室里87位学生整齐鞠躬、洪声问好。这样严整有序的开课仪式在大学课堂已不多见。孙洪鑫认为，《结构力学》这门课程需要学生精神高度集中，严肃的开课仪式有助于增强学生的课堂代入感。“像孙老师这样在大学还要喊起立的老师真的不多，虽然同学们常吐槽像中学课堂，但确实能很快让我们开启‘上课模式’。”路桥2班的黄伟民对孙老师的“开课仪式”很是赞同。&lt;/span&gt;&lt;/span&gt;&lt;br/&gt;&lt;br/&gt;&lt;span style=&quot;font-family: 宋体, 微软雅黑; font-size: 14px; text-indent: 28px;&quot;&gt;　　&lt;/span&gt;&lt;span style=&quot;margin: 0px; padding: 0px; border: 0px; font-family: 宋体, 微软雅黑; font-size: 14px; text-indent: 28px;&quot;&gt;&lt;span style=&quot;margin: 0px; padding: 0px; border: 0px; font-family: 宋体;&quot;&gt;就着课前提出的问题，孙洪鑫层层推进，“拱的轴线就是抛物线的公式y=4f/l2*x（l-x）,我们先回顾上节课的内容，利用这条公式计算投影上的题目。”在黑板写下公式后，孙洪鑫来到学生之中，他时走时停，不时俯下身子查看学生的进度。当他看到有些学生偷懒直接把计算内容写在书本的边边角角时，孙洪鑫走回讲台，“同学们，我们工科的学习是不能偷懒的，你现在偷懒了，走上工作岗位解决工程问题时，就会感到知识欠缺！”&lt;/span&gt;&lt;/span&gt;&lt;br/&gt;&lt;br/&gt;&lt;span style=&quot;font-family: 宋体, 微软雅黑; font-size: 14px; text-indent: 28px;&quot;&gt;　　&lt;/span&gt;&lt;span style=&quot;margin: 0px; padding: 0px; border: 0px; font-family: 宋体, 微软雅黑; font-size: 14px; text-indent: 28px;&quot;&gt;&lt;span style=&quot;margin: 0px; padding: 0px; border: 0px; font-family: 宋体;&quot;&gt;工科的课堂里多的是各种公式的演算，来不得半点马虎。面对孙洪鑫的不马虎，上课的学生表示很欢迎。“老师的眼睛可‘毒’了，稍不留意他可能就来到你身边或者提你起来回答问题哩，我们在课堂上可不敢跑神。”学生陈光伟说道。&lt;/span&gt;&lt;/span&gt;&lt;br/&gt;&lt;br/&gt;&lt;span style=&quot;font-family: 宋体, 微软雅黑; font-size: 14px; text-indent: 28px;&quot;&gt;　　&lt;/span&gt;&lt;span style=&quot;margin: 0px; padding: 0px; border: 0px; font-family: 宋体, 微软雅黑; font-size: 14px; text-indent: 28px;&quot;&gt;&lt;span style=&quot;margin: 0px; padding: 0px; border: 0px; font-family: 宋体;&quot;&gt;为了让学生所学的东西可以更好地贴近生活，专业不与生活实际脱节，孙洪鑫的课堂经常举学生身边的例子。在讲到“支座反力与同跨度、同荷载对应的简支梁比较之水平推力”时，孙洪鑫把月湖桥作为例子，课件上孙洪鑫要指出来的知识点有些高。他撸起了袖子，举起手臂，用手清晰地指出拱的拉力线的位置。“孙老师是一个上课闲不住的人，可以用鼠标在投影仪上指出来的东西，他一定会走到讲台上用手指点出来。不过我们就是喜欢孙老师这种认真劲，这样上课的老师我们也会更有动力。”刚刚问完孙洪鑫老师问题的刘畅下课后说道。&lt;br/&gt;&lt;br/&gt;　　&lt;/span&gt;&lt;/span&gt;&lt;span style=&quot;margin: 0px; padding: 0px; border: 0px; font-family: 宋体, 微软雅黑; font-size: 14px; text-indent: 28px;&quot;&gt;&lt;span style=&quot;margin: 0px; padding: 0px; border: 0px; font-family: 宋体;&quot;&gt;当同学们对于某些题目很是困惑时，孙洪鑫又不厌其烦地往返于投影仪与讲台之间，举手投足之间呈现出一帧帧舞者的剪影。“课堂认真听了，比学生自己在课堂下研究要好多了。上课麻烦些，课后学生才能不痛苦。”孙洪鑫解释道。&lt;/span&gt;&lt;/span&gt;&lt;br/&gt;&lt;br/&gt;&lt;span style=&quot;font-family: 宋体, 微软雅黑; font-size: 14px; text-indent: 28px;&quot;&gt;　　&lt;/span&gt;&lt;span style=&quot;margin: 0px; padding: 0px; border: 0px; font-family: 宋体, 微软雅黑; font-size: 14px; text-indent: 28px;&quot;&gt;&lt;span style=&quot;margin: 0px; padding: 0px; border: 0px; font-family: 宋体;&quot;&gt;“以学生为中心，学生是课堂的主体，教学还是要与学生多交流互动，效果才好。‘填鸭式’的教法虽然不累，但教学效果不佳。”在谈到课堂的魅力之处时，孙洪鑫觉得，魅力课堂不止步于课堂，课后作业和课后安排的一对一帮扶也是课堂的延伸。把课堂形式讲的像中学课堂，这个办法虽然有些‘笨’，却有助于增强课堂的教学效果。&lt;/span&gt;&lt;/span&gt;&lt;/p&gt;','home/file/getfile?type=3&id=ff03c92cc1811a08157fcd70f7156577','文/周乐亿 李林枫　图/李沅佳','大学生通讯社','2017-04-21','3','/hnust/Public/img/e1c4f5116b92f899b7eaf52c487dc197.jpg') [ RunTime:0.0845s ]
SQL: SHOW COLUMNS FROM `hnust_document` [ RunTime:0.0082s ]
SQL: UPDATE `hnust_document` SET `informid`='ff03c92cc1811a08157fcd70f7156577' WHERE ( informid is null ) [ RunTime:0.0076s ]

[ 2017-04-28T13:35:51+08:00 ] 119.39.148.129 /hnust/index.php/uploadinform
INFO: [ app_init ] --START--
INFO: Run Behavior\BuildLiteBehavior [ RunTime:0.000015s ]
INFO: [ app_init ] --END-- [ RunTime:0.000106s ]
INFO: [ app_begin ] --START--
INFO: Run Behavior\ReadHtmlCacheBehavior [ RunTime:0.000047s ]
INFO: [ app_begin ] --END-- [ RunTime:0.000089s ]
SQL: SHOW COLUMNS FROM `hnust_supervisor` [ RunTime:0.0095s ]
NOTIC: [2] call_user_func() expects parameter 1 to be a valid callback, no array or string given /home/ubuntu/hnust/ThinkPHP/Library/Think/Upload.class.php 第 170 行.
SQL: INSERT INTO `hnust_supervisor` (`id`,`title`,`content`,`link`,`author`,`source`,`time`,`type`,`imgurl`) VALUES ('2f5e9e05679415a8d128a41dfe9987d3','【魅力课堂】江海潮：做学生课堂的引导者','&lt;p style=&quot;text-align: center;&quot;&gt;&lt;span style=&quot;margin: 0px; padding: 0px; border: 0px; font-family: 宋体, 微软雅黑; font-size: 14px; text-indent: 28px;&quot;&gt;&lt;span style=&quot;margin: 0px; padding: 0px; border: 0px; font-family: 宋体;&quot;&gt;&lt;img alt=&quot;&quot; width=&quot;600&quot; height=&quot;400&quot; src=&quot;http://news.hnust.cn/images/content/2016-11/20161115082024084315.jpg&quot;/&gt;&lt;br/&gt;&lt;br/&gt;&lt;img alt=&quot;&quot; width=&quot;600&quot; height=&quot;400&quot; src=&quot;http://news.hnust.cn/images/content/2016-11/20161115082047570442.jpg&quot;/&gt;&lt;br/&gt;&lt;br/&gt;&lt;img alt=&quot;&quot; width=&quot;600&quot; height=&quot;400&quot; src=&quot;http://news.hnust.cn/images/content/2016-11/20161115082116821571.jpg&quot;/&gt;&lt;br/&gt;&lt;br/&gt;　　11月10下午，阳光投进第四教学楼的一间教室，映照着齐刷刷举起的几十双手，此起彼伏的笑声与讨论声从教室里传出，显得格外热闹，教师江海潮以他独树一帜的授课方式让15级会计学专业的同学们了解到了货币金融的重要意义。&lt;/span&gt;&lt;/span&gt;&lt;br/&gt;&lt;br/&gt;&lt;span style=&quot;font-family: 宋体, 微软雅黑; font-size: 14px; text-indent: 28px;&quot;&gt;　　&lt;/span&gt;&lt;span style=&quot;margin: 0px; padding: 0px; border: 0px; font-family: 宋体, 微软雅黑; font-size: 14px; text-indent: 28px;&quot;&gt;&lt;span style=&quot;margin: 0px; padding: 0px; border: 0px; font-family: 宋体;&quot;&gt;“纸币相对于金属货币，或者其他等价物，有什么优势呢？我们来举个例子吧，有没有同学知道的？”略带湖南口音的普通话听起来亲切又独特，声音响亮，显得中气十足，好似能穿透教室后的那堵墙到隔壁去。听到提问，同学们都积极举手，争相参与到互动中来。&lt;/span&gt;&lt;/span&gt;&lt;br/&gt;&lt;br/&gt;&lt;span style=&quot;font-family: 宋体, 微软雅黑; font-size: 14px; text-indent: 28px;&quot;&gt;　　&lt;/span&gt;&lt;span style=&quot;margin: 0px; padding: 0px; border: 0px; font-family: 宋体, 微软雅黑; font-size: 14px; text-indent: 28px;&quot;&gt;&lt;span style=&quot;margin: 0px; padding: 0px; border: 0px; font-family: 宋体;&quot;&gt;每当同学回答完问题后，江海潮都会询问并记录下他们的班级和学号，据说一学期累计回答问题次数最多的前两位同学将会得到老师的一份大“福利”。“你上街买菜，是愿意带轻巧便携的纸币，还是一大堆钢镚呢？”江海潮拿日常生活来举例，打趣地说道，再配合夸张的语气和表情，教室里顿时传出阵阵笑声。&lt;/span&gt;&lt;/span&gt;&lt;br/&gt;&lt;br/&gt;&lt;span style=&quot;font-family: 宋体, 微软雅黑; font-size: 14px; text-indent: 28px;&quot;&gt;　　&lt;/span&gt;&lt;span style=&quot;margin: 0px; padding: 0px; border: 0px; font-family: 宋体, 微软雅黑; font-size: 14px; text-indent: 28px;&quot;&gt;&lt;span style=&quot;margin: 0px; padding: 0px; border: 0px; font-family: 宋体;&quot;&gt;“货币的价值具体体现在哪些方面？纸币对于我们的日常生活有哪些影响？”一个又一个的提问贯穿了整个课堂，问题一抛出，同学们都争先恐后地举手，江海潮也全面地点评了每一个同学的回答，引导大家独立思考，一步步探索出正确答案。&lt;/span&gt;&lt;/span&gt;&lt;span style=&quot;margin: 0px; padding: 0px; border: 0px; font-family: 宋体, 微软雅黑; font-size: 14px; text-indent: 28px;&quot;&gt;&lt;span style=&quot;margin: 0px; padding: 0px; border: 0px; font-family: 宋体;&quot;&gt;提问过程中，江海潮从教室的第一阶走到最后一阶，与同学们面对面交流。“这不仅仅拉近了我们师生之间的距离，也有利于学生的理解。在这种教学模式下，学生的积极性明显提高。”江海潮说道。&lt;/span&gt;&lt;/span&gt;&lt;br/&gt;&lt;br/&gt;&lt;span style=&quot;font-family: 宋体, 微软雅黑; font-size: 14px; text-indent: 28px;&quot;&gt;　　&lt;/span&gt;&lt;span style=&quot;margin: 0px; padding: 0px; border: 0px; font-family: 宋体, 微软雅黑; font-size: 14px; text-indent: 28px;&quot;&gt;&lt;span style=&quot;margin: 0px; padding: 0px; border: 0px; font-family: 宋体;&quot;&gt;一堂课下来，率性潇洒的板书似要在黑板上飞扬起来，课件也是简单明了的风格，跳出大量枯燥无趣的数据和繁杂晦涩的理论，江海潮赋予了这堂金融课勃勃的生机。“他从不拘泥于书本和已有的观点，而是引导我们从自己身边的小事中得出一些新颖的结论。他有自己独有的一套授课方式，我们也乐在其中。”来自经济与管理学院会计学专业的叶贤明在谈到江老师时说道。&lt;/span&gt;&lt;/span&gt;&lt;br/&gt;&lt;br/&gt;&lt;span style=&quot;font-family: 宋体, 微软雅黑; font-size: 14px; text-indent: 28px;&quot;&gt;　　&lt;/span&gt;&lt;span style=&quot;margin: 0px; padding: 0px; border: 0px; font-family: 宋体, 微软雅黑; font-size: 14px; text-indent: 28px;&quot;&gt;&lt;span style=&quot;margin: 0px; padding: 0px; border: 0px; font-family: 宋体;&quot;&gt;在学生们的回答中，江海潮一步步地引导学生自己去认识和了解到货币制度以及货币的价值。生活琐事、电视剧剧情、通俗易懂的图表、各种生动的例子、贴切的比喻、多样的讲解……让整个课堂始终保持着热度与激情。&lt;br/&gt;&lt;br/&gt;　　&lt;/span&gt;&lt;/span&gt;&lt;span style=&quot;margin: 0px; padding: 0px; border: 0px; font-family: 宋体, 微软雅黑; font-size: 14px; text-indent: 28px;&quot;&gt;&lt;span style=&quot;margin: 0px; padding: 0px; border: 0px; font-family: 宋体;&quot;&gt;“我希望我的学生能够独立创新，发散思维，课堂上一定要活跃，多分享交流自己的想法，在快乐中学习，在快乐中成长。”在江海潮看来，课堂应该是以学生为主的，只有他们学得轻松快乐，才会有效率，他愿意扮演一个引导者的角色，带领所有的学生参与课堂，探索金融的奥秘。&lt;/span&gt;&lt;/span&gt;&lt;/p&gt;','home/file/getfile?type=3&id=2f5e9e05679415a8d128a41dfe9987d3','文/李凯 冯钰涵 涂佳敏 陈心灵 图/顾金鑫','','2016-11-14','3','/hnust/Public/img/85dcba9ca7b6c3cf0cc05d05bad56806.jpg') [ RunTime:0.0125s ]
SQL: SHOW COLUMNS FROM `hnust_document` [ RunTime:0.0093s ]
SQL: UPDATE `hnust_document` SET `informid`='2f5e9e05679415a8d128a41dfe9987d3' WHERE ( informid is null ) [ RunTime:0.0090s ]

[ 2017-04-28T13:36:47+08:00 ] 119.39.148.129 /hnust/index.php/uploadinform
INFO: [ app_init ] --START--
INFO: Run Behavior\BuildLiteBehavior [ RunTime:0.000013s ]
INFO: [ app_init ] --END-- [ RunTime:0.000096s ]
INFO: [ app_begin ] --START--
INFO: Run Behavior\ReadHtmlCacheBehavior [ RunTime:0.000046s ]
INFO: [ app_begin ] --END-- [ RunTime:0.000090s ]
SQL: SHOW COLUMNS FROM `hnust_supervisor` [ RunTime:0.0099s ]
NOTIC: [2] call_user_func() expects parameter 1 to be a valid callback, no array or string given /home/ubuntu/hnust/ThinkPHP/Library/Think/Upload.class.php 第 170 行.
SQL: INSERT INTO `hnust_supervisor` (`id`,`title`,`content`,`link`,`author`,`source`,`time`,`type`,`imgurl`) VALUES ('cea40eff03969a8a5b0fd9d998346dd0','【魅力课堂】黄元甫的理论课：寓教于乐 认真教学','&lt;p style=&quot;text-align: center;&quot;&gt;&lt;img alt=&quot;&quot; width=&quot;600&quot; height=&quot;400&quot; src=&quot;http://news.hnust.cn/images/content/2016-11/20161107212256820063.jpg&quot;/&gt;&lt;span style=&quot;font-family: 宋体, 微软雅黑; font-size: 12px;&quot;&gt;&amp;nbsp;&lt;/span&gt;&lt;img alt=&quot;&quot; width=&quot;600&quot; height=&quot;400&quot; src=&quot;http://news.hnust.cn/images/content/2016-11/20161107212316746191.jpg&quot;/&gt;&lt;span style=&quot;font-family: 宋体, 微软雅黑; font-size: 12px;&quot;&gt;&amp;nbsp;&lt;/span&gt;&lt;img alt=&quot;&quot; width=&quot;600&quot; height=&quot;400&quot; src=&quot;http://news.hnust.cn/images/content/2016-11/20161107212239178934.jpg&quot;/&gt;&lt;span style=&quot;font-family: 宋体, 微软雅黑; font-size: 12px;&quot;&gt;&amp;nbsp;&lt;/span&gt;&lt;br/&gt;&lt;/p&gt;&lt;p class=&quot;p0&quot; style=&quot;margin-top: 0pt; margin-bottom: 0pt; padding: 0px; border: 0px; text-indent: 21pt; line-height: 24px; font-size: 14px; font-family: 宋体, 微软雅黑; white-space: normal;&quot;&gt;&lt;span style=&quot;margin: 0px; padding: 0px; border: 0px;&quot;&gt;&lt;span style=&quot;margin: 0px; padding: 0px; border: 0px; font-family: 宋体;&quot;&gt;&lt;br/&gt;　　&lt;span style=&quot;margin: 0px; padding: 0px; border: 0px;&quot;&gt;&lt;span style=&quot;margin: 0px; padding: 0px; border: 0px;&quot;&gt;11月7日下午两点，一堂生动活泼的艺术理论课正在雕塑楼205教室内“上演”，授课教师黄元甫站在讲台上，用丰富的肢体语言给学生讲解透视学中“成角透视原理、画法及运用”的知识点内容。&lt;br/&gt;&lt;br/&gt;&amp;nbsp;&amp;nbsp;&amp;nbsp; 黄元甫深知，大多数学生会觉得理论课程比较枯燥，相对喜欢偏重实践的绘画课程，而他作为一名经验丰富的老教师，他有自己的一套应对理论知识的授课方法。&lt;br/&gt;&lt;br/&gt;&amp;nbsp;&amp;nbsp;&amp;nbsp; 为了使学生了解不同性质的透视原理，讲台上的鼠标垫和书本化为黄元甫讲课的“法宝”。他拿起鼠标垫，指着垫边的线条，给学生演示成角透视的原理。“一个物体位置远近不同透视变化也不同”，他双手在空中来回交错，就着PPT图板上面的符号标注，将晦涩难懂的概念加以生动演示。在我校从事二十多年教学工作期间，黄元甫在主编透视理论课程的教材时，便力求让学生比较轻松地理解每一个知识点。&lt;br/&gt;&lt;br/&gt;&amp;nbsp;&amp;nbsp;&amp;nbsp; 除却对教学方法的钻研与灵活运用，黄元甫也格外关注学生的听课效果。坐在第一排的向嘉嘉从上课开始一直端正地坐着，可此时她一只手撑着下巴，目光盯着书上的正方体演示图形，表情显得有些困惑。平面演示图形与立体空间存在差别，透视画图中的高如何确定，这可让她犯了难。细心的黄元甫发现了她的变化，走到她身边，指着书上所给的正方体透视示意图，又一次耐心地讲解。&lt;br/&gt;&lt;br/&gt;&amp;nbsp;&amp;nbsp;&amp;nbsp; 书上的成角透视图画得不够详细，黄元甫便在黑板上补画了一个，应用直观图，加以详细讲解。重要知识点内容绝不能得过且过，这是黄元甫授课秉持的原则。对学生足够耐心的黄元甫对待学生的课后作业同样不“打马虎”。“不得复制拷贝书上的模型图，否则一律零分”，黄元甫严格要求学生的作业质量。他说：“做好平时功课，真正训练的时候犯错才会少。”&lt;br/&gt;&lt;br/&gt;&amp;nbsp;&amp;nbsp;&amp;nbsp; 黄元甫教学风格多变有趣，才学兼备。为了活跃课堂气氛，黄元甫有时会念首自己做的诗，让学生置身于诗歌的情景中，感受自然的美，从而获取灵感。“黄老师是中央美院毕业的，他的专业能力很强，经常帮助我们解决学习困顿”，坐在后排的许晓峰颇有感慨。&lt;br/&gt;&lt;br/&gt;&amp;nbsp;&amp;nbsp;&amp;nbsp; 上课时和蔼、亲近，讲话幽默风趣又不失真理……这是大多数学生对黄元甫所上理论课的评价。课间，黄元甫也应用自己在艺术创作与研究方面所体悟的美学视角与学生沟通交流。偶尔，他也会与学生们分享自己写的诗，用诗传递做人做事的道理，引导他们形成正确的人生观、价值观。&lt;br/&gt;&lt;br/&gt;&amp;nbsp;&amp;nbsp;&amp;nbsp; “对待学生耐心教学，让他们把知识真正内化于心，教师授课也不能急于完成教学计划，只有这样，学生才能受益。”谈及自己的理论课教学方法，黄元甫总结了八个字：寓教于乐，认真教学。&lt;br/&gt;&lt;/span&gt;&lt;/span&gt;&lt;/span&gt;&lt;/span&gt;&lt;/p&gt;&lt;p&gt;&lt;br/&gt;&lt;/p&gt;','home/file/getfile?type=3&id=cea40eff03969a8a5b0fd9d998346dd0','文/吴美佳 冯景用 彭慧 图/叶子琪','大学生通讯社','2016-11-07','3','/hnust/Public/img/c58858076a8aa60fe1cb676cae791e41.jpg') [ RunTime:0.0095s ]
SQL: SHOW COLUMNS FROM `hnust_document` [ RunTime:0.0095s ]
SQL: UPDATE `hnust_document` SET `informid`='cea40eff03969a8a5b0fd9d998346dd0' WHERE ( informid is null ) [ RunTime:0.0093s ]

[ 2017-04-28T13:37:40+08:00 ] 119.39.148.129 /hnust/index.php/uploadinform
INFO: [ app_init ] --START--
INFO: Run Behavior\BuildLiteBehavior [ RunTime:0.000014s ]
INFO: [ app_init ] --END-- [ RunTime:0.000109s ]
INFO: [ app_begin ] --START--
INFO: Run Behavior\ReadHtmlCacheBehavior [ RunTime:0.000051s ]
INFO: [ app_begin ] --END-- [ RunTime:0.000153s ]
SQL: SHOW COLUMNS FROM `hnust_supervisor` [ RunTime:0.0092s ]
NOTIC: [2] call_user_func() expects parameter 1 to be a valid callback, no array or string given /home/ubuntu/hnust/ThinkPHP/Library/Think/Upload.class.php 第 170 行.
SQL: INSERT INTO `hnust_supervisor` (`id`,`title`,`content`,`link`,`author`,`source`,`time`,`type`,`imgurl`) VALUES ('765fe84c7c1055c646d883b8ed40af07','【魅力课堂】王献志：用激情“点燃”近代史课堂','&lt;p style=&quot;margin-top: 0px; margin-bottom: 0px; padding: 0px; border: 0px; text-indent: 2em; line-height: 24px; font-size: 14px; font-family: 宋体, 微软雅黑; white-space: normal; text-align: center;&quot;&gt;&lt;img alt=&quot;&quot; width=&quot;600&quot; height=&quot;400&quot; src=&quot;http://news.hnust.cn/images/content/2016-11/20161107153647000956.jpg&quot;/&gt;&lt;br/&gt;&amp;nbsp;&lt;/p&gt;&lt;p style=&quot;margin-top: 0px;margin-bottom: 0px;padding: 0px;border: 0px;text-indent: 2em;line-height: 24px;font-size: 14px;font-family: 宋体, 微软雅黑;white-space: normal;text-align: center&quot;&gt;&lt;img alt=&quot;&quot; width=&quot;600&quot; height=&quot;400&quot; src=&quot;http://news.hnust.cn/images/content/2016-11/20161106140735975368.jpg&quot;/&gt;&lt;/p&gt;&lt;p style=&quot;margin-top: 0px;margin-bottom: 0px;padding: 0px;border: 0px;text-indent: 2em;line-height: 24px;font-size: 14px;font-family: 宋体, 微软雅黑;white-space: normal&quot;&gt;&lt;br/&gt;&lt;br/&gt;　　&lt;span style=&quot;;padding: 0px;border: 0px&quot;&gt;&lt;span style=&quot;;padding: 0px;border: 0px;font-family: 宋体&quot;&gt;11月3日晚，第十教学楼附一楼203教室，王献志身穿西装，精神抖擞，笔直地站在讲台上，开始了晚间第一堂课——《中国近代史纲要》的授课。&lt;br/&gt;&lt;br/&gt;　　&lt;/span&gt;&lt;/span&gt;&lt;span style=&quot;;padding: 0px;border: 0px&quot;&gt;&lt;span style=&quot;;padding: 0px;border: 0px;font-family: 宋体&quot;&gt;坐在下面的学生们也上了一天的课，稍有点疲倦。王献志心生一计，抛出一个问题：“你们觉得第二次鸦片战争和八国联军侵华战争有何不同？”在大多同学的印象中，两者并无不同，于是他们直起身子，好奇地等着老师接下来的讲解。沉默了一会，王献志说道：“第二次鸦片战争只有四个国家参与，并烧毁了圆明园，这就是和八国联军侵华最大的不同。”底下的学生一片哗然，打起了精神。&lt;/span&gt;&lt;/span&gt;&lt;br/&gt;&lt;br/&gt;　　&lt;span style=&quot;;padding: 0px;border: 0px&quot;&gt;&lt;span style=&quot;;padding: 0px;border: 0px;font-family: 宋体&quot;&gt;这便是王献志课堂上的常态，作为教学“大神”，他总是能准确地抓住学生们的注意力，让他们在无形中接受知识的传递。“王老师总是喜欢像这样把两件事并列讲解，纠正我们原先错误的认知，甚至是一些小细节也讲解得很清楚。”虽然是公共课，外国语学院16级日语专业的杨怡却聚精会神地听了整堂课。&lt;/span&gt;&lt;/span&gt;&lt;br/&gt;&lt;br/&gt;　　&lt;span style=&quot;;padding: 0px;border: 0px&quot;&gt;&lt;span style=&quot;;padding: 0px;border: 0px;font-family: 宋体&quot;&gt;“丘吉尔是打毛衣高手，最喜欢的事就是打毛衣。”王献志讲到第二次世界大战的内容时，给学生们讲了英国首相丘吉尔下地道打毛衣的故事，学生们听得津津有味，时而哄堂大笑，时而你一言我一语地热烈讨论。王献志在课堂上讲到某些历史人物时，学生们总能听到很多关于人物的小故事，于是“故事王”的称号便由此而来。&lt;/span&gt;&lt;/span&gt;&lt;br/&gt;&lt;br/&gt;　　&lt;span style=&quot;;padding: 0px;border: 0px&quot;&gt;&lt;span style=&quot;;padding: 0px;border: 0px;font-family: 宋体&quot;&gt;下课铃一响，王献志又变身为“音乐爱好者”，一如既往地给学生播放歌曲MV。“王老师又要放‘复古潮流’MV了！”学生们急忙起哄。一首张信哲的《爱如潮水》让同学们“又爱又恨”，恨的是歌曲老套，爱的是老师让他们放松的心意。学生们听着听着便唱了起来，短短的课间不再是到处玩手机、睡觉的同学，取而代之的是一场“课间大合唱”。&lt;/span&gt;&lt;/span&gt;&lt;br/&gt;&lt;br/&gt;　　&lt;span style=&quot;;padding: 0px;border: 0px&quot;&gt;&lt;span style=&quot;;padding: 0px;border: 0px;font-family: 宋体&quot;&gt;学生们不仅被幽默的课堂形式所吸引，细看王献志的课件，图片和知识点合理搭配，重点知识突出表现，有趣的历史故事也是学生们眼中的“宝”。除此之外，王献志的课件还表露出了他内心深处的“少女心”，飞来飞去的小天使、一闪一闪的小星星、万圣节的南瓜灯，惹得学生们在底下阵阵偷笑，因此学生们又喜欢私下里称他为“喜欢少女PPT的老师”。&lt;/span&gt;&lt;/span&gt;&lt;br/&gt;&lt;br/&gt;　　&lt;span style=&quot;;padding: 0px;border: 0px&quot;&gt;&lt;span style=&quot;;padding: 0px;border: 0px;font-family: 宋体&quot;&gt;两节课下来，王献志略显疲惫，但看到学生们一一和他挥手再见，他十分满足。这样的上课形式，他已经坚持了多年。官浩是我校机电工程学院12级的学生，想起大二时上过的王献志老师的课，已经毕业的他仍旧记忆犹新：“王老师的课堂氛围很轻松，经常给我们看一些有意思的时政新闻，我从没逃过他的课。”&lt;/span&gt;&lt;/span&gt;&lt;br/&gt;&lt;br/&gt;　　&lt;span style=&quot;;padding: 0px;border: 0px&quot;&gt;&lt;span style=&quot;;padding: 0px;border: 0px;font-family: 宋体&quot;&gt;“我喜欢和学生在一起，为他们答疑解惑，让他们感受到课堂的魅力。”王献志是这样讲的，亦是这样做的，他一直把工作重心放在教学上，不断琢磨如何才能让学生爱上课堂，学到知识，每一堂课座无虚席，留言箱里满满的肯定，是对王献志努力最好的回报。&lt;/span&gt;&lt;/span&gt;&lt;/p&gt;&lt;p&gt;&lt;br/&gt;&lt;/p&gt;','home/file/getfile?type=3&id=765fe84c7c1055c646d883b8ed40af07','文/龙美萍 图/叶子琪','大学生通讯社','2016-11-06　','3','/hnust/Public/img/d2c8dc63679bc64dd68fc74130aac339.jpg') [ RunTime:0.0107s ]
SQL: SHOW COLUMNS FROM `hnust_document` [ RunTime:0.0090s ]
SQL: UPDATE `hnust_document` SET `informid`='765fe84c7c1055c646d883b8ed40af07' WHERE ( informid is null ) [ RunTime:0.0088s ]

[ 2017-04-28T13:38:29+08:00 ] 119.39.148.129 /hnust/index.php/uploadinform
INFO: [ app_init ] --START--
INFO: Run Behavior\BuildLiteBehavior [ RunTime:0.000015s ]
INFO: [ app_init ] --END-- [ RunTime:0.000091s ]
INFO: [ app_begin ] --START--
INFO: Run Behavior\ReadHtmlCacheBehavior [ RunTime:0.000036s ]
INFO: [ app_begin ] --END-- [ RunTime:0.000071s ]
SQL: SHOW COLUMNS FROM `hnust_supervisor` [ RunTime:0.0097s ]
NOTIC: [2] call_user_func() expects parameter 1 to be a valid callback, no array or string given /home/ubuntu/hnust/ThinkPHP/Library/Think/Upload.class.php 第 170 行.
SQL: INSERT INTO `hnust_supervisor` (`id`,`title`,`content`,`link`,`author`,`source`,`time`,`type`,`imgurl`) VALUES ('52dcbb3e8bc3f5bf8c0b1ac79bcf2e6f','【魅力课堂】李冬梅：把课堂“当回事”','&lt;p style=&quot;text-align: center;&quot;&gt;&lt;img alt=&quot;&quot; width=&quot;600&quot; height=&quot;400&quot; src=&quot;http://news.hnust.cn/images/content/2016-11/20161104202805938930.jpg&quot;/&gt;&lt;br/&gt;&lt;br/&gt;&lt;img alt=&quot;&quot; width=&quot;600&quot; height=&quot;400&quot; src=&quot;http://news.hnust.cn/images/content/2016-11/20161104203330769002.jpg&quot;/&gt;&lt;br/&gt;&lt;br/&gt;&lt;img alt=&quot;&quot; width=&quot;600&quot; height=&quot;400&quot; src=&quot;http://news.hnust.cn/images/content/2016-11/20161104203353807163.jpg&quot;/&gt;&lt;br/&gt;&lt;br/&gt;&lt;img alt=&quot;&quot; width=&quot;600&quot; height=&quot;400&quot; src=&quot;http://news.hnust.cn/images/content/2016-11/20161104203501445283.jpg&quot;/&gt;&lt;br/&gt;&lt;/p&gt;&lt;p style=&quot;margin-top: 0;margin-bottom: 0;padding: 0px;border: 0px;text-indent: 28px;line-height: 24px;font-size: 14px;font-family: 宋体, 微软雅黑;white-space: normal&quot;&gt;&lt;span style=&quot;;padding: 0px;border: 0px&quot;&gt;&lt;span style=&quot;;padding: 0px;border: 0px;font-family: 宋体&quot;&gt;&lt;br/&gt;　　11月4日上午10点，第三节课上课铃响起，九教203教室内的嘈杂声很快平息下来，同学们迅速翻开眼前《离散数学》的课本。讲台上，李冬梅正屏气凝神，严肃地看着台下来自信息与计算机科学专业的近120位同学。&lt;/span&gt;&lt;/span&gt;&lt;br/&gt;&lt;br/&gt;　　&lt;span style=&quot;;padding: 0px;border: 0px&quot;&gt;&lt;span style=&quot;;padding: 0px;border: 0px;font-family: 宋体&quot;&gt;“上课了，不要讲小话。”坐在第6排的陈洋洋低着头小声地提醒着身旁的人，并帮同桌把书翻到了111页——第七章代数系统的一般性质，大部分同学也都挺直腰板，等待老师讲课。和陈洋洋一样，在信计专业的大多数同学眼中，李冬梅的课堂必须得“当回事”。&lt;/span&gt;&lt;/span&gt;&lt;br/&gt;&lt;br/&gt;　　&lt;span style=&quot;;padding: 0px;border: 0px&quot;&gt;&lt;span style=&quot;;padding: 0px;border: 0px;font-family: 宋体&quot;&gt;对于信计专业的学生来说，《离散数学》不是最难的科目，但这堂课要讲的章节，却是整本书中最抽象的内容之一。为了让同学们更加轻松地理解复杂的定义，李冬梅下了不少功夫。&lt;/span&gt;&lt;/span&gt;&lt;br/&gt;&lt;br/&gt;　　&lt;span style=&quot;;padding: 0px;border: 0px&quot;&gt;&lt;span style=&quot;;padding: 0px;border: 0px;font-family: 宋体&quot;&gt;伸缩型教棍、95张幻灯片，是她为这个章节准备的“官方标配”。&lt;/span&gt;&lt;/span&gt;&lt;br/&gt;&lt;br/&gt;　　&lt;span style=&quot;;padding: 0px;border: 0px&quot;&gt;&lt;span style=&quot;;padding: 0px;border: 0px;font-family: 宋体&quot;&gt;“设S为集合，从S×S到S的映射称为S上的一个二元运算，简称二元运算，也称该运算在S上是封闭的，下面我们来看具体的例子。”被拉到最长的教棍随着李冬梅讲解的速度，逐字逐句地在幻灯片上移动。&lt;/span&gt;&lt;/span&gt;&lt;br/&gt;&lt;br/&gt;　　&lt;span style=&quot;;padding: 0px;border: 0px&quot;&gt;&lt;span style=&quot;;padding: 0px;border: 0px;font-family: 宋体&quot;&gt;应对晦涩难懂的定义，大量举例是李冬梅带领学生“攻城掠地的武器”。三个定义，8个例子，课本上半张纸不到的面积，她却讲了整整一节课。&lt;/span&gt;&lt;/span&gt;&lt;br/&gt;&lt;br/&gt;　　&lt;span style=&quot;;padding: 0px;border: 0px&quot;&gt;&lt;span style=&quot;;padding: 0px;border: 0px;font-family: 宋体&quot;&gt;然而依然有很多同学表示不理解，前排的几个同学单手托着下巴，另一只手无意地转弄手上的笔，眉头微微地皱了起来。每每遇到这种情况，李冬梅也不着急，而是一反之前的严肃，面带微笑温柔地说“这个知识点是很抽象，大家可以联系以前的知识来理解，会更容易。”紧接着，她在黑板上画出了一个更通俗易懂的二元运算一般形式表达图，并用红色粉笔覆盖在之前的白色粉笔字上，重新解释了一遍例题。&lt;/span&gt;&lt;/span&gt;&lt;br/&gt;&lt;br/&gt;　　&lt;span style=&quot;;padding: 0px;border: 0px&quot;&gt;&lt;span style=&quot;;padding: 0px;border: 0px;font-family: 宋体&quot;&gt;虽然这节课已经是她这周上的第九节课，但为了让后排的同学也能看清黑板上例题讲解的过程，李冬梅还是会坚持抬高手臂，不顾酸痛把字写得很大。担心投影仪效果不好，她的所有课件也都细心地将所有字体设置为28号，并采用黑字白底的样式，即使人站在教室最后也能看清。&lt;/span&gt;&lt;/span&gt;&lt;br/&gt;&lt;br/&gt;　　&lt;span style=&quot;;padding: 0px;border: 0px&quot;&gt;&lt;span style=&quot;;padding: 0px;border: 0px;font-family: 宋体&quot;&gt;“设S是非空集合，试求幂集P(S)关于运算∪和∩的单位元和零元。”让学生在保持安静与积极互动中自由转换，是李冬梅一直坚持的上课方式。第二节课上课不久，她就抛出了这个问题，并给出时间让同学们自主解答。&lt;/span&gt;&lt;/span&gt;&lt;br/&gt;&lt;br/&gt;　　&lt;span style=&quot;;padding: 0px;border: 0px&quot;&gt;&lt;span style=&quot;;padding: 0px;border: 0px;font-family: 宋体&quot;&gt;一些同学面面相觑，无从下手。面对这一情况，李冬梅随即走下讲台，与同学们近距离交流。“长沙理工大学一位老教授就用这几个元素，做出了许多研究成果，你们也要相信自己啊。”李冬梅鼓励大家到。教室里很安静，穿着高跟鞋的她每一个步子都迈得很轻，但说话的声音却十分有力量。&lt;/span&gt;&lt;/span&gt;&lt;br/&gt;&lt;br/&gt;　　&lt;span style=&quot;;padding: 0px;border: 0px&quot;&gt;&lt;span style=&quot;;padding: 0px;border: 0px;font-family: 宋体&quot;&gt;让学生自己重视这门课，主动提高学习热情，是李冬梅从教10多年来练就的“教学法宝”。在这个容纳了120人左右的教室里，无论是听讲还是自主解题时，玩手机或闲聊的同学都很少。“不管你们以后是从事软件开发还是网络工程或其他职业，这门课学到的知识对你们的工作都是很有帮助的。”李冬梅在课上提醒道。&lt;/span&gt;&lt;/span&gt;&lt;br/&gt;&lt;br/&gt;　　&lt;span style=&quot;;padding: 0px;border: 0px&quot;&gt;&lt;span style=&quot;;padding: 0px;border: 0px;font-family: 宋体&quot;&gt;“大学竟然还像中学一样说‘老师好’‘同学们好’的问候”，信计一班的徐道猛还记得第一次上这门课时，“一本正经、古板”是他对这个老师的第一印象。然而，近半个学期过后，他却毫不犹豫地给出了“上课很用心，讲解很仔细”的评价。&lt;/span&gt;&lt;/span&gt;&lt;br/&gt;&lt;br/&gt;　　&lt;span style=&quot;;padding: 0px;border: 0px&quot;&gt;&lt;span style=&quot;;padding: 0px;border: 0px;font-family: 宋体&quot;&gt;“我每次上课都会做好充分的准备，只有老师自己把课堂当回事，学生才会同样把课堂当回事。”在李冬梅看来，教师用心对待自己的课堂，学生保持安静的同时也能积极参与互动，才是真正有魅力的课堂。&lt;/span&gt;&lt;/span&gt;&lt;/p&gt;&lt;p&gt;&lt;br/&gt;&lt;/p&gt;','home/file/getfile?type=3&id=52dcbb3e8bc3f5bf8c0b1ac79bcf2e6f','文/蔡洁 图/陈韵竹','大学生通讯社','2016-11-04','3','/hnust/Public/img/292fe72b49f3b77fca27a40201efe5ad.jpg') [ RunTime:0.0113s ]
SQL: SHOW COLUMNS FROM `hnust_document` [ RunTime:0.0095s ]
SQL: UPDATE `hnust_document` SET `informid`='52dcbb3e8bc3f5bf8c0b1ac79bcf2e6f' WHERE ( informid is null ) [ RunTime:0.0093s ]

