[ 2017-03-30T02:01:41+08:00 ] 101.226.64.174 /mooc/index.php/updateFile
INFO: [ app_init ] --START--
INFO: Run Behavior\BuildLiteBehavior [ RunTime:0.000016s ]
INFO: [ app_init ] --END-- [ RunTime:0.000108s ]
INFO: [ app_begin ] --START--
INFO: Run Behavior\ReadHtmlCacheBehavior [ RunTime:0.000045s ]
INFO: [ app_begin ] --END-- [ RunTime:0.000089s ]
SQL: SHOW COLUMNS FROM `hnust_document` [ RunTime:0.0006s ]
SQL: SHOW COLUMNS FROM `hnust_supervisor` [ RunTime:0.0005s ]
NOTIC: [2] unlink(/home/ubuntu): Permission denied /home/ubuntu/mooc/HNUST/Admin/Controller/IndexController.class.php 第 146 行.
NOTIC: [8] Undefined index: HTTP_REFERER /home/ubuntu/mooc/ThinkPHP/Library/Think/Controller.class.php 第 283 行.
INFO: [ view_parse ] --START--
INFO: [ template_filter ] --START--
INFO: Run Behavior\ContentReplaceBehavior [ RunTime:0.000046s ]
INFO: [ template_filter ] --END-- [ RunTime:0.000093s ]
INFO: Run Behavior\ParseTemplateBehavior [ RunTime:0.002180s ]
INFO: [ view_parse ] --END-- [ RunTime:0.002226s ]
INFO: [ view_filter ] --START--
INFO: Run Behavior\WriteHtmlCacheBehavior [ RunTime:0.000050s ]
INFO: [ view_filter ] --END-- [ RunTime:0.000089s ]
INFO: [ app_end ] --START--
INFO: Run Behavior\ShowPageTraceBehavior [ RunTime:0.000041s ]
INFO: [ app_end ] --END-- [ RunTime:0.000077s ]

[ 2017-03-30T05:33:58+08:00 ] 101.226.33.239 /mooc/index.php/updateinform
INFO: [ app_init ] --START--
INFO: Run Behavior\BuildLiteBehavior [ RunTime:0.000014s ]
INFO: [ app_init ] --END-- [ RunTime:0.000101s ]
INFO: [ app_begin ] --START--
INFO: Run Behavior\ReadHtmlCacheBehavior [ RunTime:0.000058s ]
INFO: [ app_begin ] --END-- [ RunTime:0.000104s ]
SQL: SHOW COLUMNS FROM `hnust_supervisor` [ RunTime:0.0006s ]
NOTIC: [8] Undefined index: HTTP_REFERER /home/ubuntu/mooc/ThinkPHP/Library/Think/Controller.class.php 第 283 行.
INFO: [ view_parse ] --START--
INFO: [ template_filter ] --START--
INFO: Run Behavior\ContentReplaceBehavior [ RunTime:0.000038s ]
INFO: [ template_filter ] --END-- [ RunTime:0.000085s ]
INFO: Run Behavior\ParseTemplateBehavior [ RunTime:0.002024s ]
INFO: [ view_parse ] --END-- [ RunTime:0.002071s ]
INFO: [ view_filter ] --START--
INFO: Run Behavior\WriteHtmlCacheBehavior [ RunTime:0.000053s ]
INFO: [ view_filter ] --END-- [ RunTime:0.000089s ]
INFO: [ app_end ] --START--
INFO: Run Behavior\ShowPageTraceBehavior [ RunTime:0.000047s ]
INFO: [ app_end ] --END-- [ RunTime:0.000089s ]

[ 2017-03-30T07:57:49+08:00 ] 180.153.201.79 /mooc/index.php/admin?target%3Dindex_v1
INFO: [ app_init ] --START--
INFO: Run Behavior\BuildLiteBehavior [ RunTime:0.000014s ]
INFO: [ app_init ] --END-- [ RunTime:0.000101s ]
INFO: [ app_begin ] --START--
INFO: Run Behavior\ReadHtmlCacheBehavior [ RunTime:0.000047s ]
INFO: [ app_begin ] --END-- [ RunTime:0.000091s ]
NOTIC: [8] Undefined index: id /home/ubuntu/mooc/HNUST/Admin/Controller/IndexController.class.php 第 8 行.

[ 2017-03-30T07:57:49+08:00 ] 101.226.33.206 /mooc/index.php/admin?target%3Dindex_v1
INFO: [ app_init ] --START--
INFO: Run Behavior\BuildLiteBehavior [ RunTime:0.000012s ]
INFO: [ app_init ] --END-- [ RunTime:0.000077s ]
INFO: [ app_begin ] --START--
INFO: Run Behavior\ReadHtmlCacheBehavior [ RunTime:0.000037s ]
INFO: [ app_begin ] --END-- [ RunTime:0.000089s ]
NOTIC: [8] Undefined index: id /home/ubuntu/mooc/HNUST/Admin/Controller/IndexController.class.php 第 8 行.

[ 2017-03-30T07:57:49+08:00 ] 180.153.214.199 /mooc/index.php/admin?target%3Dindex_v1
INFO: [ app_init ] --START--
INFO: Run Behavior\BuildLiteBehavior [ RunTime:0.000012s ]
INFO: [ app_init ] --END-- [ RunTime:0.002468s ]
INFO: [ app_begin ] --START--
INFO: Run Behavior\ReadHtmlCacheBehavior [ RunTime:0.000084s ]
INFO: [ app_begin ] --END-- [ RunTime:0.000129s ]
NOTIC: [8] Undefined index: id /home/ubuntu/mooc/HNUST/Admin/Controller/IndexController.class.php 第 8 行.

[ 2017-03-30T07:57:49+08:00 ] 180.153.205.253 /mooc/index.php/admin?target%3Dindex_v1
INFO: [ app_init ] --START--
INFO: Run Behavior\BuildLiteBehavior [ RunTime:0.000014s ]
INFO: [ app_init ] --END-- [ RunTime:0.000094s ]
INFO: [ app_begin ] --START--
INFO: Run Behavior\ReadHtmlCacheBehavior [ RunTime:0.000039s ]
INFO: [ app_begin ] --END-- [ RunTime:0.000081s ]
NOTIC: [8] Undefined index: id /home/ubuntu/mooc/HNUST/Admin/Controller/IndexController.class.php 第 8 行.

[ 2017-03-30T10:11:07+08:00 ] 180.153.214.189 /mooc/index.php/admin?target%253Dindex_v1
INFO: [ app_init ] --START--
INFO: Run Behavior\BuildLiteBehavior [ RunTime:0.000015s ]
INFO: [ app_init ] --END-- [ RunTime:0.000115s ]
INFO: [ app_begin ] --START--
INFO: Run Behavior\ReadHtmlCacheBehavior [ RunTime:0.000049s ]
INFO: [ app_begin ] --END-- [ RunTime:0.000095s ]
NOTIC: [8] Undefined index: id /home/ubuntu/mooc/HNUST/Admin/Controller/IndexController.class.php 第 8 行.

[ 2017-03-30T14:51:10+08:00 ] 101.226.51.227 /mooc/index.php/admin?target%25253Dindex_v1
INFO: [ app_init ] --START--
INFO: Run Behavior\BuildLiteBehavior [ RunTime:0.000016s ]
INFO: [ app_init ] --END-- [ RunTime:0.000110s ]
INFO: [ app_begin ] --START--
INFO: Run Behavior\ReadHtmlCacheBehavior [ RunTime:0.000070s ]
INFO: [ app_begin ] --END-- [ RunTime:0.000120s ]
NOTIC: [8] Undefined index: id /home/ubuntu/mooc/HNUST/Admin/Controller/IndexController.class.php 第 8 行.

