[ 2017-04-08T01:47:42+08:00 ] 183.57.53.177 /mooc/index.php/updateinform
INFO: [ app_init ] --START--
INFO: Run Behavior\BuildLiteBehavior [ RunTime:0.000015s ]
INFO: [ app_init ] --END-- [ RunTime:0.000108s ]
INFO: [ app_begin ] --START--
INFO: Run Behavior\ReadHtmlCacheBehavior [ RunTime:0.000098s ]
INFO: [ app_begin ] --END-- [ RunTime:0.000142s ]
NOTIC: [8] Undefined index: id /home/ubuntu/mooc/HNUST/Admin/Controller/IndexController.class.php 第 173 行.

[ 2017-04-08T01:58:55+08:00 ] 101.226.66.181 /mooc/index.php/login
INFO: [ app_init ] --START--
INFO: Run Behavior\BuildLiteBehavior [ RunTime:0.000014s ]
INFO: [ app_init ] --END-- [ RunTime:0.000106s ]
INFO: [ app_begin ] --START--
INFO: Run Behavior\ReadHtmlCacheBehavior [ RunTime:0.000034s ]
INFO: [ app_begin ] --END-- [ RunTime:0.000064s ]
INFO: [ view_parse ] --START--
INFO: [ template_filter ] --START--
INFO: Run Behavior\ContentReplaceBehavior [ RunTime:0.000042s ]
INFO: [ template_filter ] --END-- [ RunTime:0.000080s ]
NOTIC: [8] Undefined variable: error /home/ubuntu/mooc/HNUST/Runtime/Cache/Admin/50d2c8a1262c3fe8cb5c41323de340c0.php 第 45 行.
INFO: Run Behavior\ParseTemplateBehavior [ RunTime:0.001757s ]
INFO: [ view_parse ] --END-- [ RunTime:0.001797s ]
INFO: [ view_filter ] --START--
INFO: Run Behavior\WriteHtmlCacheBehavior [ RunTime:0.000046s ]
INFO: [ view_filter ] --END-- [ RunTime:0.000079s ]
INFO: [ app_end ] --START--
INFO: Run Behavior\ShowPageTraceBehavior [ RunTime:0.000033s ]
INFO: [ app_end ] --END-- [ RunTime:0.000057s ]

[ 2017-04-08T02:03:47+08:00 ] 101.226.99.196 /mooc/index.php/getinformList?type%253D4
INFO: [ app_init ] --START--
INFO: Run Behavior\BuildLiteBehavior [ RunTime:0.000010s ]
INFO: [ app_init ] --END-- [ RunTime:0.000075s ]
INFO: [ app_begin ] --START--
INFO: Run Behavior\ReadHtmlCacheBehavior [ RunTime:0.000041s ]
INFO: [ app_begin ] --END-- [ RunTime:0.000074s ]
NOTIC: [8] Undefined index: id /home/ubuntu/mooc/HNUST/Admin/Controller/IndexController.class.php 第 173 行.

[ 2017-04-08T05:07:02+08:00 ] 180.163.2.118 /mooc/index.php/getinformList?type%25253D4
INFO: [ app_init ] --START--
INFO: Run Behavior\BuildLiteBehavior [ RunTime:0.000010s ]
INFO: [ app_init ] --END-- [ RunTime:0.000068s ]
INFO: [ app_begin ] --START--
INFO: Run Behavior\ReadHtmlCacheBehavior [ RunTime:0.000032s ]
INFO: [ app_begin ] --END-- [ RunTime:0.000062s ]
NOTIC: [8] Undefined index: id /home/ubuntu/mooc/HNUST/Admin/Controller/IndexController.class.php 第 173 行.

[ 2017-04-08T06:13:42+08:00 ] 101.226.68.215 /mooc/index.php/login
INFO: [ app_init ] --START--
INFO: Run Behavior\BuildLiteBehavior [ RunTime:0.000011s ]
INFO: [ app_init ] --END-- [ RunTime:0.000078s ]
INFO: [ app_begin ] --START--
INFO: Run Behavior\ReadHtmlCacheBehavior [ RunTime:0.000038s ]
INFO: [ app_begin ] --END-- [ RunTime:0.000076s ]
INFO: [ view_parse ] --START--
INFO: [ template_filter ] --START--
INFO: Run Behavior\ContentReplaceBehavior [ RunTime:0.000032s ]
INFO: [ template_filter ] --END-- [ RunTime:0.000069s ]
NOTIC: [8] Undefined variable: error /home/ubuntu/mooc/HNUST/Runtime/Cache/Admin/50d2c8a1262c3fe8cb5c41323de340c0.php 第 45 行.
INFO: Run Behavior\ParseTemplateBehavior [ RunTime:0.001722s ]
INFO: [ view_parse ] --END-- [ RunTime:0.001754s ]
INFO: [ view_filter ] --START--
INFO: Run Behavior\WriteHtmlCacheBehavior [ RunTime:0.000036s ]
INFO: [ view_filter ] --END-- [ RunTime:0.000058s ]
INFO: [ app_end ] --START--
INFO: Run Behavior\ShowPageTraceBehavior [ RunTime:0.000038s ]
INFO: [ app_end ] --END-- [ RunTime:0.000069s ]

[ 2017-04-08T08:08:09+08:00 ] 101.226.33.203 /mooc/index.php/getinformList?type%2525253D4
INFO: [ app_init ] --START--
INFO: Run Behavior\BuildLiteBehavior [ RunTime:0.000016s ]
INFO: [ app_init ] --END-- [ RunTime:0.000103s ]
INFO: [ app_begin ] --START--
INFO: Run Behavior\ReadHtmlCacheBehavior [ RunTime:0.000052s ]
INFO: [ app_begin ] --END-- [ RunTime:0.000100s ]
NOTIC: [8] Undefined index: id /home/ubuntu/mooc/HNUST/Admin/Controller/IndexController.class.php 第 173 行.

[ 2017-04-08T08:12:21+08:00 ] 101.226.33.217 /mooc/index.php/admin?target%3DeditorNews
INFO: [ app_init ] --START--
INFO: Run Behavior\BuildLiteBehavior [ RunTime:0.000014s ]
INFO: [ app_init ] --END-- [ RunTime:0.000099s ]
INFO: [ app_begin ] --START--
INFO: Run Behavior\ReadHtmlCacheBehavior [ RunTime:0.000032s ]
INFO: [ app_begin ] --END-- [ RunTime:0.000062s ]
NOTIC: [8] Undefined index: id /home/ubuntu/mooc/HNUST/Admin/Controller/IndexController.class.php 第 173 行.

[ 2017-04-08T10:52:47+08:00 ] 112.65.193.13 /mooc/index.php/admin?target%253DeditorNews
INFO: [ app_init ] --START--
INFO: Run Behavior\BuildLiteBehavior [ RunTime:0.000014s ]
INFO: [ app_init ] --END-- [ RunTime:0.000105s ]
INFO: [ app_begin ] --START--
INFO: Run Behavior\ReadHtmlCacheBehavior [ RunTime:0.000046s ]
INFO: [ app_begin ] --END-- [ RunTime:0.000089s ]
NOTIC: [8] Undefined index: id /home/ubuntu/mooc/HNUST/Admin/Controller/IndexController.class.php 第 173 行.

[ 2017-04-08T11:07:11+08:00 ] 101.226.66.180 /mooc/index.php/getinformList?type%252525253D4
INFO: [ app_init ] --START--
INFO: Run Behavior\BuildLiteBehavior [ RunTime:0.000015s ]
INFO: [ app_init ] --END-- [ RunTime:0.000092s ]
INFO: [ app_begin ] --START--
INFO: Run Behavior\ReadHtmlCacheBehavior [ RunTime:0.000038s ]
INFO: [ app_begin ] --END-- [ RunTime:0.000076s ]
NOTIC: [8] Undefined index: id /home/ubuntu/mooc/HNUST/Admin/Controller/IndexController.class.php 第 173 行.

[ 2017-04-08T11:45:53+08:00 ] 183.57.53.177 /mooc/index.php/admin?target%3Dindex_v1
INFO: [ app_init ] --START--
INFO: Run Behavior\BuildLiteBehavior [ RunTime:0.000014s ]
INFO: [ app_init ] --END-- [ RunTime:0.000131s ]
INFO: [ app_begin ] --START--
INFO: Run Behavior\ReadHtmlCacheBehavior [ RunTime:0.000046s ]
INFO: [ app_begin ] --END-- [ RunTime:0.000090s ]
NOTIC: [8] Undefined index: id /home/ubuntu/mooc/HNUST/Admin/Controller/IndexController.class.php 第 173 行.

[ 2017-04-08T11:45:53+08:00 ] 101.226.68.215 /mooc/index.php/getinformList?type%3D0
INFO: [ app_init ] --START--
INFO: Run Behavior\BuildLiteBehavior [ RunTime:0.000013s ]
INFO: [ app_init ] --END-- [ RunTime:0.000083s ]
INFO: [ app_begin ] --START--
INFO: Run Behavior\ReadHtmlCacheBehavior [ RunTime:0.000038s ]
INFO: [ app_begin ] --END-- [ RunTime:0.000089s ]
NOTIC: [8] Undefined index: id /home/ubuntu/mooc/HNUST/Admin/Controller/IndexController.class.php 第 173 行.

[ 2017-04-08T11:46:03+08:00 ] 180.153.214.192 /mooc/index.php/admin?target%3Dindex_v1
INFO: [ app_init ] --START--
INFO: Run Behavior\BuildLiteBehavior [ RunTime:0.000010s ]
INFO: [ app_init ] --END-- [ RunTime:0.000071s ]
INFO: [ app_begin ] --START--
INFO: Run Behavior\ReadHtmlCacheBehavior [ RunTime:0.000030s ]
INFO: [ app_begin ] --END-- [ RunTime:0.000059s ]
NOTIC: [8] Undefined index: id /home/ubuntu/mooc/HNUST/Admin/Controller/IndexController.class.php 第 173 行.

[ 2017-04-08T13:13:32+08:00 ] 101.226.125.111 /mooc/index.php/getinformList?type%25252525253D1
INFO: [ app_init ] --START--
INFO: Run Behavior\BuildLiteBehavior [ RunTime:0.000015s ]
INFO: [ app_init ] --END-- [ RunTime:0.000138s ]
INFO: [ app_begin ] --START--
INFO: Run Behavior\ReadHtmlCacheBehavior [ RunTime:0.000042s ]
INFO: [ app_begin ] --END-- [ RunTime:0.000080s ]
NOTIC: [8] Undefined index: id /home/ubuntu/mooc/HNUST/Admin/Controller/IndexController.class.php 第 173 行.

[ 2017-04-08T14:43:00+08:00 ] 101.226.64.174 /mooc/index.php/admin?target%253Dinform_notice
INFO: [ app_init ] --START--
INFO: Run Behavior\BuildLiteBehavior [ RunTime:0.000015s ]
INFO: [ app_init ] --END-- [ RunTime:0.000107s ]
INFO: [ app_begin ] --START--
INFO: Run Behavior\ReadHtmlCacheBehavior [ RunTime:0.000051s ]
INFO: [ app_begin ] --END-- [ RunTime:0.000103s ]
NOTIC: [8] Undefined index: id /home/ubuntu/mooc/HNUST/Admin/Controller/IndexController.class.php 第 173 行.

[ 2017-04-08T14:43:09+08:00 ] 101.226.33.205 /mooc/index.php/admin?target%253Dinform_notice
INFO: [ app_init ] --START--
INFO: Run Behavior\BuildLiteBehavior [ RunTime:0.000014s ]
INFO: [ app_init ] --END-- [ RunTime:0.000096s ]
INFO: [ app_begin ] --START--
INFO: Run Behavior\ReadHtmlCacheBehavior [ RunTime:0.000132s ]
INFO: [ app_begin ] --END-- [ RunTime:0.000196s ]
NOTIC: [8] Undefined index: id /home/ubuntu/mooc/HNUST/Admin/Controller/IndexController.class.php 第 173 行.

[ 2017-04-08T14:43:09+08:00 ] 101.226.33.221 /mooc/index.php/admin?target%253Dinform_notice
INFO: [ app_init ] --START--
INFO: Run Behavior\BuildLiteBehavior [ RunTime:0.000012s ]
INFO: [ app_init ] --END-- [ RunTime:0.000077s ]
INFO: [ app_begin ] --START--
INFO: Run Behavior\ReadHtmlCacheBehavior [ RunTime:0.000049s ]
INFO: [ app_begin ] --END-- [ RunTime:0.000094s ]
NOTIC: [8] Undefined index: id /home/ubuntu/mooc/HNUST/Admin/Controller/IndexController.class.php 第 173 行.

[ 2017-04-08T14:43:09+08:00 ] 101.226.125.103 /mooc/index.php/admin?target%253Dinform_notice
INFO: [ app_init ] --START--
INFO: Run Behavior\BuildLiteBehavior [ RunTime:0.000015s ]
INFO: [ app_init ] --END-- [ RunTime:0.000090s ]
INFO: [ app_begin ] --START--
INFO: Run Behavior\ReadHtmlCacheBehavior [ RunTime:0.000044s ]
INFO: [ app_begin ] --END-- [ RunTime:0.000094s ]
NOTIC: [8] Undefined index: id /home/ubuntu/mooc/HNUST/Admin/Controller/IndexController.class.php 第 173 行.

[ 2017-04-08T14:43:09+08:00 ] 140.207.185.112 /mooc/index.php/admin?target%253Dinform_notice
INFO: [ app_init ] --START--
INFO: Run Behavior\BuildLiteBehavior [ RunTime:0.000011s ]
INFO: [ app_init ] --END-- [ RunTime:0.000071s ]
INFO: [ app_begin ] --START--
INFO: Run Behavior\ReadHtmlCacheBehavior [ RunTime:0.000042s ]
INFO: [ app_begin ] --END-- [ RunTime:0.000085s ]
NOTIC: [8] Undefined index: id /home/ubuntu/mooc/HNUST/Admin/Controller/IndexController.class.php 第 173 行.

[ 2017-04-08T15:43:55+08:00 ] 101.226.68.200 /mooc/index.php/getinformList?type%2525252525253D1
INFO: [ app_init ] --START--
INFO: Run Behavior\BuildLiteBehavior [ RunTime:0.000010s ]
INFO: [ app_init ] --END-- [ RunTime:0.000070s ]
INFO: [ app_begin ] --START--
INFO: Run Behavior\ReadHtmlCacheBehavior [ RunTime:0.000034s ]
INFO: [ app_begin ] --END-- [ RunTime:0.000068s ]
NOTIC: [8] Undefined index: id /home/ubuntu/mooc/HNUST/Admin/Controller/IndexController.class.php 第 173 行.

[ 2017-04-08T16:00:14+08:00 ] 101.226.64.174 /mooc/index.php/getinformList?type%253D0
INFO: [ app_init ] --START--
INFO: Run Behavior\BuildLiteBehavior [ RunTime:0.000015s ]
INFO: [ app_init ] --END-- [ RunTime:0.000095s ]
INFO: [ app_begin ] --START--
INFO: Run Behavior\ReadHtmlCacheBehavior [ RunTime:0.000045s ]
INFO: [ app_begin ] --END-- [ RunTime:0.000085s ]
NOTIC: [8] Undefined index: id /home/ubuntu/mooc/HNUST/Admin/Controller/IndexController.class.php 第 173 行.

[ 2017-04-08T16:00:23+08:00 ] 140.207.185.107 /mooc/index.php/getinformList?type%253D0
INFO: [ app_init ] --START--
INFO: Run Behavior\BuildLiteBehavior [ RunTime:0.000016s ]
INFO: [ app_init ] --END-- [ RunTime:0.000104s ]
INFO: [ app_begin ] --START--
INFO: Run Behavior\ReadHtmlCacheBehavior [ RunTime:0.000049s ]
INFO: [ app_begin ] --END-- [ RunTime:0.000098s ]
NOTIC: [8] Undefined index: id /home/ubuntu/mooc/HNUST/Admin/Controller/IndexController.class.php 第 173 行.

[ 2017-04-08T17:55:12+08:00 ] 101.226.68.200 /mooc/index.php/admin?target%25253Dinform_notice
INFO: [ app_init ] --START--
INFO: Run Behavior\BuildLiteBehavior [ RunTime:0.000015s ]
INFO: [ app_init ] --END-- [ RunTime:0.000100s ]
INFO: [ app_begin ] --START--
INFO: Run Behavior\ReadHtmlCacheBehavior [ RunTime:0.000050s ]
INFO: [ app_begin ] --END-- [ RunTime:0.000097s ]
NOTIC: [8] Undefined index: id /home/ubuntu/mooc/HNUST/Admin/Controller/IndexController.class.php 第 173 行.

[ 2017-04-08T19:59:52+08:00 ] 218.75.247.247 /mooc/index.php/admin
INFO: [ app_init ] --START--
INFO: Run Behavior\BuildLiteBehavior [ RunTime:0.000011s ]
INFO: [ app_init ] --END-- [ RunTime:0.000081s ]
INFO: [ app_begin ] --START--
INFO: Run Behavior\ReadHtmlCacheBehavior [ RunTime:0.000033s ]
INFO: [ app_begin ] --END-- [ RunTime:0.000066s ]
NOTIC: [8] Undefined index: id /home/ubuntu/mooc/HNUST/Admin/Controller/IndexController.class.php 第 173 行.

[ 2017-04-08T19:59:53+08:00 ] 218.75.247.247 /mooc/index.php/login
INFO: [ app_init ] --START--
INFO: Run Behavior\BuildLiteBehavior [ RunTime:0.000015s ]
INFO: [ app_init ] --END-- [ RunTime:0.000109s ]
INFO: [ app_begin ] --START--
INFO: Run Behavior\ReadHtmlCacheBehavior [ RunTime:0.000045s ]
INFO: [ app_begin ] --END-- [ RunTime:0.000091s ]
INFO: [ view_parse ] --START--
INFO: [ template_filter ] --START--
INFO: Run Behavior\ContentReplaceBehavior [ RunTime:0.000051s ]
INFO: [ template_filter ] --END-- [ RunTime:0.000125s ]
NOTIC: [8] Undefined variable: error /home/ubuntu/mooc/HNUST/Runtime/Cache/Admin/50d2c8a1262c3fe8cb5c41323de340c0.php 第 45 行.
INFO: Run Behavior\ParseTemplateBehavior [ RunTime:0.003682s ]
INFO: [ view_parse ] --END-- [ RunTime:0.004603s ]
INFO: [ view_filter ] --START--
INFO: Run Behavior\WriteHtmlCacheBehavior [ RunTime:0.000064s ]
INFO: [ view_filter ] --END-- [ RunTime:0.000140s ]
INFO: [ app_end ] --START--
INFO: Run Behavior\ShowPageTraceBehavior [ RunTime:0.000202s ]
INFO: [ app_end ] --END-- [ RunTime:0.000244s ]

[ 2017-04-08T19:59:56+08:00 ] 218.75.247.247 /mooc/index.php/login
INFO: [ app_init ] --START--
INFO: Run Behavior\BuildLiteBehavior [ RunTime:0.000020s ]
INFO: [ app_init ] --END-- [ RunTime:0.000097s ]
INFO: [ app_begin ] --START--
INFO: Run Behavior\ReadHtmlCacheBehavior [ RunTime:0.000028s ]
INFO: [ app_begin ] --END-- [ RunTime:0.000057s ]
SQL: SHOW COLUMNS FROM `hnust_admin` [ RunTime:0.0005s ]
SQL: SELECT `password` FROM `hnust_admin` WHERE `userid` = 'admin'  [ RunTime:0.0001s ]
INFO: [ app_end ] --START--
INFO: Run Behavior\ShowPageTraceBehavior [ RunTime:0.000080s ]
INFO: [ app_end ] --END-- [ RunTime:0.000110s ]

[ 2017-04-08T19:59:56+08:00 ] 218.75.247.247 /mooc/index.php/admin
INFO: [ app_init ] --START--
INFO: Run Behavior\BuildLiteBehavior [ RunTime:0.000011s ]
INFO: [ app_init ] --END-- [ RunTime:0.000075s ]
INFO: [ app_begin ] --START--
INFO: Run Behavior\ReadHtmlCacheBehavior [ RunTime:0.000044s ]
INFO: [ app_begin ] --END-- [ RunTime:0.000091s ]
SQL: SHOW COLUMNS FROM `hnust_admin` [ RunTime:0.0005s ]
SQL: SELECT `authority`,`nickname` FROM `hnust_admin` WHERE `userid` = 'admin'  [ RunTime:0.0001s ]
INFO: [ view_parse ] --START--
INFO: [ template_filter ] --START--
INFO: Run Behavior\ContentReplaceBehavior [ RunTime:0.000039s ]
INFO: [ template_filter ] --END-- [ RunTime:0.000100s ]
INFO: Run Behavior\ParseTemplateBehavior [ RunTime:0.003350s ]
INFO: [ view_parse ] --END-- [ RunTime:0.003403s ]
INFO: [ view_filter ] --START--
INFO: Run Behavior\WriteHtmlCacheBehavior [ RunTime:0.000045s ]
INFO: [ view_filter ] --END-- [ RunTime:0.000069s ]
INFO: [ app_end ] --START--
INFO: Run Behavior\ShowPageTraceBehavior [ RunTime:0.000031s ]
INFO: [ app_end ] --END-- [ RunTime:0.000059s ]

[ 2017-04-08T19:59:56+08:00 ] 218.75.247.247 /mooc/index.php/admin?target=index_v1
INFO: [ app_init ] --START--
INFO: Run Behavior\BuildLiteBehavior [ RunTime:0.000009s ]
INFO: [ app_init ] --END-- [ RunTime:0.000063s ]
INFO: [ app_begin ] --START--
INFO: Run Behavior\ReadHtmlCacheBehavior [ RunTime:0.000031s ]
INFO: [ app_begin ] --END-- [ RunTime:0.000068s ]
INFO: [ view_parse ] --START--
INFO: [ template_filter ] --START--
INFO: Run Behavior\ContentReplaceBehavior [ RunTime:0.000026s ]
INFO: [ template_filter ] --END-- [ RunTime:0.000059s ]
INFO: Run Behavior\ParseTemplateBehavior [ RunTime:0.001789s ]
INFO: [ view_parse ] --END-- [ RunTime:0.001823s ]
INFO: [ view_filter ] --START--
INFO: Run Behavior\WriteHtmlCacheBehavior [ RunTime:0.000027s ]
INFO: [ view_filter ] --END-- [ RunTime:0.000049s ]
INFO: [ app_end ] --START--
INFO: Run Behavior\ShowPageTraceBehavior [ RunTime:0.000028s ]
INFO: [ app_end ] --END-- [ RunTime:0.000056s ]

[ 2017-04-08T19:59:59+08:00 ] 218.75.247.247 /mooc/index.php/admin?target=inform_notice
INFO: [ app_init ] --START--
INFO: Run Behavior\BuildLiteBehavior [ RunTime:0.000011s ]
INFO: [ app_init ] --END-- [ RunTime:0.000080s ]
INFO: [ app_begin ] --START--
INFO: Run Behavior\ReadHtmlCacheBehavior [ RunTime:0.000057s ]
INFO: [ app_begin ] --END-- [ RunTime:0.000097s ]
INFO: [ view_parse ] --START--
INFO: [ template_filter ] --START--
INFO: Run Behavior\ContentReplaceBehavior [ RunTime:0.000054s ]
INFO: [ template_filter ] --END-- [ RunTime:0.000110s ]
INFO: Run Behavior\ParseTemplateBehavior [ RunTime:0.001939s ]
INFO: [ view_parse ] --END-- [ RunTime:0.001973s ]
INFO: [ view_filter ] --START--
INFO: Run Behavior\WriteHtmlCacheBehavior [ RunTime:0.000049s ]
INFO: [ view_filter ] --END-- [ RunTime:0.000082s ]
INFO: [ app_end ] --START--
INFO: Run Behavior\ShowPageTraceBehavior [ RunTime:0.000045s ]
INFO: [ app_end ] --END-- [ RunTime:0.000081s ]

[ 2017-04-08T20:00:00+08:00 ] 218.75.247.247 /mooc/index.php/getinformList?type=0
INFO: [ app_init ] --START--
INFO: Run Behavior\BuildLiteBehavior [ RunTime:0.000012s ]
INFO: [ app_init ] --END-- [ RunTime:0.000075s ]
INFO: [ app_begin ] --START--
INFO: Run Behavior\ReadHtmlCacheBehavior [ RunTime:0.000029s ]
INFO: [ app_begin ] --END-- [ RunTime:0.000057s ]
SQL: SHOW COLUMNS FROM `hnust_supervisor` [ RunTime:0.0006s ]
SQL: SELECT `id`,`title`,`author`,`time`,`source`,`type` FROM `hnust_supervisor` WHERE `type` = '0' ORDER BY time  [ RunTime:0.0005s ]

[ 2017-04-08T20:00:02+08:00 ] 218.75.247.247 /mooc/index.php/getinformList?type=2
INFO: [ app_init ] --START--
INFO: Run Behavior\BuildLiteBehavior [ RunTime:0.000020s ]
INFO: [ app_init ] --END-- [ RunTime:0.000108s ]
INFO: [ app_begin ] --START--
INFO: Run Behavior\ReadHtmlCacheBehavior [ RunTime:0.000045s ]
INFO: [ app_begin ] --END-- [ RunTime:0.000086s ]
SQL: SHOW COLUMNS FROM `hnust_supervisor` [ RunTime:0.0006s ]
SQL: SELECT `id`,`title`,`author`,`time`,`source`,`type` FROM `hnust_supervisor` WHERE `type` = '2' ORDER BY time  [ RunTime:0.0004s ]

[ 2017-04-08T20:00:06+08:00 ] 101.226.68.197 /mooc/index.php/admin?target=index_v1
INFO: [ app_init ] --START--
INFO: Run Behavior\BuildLiteBehavior [ RunTime:0.000013s ]
INFO: [ app_init ] --END-- [ RunTime:0.000106s ]
INFO: [ app_begin ] --START--
INFO: Run Behavior\ReadHtmlCacheBehavior [ RunTime:0.000057s ]
INFO: [ app_begin ] --END-- [ RunTime:0.000103s ]
NOTIC: [8] Undefined index: id /home/ubuntu/mooc/HNUST/Admin/Controller/IndexController.class.php 第 173 行.

[ 2017-04-08T20:00:07+08:00 ] 218.75.247.247 /mooc/index.php/getinformList?type=1
INFO: [ app_init ] --START--
INFO: Run Behavior\BuildLiteBehavior [ RunTime:0.000014s ]
INFO: [ app_init ] --END-- [ RunTime:0.000096s ]
INFO: [ app_begin ] --START--
INFO: Run Behavior\ReadHtmlCacheBehavior [ RunTime:0.000042s ]
INFO: [ app_begin ] --END-- [ RunTime:0.000084s ]
SQL: SHOW COLUMNS FROM `hnust_supervisor` [ RunTime:0.0006s ]
SQL: SELECT `id`,`title`,`author`,`time`,`source`,`type` FROM `hnust_supervisor` WHERE `type` = '1' ORDER BY time  [ RunTime:0.0004s ]

[ 2017-04-08T20:00:09+08:00 ] 101.226.89.122 /mooc/index.php/admin?target=inform_notice
INFO: [ app_init ] --START--
INFO: Run Behavior\BuildLiteBehavior [ RunTime:0.000014s ]
INFO: [ app_init ] --END-- [ RunTime:0.000100s ]
INFO: [ app_begin ] --START--
INFO: Run Behavior\ReadHtmlCacheBehavior [ RunTime:0.000048s ]
INFO: [ app_begin ] --END-- [ RunTime:0.000093s ]
NOTIC: [8] Undefined index: id /home/ubuntu/mooc/HNUST/Admin/Controller/IndexController.class.php 第 173 行.

[ 2017-04-08T20:00:10+08:00 ] 61.151.218.119 /mooc/index.php/getinformList?type=0
INFO: [ app_init ] --START--
INFO: Run Behavior\BuildLiteBehavior [ RunTime:0.000012s ]
INFO: [ app_init ] --END-- [ RunTime:0.000081s ]
INFO: [ app_begin ] --START--
INFO: Run Behavior\ReadHtmlCacheBehavior [ RunTime:0.000038s ]
INFO: [ app_begin ] --END-- [ RunTime:0.000078s ]
NOTIC: [8] Undefined index: id /home/ubuntu/mooc/HNUST/Admin/Controller/IndexController.class.php 第 173 行.

[ 2017-04-08T20:00:12+08:00 ] 180.153.206.23 /mooc/index.php/getinformList?type=2
INFO: [ app_init ] --START--
INFO: Run Behavior\BuildLiteBehavior [ RunTime:0.000014s ]
INFO: [ app_init ] --END-- [ RunTime:0.000098s ]
INFO: [ app_begin ] --START--
INFO: Run Behavior\ReadHtmlCacheBehavior [ RunTime:0.000044s ]
INFO: [ app_begin ] --END-- [ RunTime:0.000090s ]
NOTIC: [8] Undefined index: id /home/ubuntu/mooc/HNUST/Admin/Controller/IndexController.class.php 第 173 行.

[ 2017-04-08T20:00:17+08:00 ] 180.163.2.117 /mooc/index.php/getinformList?type=1
INFO: [ app_init ] --START--
INFO: Run Behavior\BuildLiteBehavior [ RunTime:0.000015s ]
INFO: [ app_init ] --END-- [ RunTime:0.000132s ]
INFO: [ app_begin ] --START--
INFO: Run Behavior\ReadHtmlCacheBehavior [ RunTime:0.000050s ]
INFO: [ app_begin ] --END-- [ RunTime:0.000115s ]
NOTIC: [8] Undefined index: id /home/ubuntu/mooc/HNUST/Admin/Controller/IndexController.class.php 第 173 行.

[ 2017-04-08T20:03:59+08:00 ] 218.75.247.247 /mooc/index.php/getinformList?type=0
INFO: [ app_init ] --START--
INFO: Run Behavior\BuildLiteBehavior [ RunTime:0.000022s ]
INFO: [ app_init ] --END-- [ RunTime:0.000107s ]
INFO: [ app_begin ] --START--
INFO: Run Behavior\ReadHtmlCacheBehavior [ RunTime:0.000044s ]
INFO: [ app_begin ] --END-- [ RunTime:0.000081s ]
SQL: SHOW COLUMNS FROM `hnust_supervisor` [ RunTime:0.0006s ]
SQL: SELECT `id`,`title`,`author`,`time`,`source`,`type` FROM `hnust_supervisor` WHERE `type` = '0' ORDER BY time  [ RunTime:0.0001s ]

[ 2017-04-08T20:04:02+08:00 ] 218.75.247.247 /mooc/index.php/getinformList?type=1
INFO: [ app_init ] --START--
INFO: Run Behavior\BuildLiteBehavior [ RunTime:0.000014s ]
INFO: [ app_init ] --END-- [ RunTime:0.000095s ]
INFO: [ app_begin ] --START--
INFO: Run Behavior\ReadHtmlCacheBehavior [ RunTime:0.000053s ]
INFO: [ app_begin ] --END-- [ RunTime:0.000092s ]
SQL: SHOW COLUMNS FROM `hnust_supervisor` [ RunTime:0.0006s ]
SQL: SELECT `id`,`title`,`author`,`time`,`source`,`type` FROM `hnust_supervisor` WHERE `type` = '1' ORDER BY time  [ RunTime:0.0001s ]

[ 2017-04-08T20:04:05+08:00 ] 218.75.247.247 /mooc/index.php/getinformList?type=5
INFO: [ app_init ] --START--
INFO: Run Behavior\BuildLiteBehavior [ RunTime:0.000017s ]
INFO: [ app_init ] --END-- [ RunTime:0.000115s ]
INFO: [ app_begin ] --START--
INFO: Run Behavior\ReadHtmlCacheBehavior [ RunTime:0.000051s ]
INFO: [ app_begin ] --END-- [ RunTime:0.000095s ]
SQL: SHOW COLUMNS FROM `hnust_supervisor` [ RunTime:0.0005s ]
SQL: SELECT `id`,`title`,`author`,`time`,`source`,`type` FROM `hnust_supervisor` WHERE `type` = '5' ORDER BY time  [ RunTime:0.0004s ]

[ 2017-04-08T20:04:15+08:00 ] 180.153.214.152 /mooc/index.php/getinformList?type=5
INFO: [ app_init ] --START--
INFO: Run Behavior\BuildLiteBehavior [ RunTime:0.000014s ]
INFO: [ app_init ] --END-- [ RunTime:0.000099s ]
INFO: [ app_begin ] --START--
INFO: Run Behavior\ReadHtmlCacheBehavior [ RunTime:0.000044s ]
INFO: [ app_begin ] --END-- [ RunTime:0.000086s ]
NOTIC: [8] Undefined index: id /home/ubuntu/mooc/HNUST/Admin/Controller/IndexController.class.php 第 173 行.

[ 2017-04-08T20:04:41+08:00 ] 218.75.247.247 /mooc/index.php/getinformList?type=0
INFO: [ app_init ] --START--
INFO: Run Behavior\BuildLiteBehavior [ RunTime:0.000018s ]
INFO: [ app_init ] --END-- [ RunTime:0.000108s ]
INFO: [ app_begin ] --START--
INFO: Run Behavior\ReadHtmlCacheBehavior [ RunTime:0.000061s ]
INFO: [ app_begin ] --END-- [ RunTime:0.000122s ]
SQL: SHOW COLUMNS FROM `hnust_supervisor` [ RunTime:0.0007s ]
SQL: SELECT `id`,`title`,`author`,`time`,`source`,`type` FROM `hnust_supervisor` WHERE `type` = '0' ORDER BY time  [ RunTime:0.0001s ]

[ 2017-04-08T20:04:45+08:00 ] 218.75.247.247 /mooc/index.php/getinformList?type=2
INFO: [ app_init ] --START--
INFO: Run Behavior\BuildLiteBehavior [ RunTime:0.000013s ]
INFO: [ app_init ] --END-- [ RunTime:0.000094s ]
INFO: [ app_begin ] --START--
INFO: Run Behavior\ReadHtmlCacheBehavior [ RunTime:0.000049s ]
INFO: [ app_begin ] --END-- [ RunTime:0.000093s ]
SQL: SHOW COLUMNS FROM `hnust_supervisor` [ RunTime:0.0007s ]
SQL: SELECT `id`,`title`,`author`,`time`,`source`,`type` FROM `hnust_supervisor` WHERE `type` = '2' ORDER BY time  [ RunTime:0.0001s ]

[ 2017-04-08T20:04:47+08:00 ] 218.75.247.247 /mooc/index.php/getinformList?type=4
INFO: [ app_init ] --START--
INFO: Run Behavior\BuildLiteBehavior [ RunTime:0.000012s ]
INFO: [ app_init ] --END-- [ RunTime:0.000085s ]
INFO: [ app_begin ] --START--
INFO: Run Behavior\ReadHtmlCacheBehavior [ RunTime:0.000032s ]
INFO: [ app_begin ] --END-- [ RunTime:0.000064s ]
SQL: SHOW COLUMNS FROM `hnust_supervisor` [ RunTime:0.0006s ]
SQL: SELECT `id`,`title`,`author`,`time`,`source`,`type` FROM `hnust_supervisor` WHERE `type` = '4' ORDER BY time  [ RunTime:0.0005s ]

[ 2017-04-08T20:04:57+08:00 ] 101.226.99.197 /mooc/index.php/getinformList?type=4
INFO: [ app_init ] --START--
INFO: Run Behavior\BuildLiteBehavior [ RunTime:0.000014s ]
INFO: [ app_init ] --END-- [ RunTime:0.000097s ]
INFO: [ app_begin ] --START--
INFO: Run Behavior\ReadHtmlCacheBehavior [ RunTime:0.000045s ]
INFO: [ app_begin ] --END-- [ RunTime:0.000089s ]
NOTIC: [8] Undefined index: id /home/ubuntu/mooc/HNUST/Admin/Controller/IndexController.class.php 第 173 行.

[ 2017-04-08T20:06:39+08:00 ] 110.52.125.126 /mooc/index.php/login
INFO: [ app_init ] --START--
INFO: Run Behavior\BuildLiteBehavior [ RunTime:0.000014s ]
INFO: [ app_init ] --END-- [ RunTime:0.000088s ]
INFO: [ app_begin ] --START--
INFO: Run Behavior\ReadHtmlCacheBehavior [ RunTime:0.000032s ]
INFO: [ app_begin ] --END-- [ RunTime:0.000067s ]
INFO: [ view_parse ] --START--
INFO: [ template_filter ] --START--
INFO: Run Behavior\ContentReplaceBehavior [ RunTime:0.000034s ]
INFO: [ template_filter ] --END-- [ RunTime:0.000074s ]
NOTIC: [8] Undefined variable: error /home/ubuntu/mooc/HNUST/Runtime/Cache/Admin/50d2c8a1262c3fe8cb5c41323de340c0.php 第 45 行.
INFO: Run Behavior\ParseTemplateBehavior [ RunTime:0.001781s ]
INFO: [ view_parse ] --END-- [ RunTime:0.001818s ]
INFO: [ view_filter ] --START--
INFO: Run Behavior\WriteHtmlCacheBehavior [ RunTime:0.000037s ]
INFO: [ view_filter ] --END-- [ RunTime:0.000064s ]
INFO: [ app_end ] --START--
INFO: Run Behavior\ShowPageTraceBehavior [ RunTime:0.000026s ]
INFO: [ app_end ] --END-- [ RunTime:0.000051s ]

[ 2017-04-08T20:06:54+08:00 ] 218.75.247.247 /mooc/index.php/getinformList?type=0
INFO: [ app_init ] --START--
INFO: Run Behavior\BuildLiteBehavior [ RunTime:0.000016s ]
INFO: [ app_init ] --END-- [ RunTime:0.000103s ]
INFO: [ app_begin ] --START--
INFO: Run Behavior\ReadHtmlCacheBehavior [ RunTime:0.000046s ]
INFO: [ app_begin ] --END-- [ RunTime:0.000088s ]
SQL: SHOW COLUMNS FROM `hnust_supervisor` [ RunTime:0.0007s ]
SQL: SELECT `id`,`title`,`author`,`time`,`source`,`type` FROM `hnust_supervisor` WHERE `type` = '0' ORDER BY time  [ RunTime:0.0001s ]

[ 2017-04-08T20:08:09+08:00 ] 218.75.247.247 /mooc/index.php/getinformList?type=2
INFO: [ app_init ] --START--
INFO: Run Behavior\BuildLiteBehavior [ RunTime:0.000015s ]
INFO: [ app_init ] --END-- [ RunTime:0.000117s ]
INFO: [ app_begin ] --START--
INFO: Run Behavior\ReadHtmlCacheBehavior [ RunTime:0.000045s ]
INFO: [ app_begin ] --END-- [ RunTime:0.000086s ]
SQL: SHOW COLUMNS FROM `hnust_supervisor` [ RunTime:0.0039s ]
SQL: SELECT `id`,`title`,`author`,`time`,`source`,`type` FROM `hnust_supervisor` WHERE `type` = '2' ORDER BY time  [ RunTime:0.0008s ]

[ 2017-04-08T20:08:11+08:00 ] 218.75.247.247 /mooc/index.php/getinformList?type=0
INFO: [ app_init ] --START--
INFO: Run Behavior\BuildLiteBehavior [ RunTime:0.000014s ]
INFO: [ app_init ] --END-- [ RunTime:0.000096s ]
INFO: [ app_begin ] --START--
INFO: Run Behavior\ReadHtmlCacheBehavior [ RunTime:0.000041s ]
INFO: [ app_begin ] --END-- [ RunTime:0.000084s ]
SQL: SHOW COLUMNS FROM `hnust_supervisor` [ RunTime:0.0005s ]
SQL: SELECT `id`,`title`,`author`,`time`,`source`,`type` FROM `hnust_supervisor` WHERE `type` = '0' ORDER BY time  [ RunTime:0.0001s ]

[ 2017-04-08T20:08:37+08:00 ] 218.75.247.247 /mooc/index.php/getinformList?type=1
INFO: [ app_init ] --START--
INFO: Run Behavior\BuildLiteBehavior [ RunTime:0.000022s ]
INFO: [ app_init ] --END-- [ RunTime:0.000108s ]
INFO: [ app_begin ] --START--
INFO: Run Behavior\ReadHtmlCacheBehavior [ RunTime:0.000047s ]
INFO: [ app_begin ] --END-- [ RunTime:0.000089s ]
SQL: SHOW COLUMNS FROM `hnust_supervisor` [ RunTime:0.0006s ]
SQL: SELECT `id`,`title`,`author`,`time`,`source`,`type` FROM `hnust_supervisor` WHERE `type` = '1' ORDER BY time  [ RunTime:0.0001s ]

[ 2017-04-08T20:08:47+08:00 ] 101.226.33.217 /mooc/index.php/getinformList?type=1
INFO: [ app_init ] --START--
INFO: Run Behavior\BuildLiteBehavior [ RunTime:0.000014s ]
INFO: [ app_init ] --END-- [ RunTime:0.000101s ]
INFO: [ app_begin ] --START--
INFO: Run Behavior\ReadHtmlCacheBehavior [ RunTime:0.000053s ]
INFO: [ app_begin ] --END-- [ RunTime:0.000099s ]
NOTIC: [8] Undefined index: id /home/ubuntu/mooc/HNUST/Admin/Controller/IndexController.class.php 第 173 行.

[ 2017-04-08T20:11:17+08:00 ] 218.75.247.247 /mooc/index.php/getinformList?type=0
INFO: [ app_init ] --START--
INFO: Run Behavior\BuildLiteBehavior [ RunTime:0.000011s ]
INFO: [ app_init ] --END-- [ RunTime:0.000086s ]
INFO: [ app_begin ] --START--
INFO: Run Behavior\ReadHtmlCacheBehavior [ RunTime:0.000046s ]
INFO: [ app_begin ] --END-- [ RunTime:0.000084s ]
SQL: SHOW COLUMNS FROM `hnust_supervisor` [ RunTime:0.0005s ]
SQL: SELECT `id`,`title`,`author`,`time`,`source`,`type` FROM `hnust_supervisor` WHERE `type` = '0' ORDER BY time  [ RunTime:0.0001s ]

[ 2017-04-08T20:11:25+08:00 ] 218.75.247.247 /mooc/index.php/getinformList?type=1
INFO: [ app_init ] --START--
INFO: Run Behavior\BuildLiteBehavior [ RunTime:0.000014s ]
INFO: [ app_init ] --END-- [ RunTime:0.000100s ]
INFO: [ app_begin ] --START--
INFO: Run Behavior\ReadHtmlCacheBehavior [ RunTime:0.000049s ]
INFO: [ app_begin ] --END-- [ RunTime:0.000081s ]
SQL: SHOW COLUMNS FROM `hnust_supervisor` [ RunTime:0.0005s ]
SQL: SELECT `id`,`title`,`author`,`time`,`source`,`type` FROM `hnust_supervisor` WHERE `type` = '1' ORDER BY time  [ RunTime:0.0001s ]

[ 2017-04-08T20:11:28+08:00 ] 218.75.247.247 /mooc/index.php/getinformList?type=6
INFO: [ app_init ] --START--
INFO: Run Behavior\BuildLiteBehavior [ RunTime:0.000010s ]
INFO: [ app_init ] --END-- [ RunTime:0.000069s ]
INFO: [ app_begin ] --START--
INFO: Run Behavior\ReadHtmlCacheBehavior [ RunTime:0.000048s ]
INFO: [ app_begin ] --END-- [ RunTime:0.000088s ]
SQL: SHOW COLUMNS FROM `hnust_supervisor` [ RunTime:0.0005s ]
SQL: SELECT `id`,`title`,`author`,`time`,`source`,`type` FROM `hnust_supervisor` WHERE `type` = '6' ORDER BY time  [ RunTime:0.0003s ]

[ 2017-04-08T20:11:38+08:00 ] 101.226.125.111 /mooc/index.php/getinformList?type=6
INFO: [ app_init ] --START--
INFO: Run Behavior\BuildLiteBehavior [ RunTime:0.000010s ]
INFO: [ app_init ] --END-- [ RunTime:0.000067s ]
INFO: [ app_begin ] --START--
INFO: Run Behavior\ReadHtmlCacheBehavior [ RunTime:0.000029s ]
INFO: [ app_begin ] --END-- [ RunTime:0.000056s ]
NOTIC: [8] Undefined index: id /home/ubuntu/mooc/HNUST/Admin/Controller/IndexController.class.php 第 173 行.

[ 2017-04-08T20:12:00+08:00 ] 218.75.247.247 /mooc/index.php/getinformList?type=0
INFO: [ app_init ] --START--
INFO: Run Behavior\BuildLiteBehavior [ RunTime:0.000018s ]
INFO: [ app_init ] --END-- [ RunTime:0.000127s ]
INFO: [ app_begin ] --START--
INFO: Run Behavior\ReadHtmlCacheBehavior [ RunTime:0.000068s ]
INFO: [ app_begin ] --END-- [ RunTime:0.000120s ]
NOTIC: [8] Undefined index: id /home/ubuntu/mooc/HNUST/Admin/Controller/IndexController.class.php 第 173 行.

[ 2017-04-08T20:12:03+08:00 ] 218.75.247.247 /mooc/index.php/getinformList?type=1
INFO: [ app_init ] --START--
INFO: Run Behavior\BuildLiteBehavior [ RunTime:0.000014s ]
INFO: [ app_init ] --END-- [ RunTime:0.000100s ]
INFO: [ app_begin ] --START--
INFO: Run Behavior\ReadHtmlCacheBehavior [ RunTime:0.000046s ]
INFO: [ app_begin ] --END-- [ RunTime:0.000085s ]
NOTIC: [8] Undefined index: id /home/ubuntu/mooc/HNUST/Admin/Controller/IndexController.class.php 第 173 行.

[ 2017-04-08T20:13:06+08:00 ] 218.75.247.247 /mooc/index.php/getinformList?type=0
INFO: [ app_init ] --START--
INFO: Run Behavior\BuildLiteBehavior [ RunTime:0.000014s ]
INFO: [ app_init ] --END-- [ RunTime:0.000100s ]
INFO: [ app_begin ] --START--
INFO: Run Behavior\ReadHtmlCacheBehavior [ RunTime:0.000045s ]
INFO: [ app_begin ] --END-- [ RunTime:0.000078s ]
NOTIC: [8] Undefined index: id /home/ubuntu/mooc/HNUST/Admin/Controller/IndexController.class.php 第 173 行.

[ 2017-04-08T20:13:44+08:00 ] 218.75.247.247 /mooc/index.php/getinformList?type=1
INFO: [ app_init ] --START--
INFO: Run Behavior\BuildLiteBehavior [ RunTime:0.000015s ]
INFO: [ app_init ] --END-- [ RunTime:0.000105s ]
INFO: [ app_begin ] --START--
INFO: Run Behavior\ReadHtmlCacheBehavior [ RunTime:0.000053s ]
INFO: [ app_begin ] --END-- [ RunTime:0.000099s ]
NOTIC: [8] Undefined index: id /home/ubuntu/mooc/HNUST/Admin/Controller/IndexController.class.php 第 173 行.

[ 2017-04-08T20:13:46+08:00 ] 218.75.247.247 /mooc/index.php/getinformList?type=0
INFO: [ app_init ] --START--
INFO: Run Behavior\BuildLiteBehavior [ RunTime:0.000015s ]
INFO: [ app_init ] --END-- [ RunTime:0.000095s ]
INFO: [ app_begin ] --START--
INFO: Run Behavior\ReadHtmlCacheBehavior [ RunTime:0.000039s ]
INFO: [ app_begin ] --END-- [ RunTime:0.000079s ]
NOTIC: [8] Undefined index: id /home/ubuntu/mooc/HNUST/Admin/Controller/IndexController.class.php 第 173 行.

[ 2017-04-08T20:14:58+08:00 ] 218.75.247.247 /mooc/index.php/getinformList?type=1
INFO: [ app_init ] --START--
INFO: Run Behavior\BuildLiteBehavior [ RunTime:0.000014s ]
INFO: [ app_init ] --END-- [ RunTime:0.000095s ]
INFO: [ app_begin ] --START--
INFO: Run Behavior\ReadHtmlCacheBehavior [ RunTime:0.000039s ]
INFO: [ app_begin ] --END-- [ RunTime:0.000072s ]
NOTIC: [8] Undefined index: id /home/ubuntu/mooc/HNUST/Admin/Controller/IndexController.class.php 第 173 行.

[ 2017-04-08T20:15:48+08:00 ] 218.75.247.247 /mooc/index.php/getinformList?type=0
INFO: [ app_init ] --START--
INFO: Run Behavior\BuildLiteBehavior [ RunTime:0.000014s ]
INFO: [ app_init ] --END-- [ RunTime:0.000113s ]
INFO: [ app_begin ] --START--
INFO: Run Behavior\ReadHtmlCacheBehavior [ RunTime:0.000047s ]
INFO: [ app_begin ] --END-- [ RunTime:0.000087s ]
NOTIC: [8] Undefined index: id /home/ubuntu/mooc/HNUST/Admin/Controller/IndexController.class.php 第 173 行.

[ 2017-04-08T20:15:51+08:00 ] 218.75.247.247 /mooc/index.php/getinformList?type=3
INFO: [ app_init ] --START--
INFO: Run Behavior\BuildLiteBehavior [ RunTime:0.000014s ]
INFO: [ app_init ] --END-- [ RunTime:0.000109s ]
INFO: [ app_begin ] --START--
INFO: Run Behavior\ReadHtmlCacheBehavior [ RunTime:0.000043s ]
INFO: [ app_begin ] --END-- [ RunTime:0.000082s ]
NOTIC: [8] Undefined index: id /home/ubuntu/mooc/HNUST/Admin/Controller/IndexController.class.php 第 173 行.

[ 2017-04-08T20:16:01+08:00 ] 101.226.65.107 /mooc/index.php/getinformList?type=3
INFO: [ app_init ] --START--
INFO: Run Behavior\BuildLiteBehavior [ RunTime:0.000014s ]
INFO: [ app_init ] --END-- [ RunTime:0.000097s ]
INFO: [ app_begin ] --START--
INFO: Run Behavior\ReadHtmlCacheBehavior [ RunTime:0.000045s ]
INFO: [ app_begin ] --END-- [ RunTime:0.000078s ]
NOTIC: [8] Undefined index: id /home/ubuntu/mooc/HNUST/Admin/Controller/IndexController.class.php 第 173 行.

[ 2017-04-08T20:16:13+08:00 ] 218.75.247.247 /mooc/index.php/getinformList?type=2
INFO: [ app_init ] --START--
INFO: Run Behavior\BuildLiteBehavior [ RunTime:0.000019s ]
INFO: [ app_init ] --END-- [ RunTime:0.000115s ]
INFO: [ app_begin ] --START--
INFO: Run Behavior\ReadHtmlCacheBehavior [ RunTime:0.000048s ]
INFO: [ app_begin ] --END-- [ RunTime:0.000088s ]
NOTIC: [8] Undefined index: id /home/ubuntu/mooc/HNUST/Admin/Controller/IndexController.class.php 第 173 行.

[ 2017-04-08T20:16:20+08:00 ] 218.75.247.247 /mooc/index.php/getinformList?type=3
INFO: [ app_init ] --START--
INFO: Run Behavior\BuildLiteBehavior [ RunTime:0.000015s ]
INFO: [ app_init ] --END-- [ RunTime:0.000097s ]
INFO: [ app_begin ] --START--
INFO: Run Behavior\ReadHtmlCacheBehavior [ RunTime:0.000049s ]
INFO: [ app_begin ] --END-- [ RunTime:0.000091s ]
NOTIC: [8] Undefined index: id /home/ubuntu/mooc/HNUST/Admin/Controller/IndexController.class.php 第 173 行.

[ 2017-04-08T20:53:07+08:00 ] 218.75.247.247 /mooc/index.php/admin?target=inform_notice
INFO: [ app_init ] --START--
INFO: Run Behavior\BuildLiteBehavior [ RunTime:0.000015s ]
INFO: [ app_init ] --END-- [ RunTime:0.000102s ]
INFO: [ app_begin ] --START--
INFO: Run Behavior\ReadHtmlCacheBehavior [ RunTime:0.000047s ]
INFO: [ app_begin ] --END-- [ RunTime:0.000091s ]
NOTIC: [8] Undefined index: id /home/ubuntu/mooc/HNUST/Admin/Controller/IndexController.class.php 第 173 行.

[ 2017-04-08T20:53:07+08:00 ] 218.75.247.247 /mooc/index.php/login
INFO: [ app_init ] --START--
INFO: Run Behavior\BuildLiteBehavior [ RunTime:0.000017s ]
INFO: [ app_init ] --END-- [ RunTime:0.000094s ]
INFO: [ app_begin ] --START--
INFO: Run Behavior\ReadHtmlCacheBehavior [ RunTime:0.000043s ]
INFO: [ app_begin ] --END-- [ RunTime:0.000097s ]
INFO: [ view_parse ] --START--
INFO: [ template_filter ] --START--
INFO: Run Behavior\ContentReplaceBehavior [ RunTime:0.000050s ]
INFO: [ template_filter ] --END-- [ RunTime:0.000285s ]
NOTIC: [8] Undefined variable: error /home/ubuntu/mooc/HNUST/Runtime/Cache/Admin/50d2c8a1262c3fe8cb5c41323de340c0.php 第 45 行.
INFO: Run Behavior\ParseTemplateBehavior [ RunTime:0.002357s ]
INFO: [ view_parse ] --END-- [ RunTime:0.002408s ]
INFO: [ view_filter ] --START--
INFO: Run Behavior\WriteHtmlCacheBehavior [ RunTime:0.000053s ]
INFO: [ view_filter ] --END-- [ RunTime:0.000088s ]
INFO: [ app_end ] --START--
INFO: Run Behavior\ShowPageTraceBehavior [ RunTime:0.000046s ]
INFO: [ app_end ] --END-- [ RunTime:0.000086s ]

[ 2017-04-08T20:53:10+08:00 ] 218.75.247.247 /mooc/index.php/login
INFO: [ app_init ] --START--
INFO: Run Behavior\BuildLiteBehavior [ RunTime:0.000016s ]
INFO: [ app_init ] --END-- [ RunTime:0.000107s ]
INFO: [ app_begin ] --START--
INFO: Run Behavior\ReadHtmlCacheBehavior [ RunTime:0.000045s ]
INFO: [ app_begin ] --END-- [ RunTime:0.000092s ]
SQL: SHOW COLUMNS FROM `hnust_admin` [ RunTime:0.0006s ]
SQL: SELECT `password` FROM `hnust_admin` WHERE `userid` = 'admin'  [ RunTime:0.0001s ]
INFO: [ app_end ] --START--
INFO: Run Behavior\ShowPageTraceBehavior [ RunTime:0.000053s ]
INFO: [ app_end ] --END-- [ RunTime:0.000099s ]

[ 2017-04-08T20:53:10+08:00 ] 218.75.247.247 /mooc/index.php/admin
INFO: [ app_init ] --START--
INFO: Run Behavior\BuildLiteBehavior [ RunTime:0.000016s ]
INFO: [ app_init ] --END-- [ RunTime:0.000157s ]
INFO: [ app_begin ] --START--
INFO: Run Behavior\ReadHtmlCacheBehavior [ RunTime:0.000042s ]
INFO: [ app_begin ] --END-- [ RunTime:0.000091s ]
SQL: SHOW COLUMNS FROM `hnust_admin` [ RunTime:0.0006s ]
SQL: SELECT `authority`,`nickname` FROM `hnust_admin` WHERE `userid` = 'admin'  [ RunTime:0.0001s ]
INFO: [ view_parse ] --START--
INFO: [ template_filter ] --START--
INFO: Run Behavior\ContentReplaceBehavior [ RunTime:0.000057s ]
INFO: [ template_filter ] --END-- [ RunTime:0.000120s ]
INFO: Run Behavior\ParseTemplateBehavior [ RunTime:0.004673s ]
INFO: [ view_parse ] --END-- [ RunTime:0.004726s ]
INFO: [ view_filter ] --START--
INFO: Run Behavior\WriteHtmlCacheBehavior [ RunTime:0.000059s ]
INFO: [ view_filter ] --END-- [ RunTime:0.000098s ]
INFO: [ app_end ] --START--
INFO: Run Behavior\ShowPageTraceBehavior [ RunTime:0.000039s ]
INFO: [ app_end ] --END-- [ RunTime:0.000079s ]

[ 2017-04-08T20:53:10+08:00 ] 218.75.247.247 /mooc/index.php/admin?target=index_v1
INFO: [ app_init ] --START--
INFO: Run Behavior\BuildLiteBehavior [ RunTime:0.000010s ]
INFO: [ app_init ] --END-- [ RunTime:0.000066s ]
INFO: [ app_begin ] --START--
INFO: Run Behavior\ReadHtmlCacheBehavior [ RunTime:0.000040s ]
INFO: [ app_begin ] --END-- [ RunTime:0.000074s ]
INFO: [ view_parse ] --START--
INFO: [ template_filter ] --START--
INFO: Run Behavior\ContentReplaceBehavior [ RunTime:0.000038s ]
INFO: [ template_filter ] --END-- [ RunTime:0.000088s ]
INFO: Run Behavior\ParseTemplateBehavior [ RunTime:0.002233s ]
INFO: [ view_parse ] --END-- [ RunTime:0.002308s ]
INFO: [ view_filter ] --START--
INFO: Run Behavior\WriteHtmlCacheBehavior [ RunTime:0.000033s ]
INFO: [ view_filter ] --END-- [ RunTime:0.000055s ]
INFO: [ app_end ] --START--
INFO: Run Behavior\ShowPageTraceBehavior [ RunTime:0.000024s ]
INFO: [ app_end ] --END-- [ RunTime:0.000047s ]

[ 2017-04-08T20:53:18+08:00 ] 218.75.247.247 /mooc/index.php/admin?target=inform_notice
INFO: [ app_init ] --START--
INFO: Run Behavior\BuildLiteBehavior [ RunTime:0.000014s ]
INFO: [ app_init ] --END-- [ RunTime:0.000100s ]
INFO: [ app_begin ] --START--
INFO: Run Behavior\ReadHtmlCacheBehavior [ RunTime:0.000050s ]
INFO: [ app_begin ] --END-- [ RunTime:0.000098s ]
INFO: [ view_parse ] --START--
INFO: [ template_filter ] --START--
INFO: Run Behavior\ContentReplaceBehavior [ RunTime:0.000060s ]
INFO: [ template_filter ] --END-- [ RunTime:0.000119s ]
INFO: Run Behavior\ParseTemplateBehavior [ RunTime:0.002538s ]
INFO: [ view_parse ] --END-- [ RunTime:0.002628s ]
INFO: [ view_filter ] --START--
INFO: Run Behavior\WriteHtmlCacheBehavior [ RunTime:0.000053s ]
INFO: [ view_filter ] --END-- [ RunTime:0.000091s ]
INFO: [ app_end ] --START--
INFO: Run Behavior\ShowPageTraceBehavior [ RunTime:0.000047s ]
INFO: [ app_end ] --END-- [ RunTime:0.000089s ]

[ 2017-04-08T20:53:20+08:00 ] 180.153.205.254 /mooc/index.php/admin?target=index_v1
INFO: [ app_init ] --START--
INFO: Run Behavior\BuildLiteBehavior [ RunTime:0.000066s ]
INFO: [ app_init ] --END-- [ RunTime:0.000147s ]
INFO: [ app_begin ] --START--
INFO: Run Behavior\ReadHtmlCacheBehavior [ RunTime:0.000041s ]
INFO: [ app_begin ] --END-- [ RunTime:0.000085s ]
NOTIC: [8] Undefined index: id /home/ubuntu/mooc/HNUST/Admin/Controller/IndexController.class.php 第 173 行.

[ 2017-04-08T20:53:20+08:00 ] 218.75.247.247 /mooc/index.php/getinformList?type=0
INFO: [ app_init ] --START--
INFO: Run Behavior\BuildLiteBehavior [ RunTime:0.000019s ]
INFO: [ app_init ] --END-- [ RunTime:0.000115s ]
INFO: [ app_begin ] --START--
INFO: Run Behavior\ReadHtmlCacheBehavior [ RunTime:0.000043s ]
INFO: [ app_begin ] --END-- [ RunTime:0.000083s ]
SQL: SHOW COLUMNS FROM `hnust_supervisor` [ RunTime:0.0007s ]
SQL: SELECT `id`,`title`,`author`,`time`,`source`,`type` FROM `hnust_supervisor` WHERE `type` = '0' ORDER BY time  [ RunTime:0.0001s ]

[ 2017-04-08T21:37:13+08:00 ] 117.185.27.113 /mooc/index.php/admin?target%2525253Dinform_notice
INFO: [ app_init ] --START--
INFO: Run Behavior\BuildLiteBehavior [ RunTime:0.000015s ]
INFO: [ app_init ] --END-- [ RunTime:0.000107s ]
INFO: [ app_begin ] --START--
INFO: Run Behavior\ReadHtmlCacheBehavior [ RunTime:0.000049s ]
INFO: [ app_begin ] --END-- [ RunTime:0.000095s ]
NOTIC: [8] Undefined index: id /home/ubuntu/mooc/HNUST/Admin/Controller/IndexController.class.php 第 173 行.

[ 2017-04-08T22:43:33+08:00 ] 61.151.226.199 /mooc/index.php/getinformList?type%3D3
INFO: [ app_init ] --START--
INFO: Run Behavior\BuildLiteBehavior [ RunTime:0.000012s ]
INFO: [ app_init ] --END-- [ RunTime:0.000091s ]
INFO: [ app_begin ] --START--
INFO: Run Behavior\ReadHtmlCacheBehavior [ RunTime:0.000048s ]
INFO: [ app_begin ] --END-- [ RunTime:0.000093s ]
NOTIC: [8] Undefined index: id /home/ubuntu/mooc/HNUST/Admin/Controller/IndexController.class.php 第 173 行.

[ 2017-04-08T23:11:05+08:00 ] 180.153.206.17 /mooc/index.php/admin?target%3Dindex_v1
INFO: [ app_init ] --START--
INFO: Run Behavior\BuildLiteBehavior [ RunTime:0.000013s ]
INFO: [ app_init ] --END-- [ RunTime:0.000092s ]
INFO: [ app_begin ] --START--
INFO: Run Behavior\ReadHtmlCacheBehavior [ RunTime:0.000044s ]
INFO: [ app_begin ] --END-- [ RunTime:0.000084s ]
NOTIC: [8] Undefined index: id /home/ubuntu/mooc/HNUST/Admin/Controller/IndexController.class.php 第 173 行.

