[ 2017-05-04T09:14:28+08:00 ] 119.39.183.24 /hnust/index.php/login
INFO: [ app_init ] --START--
INFO: Run Behavior\BuildLiteBehavior [ RunTime:0.000014s ]
INFO: [ app_init ] --END-- [ RunTime:0.000089s ]
INFO: [ app_begin ] --START--
INFO: Run Behavior\ReadHtmlCacheBehavior [ RunTime:0.000045s ]
INFO: [ app_begin ] --END-- [ RunTime:0.000096s ]
INFO: [ view_parse ] --START--
INFO: [ template_filter ] --START--
INFO: Run Behavior\ContentReplaceBehavior [ RunTime:0.000048s ]
INFO: [ template_filter ] --END-- [ RunTime:0.000100s ]
NOTIC: [8] Undefined variable: error /home/ubuntu/hnust/HNUST/Runtime/Cache/Admin/50d2c8a1262c3fe8cb5c41323de340c0.php 第 46 行.
INFO: Run Behavior\ParseTemplateBehavior [ RunTime:0.003455s ]
INFO: [ view_parse ] --END-- [ RunTime:0.003517s ]
INFO: [ view_filter ] --START--
INFO: Run Behavior\WriteHtmlCacheBehavior [ RunTime:0.000176s ]
INFO: [ view_filter ] --END-- [ RunTime:0.000322s ]
INFO: [ app_end ] --START--
INFO: Run Behavior\ShowPageTraceBehavior [ RunTime:0.000127s ]
INFO: [ app_end ] --END-- [ RunTime:0.000173s ]

[ 2017-05-04T09:14:30+08:00 ] 119.39.183.24 /hnust/index.php/login
INFO: [ app_init ] --START--
INFO: Run Behavior\BuildLiteBehavior [ RunTime:0.000010s ]
INFO: [ app_init ] --END-- [ RunTime:0.000072s ]
INFO: [ app_begin ] --START--
INFO: Run Behavior\ReadHtmlCacheBehavior [ RunTime:0.000032s ]
INFO: [ app_begin ] --END-- [ RunTime:0.000067s ]
SQL: SHOW COLUMNS FROM `hnust_user` [ RunTime:0.0082s ]
SQL: SELECT `password` FROM `hnust_user` WHERE `username` = '1405020204'  [ RunTime:0.0077s ]
INFO: [ app_end ] --START--
INFO: Run Behavior\ShowPageTraceBehavior [ RunTime:0.000077s ]
INFO: [ app_end ] --END-- [ RunTime:0.000122s ]

[ 2017-05-04T09:14:30+08:00 ] 119.39.183.24 /hnust/index.php/admin
INFO: [ app_init ] --START--
INFO: Run Behavior\BuildLiteBehavior [ RunTime:0.000012s ]
INFO: [ app_init ] --END-- [ RunTime:0.000088s ]
INFO: [ app_begin ] --START--
INFO: Run Behavior\ReadHtmlCacheBehavior [ RunTime:0.000029s ]
INFO: [ app_begin ] --END-- [ RunTime:0.000065s ]
SQL: SHOW COLUMNS FROM `hnust_user` [ RunTime:0.0092s ]
SQL: SELECT `authority`,`nickname` FROM `hnust_user` WHERE `username` = '1405020204'  [ RunTime:0.0083s ]
INFO: [ view_parse ] --START--
INFO: [ template_filter ] --START--
INFO: Run Behavior\ContentReplaceBehavior [ RunTime:0.000058s ]
INFO: [ template_filter ] --END-- [ RunTime:0.000123s ]
INFO: Run Behavior\ParseTemplateBehavior [ RunTime:0.004680s ]
INFO: [ view_parse ] --END-- [ RunTime:0.004735s ]
INFO: [ view_filter ] --START--
INFO: Run Behavior\WriteHtmlCacheBehavior [ RunTime:0.000055s ]
INFO: [ view_filter ] --END-- [ RunTime:0.000100s ]
INFO: [ app_end ] --START--
INFO: Run Behavior\ShowPageTraceBehavior [ RunTime:0.000036s ]
INFO: [ app_end ] --END-- [ RunTime:0.000074s ]

[ 2017-05-04T09:14:30+08:00 ] 119.39.183.24 /hnust/index.php/admin?target=index_v1
INFO: [ app_init ] --START--
INFO: Run Behavior\BuildLiteBehavior [ RunTime:0.000013s ]
INFO: [ app_init ] --END-- [ RunTime:0.000094s ]
INFO: [ app_begin ] --START--
INFO: Run Behavior\ReadHtmlCacheBehavior [ RunTime:0.000040s ]
INFO: [ app_begin ] --END-- [ RunTime:0.000083s ]
INFO: [ view_parse ] --START--
INFO: [ template_filter ] --START--
INFO: Run Behavior\ContentReplaceBehavior [ RunTime:0.000043s ]
INFO: [ template_filter ] --END-- [ RunTime:0.000106s ]
INFO: Run Behavior\ParseTemplateBehavior [ RunTime:0.003310s ]
INFO: [ view_parse ] --END-- [ RunTime:0.003359s ]
INFO: [ view_filter ] --START--
INFO: Run Behavior\WriteHtmlCacheBehavior [ RunTime:0.000044s ]
INFO: [ view_filter ] --END-- [ RunTime:0.000080s ]
INFO: [ app_end ] --START--
INFO: Run Behavior\ShowPageTraceBehavior [ RunTime:0.000036s ]
INFO: [ app_end ] --END-- [ RunTime:0.000075s ]

[ 2017-05-04T09:14:34+08:00 ] 119.39.183.24 /hnust/index.php/admin?target=inform_notice
INFO: [ app_init ] --START--
INFO: Run Behavior\BuildLiteBehavior [ RunTime:0.000013s ]
INFO: [ app_init ] --END-- [ RunTime:0.000097s ]
INFO: [ app_begin ] --START--
INFO: Run Behavior\ReadHtmlCacheBehavior [ RunTime:0.000049s ]
INFO: [ app_begin ] --END-- [ RunTime:0.000097s ]
INFO: [ view_parse ] --START--
INFO: [ template_filter ] --START--
INFO: Run Behavior\ContentReplaceBehavior [ RunTime:0.000056s ]
INFO: [ template_filter ] --END-- [ RunTime:0.000113s ]
INFO: Run Behavior\ParseTemplateBehavior [ RunTime:0.002881s ]
INFO: [ view_parse ] --END-- [ RunTime:0.002929s ]
INFO: [ view_filter ] --START--
INFO: Run Behavior\WriteHtmlCacheBehavior [ RunTime:0.000057s ]
INFO: [ view_filter ] --END-- [ RunTime:0.000101s ]
INFO: [ app_end ] --START--
INFO: Run Behavior\ShowPageTraceBehavior [ RunTime:0.000033s ]
INFO: [ app_end ] --END-- [ RunTime:0.000064s ]

[ 2017-05-04T09:14:36+08:00 ] 119.39.183.24 /hnust/index.php/getinformList?type=0
INFO: [ app_init ] --START--
INFO: Run Behavior\BuildLiteBehavior [ RunTime:0.000014s ]
INFO: [ app_init ] --END-- [ RunTime:0.000106s ]
INFO: [ app_begin ] --START--
INFO: Run Behavior\ReadHtmlCacheBehavior [ RunTime:0.000040s ]
INFO: [ app_begin ] --END-- [ RunTime:0.000081s ]
SQL: SHOW COLUMNS FROM `hnust_supervisor` [ RunTime:0.0093s ]
SQL: SELECT `id`,`title`,`author`,`time`,`source`,`type` FROM `hnust_supervisor` WHERE `type` = '0' ORDER BY time desc  [ RunTime:0.0117s ]

[ 2017-05-04T09:14:41+08:00 ] 119.39.183.24 /hnust/index.php/getinformList?type=3
INFO: [ app_init ] --START--
INFO: Run Behavior\BuildLiteBehavior [ RunTime:0.000014s ]
INFO: [ app_init ] --END-- [ RunTime:0.000103s ]
INFO: [ app_begin ] --START--
INFO: Run Behavior\ReadHtmlCacheBehavior [ RunTime:0.000048s ]
INFO: [ app_begin ] --END-- [ RunTime:0.000089s ]
SQL: SHOW COLUMNS FROM `hnust_supervisor` [ RunTime:0.0091s ]
SQL: SELECT `id`,`title`,`author`,`time`,`source`,`type` FROM `hnust_supervisor` WHERE `type` = '3' ORDER BY time desc  [ RunTime:0.0096s ]

[ 2017-05-04T09:14:48+08:00 ] 119.39.183.24 /hnust/index.php/deleteinform
INFO: [ app_init ] --START--
INFO: Run Behavior\BuildLiteBehavior [ RunTime:0.000013s ]
INFO: [ app_init ] --END-- [ RunTime:0.000096s ]
INFO: [ app_begin ] --START--
INFO: Run Behavior\ReadHtmlCacheBehavior [ RunTime:0.000047s ]
INFO: [ app_begin ] --END-- [ RunTime:0.000092s ]
SQL: SHOW COLUMNS FROM `hnust_document` [ RunTime:0.0082s ]
SQL: SELECT `link` FROM `hnust_document` WHERE `informid` = '8865fb8ecce6310244eb5c8e954ea5be'  [ RunTime:0.0079s ]
SQL: SHOW COLUMNS FROM `hnust_supervisor` [ RunTime:0.0080s ]
SQL: DELETE FROM `hnust_supervisor` WHERE `id` = '8865fb8ecce6310244eb5c8e954ea5be' [ RunTime:0.0082s ]

[ 2017-05-04T09:14:50+08:00 ] 119.39.183.24 /hnust/index.php/admin?target=editorNews
INFO: [ app_init ] --START--
INFO: Run Behavior\BuildLiteBehavior [ RunTime:0.000014s ]
INFO: [ app_init ] --END-- [ RunTime:0.000093s ]
INFO: [ app_begin ] --START--
INFO: Run Behavior\ReadHtmlCacheBehavior [ RunTime:0.000042s ]
INFO: [ app_begin ] --END-- [ RunTime:0.000089s ]
INFO: [ view_parse ] --START--
INFO: [ template_filter ] --START--
INFO: Run Behavior\ContentReplaceBehavior [ RunTime:0.000134s ]
INFO: [ template_filter ] --END-- [ RunTime:0.000203s ]
INFO: Run Behavior\ParseTemplateBehavior [ RunTime:0.004548s ]
INFO: [ view_parse ] --END-- [ RunTime:0.004600s ]
INFO: [ view_filter ] --START--
INFO: Run Behavior\WriteHtmlCacheBehavior [ RunTime:0.000062s ]
INFO: [ view_filter ] --END-- [ RunTime:0.000100s ]
INFO: [ app_end ] --START--
INFO: Run Behavior\ShowPageTraceBehavior [ RunTime:0.000050s ]
INFO: [ app_end ] --END-- [ RunTime:0.000101s ]

[ 2017-05-04T09:15:44+08:00 ] 119.39.183.24 /hnust/index.php/uploadinform
INFO: [ app_init ] --START--
INFO: Run Behavior\BuildLiteBehavior [ RunTime:0.000014s ]
INFO: [ app_init ] --END-- [ RunTime:0.000098s ]
INFO: [ app_begin ] --START--
INFO: Run Behavior\ReadHtmlCacheBehavior [ RunTime:0.000042s ]
INFO: [ app_begin ] --END-- [ RunTime:0.000082s ]
SQL: SHOW COLUMNS FROM `hnust_supervisor` [ RunTime:0.0095s ]
NOTIC: [2] finfo_file(): Empty filename or path /home/ubuntu/hnust/ThinkPHP/Library/Think/Upload.class.php 第 152 行.
SQL: INSERT INTO `hnust_supervisor` (`id`,`title`,`content`,`link`,`author`,`source`,`time`,`type`) VALUES ('3f743c19a70a9d7d4bef4e90cff665ea','【教学礼拜】 教师座谈会召开 积极建言人才培养','&lt;p style=&quot;text-align: center;&quot;&gt;&lt;img alt=&quot;&quot; width=&quot;600&quot; height=&quot;400&quot; src=&quot;http://news.hnust.cn/images/content/2017-04/20170419214412789417.jpg&quot;/&gt;&lt;br/&gt;&lt;br/&gt;&lt;img alt=&quot;&quot; src=&quot;http://news.hnust.cn/images/content/2017-04/20170419214451659553.jpg&quot;/&gt;&lt;br/&gt;&lt;br/&gt;&lt;img alt=&quot;&quot; width=&quot;600&quot; height=&quot;400&quot; src=&quot;http://news.hnust.cn/images/content/2017-04/20170421163907113790.jpg&quot;/&gt;&lt;br/&gt;&lt;br/&gt;&lt;/p&gt;&lt;p style=&quot;margin-top: 0px; margin-bottom: 0px; padding: 0px; border: 0px; text-indent: 2em; line-height: 24px; font-size: 14px; font-family: 宋体, 微软雅黑; white-space: normal;&quot;&gt;&lt;span style=&quot;margin: 0px; padding: 0px; border: 0px;&quot;&gt;&lt;span style=&quot;margin: 0px; padding: 0px; border: 0px; font-family: 宋体;&quot;&gt;为听取广大教师对教学改革提出的建议，进一步解决教学运行中存在的问题，持续提升我校人才培养质量，4月19日晚，“教学礼拜”之教师座谈会分别在综合楼301、417、211会议室召开。文科组、理科组、潇湘组教师代表以及相关职能部门负责人共计70余人围绕“教学质量·学生发展”主题，畅所欲言、积极讨论，为教学改革工作进言献策。&lt;br/&gt;&lt;br/&gt;&amp;nbsp;&amp;nbsp;&amp;nbsp; 我校连续开展“教学礼拜”主题活动以来，学生整体作风、学风均在不断改进。机电工程学院教师肖罡表示学生自身管理有了很大的改善。“课堂上，学生的出勤率明显提高了，课堂反响较好，师生互动积极性高。”体育学院教师蒋宏宇对此表示赞同。“我每次看到学生课堂考勤状况都非常好，心里感到很欣慰。”&lt;br/&gt;&lt;br/&gt;&amp;nbsp;&amp;nbsp;&amp;nbsp; 如何培养学生的综合素质是与会教师热议的问题。计算机科学与工程学院教师郑秋云结合自身当班主任的经验，认为应在教学上实施因人而异，因材施教。“学校可以适当对学生设置一些灵活有趣的比赛，让他们能发挥特长，更均衡、全面地发展，使其具备良好的综合素质。”&lt;br/&gt;&lt;br/&gt;&amp;nbsp;&amp;nbsp;&amp;nbsp; 人文学院教师陈芷烨同样十分注重学生的个人发展。她认为，教师不应只是单纯地传授知识，更应关注学生的人格教育。“我觉得开设一些通俗教育课程，对提高学生明辨是非的能力，培养他们正确的人生观、价值观、世界观十分重要。”&lt;br/&gt;&lt;br/&gt;&amp;nbsp;&amp;nbsp;&amp;nbsp; 艺术类学科作为一种特殊学科，需要大量技术性训练。艺术学院教师张想指出，应根据专业需求，适当调整课程安排，加强艺术类学生的实践活动，提高学生对专业学习的重视。&lt;br/&gt;&lt;br/&gt;&amp;nbsp;&amp;nbsp;&amp;nbsp; 临近毕业季，人文学院教师梁小娟针对大四学生提出论文改革的建议：“我觉得文科类和理工类的毕业论文应按各自专业性设置不同要求，形式要灵活多变，让毕业生能写出新颖的文章。”一部分与会教师也提出应适当减少大四学生课程，使其有足够时间参与实习，提高自身实践能力。&lt;br/&gt;&lt;br/&gt;&amp;nbsp;&amp;nbsp;&amp;nbsp; 会上，相关部门负责人认真听取了教师们提出的建议，表示会多方联动，着手找到解决方案，并逐步实施。&lt;/span&gt;&lt;/span&gt;&lt;/p&gt;&lt;p&gt;&lt;br/&gt;&lt;/p&gt;','home/file/getfile?type=3&id=3f743c19a70a9d7d4bef4e90cff665ea','文/龙美萍 江芸 德吉卓玛 田雨 贺晶晶 康欣可 汪娟 图/尹俊宇','大学生通迅社','2017-04-19','3') [ RunTime:0.0128s ]
SQL: SHOW COLUMNS FROM `hnust_document` [ RunTime:0.0092s ]
SQL: UPDATE `hnust_document` SET `informid`='3f743c19a70a9d7d4bef4e90cff665ea' WHERE ( informid is null ) [ RunTime:0.0101s ]

