[ 2017-07-02T21:16:07+08:00 ] ::1 /pinggu/index.php/admin
INFO: [ app_init ] --START--
INFO: Run Behavior\BuildLiteBehavior [ RunTime:0.000019s ]
INFO: [ app_init ] --END-- [ RunTime:0.000541s ]
INFO: [ app_begin ] --START--
INFO: Run Behavior\ReadHtmlCacheBehavior [ RunTime:0.001630s ]
INFO: [ app_begin ] --END-- [ RunTime:0.001754s ]
NOTIC: [8] Undefined index: id F:\www\pinggu\HNUST\Admin\Controller\IndexController.class.php 第 191 行.
SQL: SHOW COLUMNS FROM `hnust_user` [ RunTime:0.0208s ]
SQL: SELECT `authority`,`nickname` FROM `hnust_user` WHERE `username` = null  [ RunTime:0.0191s ]
NOTIC: [8] Undefined offset: 0 F:\www\pinggu\HNUST\Admin\Controller\IndexController.class.php 第 24 行.
INFO: [ view_parse ] --START--
INFO: [ template_filter ] --START--
INFO: Run Behavior\ContentReplaceBehavior [ RunTime:0.000107s ]
INFO: [ template_filter ] --END-- [ RunTime:0.000198s ]
INFO: Run Behavior\ParseTemplateBehavior [ RunTime:0.060178s ]
INFO: [ view_parse ] --END-- [ RunTime:0.060290s ]
INFO: [ view_filter ] --START--
INFO: Run Behavior\WriteHtmlCacheBehavior [ RunTime:0.000637s ]
INFO: [ view_filter ] --END-- [ RunTime:0.000730s ]
INFO: [ app_end ] --START--
INFO: Run Behavior\ShowPageTraceBehavior [ RunTime:0.000879s ]
INFO: [ app_end ] --END-- [ RunTime:0.000969s ]

[ 2017-07-02T21:16:07+08:00 ] ::1 /pinggu/index.php/login
INFO: [ app_init ] --START--
INFO: Run Behavior\BuildLiteBehavior [ RunTime:0.000017s ]
INFO: [ app_init ] --END-- [ RunTime:0.000470s ]
INFO: [ app_begin ] --START--
INFO: Run Behavior\ReadHtmlCacheBehavior [ RunTime:0.000778s ]
INFO: [ app_begin ] --END-- [ RunTime:0.000871s ]
INFO: [ view_parse ] --START--
INFO: [ template_filter ] --START--
INFO: Run Behavior\ContentReplaceBehavior [ RunTime:0.000057s ]
INFO: [ template_filter ] --END-- [ RunTime:0.000170s ]
NOTIC: [8] Undefined variable: error F:\www\pinggu\HNUST\Runtime\Cache\Admin\50d2c8a1262c3fe8cb5c41323de340c0.php 第 46 行.
INFO: Run Behavior\ParseTemplateBehavior [ RunTime:0.094829s ]
INFO: [ view_parse ] --END-- [ RunTime:0.094943s ]
INFO: [ view_filter ] --START--
INFO: Run Behavior\WriteHtmlCacheBehavior [ RunTime:0.000382s ]
INFO: [ view_filter ] --END-- [ RunTime:0.000462s ]
INFO: [ app_end ] --START--
INFO: Run Behavior\ShowPageTraceBehavior [ RunTime:0.000601s ]
INFO: [ app_end ] --END-- [ RunTime:0.000664s ]

[ 2017-07-02T21:16:11+08:00 ] ::1 /pinggu/index.php/login
INFO: [ app_init ] --START--
INFO: Run Behavior\BuildLiteBehavior [ RunTime:0.000019s ]
INFO: [ app_init ] --END-- [ RunTime:0.000533s ]
INFO: [ app_begin ] --START--
INFO: Run Behavior\ReadHtmlCacheBehavior [ RunTime:0.000705s ]
INFO: [ app_begin ] --END-- [ RunTime:0.000778s ]
SQL: SHOW COLUMNS FROM `hnust_user` [ RunTime:0.0194s ]
SQL: SELECT `password` FROM `hnust_user` WHERE `username` = 'admin'  [ RunTime:0.0180s ]
INFO: [ app_end ] --START--
INFO: Run Behavior\ShowPageTraceBehavior [ RunTime:0.001138s ]
INFO: [ app_end ] --END-- [ RunTime:0.001347s ]

[ 2017-07-02T21:16:11+08:00 ] ::1 /pinggu/index.php/admin
INFO: [ app_init ] --START--
INFO: Run Behavior\BuildLiteBehavior [ RunTime:0.000021s ]
INFO: [ app_init ] --END-- [ RunTime:0.000639s ]
INFO: [ app_begin ] --START--
INFO: Run Behavior\ReadHtmlCacheBehavior [ RunTime:0.000704s ]
INFO: [ app_begin ] --END-- [ RunTime:0.000805s ]
SQL: SHOW COLUMNS FROM `hnust_user` [ RunTime:0.0195s ]
SQL: SELECT `authority`,`nickname` FROM `hnust_user` WHERE `username` = 'admin'  [ RunTime:0.0190s ]
INFO: [ view_parse ] --START--
INFO: [ template_filter ] --START--
INFO: Run Behavior\ContentReplaceBehavior [ RunTime:0.000104s ]
INFO: [ template_filter ] --END-- [ RunTime:0.000196s ]
INFO: Run Behavior\ParseTemplateBehavior [ RunTime:0.011253s ]
INFO: [ view_parse ] --END-- [ RunTime:0.011352s ]
INFO: [ view_filter ] --START--
INFO: Run Behavior\WriteHtmlCacheBehavior [ RunTime:0.000580s ]
INFO: [ view_filter ] --END-- [ RunTime:0.000654s ]
INFO: [ app_end ] --START--
INFO: Run Behavior\ShowPageTraceBehavior [ RunTime:0.000851s ]
INFO: [ app_end ] --END-- [ RunTime:0.000927s ]

[ 2017-07-02T21:16:12+08:00 ] ::1 /pinggu/index.php/admin?target=index_v1
INFO: [ app_init ] --START--
INFO: Run Behavior\BuildLiteBehavior [ RunTime:0.000026s ]
INFO: [ app_init ] --END-- [ RunTime:0.000739s ]
INFO: [ app_begin ] --START--
INFO: Run Behavior\ReadHtmlCacheBehavior [ RunTime:0.000699s ]
INFO: [ app_begin ] --END-- [ RunTime:0.000784s ]
INFO: [ view_parse ] --START--
INFO: [ template_filter ] --START--
INFO: Run Behavior\ContentReplaceBehavior [ RunTime:0.000220s ]
INFO: [ template_filter ] --END-- [ RunTime:0.000343s ]
INFO: Run Behavior\ParseTemplateBehavior [ RunTime:0.037818s ]
INFO: [ view_parse ] --END-- [ RunTime:0.037941s ]
INFO: [ view_filter ] --START--
INFO: Run Behavior\WriteHtmlCacheBehavior [ RunTime:0.000500s ]
INFO: [ view_filter ] --END-- [ RunTime:0.000582s ]
INFO: [ app_end ] --START--
INFO: Run Behavior\ShowPageTraceBehavior [ RunTime:0.000870s ]
INFO: [ app_end ] --END-- [ RunTime:0.000960s ]

[ 2017-07-02T21:16:16+08:00 ] ::1 /pinggu/index.php/admin?target=editorNews
INFO: [ app_init ] --START--
INFO: Run Behavior\BuildLiteBehavior [ RunTime:0.000016s ]
INFO: [ app_init ] --END-- [ RunTime:0.000461s ]
INFO: [ app_begin ] --START--
INFO: Run Behavior\ReadHtmlCacheBehavior [ RunTime:0.000514s ]
INFO: [ app_begin ] --END-- [ RunTime:0.000581s ]
INFO: [ view_parse ] --START--
INFO: [ template_filter ] --START--
INFO: Run Behavior\ContentReplaceBehavior [ RunTime:0.000119s ]
INFO: [ template_filter ] --END-- [ RunTime:0.000215s ]
INFO: Run Behavior\ParseTemplateBehavior [ RunTime:0.155456s ]
INFO: [ view_parse ] --END-- [ RunTime:0.155564s ]
INFO: [ view_filter ] --START--
INFO: Run Behavior\WriteHtmlCacheBehavior [ RunTime:0.000460s ]
INFO: [ view_filter ] --END-- [ RunTime:0.000551s ]
INFO: [ app_end ] --START--
INFO: Run Behavior\ShowPageTraceBehavior [ RunTime:0.000823s ]
INFO: [ app_end ] --END-- [ RunTime:0.000912s ]

[ 2017-07-02T21:16:19+08:00 ] ::1 /pinggu/index.php/admin?target=inform_notice
INFO: [ app_init ] --START--
INFO: Run Behavior\BuildLiteBehavior [ RunTime:0.000028s ]
INFO: [ app_init ] --END-- [ RunTime:0.001727s ]
INFO: [ app_begin ] --START--
INFO: Run Behavior\ReadHtmlCacheBehavior [ RunTime:0.001134s ]
INFO: [ app_begin ] --END-- [ RunTime:0.001299s ]
INFO: [ view_parse ] --START--
INFO: [ template_filter ] --START--
INFO: Run Behavior\ContentReplaceBehavior [ RunTime:0.000101s ]
INFO: [ template_filter ] --END-- [ RunTime:0.000195s ]
INFO: Run Behavior\ParseTemplateBehavior [ RunTime:0.056015s ]
INFO: [ view_parse ] --END-- [ RunTime:0.056139s ]
INFO: [ view_filter ] --START--
INFO: Run Behavior\WriteHtmlCacheBehavior [ RunTime:0.000639s ]
INFO: [ view_filter ] --END-- [ RunTime:0.000719s ]
INFO: [ app_end ] --START--
INFO: Run Behavior\ShowPageTraceBehavior [ RunTime:0.001017s ]
INFO: [ app_end ] --END-- [ RunTime:0.001088s ]

[ 2017-07-02T21:16:20+08:00 ] ::1 /pinggu/index.php/getinformList?_search=false&nd=1499001379929&rows=15&page=1&sidx=&sord=asc
INFO: [ app_init ] --START--
INFO: Run Behavior\BuildLiteBehavior [ RunTime:0.000021s ]
INFO: [ app_init ] --END-- [ RunTime:0.000541s ]
INFO: [ app_begin ] --START--
INFO: Run Behavior\ReadHtmlCacheBehavior [ RunTime:0.001104s ]
INFO: [ app_begin ] --END-- [ RunTime:0.001437s ]
SQL: SHOW COLUMNS FROM `hnust_supervisor` [ RunTime:0.0212s ]
SQL: SELECT COUNT(*) AS tp_count FROM `hnust_supervisor` WHERE `type` = '0' LIMIT 1   [ RunTime:0.0201s ]
SQL: SELECT `id`,`title`,`author`,`time`,`source`,`type` FROM `hnust_supervisor` WHERE `type` = '0' ORDER BY time desc LIMIT 0,10   [ RunTime:0.0214s ]

[ 2017-07-02T21:16:23+08:00 ] ::1 /pinggu/index.php/updateNews?id=8bd1c8866badf736128b645959735a23
INFO: [ app_init ] --START--
INFO: Run Behavior\BuildLiteBehavior [ RunTime:0.000024s ]
INFO: [ app_init ] --END-- [ RunTime:0.000660s ]
INFO: [ app_begin ] --START--
INFO: Run Behavior\ReadHtmlCacheBehavior [ RunTime:0.000695s ]
INFO: [ app_begin ] --END-- [ RunTime:0.000786s ]
SQL: SHOW COLUMNS FROM `hnust_supervisor` [ RunTime:0.0208s ]
SQL: SELECT * FROM `hnust_supervisor` WHERE `id` = '8bd1c8866badf736128b645959735a23'  [ RunTime:0.0196s ]
INFO: [ view_parse ] --START--
INFO: [ template_filter ] --START--
INFO: Run Behavior\ContentReplaceBehavior [ RunTime:0.000157s ]
INFO: [ template_filter ] --END-- [ RunTime:0.000225s ]
INFO: Run Behavior\ParseTemplateBehavior [ RunTime:0.101180s ]
INFO: [ view_parse ] --END-- [ RunTime:0.101274s ]
INFO: [ view_filter ] --START--
INFO: Run Behavior\WriteHtmlCacheBehavior [ RunTime:0.000570s ]
INFO: [ view_filter ] --END-- [ RunTime:0.000629s ]
INFO: [ app_end ] --START--
INFO: Run Behavior\ShowPageTraceBehavior [ RunTime:0.001367s ]
INFO: [ app_end ] --END-- [ RunTime:0.001463s ]

[ 2017-07-02T21:16:32+08:00 ] ::1 /pinggu/index.php/updateinform
INFO: [ app_init ] --START--
INFO: Run Behavior\BuildLiteBehavior [ RunTime:0.000015s ]
INFO: [ app_init ] --END-- [ RunTime:0.000477s ]
INFO: [ app_begin ] --START--
INFO: Run Behavior\ReadHtmlCacheBehavior [ RunTime:0.000759s ]
INFO: [ app_begin ] --END-- [ RunTime:0.000822s ]
SQL: SHOW COLUMNS FROM `hnust_supervisor` [ RunTime:0.0198s ]
SQL: UPDATE `hnust_supervisor` SET `title`='关于印发《湖南科技大学本科教学工作审核评估
与建设任务分解表》的通知',`content`='&lt;p style=&quot;text-align: center;&quot;&gt;&lt;span style=&quot;font-size:21px;font-family:仿宋_GB2312&quot;&gt;科大政发〔2017〕16号&lt;/span&gt;&lt;/p&gt;&lt;p style=&quot;text-align:center;line-height:37px&quot;&gt;&lt;span style=&quot;font-size:29px;font-family:方正小标宋_GBK&quot;&gt;关于印发《&lt;/span&gt;&lt;span style=&quot;font-size:29px;font-family:方正小标宋_GBK&quot;&gt;湖南科技大学本科教学工作审核评估&lt;/span&gt;&lt;/p&gt;&lt;p style=&quot;text-align:center;line-height:37px&quot;&gt;&lt;span style=&quot;font-size:29px;font-family:方正小标宋_GBK&quot;&gt;与建设任务分解表&lt;/span&gt;&lt;span style=&quot;font-size:29px;font-family:方正小标宋_GBK&quot;&gt;》的通知&lt;/span&gt;&lt;/p&gt;&lt;p style=&quot;text-align:center;line-height:37px&quot;&gt;&lt;span style=&quot;;font-family:仿宋_GB2312&quot;&gt;&amp;nbsp;&lt;/span&gt;&lt;/p&gt;&lt;p style=&quot;line-height: 37px&quot;&gt;&lt;span style=&quot;;font-family:仿宋_GB2312&quot;&gt;校属各单位：&lt;/span&gt;&lt;/p&gt;&lt;p style=&quot;text-indent: 43px;line-height: 37px&quot;&gt;&lt;span style=&quot;;font-family:仿宋_GB2312&quot;&gt;为进一步做好我校本科教学审核评估与建设工作，根据《&lt;a&gt;湖南科技大学&lt;/a&gt;&lt;a&gt;本科教学工作审核评估与建设工作方案&lt;/a&gt;&lt;/span&gt;&lt;span style=&quot;;font-family:仿宋_GB2312&quot;&gt;》（科大政发〔2016〕91号）的工作部署，学校制定了《湖南科技大学本科教学工作审核评估与建设任务分解表》，现予以印发，请各单位遵照执行。&lt;/span&gt;&lt;/p&gt;&lt;p style=&quot;margin: 8px 0;text-indent: 43px;line-height: 37px;background: white&quot;&gt;&lt;span style=&quot;;font-family:黑体&quot;&gt;一、工作原则&lt;/span&gt;&lt;/p&gt;&lt;p style=&quot;text-indent: 43px;line-height: 37px;background: white&quot;&gt;&lt;span style=&quot;;font-family:仿宋_GB2312&quot;&gt;紧密围绕学校本科人才培养工作，按照“以评促建、学生为本、目标导向、特色发展、持续改进、实事求是”的原则，详实、准确、按时地提交材料，力求全面展示学校“全员育人、全程育人、全方位育人”的工作状态，彰显人才培养的中心地位。&lt;/span&gt;&lt;/p&gt;&lt;p style=&quot;margin: 8px 0;text-indent: 43px;line-height: 37px;background: white&quot;&gt;&lt;span style=&quot;;font-family:黑体&quot;&gt;&amp;nbsp;&lt;/span&gt;&lt;/p&gt;&lt;p style=&quot;margin: 8px 0;text-indent: 43px;line-height: 37px;background: white&quot;&gt;&lt;span style=&quot;;font-family:黑体&quot;&gt;二、具体内容&lt;/span&gt;&lt;/p&gt;&lt;p style=&quot;text-indent: 43px;line-height: 37px;background: white&quot;&gt;&lt;span style=&quot;;font-family:仿宋_GB2312&quot;&gt;《&lt;/span&gt;&lt;span style=&quot;;font-family:仿宋_GB2312&quot;&gt;湖南科技大学本科教学工作审核评估与建设任务分解表&lt;/span&gt;&lt;span style=&quot;;font-family:仿宋_GB2312&quot;&gt;》的各项任务，由项目组和牵头单位负责组织落实。各类分析材料的撰写和支撑材料、案头材料的收集整理的具体分工和材料要求见附件。&lt;/span&gt;&lt;/p&gt;&lt;p style=&quot;text-indent: 43px;line-height: 37px;background: white&quot;&gt;&lt;strong&gt;&lt;span style=&quot;;font-family:仿宋_GB2312&quot;&gt;1.&lt;/span&gt;&lt;/strong&gt;&lt;strong&gt;&lt;span style=&quot;;font-family:仿宋_GB2312&quot;&gt;分析材料。&lt;/span&gt;&lt;/strong&gt;&lt;span style=&quot;;font-family:仿宋_GB2312&quot;&gt;各项目组和牵头单位按照“6+1”审核项目、24个审核要素、67个审核要点以及特色项目，负责组织所分工部分的材料撰写，撰写时要认真学习教育部高等教育教学评估中心编印的《普通高等学校本科教学工作审核评估工作指南》，特别是第二章《“审核评估范围”及释义》的相关内容；各责任单位要按照牵头单位的布置要求，积极提供具体、详实、全面的材料。每项审核要素要按照&lt;/span&gt;&lt;span style=&quot;;font-family:仿宋_GB2312&quot;&gt;“树立的理念、采取的措施、取得的成果、典型的事例、存在的问题、改进的方法”&lt;/span&gt;&lt;span style=&quot;;font-family:仿宋_GB2312&quot;&gt;等思路展开撰写，特别是存在的问题和改进的措施，务必基于现状数据进行准确深入的客观剖析。&lt;/span&gt;&lt;/p&gt;&lt;p style=&quot;text-indent: 43px;line-height: 37px;background: white&quot;&gt;&lt;strong&gt;&lt;span style=&quot;;font-family:仿宋_GB2312&quot;&gt;2.&lt;/span&gt;&lt;/strong&gt;&lt;strong&gt;&lt;span style=&quot;;font-family:仿宋_GB2312&quot;&gt;支撑材料。&lt;/span&gt;&lt;/strong&gt;&lt;span style=&quot;;font-family:仿宋_GB2312&quot;&gt;牵头单位负责组织各责任单位，按照要求共同整理支撑材料；各职能部门应以本科教学审核评估为契机，将相关管理制度进一步梳理修订，并向学校评建办提交相应支撑材料的纸质版和电子版。学校评建办将提供《本科教学工作审核评估支撑材料清单》供参考。&lt;/span&gt;&lt;/p&gt;&lt;p style=&quot;text-indent: 43px;line-height: 37px;background: white&quot;&gt;&lt;strong&gt;&lt;span style=&quot;;font-family:仿宋_GB2312&quot;&gt;3.&lt;/span&gt;&lt;/strong&gt;&lt;strong&gt;&lt;span style=&quot;;font-family:仿宋_GB2312&quot;&gt;案头材料。&lt;/span&gt;&lt;/strong&gt;&lt;span style=&quot;;font-family:仿宋_GB2312&quot;&gt;“&lt;/span&gt;&lt;span style=&quot;;font-family:仿宋_GB2312&quot;&gt;案头材料”是评估专家进校现场考察时，提供给评估专家人手一册的反映学校教学工作状态的材料，牵头单位要提前做好材料收集整理，评估专家进校前，由学校评建办统一印制。&lt;/span&gt;&lt;/p&gt;&lt;p style=&quot;margin: 8px 0;text-indent: 43px;line-height: 37px;background: white&quot;&gt;&lt;span style=&quot;;font-family:黑体&quot;&gt;三、完成时间&lt;/span&gt;&lt;/p&gt;&lt;p style=&quot;text-indent: 43px;line-height: 37px;background: white&quot;&gt;&lt;span style=&quot;;font-family: 仿宋_GB2312&quot;&gt;2017&lt;/span&gt;&lt;span style=&quot;;font-family:仿宋_GB2312&quot;&gt;年3月31日前，各项目组和牵头单位给学校评建办提供各自负责部分的材料初稿。&lt;/span&gt;&lt;/p&gt;&lt;p style=&quot;text-indent: 43px;line-height: 37px;background: white&quot;&gt;&lt;span style=&quot;;font-family: 仿宋_GB2312&quot;&gt;2017&lt;/span&gt;&lt;span style=&quot;;font-family:仿宋_GB2312&quot;&gt;年5月15日前，学校评建办将组织相关专家、领导对各项目组和单位提供的材料进行研讨，形成全校自评报告初稿。&lt;/span&gt;&lt;/p&gt;&lt;p style=&quot;text-indent: 43px;line-height: 37px;background: white&quot;&gt;&lt;span style=&quot;;font-family: 仿宋_GB2312&quot;&gt;2017&lt;/span&gt;&lt;span style=&quot;;font-family:仿宋_GB2312&quot;&gt;年6月15日以前，评建办将组织各项目组和牵头单位负责人对自评报告内容进行审议和完善。&lt;/span&gt;&lt;/p&gt;&lt;p style=&quot;margin: 8px 0;text-indent: 43px;line-height: 37px;background: white&quot;&gt;&lt;span style=&quot;;font-family:黑体&quot;&gt;四、工作要求&lt;/span&gt;&lt;/p&gt;&lt;p style=&quot;text-indent: 43px;line-height: 37px;background: white&quot;&gt;&lt;span style=&quot;;font-family:仿宋_GB2312&quot;&gt;本科教学工作审核评估实行“各单位一把手负责制”，即各牵头单位主要负责人为报送材料的最终审核人，并相应承担在评估专家进校考察期间对此部分内容的最终解释工作。各项目组、牵头单位和协助单位负责人务必高度重视，组织安排本单位责任心强、业务熟练的人员负责材料撰写、收集、统计和报送工作，确保高标准完成本科教学工作审核评估各项工作任务。&lt;/span&gt;&lt;/p&gt;&lt;p style=&quot;line-height: 37px;background: white&quot;&gt;&lt;span style=&quot;;font-family:仿宋_GB2312&quot;&gt;&amp;nbsp;&lt;/span&gt;&lt;/p&gt;&lt;p style=&quot;line-height: 37px;background: white&quot;&gt;&lt;span style=&quot;;font-family:仿宋_GB2312&quot;&gt;&amp;nbsp;&lt;/span&gt;&lt;/p&gt;&lt;p style=&quot;text-indent: 373px; line-height: 37px; background: white; text-align: right;&quot;&gt;&lt;span style=&quot;;font-family:仿宋_GB2312&quot;&gt;湖南科技大学 &amp;nbsp; &amp;nbsp; &amp;nbsp;&lt;/span&gt;&lt;/p&gt;&lt;p style=&quot;text-align: right;&quot;&gt;&lt;span style=&quot;font-size:21px;font-family:仿宋_GB2312&quot;&gt;&lt;/span&gt;&lt;span style=&quot;font-family: 仿宋_GB2312; font-size: 16px;&quot;&gt;2017年3月1日 &amp;nbsp; &amp;nbsp;&amp;nbsp;&lt;/span&gt;&lt;/p&gt;&lt;hr/&gt;&lt;p&gt;附件：&lt;/p&gt;&lt;p style=&quot;line-height: 16px;&quot;&gt;&lt;img src=&quot;/Public/js/utf8-php/dialogs/attachment/fileTypeImages/icon_doc.gif&quot;/&gt;&lt;a style=&quot;font-size:12px; color:#0066cc;&quot; href=&quot;/index.php/download?fileid=/file/file/20170426/1493188517136366.doc&amp;filename=关于印发《湖南科技大学本科教学工作审核评估与建设任务分解表》的通知（科大政发〔2017〕16）.doc&quot; title=&quot;关于印发《湖南科技大学本科教学工作审核评估与建设任务分解表》的通知（科大政发〔2017〕16）.doc&quot;&gt;关于印发《湖南科技大学本科教学工作审核评估与建设任务分解表》的通知（科大政发〔2017〕16）.doc&lt;/a&gt;&lt;/p&gt;&lt;p&gt;&lt;br/&gt;&lt;/p&gt;',`link`='home/file/getfile?type=0&id=8bd1c8866badf736128b645959735a23',`author`='',`source`='湖南科技大学',`time`='2017-03-01',`type`='0',`clicknum`='128' WHERE `id` = '8bd1c8866badf736128b645959735a23' [ RunTime:1.0334s ]

[ 2017-07-02T21:16:33+08:00 ] ::1 /pinggu/index.php/admin?target=inform_notice
INFO: [ app_init ] --START--
INFO: Run Behavior\BuildLiteBehavior [ RunTime:0.000020s ]
INFO: [ app_init ] --END-- [ RunTime:0.000545s ]
INFO: [ app_begin ] --START--
INFO: Run Behavior\ReadHtmlCacheBehavior [ RunTime:0.000976s ]
INFO: [ app_begin ] --END-- [ RunTime:0.001102s ]
INFO: [ view_parse ] --START--
INFO: [ template_filter ] --START--
INFO: Run Behavior\ContentReplaceBehavior [ RunTime:0.000127s ]
INFO: [ template_filter ] --END-- [ RunTime:0.000206s ]
INFO: Run Behavior\ParseTemplateBehavior [ RunTime:0.009343s ]
INFO: [ view_parse ] --END-- [ RunTime:0.009459s ]
INFO: [ view_filter ] --START--
INFO: Run Behavior\WriteHtmlCacheBehavior [ RunTime:0.000585s ]
INFO: [ view_filter ] --END-- [ RunTime:0.000668s ]
INFO: [ app_end ] --START--
INFO: Run Behavior\ShowPageTraceBehavior [ RunTime:0.000931s ]
INFO: [ app_end ] --END-- [ RunTime:0.001093s ]

[ 2017-07-02T21:16:34+08:00 ] ::1 /pinggu/index.php/getinformList?_search=false&nd=1499001393852&rows=15&page=1&sidx=&sord=asc
INFO: [ app_init ] --START--
INFO: Run Behavior\BuildLiteBehavior [ RunTime:0.000019s ]
INFO: [ app_init ] --END-- [ RunTime:0.000561s ]
INFO: [ app_begin ] --START--
INFO: Run Behavior\ReadHtmlCacheBehavior [ RunTime:0.000758s ]
INFO: [ app_begin ] --END-- [ RunTime:0.000835s ]
SQL: SHOW COLUMNS FROM `hnust_supervisor` [ RunTime:0.0199s ]
SQL: SELECT COUNT(*) AS tp_count FROM `hnust_supervisor` WHERE `type` = '0' LIMIT 1   [ RunTime:0.0189s ]
SQL: SELECT `id`,`title`,`author`,`time`,`source`,`type` FROM `hnust_supervisor` WHERE `type` = '0' ORDER BY time desc LIMIT 0,10   [ RunTime:0.0209s ]

[ 2017-07-02T21:17:01+08:00 ] ::1 /pinggu/index.php/admin?target=editorNews
INFO: [ app_init ] --START--
INFO: Run Behavior\BuildLiteBehavior [ RunTime:0.000015s ]
INFO: [ app_init ] --END-- [ RunTime:0.000554s ]
INFO: [ app_begin ] --START--
INFO: Run Behavior\ReadHtmlCacheBehavior [ RunTime:0.001019s ]
INFO: [ app_begin ] --END-- [ RunTime:0.001165s ]
INFO: [ view_parse ] --START--
INFO: [ template_filter ] --START--
INFO: Run Behavior\ContentReplaceBehavior [ RunTime:0.000176s ]
INFO: [ template_filter ] --END-- [ RunTime:0.000273s ]
INFO: Run Behavior\ParseTemplateBehavior [ RunTime:0.072641s ]
INFO: [ view_parse ] --END-- [ RunTime:0.072742s ]
INFO: [ view_filter ] --START--
INFO: Run Behavior\WriteHtmlCacheBehavior [ RunTime:0.000374s ]
INFO: [ view_filter ] --END-- [ RunTime:0.000432s ]
INFO: [ app_end ] --START--
INFO: Run Behavior\ShowPageTraceBehavior [ RunTime:0.001361s ]
INFO: [ app_end ] --END-- [ RunTime:0.001742s ]

[ 2017-07-02T21:17:22+08:00 ] ::1 /pinggu/index.php/uploadinform
INFO: [ app_init ] --START--
INFO: Run Behavior\BuildLiteBehavior [ RunTime:0.000021s ]
INFO: [ app_init ] --END-- [ RunTime:0.000515s ]
INFO: [ app_begin ] --START--
INFO: Run Behavior\ReadHtmlCacheBehavior [ RunTime:0.000895s ]
INFO: [ app_begin ] --END-- [ RunTime:0.001007s ]
SQL: SHOW COLUMNS FROM `hnust_supervisor` [ RunTime:0.0247s ]
NOTIC: [2] finfo_file(): Empty filename or path F:\www\pinggu\ThinkPHP\Library\Think\Upload.class.php 第 152 行.
NOTIC: [2] finfo_file(): Empty filename or path F:\www\pinggu\ThinkPHP\Library\Think\Upload.class.php 第 152 行.
SQL: INSERT INTO `hnust_supervisor` (`id`,`title`,`content`,`link`,`author`,`source`,`time`,`type`,`clicknum`) VALUES ('859bb0855895defc791084c0734038ce','tetet','&lt;p&gt;ssss&lt;/p&gt;','home/file/getfile?type=0&id=859bb0855895defc791084c0734038ce','许烨','逸夫楼','2017-8-19','0','1111111') [ RunTime:0.0239s ]
SQL: SHOW COLUMNS FROM `hnust_document` [ RunTime:0.0243s ]
SQL: UPDATE `hnust_document` SET `informid`='859bb0855895defc791084c0734038ce' WHERE ( informid is null ) [ RunTime:0.0269s ]

[ 2017-07-02T21:19:19+08:00 ] ::1 /pinggu/index.php/uploadinform
INFO: [ app_init ] --START--
INFO: Run Behavior\BuildLiteBehavior [ RunTime:0.000021s ]
INFO: [ app_init ] --END-- [ RunTime:0.000730s ]
INFO: [ app_begin ] --START--
INFO: Run Behavior\ReadHtmlCacheBehavior [ RunTime:0.001061s ]
INFO: [ app_begin ] --END-- [ RunTime:0.001164s ]
SQL: SHOW COLUMNS FROM `hnust_supervisor` [ RunTime:0.0196s ]
NOTIC: [2] finfo_file(): Empty filename or path F:\www\pinggu\ThinkPHP\Library\Think\Upload.class.php 第 152 行.
NOTIC: [2] finfo_file(): Empty filename or path F:\www\pinggu\ThinkPHP\Library\Think\Upload.class.php 第 152 行.
SQL: INSERT INTO `hnust_supervisor` (`id`,`title`,`content`,`link`,`author`,`source`,`time`,`type`,`clicknum`) VALUES ('f43703b4df57f8cf6aacb2c62434feac','ssss','&lt;p&gt;sss&lt;/p&gt;','home/file/getfile?type=0&id=f43703b4df57f8cf6aacb2c62434feac','ssss','ssss','2017-09-8','0','1111111') [ RunTime:0.0206s ]
SQL: SHOW COLUMNS FROM `hnust_document` [ RunTime:0.0229s ]
SQL: UPDATE `hnust_document` SET `informid`='f43703b4df57f8cf6aacb2c62434feac' WHERE ( informid is null ) [ RunTime:0.0212s ]

[ 2017-07-02T21:19:24+08:00 ] ::1 /pinggu/index.php/admin
INFO: [ app_init ] --START--
INFO: Run Behavior\BuildLiteBehavior [ RunTime:0.000041s ]
INFO: [ app_init ] --END-- [ RunTime:0.000695s ]
INFO: [ app_begin ] --START--
INFO: Run Behavior\ReadHtmlCacheBehavior [ RunTime:0.001282s ]
INFO: [ app_begin ] --END-- [ RunTime:0.001398s ]
SQL: SHOW COLUMNS FROM `hnust_user` [ RunTime:0.0198s ]
SQL: SELECT `authority`,`nickname` FROM `hnust_user` WHERE `username` = 'admin'  [ RunTime:0.0190s ]
INFO: [ view_parse ] --START--
INFO: [ template_filter ] --START--
INFO: Run Behavior\ContentReplaceBehavior [ RunTime:0.000070s ]
INFO: [ template_filter ] --END-- [ RunTime:0.000128s ]
INFO: Run Behavior\ParseTemplateBehavior [ RunTime:0.015676s ]
INFO: [ view_parse ] --END-- [ RunTime:0.015776s ]
INFO: [ view_filter ] --START--
INFO: Run Behavior\WriteHtmlCacheBehavior [ RunTime:0.000809s ]
INFO: [ view_filter ] --END-- [ RunTime:0.000875s ]
INFO: [ app_end ] --START--
INFO: Run Behavior\ShowPageTraceBehavior [ RunTime:0.001102s ]
INFO: [ app_end ] --END-- [ RunTime:0.001178s ]

[ 2017-07-02T21:19:24+08:00 ] ::1 /pinggu/index.php/admin?target=index_v1
INFO: [ app_init ] --START--
INFO: Run Behavior\BuildLiteBehavior [ RunTime:0.000031s ]
INFO: [ app_init ] --END-- [ RunTime:0.001096s ]
INFO: [ app_begin ] --START--
INFO: Run Behavior\ReadHtmlCacheBehavior [ RunTime:0.001362s ]
INFO: [ app_begin ] --END-- [ RunTime:0.001482s ]
INFO: [ view_parse ] --START--
INFO: [ template_filter ] --START--
INFO: Run Behavior\ContentReplaceBehavior [ RunTime:0.000072s ]
INFO: [ template_filter ] --END-- [ RunTime:0.000175s ]
INFO: Run Behavior\ParseTemplateBehavior [ RunTime:0.013433s ]
INFO: [ view_parse ] --END-- [ RunTime:0.013526s ]
INFO: [ view_filter ] --START--
INFO: Run Behavior\WriteHtmlCacheBehavior [ RunTime:0.000967s ]
INFO: [ view_filter ] --END-- [ RunTime:0.001049s ]
INFO: [ app_end ] --START--
INFO: Run Behavior\ShowPageTraceBehavior [ RunTime:0.000935s ]
INFO: [ app_end ] --END-- [ RunTime:0.001000s ]

[ 2017-07-02T21:19:27+08:00 ] ::1 /pinggu/index.php/admin?target=editorNews
INFO: [ app_init ] --START--
INFO: Run Behavior\BuildLiteBehavior [ RunTime:0.000016s ]
INFO: [ app_init ] --END-- [ RunTime:0.000515s ]
INFO: [ app_begin ] --START--
INFO: Run Behavior\ReadHtmlCacheBehavior [ RunTime:0.001395s ]
INFO: [ app_begin ] --END-- [ RunTime:0.001570s ]
INFO: [ view_parse ] --START--
INFO: [ template_filter ] --START--
INFO: Run Behavior\ContentReplaceBehavior [ RunTime:0.000153s ]
INFO: [ template_filter ] --END-- [ RunTime:0.000231s ]
INFO: Run Behavior\ParseTemplateBehavior [ RunTime:0.069371s ]
INFO: [ view_parse ] --END-- [ RunTime:0.069449s ]
INFO: [ view_filter ] --START--
INFO: Run Behavior\WriteHtmlCacheBehavior [ RunTime:0.000677s ]
INFO: [ view_filter ] --END-- [ RunTime:0.000760s ]
INFO: [ app_end ] --START--
INFO: Run Behavior\ShowPageTraceBehavior [ RunTime:0.001246s ]
INFO: [ app_end ] --END-- [ RunTime:0.001515s ]

[ 2017-07-02T21:19:55+08:00 ] ::1 /pinggu/index.php/uploadinform
INFO: [ app_init ] --START--
INFO: Run Behavior\BuildLiteBehavior [ RunTime:0.000023s ]
INFO: [ app_init ] --END-- [ RunTime:0.000595s ]
INFO: [ app_begin ] --START--
INFO: Run Behavior\ReadHtmlCacheBehavior [ RunTime:0.000705s ]
INFO: [ app_begin ] --END-- [ RunTime:0.000771s ]
SQL: SHOW COLUMNS FROM `hnust_supervisor` [ RunTime:0.0238s ]
NOTIC: [2] finfo_file(): Empty filename or path F:\www\pinggu\ThinkPHP\Library\Think\Upload.class.php 第 152 行.
NOTIC: [2] finfo_file(): Empty filename or path F:\www\pinggu\ThinkPHP\Library\Think\Upload.class.php 第 152 行.
SQL: INSERT INTO `hnust_supervisor` (`id`,`title`,`content`,`link`,`author`,`source`,`time`,`type`,`clicknum`) VALUES ('59656d7caa20dde25b874db72f009b46','sss','&lt;p&gt;ssss&lt;br/&gt;&lt;/p&gt;','home/file/getfile?type=0&id=59656d7caa20dde25b874db72f009b46','sss','sss','2017-09-09','0','1111') [ RunTime:0.0661s ]
SQL: SHOW COLUMNS FROM `hnust_document` [ RunTime:0.0208s ]
SQL: UPDATE `hnust_document` SET `informid`='59656d7caa20dde25b874db72f009b46' WHERE ( informid is null ) [ RunTime:0.0210s ]

[ 2017-07-02T21:20:22+08:00 ] ::1 /pinggu/index.php/admin
INFO: [ app_init ] --START--
INFO: Run Behavior\BuildLiteBehavior [ RunTime:0.000020s ]
INFO: [ app_init ] --END-- [ RunTime:0.000527s ]
INFO: [ app_begin ] --START--
INFO: Run Behavior\ReadHtmlCacheBehavior [ RunTime:0.001420s ]
INFO: [ app_begin ] --END-- [ RunTime:0.001592s ]
SQL: SHOW COLUMNS FROM `hnust_user` [ RunTime:0.0238s ]
SQL: SELECT `authority`,`nickname` FROM `hnust_user` WHERE `username` = 'admin'  [ RunTime:0.0230s ]
INFO: [ view_parse ] --START--
INFO: [ template_filter ] --START--
INFO: Run Behavior\ContentReplaceBehavior [ RunTime:0.000169s ]
INFO: [ template_filter ] --END-- [ RunTime:0.000293s ]
INFO: Run Behavior\ParseTemplateBehavior [ RunTime:0.020082s ]
INFO: [ view_parse ] --END-- [ RunTime:0.020274s ]
INFO: [ view_filter ] --START--
INFO: Run Behavior\WriteHtmlCacheBehavior [ RunTime:0.001249s ]
INFO: [ view_filter ] --END-- [ RunTime:0.001381s ]
INFO: [ app_end ] --START--
INFO: Run Behavior\ShowPageTraceBehavior [ RunTime:0.001968s ]
INFO: [ app_end ] --END-- [ RunTime:0.002111s ]

[ 2017-07-02T21:20:22+08:00 ] ::1 /pinggu/index.php/admin?target=index_v1
INFO: [ app_init ] --START--
INFO: Run Behavior\BuildLiteBehavior [ RunTime:0.000022s ]
INFO: [ app_init ] --END-- [ RunTime:0.000783s ]
INFO: [ app_begin ] --START--
INFO: Run Behavior\ReadHtmlCacheBehavior [ RunTime:0.001011s ]
INFO: [ app_begin ] --END-- [ RunTime:0.001100s ]
INFO: [ view_parse ] --START--
INFO: [ template_filter ] --START--
INFO: Run Behavior\ContentReplaceBehavior [ RunTime:0.000057s ]
INFO: [ template_filter ] --END-- [ RunTime:0.000140s ]
INFO: Run Behavior\ParseTemplateBehavior [ RunTime:0.013206s ]
INFO: [ view_parse ] --END-- [ RunTime:0.013306s ]
INFO: [ view_filter ] --START--
INFO: Run Behavior\WriteHtmlCacheBehavior [ RunTime:0.000675s ]
INFO: [ view_filter ] --END-- [ RunTime:0.000733s ]
INFO: [ app_end ] --START--
INFO: Run Behavior\ShowPageTraceBehavior [ RunTime:0.001329s ]
INFO: [ app_end ] --END-- [ RunTime:0.001464s ]

[ 2017-07-02T21:20:24+08:00 ] ::1 /pinggu/index.php/admin?target=editorNews
INFO: [ app_init ] --START--
INFO: Run Behavior\BuildLiteBehavior [ RunTime:0.000022s ]
INFO: [ app_init ] --END-- [ RunTime:0.000871s ]
INFO: [ app_begin ] --START--
INFO: Run Behavior\ReadHtmlCacheBehavior [ RunTime:0.001017s ]
INFO: [ app_begin ] --END-- [ RunTime:0.001132s ]
INFO: [ view_parse ] --START--
INFO: [ template_filter ] --START--
INFO: Run Behavior\ContentReplaceBehavior [ RunTime:0.000149s ]
INFO: [ template_filter ] --END-- [ RunTime:0.000355s ]
INFO: Run Behavior\ParseTemplateBehavior [ RunTime:0.072741s ]
INFO: [ view_parse ] --END-- [ RunTime:0.072841s ]
INFO: [ view_filter ] --START--
INFO: Run Behavior\WriteHtmlCacheBehavior [ RunTime:0.000890s ]
INFO: [ view_filter ] --END-- [ RunTime:0.000975s ]
INFO: [ app_end ] --START--
INFO: Run Behavior\ShowPageTraceBehavior [ RunTime:0.001479s ]
INFO: [ app_end ] --END-- [ RunTime:0.001590s ]

[ 2017-07-02T21:20:26+08:00 ] ::1 /pinggu/index.php/admin?target=inform_notice
INFO: [ app_init ] --START--
INFO: Run Behavior\BuildLiteBehavior [ RunTime:0.000029s ]
INFO: [ app_init ] --END-- [ RunTime:0.000881s ]
INFO: [ app_begin ] --START--
INFO: Run Behavior\ReadHtmlCacheBehavior [ RunTime:0.001000s ]
INFO: [ app_begin ] --END-- [ RunTime:0.001091s ]
INFO: [ view_parse ] --START--
INFO: [ template_filter ] --START--
INFO: Run Behavior\ContentReplaceBehavior [ RunTime:0.000093s ]
INFO: [ template_filter ] --END-- [ RunTime:0.000184s ]
INFO: Run Behavior\ParseTemplateBehavior [ RunTime:0.012500s ]
INFO: [ view_parse ] --END-- [ RunTime:0.012669s ]
INFO: [ view_filter ] --START--
INFO: Run Behavior\WriteHtmlCacheBehavior [ RunTime:0.000701s ]
INFO: [ view_filter ] --END-- [ RunTime:0.000759s ]
INFO: [ app_end ] --START--
INFO: Run Behavior\ShowPageTraceBehavior [ RunTime:0.000923s ]
INFO: [ app_end ] --END-- [ RunTime:0.001002s ]

[ 2017-07-02T21:20:27+08:00 ] ::1 /pinggu/index.php/getinformList?_search=false&nd=1499001626793&rows=15&page=1&sidx=&sord=asc
INFO: [ app_init ] --START--
INFO: Run Behavior\BuildLiteBehavior [ RunTime:0.000029s ]
INFO: [ app_init ] --END-- [ RunTime:0.000927s ]
INFO: [ app_begin ] --START--
INFO: Run Behavior\ReadHtmlCacheBehavior [ RunTime:0.001146s ]
INFO: [ app_begin ] --END-- [ RunTime:0.001261s ]
SQL: SHOW COLUMNS FROM `hnust_supervisor` [ RunTime:0.0233s ]
SQL: SELECT COUNT(*) AS tp_count FROM `hnust_supervisor` WHERE `type` = '0' LIMIT 1   [ RunTime:0.0231s ]
SQL: SELECT `id`,`title`,`author`,`time`,`source`,`type` FROM `hnust_supervisor` WHERE `type` = '0' ORDER BY time desc LIMIT 0,10   [ RunTime:0.0244s ]

[ 2017-07-02T21:20:30+08:00 ] ::1 /pinggu/index.php/deleteinform
INFO: [ app_init ] --START--
INFO: Run Behavior\BuildLiteBehavior [ RunTime:0.000050s ]
INFO: [ app_init ] --END-- [ RunTime:0.000705s ]
INFO: [ app_begin ] --START--
INFO: Run Behavior\ReadHtmlCacheBehavior [ RunTime:0.000996s ]
INFO: [ app_begin ] --END-- [ RunTime:0.001114s ]
SQL: SHOW COLUMNS FROM `hnust_supervisor` [ RunTime:0.0210s ]
SQL: DELETE FROM `hnust_supervisor` WHERE `id` = '59656d7caa20dde25b874db72f009b46' [ RunTime:0.0208s ]

[ 2017-07-02T21:20:30+08:00 ] ::1 /pinggu/index.php/getinformList?_search=false&nd=1499001630361&rows=15&page=1&sidx=&sord=asc
INFO: [ app_init ] --START--
INFO: Run Behavior\BuildLiteBehavior [ RunTime:0.000030s ]
INFO: [ app_init ] --END-- [ RunTime:0.001151s ]
INFO: [ app_begin ] --START--
INFO: Run Behavior\ReadHtmlCacheBehavior [ RunTime:0.001296s ]
INFO: [ app_begin ] --END-- [ RunTime:0.001437s ]
SQL: SHOW COLUMNS FROM `hnust_supervisor` [ RunTime:0.0222s ]
SQL: SELECT COUNT(*) AS tp_count FROM `hnust_supervisor` WHERE `type` = '0' LIMIT 1   [ RunTime:0.0228s ]
SQL: SELECT `id`,`title`,`author`,`time`,`source`,`type` FROM `hnust_supervisor` WHERE `type` = '0' ORDER BY time desc LIMIT 0,10   [ RunTime:0.0253s ]

[ 2017-07-02T21:20:32+08:00 ] ::1 /pinggu/index.php/deleteinform
INFO: [ app_init ] --START--
INFO: Run Behavior\BuildLiteBehavior [ RunTime:0.000016s ]
INFO: [ app_init ] --END-- [ RunTime:0.000480s ]
INFO: [ app_begin ] --START--
INFO: Run Behavior\ReadHtmlCacheBehavior [ RunTime:0.000796s ]
INFO: [ app_begin ] --END-- [ RunTime:0.000867s ]
SQL: SHOW COLUMNS FROM `hnust_supervisor` [ RunTime:0.0199s ]
SQL: DELETE FROM `hnust_supervisor` WHERE `id` = 'f43703b4df57f8cf6aacb2c62434feac' [ RunTime:0.0193s ]

[ 2017-07-02T21:20:32+08:00 ] ::1 /pinggu/index.php/getinformList?_search=false&nd=1499001632667&rows=15&page=1&sidx=&sord=asc
INFO: [ app_init ] --START--
INFO: Run Behavior\BuildLiteBehavior [ RunTime:0.000025s ]
INFO: [ app_init ] --END-- [ RunTime:0.001045s ]
INFO: [ app_begin ] --START--
INFO: Run Behavior\ReadHtmlCacheBehavior [ RunTime:0.001057s ]
INFO: [ app_begin ] --END-- [ RunTime:0.001124s ]
SQL: SHOW COLUMNS FROM `hnust_supervisor` [ RunTime:0.0229s ]
SQL: SELECT COUNT(*) AS tp_count FROM `hnust_supervisor` WHERE `type` = '0' LIMIT 1   [ RunTime:0.0227s ]
SQL: SELECT `id`,`title`,`author`,`time`,`source`,`type` FROM `hnust_supervisor` WHERE `type` = '0' ORDER BY time desc LIMIT 0,10   [ RunTime:0.0234s ]

[ 2017-07-02T21:20:34+08:00 ] ::1 /pinggu/index.php/deleteinform
INFO: [ app_init ] --START--
INFO: Run Behavior\BuildLiteBehavior [ RunTime:0.000017s ]
INFO: [ app_init ] --END-- [ RunTime:0.000555s ]
INFO: [ app_begin ] --START--
INFO: Run Behavior\ReadHtmlCacheBehavior [ RunTime:0.000834s ]
INFO: [ app_begin ] --END-- [ RunTime:0.000903s ]
SQL: SHOW COLUMNS FROM `hnust_supervisor` [ RunTime:0.0232s ]
SQL: DELETE FROM `hnust_supervisor` WHERE `id` = '859bb0855895defc791084c0734038ce' [ RunTime:0.0234s ]

[ 2017-07-02T21:20:35+08:00 ] ::1 /pinggu/index.php/getinformList?_search=false&nd=1499001634892&rows=15&page=1&sidx=&sord=asc
INFO: [ app_init ] --START--
INFO: Run Behavior\BuildLiteBehavior [ RunTime:0.000021s ]
INFO: [ app_init ] --END-- [ RunTime:0.000770s ]
INFO: [ app_begin ] --START--
INFO: Run Behavior\ReadHtmlCacheBehavior [ RunTime:0.001023s ]
INFO: [ app_begin ] --END-- [ RunTime:0.001093s ]
SQL: SHOW COLUMNS FROM `hnust_supervisor` [ RunTime:0.0238s ]
SQL: SELECT COUNT(*) AS tp_count FROM `hnust_supervisor` WHERE `type` = '0' LIMIT 1   [ RunTime:0.0233s ]
SQL: SELECT `id`,`title`,`author`,`time`,`source`,`type` FROM `hnust_supervisor` WHERE `type` = '0' ORDER BY time desc LIMIT 0,10   [ RunTime:0.0236s ]

[ 2017-07-02T21:22:50+08:00 ] ::1 /pinggu/index.php/admin
INFO: [ app_init ] --START--
INFO: Run Behavior\BuildLiteBehavior [ RunTime:0.000015s ]
INFO: [ app_init ] --END-- [ RunTime:0.000555s ]
INFO: [ app_begin ] --START--
INFO: Run Behavior\ReadHtmlCacheBehavior [ RunTime:0.000946s ]
INFO: [ app_begin ] --END-- [ RunTime:0.001015s ]
SQL: SHOW COLUMNS FROM `hnust_user` [ RunTime:0.0187s ]
SQL: SELECT `authority`,`nickname` FROM `hnust_user` WHERE `username` = 'admin'  [ RunTime:0.0187s ]
INFO: [ view_parse ] --START--
INFO: [ template_filter ] --START--
INFO: Run Behavior\ContentReplaceBehavior [ RunTime:0.000094s ]
INFO: [ template_filter ] --END-- [ RunTime:0.000168s ]
INFO: Run Behavior\ParseTemplateBehavior [ RunTime:0.013007s ]
INFO: [ view_parse ] --END-- [ RunTime:0.013121s ]
INFO: [ view_filter ] --START--
INFO: Run Behavior\WriteHtmlCacheBehavior [ RunTime:0.000656s ]
INFO: [ view_filter ] --END-- [ RunTime:0.000724s ]
INFO: [ app_end ] --START--
INFO: Run Behavior\ShowPageTraceBehavior [ RunTime:0.000953s ]
INFO: [ app_end ] --END-- [ RunTime:0.001017s ]

[ 2017-07-02T21:22:50+08:00 ] ::1 /pinggu/index.php/admin?target=index_v1
INFO: [ app_init ] --START--
INFO: Run Behavior\BuildLiteBehavior [ RunTime:0.000020s ]
INFO: [ app_init ] --END-- [ RunTime:0.000745s ]
INFO: [ app_begin ] --START--
INFO: Run Behavior\ReadHtmlCacheBehavior [ RunTime:0.001488s ]
INFO: [ app_begin ] --END-- [ RunTime:0.001600s ]
INFO: [ view_parse ] --START--
INFO: [ template_filter ] --START--
INFO: Run Behavior\ContentReplaceBehavior [ RunTime:0.000077s ]
INFO: [ template_filter ] --END-- [ RunTime:0.000187s ]
INFO: Run Behavior\ParseTemplateBehavior [ RunTime:0.013902s ]
INFO: [ view_parse ] --END-- [ RunTime:0.014017s ]
INFO: [ view_filter ] --START--
INFO: Run Behavior\WriteHtmlCacheBehavior [ RunTime:0.000930s ]
INFO: [ view_filter ] --END-- [ RunTime:0.001020s ]
INFO: [ app_end ] --START--
INFO: Run Behavior\ShowPageTraceBehavior [ RunTime:0.001407s ]
INFO: [ app_end ] --END-- [ RunTime:0.001502s ]

[ 2017-07-02T21:24:00+08:00 ] ::1 /pinggu/index.php/admin
INFO: [ app_init ] --START--
INFO: Run Behavior\BuildLiteBehavior [ RunTime:0.000022s ]
INFO: [ app_init ] --END-- [ RunTime:0.000593s ]
INFO: [ app_begin ] --START--
INFO: Run Behavior\ReadHtmlCacheBehavior [ RunTime:0.001187s ]
INFO: [ app_begin ] --END-- [ RunTime:0.001338s ]
SQL: SHOW COLUMNS FROM `hnust_user` [ RunTime:0.0249s ]
SQL: SELECT `authority`,`nickname` FROM `hnust_user` WHERE `username` = 'admin'  [ RunTime:0.0235s ]
INFO: [ view_parse ] --START--
INFO: [ template_filter ] --START--
INFO: Run Behavior\ContentReplaceBehavior [ RunTime:0.000070s ]
INFO: [ template_filter ] --END-- [ RunTime:0.000130s ]
INFO: Run Behavior\ParseTemplateBehavior [ RunTime:0.012603s ]
INFO: [ view_parse ] --END-- [ RunTime:0.012738s ]
INFO: [ view_filter ] --START--
INFO: Run Behavior\WriteHtmlCacheBehavior [ RunTime:0.000866s ]
INFO: [ view_filter ] --END-- [ RunTime:0.000943s ]
INFO: [ app_end ] --START--
INFO: Run Behavior\ShowPageTraceBehavior [ RunTime:0.001076s ]
INFO: [ app_end ] --END-- [ RunTime:0.001162s ]

[ 2017-07-02T21:24:00+08:00 ] ::1 /pinggu/index.php/admin?target=index_v1
INFO: [ app_init ] --START--
INFO: Run Behavior\BuildLiteBehavior [ RunTime:0.000021s ]
INFO: [ app_init ] --END-- [ RunTime:0.000590s ]
INFO: [ app_begin ] --START--
INFO: Run Behavior\ReadHtmlCacheBehavior [ RunTime:0.000801s ]
INFO: [ app_begin ] --END-- [ RunTime:0.000893s ]
INFO: [ view_parse ] --START--
INFO: [ template_filter ] --START--
INFO: Run Behavior\ContentReplaceBehavior [ RunTime:0.000058s ]
INFO: [ template_filter ] --END-- [ RunTime:0.000148s ]
INFO: Run Behavior\ParseTemplateBehavior [ RunTime:0.023490s ]
INFO: [ view_parse ] --END-- [ RunTime:0.023600s ]
INFO: [ view_filter ] --START--
INFO: Run Behavior\WriteHtmlCacheBehavior [ RunTime:0.000460s ]
INFO: [ view_filter ] --END-- [ RunTime:0.000522s ]
INFO: [ app_end ] --START--
INFO: Run Behavior\ShowPageTraceBehavior [ RunTime:0.000827s ]
INFO: [ app_end ] --END-- [ RunTime:0.000913s ]

[ 2017-07-02T21:24:12+08:00 ] ::1 /pinggu/index.php/admin
INFO: [ app_init ] --START--
INFO: Run Behavior\BuildLiteBehavior [ RunTime:0.000025s ]
INFO: [ app_init ] --END-- [ RunTime:0.000684s ]
INFO: [ app_begin ] --START--
INFO: Run Behavior\ReadHtmlCacheBehavior [ RunTime:0.001021s ]
INFO: [ app_begin ] --END-- [ RunTime:0.001110s ]
SQL: SHOW COLUMNS FROM `hnust_user` [ RunTime:0.0245s ]
SQL: SELECT `authority`,`nickname` FROM `hnust_user` WHERE `username` = 'admin'  [ RunTime:0.0373s ]
INFO: [ view_parse ] --START--
INFO: [ template_filter ] --START--
INFO: Run Behavior\ContentReplaceBehavior [ RunTime:0.000109s ]
INFO: [ template_filter ] --END-- [ RunTime:0.000254s ]
INFO: Run Behavior\ParseTemplateBehavior [ RunTime:0.013337s ]
INFO: [ view_parse ] --END-- [ RunTime:0.013483s ]
INFO: [ view_filter ] --START--
INFO: Run Behavior\WriteHtmlCacheBehavior [ RunTime:0.000670s ]
INFO: [ view_filter ] --END-- [ RunTime:0.000735s ]
INFO: [ app_end ] --START--
INFO: Run Behavior\ShowPageTraceBehavior [ RunTime:0.001013s ]
INFO: [ app_end ] --END-- [ RunTime:0.001082s ]

[ 2017-07-02T21:24:12+08:00 ] ::1 /pinggu/index.php/admin?target=index_v1
INFO: [ app_init ] --START--
INFO: Run Behavior\BuildLiteBehavior [ RunTime:0.000021s ]
INFO: [ app_init ] --END-- [ RunTime:0.000765s ]
INFO: [ app_begin ] --START--
INFO: Run Behavior\ReadHtmlCacheBehavior [ RunTime:0.001149s ]
INFO: [ app_begin ] --END-- [ RunTime:0.001260s ]
INFO: [ view_parse ] --START--
INFO: [ template_filter ] --START--
INFO: Run Behavior\ContentReplaceBehavior [ RunTime:0.000062s ]
INFO: [ template_filter ] --END-- [ RunTime:0.000161s ]
INFO: Run Behavior\ParseTemplateBehavior [ RunTime:0.027054s ]
INFO: [ view_parse ] --END-- [ RunTime:0.027164s ]
INFO: [ view_filter ] --START--
INFO: Run Behavior\WriteHtmlCacheBehavior [ RunTime:0.000690s ]
INFO: [ view_filter ] --END-- [ RunTime:0.000750s ]
INFO: [ app_end ] --START--
INFO: Run Behavior\ShowPageTraceBehavior [ RunTime:0.000968s ]
INFO: [ app_end ] --END-- [ RunTime:0.001033s ]

[ 2017-07-02T21:24:15+08:00 ] ::1 /pinggu/index.php/admin?target=editorNews
INFO: [ app_init ] --START--
INFO: Run Behavior\BuildLiteBehavior [ RunTime:0.000022s ]
INFO: [ app_init ] --END-- [ RunTime:0.000756s ]
INFO: [ app_begin ] --START--
INFO: Run Behavior\ReadHtmlCacheBehavior [ RunTime:0.001321s ]
INFO: [ app_begin ] --END-- [ RunTime:0.001433s ]
INFO: [ view_parse ] --START--
INFO: [ template_filter ] --START--
INFO: Run Behavior\ContentReplaceBehavior [ RunTime:0.000110s ]
INFO: [ template_filter ] --END-- [ RunTime:0.000201s ]
INFO: Run Behavior\ParseTemplateBehavior [ RunTime:0.065621s ]
INFO: [ view_parse ] --END-- [ RunTime:0.065745s ]
INFO: [ view_filter ] --START--
INFO: Run Behavior\WriteHtmlCacheBehavior [ RunTime:0.000717s ]
INFO: [ view_filter ] --END-- [ RunTime:0.000765s ]
INFO: [ app_end ] --START--
INFO: Run Behavior\ShowPageTraceBehavior [ RunTime:0.001350s ]
INFO: [ app_end ] --END-- [ RunTime:0.001444s ]

[ 2017-07-02T21:24:24+08:00 ] ::1 /pinggu/index.php/admin
INFO: [ app_init ] --START--
INFO: Run Behavior\BuildLiteBehavior [ RunTime:0.000030s ]
INFO: [ app_init ] --END-- [ RunTime:0.001022s ]
INFO: [ app_begin ] --START--
INFO: Run Behavior\ReadHtmlCacheBehavior [ RunTime:0.001413s ]
INFO: [ app_begin ] --END-- [ RunTime:0.001537s ]
SQL: SHOW COLUMNS FROM `hnust_user` [ RunTime:0.0197s ]
SQL: SELECT `authority`,`nickname` FROM `hnust_user` WHERE `username` = 'admin'  [ RunTime:0.0189s ]
INFO: [ view_parse ] --START--
INFO: [ template_filter ] --START--
INFO: Run Behavior\ContentReplaceBehavior [ RunTime:0.000096s ]
INFO: [ template_filter ] --END-- [ RunTime:0.000177s ]
INFO: Run Behavior\ParseTemplateBehavior [ RunTime:0.018000s ]
INFO: [ view_parse ] --END-- [ RunTime:0.018130s ]
INFO: [ view_filter ] --START--
INFO: Run Behavior\WriteHtmlCacheBehavior [ RunTime:0.000848s ]
INFO: [ view_filter ] --END-- [ RunTime:0.000938s ]
INFO: [ app_end ] --START--
INFO: Run Behavior\ShowPageTraceBehavior [ RunTime:0.001429s ]
INFO: [ app_end ] --END-- [ RunTime:0.001524s ]

[ 2017-07-02T21:24:25+08:00 ] ::1 /pinggu/index.php/admin?target=index_v1
INFO: [ app_init ] --START--
INFO: Run Behavior\BuildLiteBehavior [ RunTime:0.000028s ]
INFO: [ app_init ] --END-- [ RunTime:0.000904s ]
INFO: [ app_begin ] --START--
INFO: Run Behavior\ReadHtmlCacheBehavior [ RunTime:0.001690s ]
INFO: [ app_begin ] --END-- [ RunTime:0.001819s ]
INFO: [ view_parse ] --START--
INFO: [ template_filter ] --START--
INFO: Run Behavior\ContentReplaceBehavior [ RunTime:0.000069s ]
INFO: [ template_filter ] --END-- [ RunTime:0.000216s ]
INFO: Run Behavior\ParseTemplateBehavior [ RunTime:0.015035s ]
INFO: [ view_parse ] --END-- [ RunTime:0.015166s ]
INFO: [ view_filter ] --START--
INFO: Run Behavior\WriteHtmlCacheBehavior [ RunTime:0.001027s ]
INFO: [ view_filter ] --END-- [ RunTime:0.001122s ]
INFO: [ app_end ] --START--
INFO: Run Behavior\ShowPageTraceBehavior [ RunTime:0.001078s ]
INFO: [ app_end ] --END-- [ RunTime:0.001148s ]

[ 2017-07-02T21:24:29+08:00 ] ::1 /pinggu/index.php/admin?target=editorNews
INFO: [ app_init ] --START--
INFO: Run Behavior\BuildLiteBehavior [ RunTime:0.000035s ]
INFO: [ app_init ] --END-- [ RunTime:0.001063s ]
INFO: [ app_begin ] --START--
INFO: Run Behavior\ReadHtmlCacheBehavior [ RunTime:0.002291s ]
INFO: [ app_begin ] --END-- [ RunTime:0.002556s ]
INFO: [ view_parse ] --START--
INFO: [ template_filter ] --START--
INFO: Run Behavior\ContentReplaceBehavior [ RunTime:0.000108s ]
INFO: [ template_filter ] --END-- [ RunTime:0.000196s ]
INFO: Run Behavior\ParseTemplateBehavior [ RunTime:0.088836s ]
INFO: [ view_parse ] --END-- [ RunTime:0.088947s ]
INFO: [ view_filter ] --START--
INFO: Run Behavior\WriteHtmlCacheBehavior [ RunTime:0.000704s ]
INFO: [ view_filter ] --END-- [ RunTime:0.000755s ]
INFO: [ app_end ] --START--
INFO: Run Behavior\ShowPageTraceBehavior [ RunTime:0.001269s ]
INFO: [ app_end ] --END-- [ RunTime:0.001362s ]

[ 2017-07-02T21:25:38+08:00 ] ::1 /pinggu/index.php/admin
INFO: [ app_init ] --START--
INFO: Run Behavior\BuildLiteBehavior [ RunTime:0.000063s ]
INFO: [ app_init ] --END-- [ RunTime:0.001793s ]
INFO: [ app_begin ] --START--
INFO: Run Behavior\ReadHtmlCacheBehavior [ RunTime:0.001048s ]
INFO: [ app_begin ] --END-- [ RunTime:0.001162s ]
NOTIC: [8] Undefined index: id F:\www\pinggu\HNUST\Admin\Controller\IndexController.class.php 第 191 行.
SQL: SHOW COLUMNS FROM `hnust_user` [ RunTime:0.0238s ]
SQL: SELECT `authority`,`nickname` FROM `hnust_user` WHERE `username` = null  [ RunTime:0.0228s ]
NOTIC: [8] Undefined offset: 0 F:\www\pinggu\HNUST\Admin\Controller\IndexController.class.php 第 24 行.
INFO: [ view_parse ] --START--
INFO: [ template_filter ] --START--
INFO: Run Behavior\ContentReplaceBehavior [ RunTime:0.000128s ]
INFO: [ template_filter ] --END-- [ RunTime:0.000211s ]
INFO: Run Behavior\ParseTemplateBehavior [ RunTime:0.013381s ]
INFO: [ view_parse ] --END-- [ RunTime:0.013537s ]
INFO: [ view_filter ] --START--
INFO: Run Behavior\WriteHtmlCacheBehavior [ RunTime:0.000567s ]
INFO: [ view_filter ] --END-- [ RunTime:0.000640s ]
INFO: [ app_end ] --START--
INFO: Run Behavior\ShowPageTraceBehavior [ RunTime:0.001035s ]
INFO: [ app_end ] --END-- [ RunTime:0.001128s ]

[ 2017-07-02T21:25:38+08:00 ] ::1 /pinggu/index.php/login
INFO: [ app_init ] --START--
INFO: Run Behavior\BuildLiteBehavior [ RunTime:0.000024s ]
INFO: [ app_init ] --END-- [ RunTime:0.000790s ]
INFO: [ app_begin ] --START--
INFO: Run Behavior\ReadHtmlCacheBehavior [ RunTime:0.000843s ]
INFO: [ app_begin ] --END-- [ RunTime:0.000944s ]
INFO: [ view_parse ] --START--
INFO: [ template_filter ] --START--
INFO: Run Behavior\ContentReplaceBehavior [ RunTime:0.000079s ]
INFO: [ template_filter ] --END-- [ RunTime:0.000185s ]
NOTIC: [8] Undefined variable: error F:\www\pinggu\HNUST\Runtime\Cache\Admin\50d2c8a1262c3fe8cb5c41323de340c0.php 第 46 行.
INFO: Run Behavior\ParseTemplateBehavior [ RunTime:0.010568s ]
INFO: [ view_parse ] --END-- [ RunTime:0.010706s ]
INFO: [ view_filter ] --START--
INFO: Run Behavior\WriteHtmlCacheBehavior [ RunTime:0.000801s ]
INFO: [ view_filter ] --END-- [ RunTime:0.000916s ]
INFO: [ app_end ] --START--
INFO: Run Behavior\ShowPageTraceBehavior [ RunTime:0.000924s ]
INFO: [ app_end ] --END-- [ RunTime:0.001026s ]

[ 2017-07-02T21:25:44+08:00 ] ::1 /pinggu/index.php/login
INFO: [ app_init ] --START--
INFO: Run Behavior\BuildLiteBehavior [ RunTime:0.000027s ]
INFO: [ app_init ] --END-- [ RunTime:0.000802s ]
INFO: [ app_begin ] --START--
INFO: Run Behavior\ReadHtmlCacheBehavior [ RunTime:0.000668s ]
INFO: [ app_begin ] --END-- [ RunTime:0.000750s ]
SQL: SHOW COLUMNS FROM `hnust_user` [ RunTime:0.0240s ]
SQL: SELECT `password` FROM `hnust_user` WHERE `username` = 'admin'  [ RunTime:0.0229s ]
INFO: [ app_end ] --START--
INFO: Run Behavior\ShowPageTraceBehavior [ RunTime:0.001340s ]
INFO: [ app_end ] --END-- [ RunTime:0.001442s ]

[ 2017-07-02T21:25:44+08:00 ] ::1 /pinggu/index.php/admin
INFO: [ app_init ] --START--
INFO: Run Behavior\BuildLiteBehavior [ RunTime:0.000069s ]
INFO: [ app_init ] --END-- [ RunTime:0.001181s ]
INFO: [ app_begin ] --START--
INFO: Run Behavior\ReadHtmlCacheBehavior [ RunTime:0.000707s ]
INFO: [ app_begin ] --END-- [ RunTime:0.000792s ]
SQL: SHOW COLUMNS FROM `hnust_user` [ RunTime:0.0249s ]
SQL: SELECT `authority`,`nickname` FROM `hnust_user` WHERE `username` = 'admin'  [ RunTime:0.0237s ]
INFO: [ view_parse ] --START--
INFO: [ template_filter ] --START--
INFO: Run Behavior\ContentReplaceBehavior [ RunTime:0.000074s ]
INFO: [ template_filter ] --END-- [ RunTime:0.000168s ]
INFO: Run Behavior\ParseTemplateBehavior [ RunTime:0.011656s ]
INFO: [ view_parse ] --END-- [ RunTime:0.011773s ]
INFO: [ view_filter ] --START--
INFO: Run Behavior\WriteHtmlCacheBehavior [ RunTime:0.000444s ]
INFO: [ view_filter ] --END-- [ RunTime:0.000505s ]
INFO: [ app_end ] --START--
INFO: Run Behavior\ShowPageTraceBehavior [ RunTime:0.000766s ]
INFO: [ app_end ] --END-- [ RunTime:0.000822s ]

[ 2017-07-02T21:25:45+08:00 ] ::1 /pinggu/index.php/admin?target=index_v1
INFO: [ app_init ] --START--
INFO: Run Behavior\BuildLiteBehavior [ RunTime:0.000028s ]
INFO: [ app_init ] --END-- [ RunTime:0.000813s ]
INFO: [ app_begin ] --START--
INFO: Run Behavior\ReadHtmlCacheBehavior [ RunTime:0.001189s ]
INFO: [ app_begin ] --END-- [ RunTime:0.001334s ]
INFO: [ view_parse ] --START--
INFO: [ template_filter ] --START--
INFO: Run Behavior\ContentReplaceBehavior [ RunTime:0.000056s ]
INFO: [ template_filter ] --END-- [ RunTime:0.000143s ]
INFO: Run Behavior\ParseTemplateBehavior [ RunTime:0.010289s ]
INFO: [ view_parse ] --END-- [ RunTime:0.010398s ]
INFO: [ view_filter ] --START--
INFO: Run Behavior\WriteHtmlCacheBehavior [ RunTime:0.000570s ]
INFO: [ view_filter ] --END-- [ RunTime:0.000633s ]
INFO: [ app_end ] --START--
INFO: Run Behavior\ShowPageTraceBehavior [ RunTime:0.000825s ]
INFO: [ app_end ] --END-- [ RunTime:0.000890s ]

[ 2017-07-02T21:25:47+08:00 ] ::1 /pinggu/index.php/admin?target=editorNews
INFO: [ app_init ] --START--
INFO: Run Behavior\BuildLiteBehavior [ RunTime:0.000022s ]
INFO: [ app_init ] --END-- [ RunTime:0.001098s ]
INFO: [ app_begin ] --START--
INFO: Run Behavior\ReadHtmlCacheBehavior [ RunTime:0.001462s ]
INFO: [ app_begin ] --END-- [ RunTime:0.001675s ]
INFO: [ view_parse ] --START--
INFO: [ template_filter ] --START--
INFO: Run Behavior\ContentReplaceBehavior [ RunTime:0.000106s ]
INFO: [ template_filter ] --END-- [ RunTime:0.000192s ]
INFO: Run Behavior\ParseTemplateBehavior [ RunTime:0.069330s ]
INFO: [ view_parse ] --END-- [ RunTime:0.069442s ]
INFO: [ view_filter ] --START--
INFO: Run Behavior\WriteHtmlCacheBehavior [ RunTime:0.000856s ]
INFO: [ view_filter ] --END-- [ RunTime:0.000920s ]
INFO: [ app_end ] --START--
INFO: Run Behavior\ShowPageTraceBehavior [ RunTime:0.001452s ]
INFO: [ app_end ] --END-- [ RunTime:0.001600s ]

[ 2017-07-02T21:25:57+08:00 ] ::1 /pinggu/index.php/uploadinform
INFO: [ app_init ] --START--
INFO: Run Behavior\BuildLiteBehavior [ RunTime:0.000023s ]
INFO: [ app_init ] --END-- [ RunTime:0.000692s ]
INFO: [ app_begin ] --START--
INFO: Run Behavior\ReadHtmlCacheBehavior [ RunTime:0.000946s ]
INFO: [ app_begin ] --END-- [ RunTime:0.001034s ]
SQL: SHOW COLUMNS FROM `hnust_supervisor` [ RunTime:0.0211s ]
NOTIC: [2] finfo_file(): Empty filename or path F:\www\pinggu\ThinkPHP\Library\Think\Upload.class.php 第 152 行.
NOTIC: [2] finfo_file(): Empty filename or path F:\www\pinggu\ThinkPHP\Library\Think\Upload.class.php 第 152 行.
SQL: INSERT INTO `hnust_supervisor` (`id`,`title`,`content`,`link`,`author`,`source`,`time`,`type`,`clicknum`) VALUES ('6f34726a30b3d8dbf5780b0d40909d9f','ssss','&lt;p&gt;ssss&lt;/p&gt;','home/file/getfile?type=0&id=6f34726a30b3d8dbf5780b0d40909d9f','ssss','sss','2017-03-09','0','0') [ RunTime:0.0202s ]
SQL: SHOW COLUMNS FROM `hnust_document` [ RunTime:0.0210s ]
SQL: UPDATE `hnust_document` SET `informid`='6f34726a30b3d8dbf5780b0d40909d9f' WHERE ( informid is null ) [ RunTime:0.0201s ]

[ 2017-07-02T21:26:02+08:00 ] ::1 /pinggu/index.php/admin?target=inform_notice
INFO: [ app_init ] --START--
INFO: Run Behavior\BuildLiteBehavior [ RunTime:0.000026s ]
INFO: [ app_init ] --END-- [ RunTime:0.000959s ]
INFO: [ app_begin ] --START--
INFO: Run Behavior\ReadHtmlCacheBehavior [ RunTime:0.001306s ]
INFO: [ app_begin ] --END-- [ RunTime:0.001464s ]
INFO: [ view_parse ] --START--
INFO: [ template_filter ] --START--
INFO: Run Behavior\ContentReplaceBehavior [ RunTime:0.000072s ]
INFO: [ template_filter ] --END-- [ RunTime:0.000138s ]
INFO: Run Behavior\ParseTemplateBehavior [ RunTime:0.011841s ]
INFO: [ view_parse ] --END-- [ RunTime:0.011983s ]
INFO: [ view_filter ] --START--
INFO: Run Behavior\WriteHtmlCacheBehavior [ RunTime:0.001234s ]
INFO: [ view_filter ] --END-- [ RunTime:0.001325s ]
INFO: [ app_end ] --START--
INFO: Run Behavior\ShowPageTraceBehavior [ RunTime:0.001295s ]
INFO: [ app_end ] --END-- [ RunTime:0.001383s ]

[ 2017-07-02T21:26:03+08:00 ] ::1 /pinggu/index.php/getinformList?_search=false&nd=1499001963466&rows=15&page=1&sidx=&sord=asc
INFO: [ app_init ] --START--
INFO: Run Behavior\BuildLiteBehavior [ RunTime:0.000022s ]
INFO: [ app_init ] --END-- [ RunTime:0.000657s ]
INFO: [ app_begin ] --START--
INFO: Run Behavior\ReadHtmlCacheBehavior [ RunTime:0.000953s ]
INFO: [ app_begin ] --END-- [ RunTime:0.001034s ]
SQL: SHOW COLUMNS FROM `hnust_supervisor` [ RunTime:0.0237s ]
SQL: SELECT COUNT(*) AS tp_count FROM `hnust_supervisor` WHERE `type` = '0' LIMIT 1   [ RunTime:0.0231s ]
SQL: SELECT `id`,`title`,`author`,`time`,`source`,`type` FROM `hnust_supervisor` WHERE `type` = '0' ORDER BY time desc LIMIT 0,10   [ RunTime:0.0244s ]

[ 2017-07-02T21:26:05+08:00 ] ::1 /pinggu/index.php/deleteinform
INFO: [ app_init ] --START--
INFO: Run Behavior\BuildLiteBehavior [ RunTime:0.000020s ]
INFO: [ app_init ] --END-- [ RunTime:0.000511s ]
INFO: [ app_begin ] --START--
INFO: Run Behavior\ReadHtmlCacheBehavior [ RunTime:0.000692s ]
INFO: [ app_begin ] --END-- [ RunTime:0.000768s ]
SQL: SHOW COLUMNS FROM `hnust_supervisor` [ RunTime:0.0239s ]
SQL: DELETE FROM `hnust_supervisor` WHERE `id` = '6f34726a30b3d8dbf5780b0d40909d9f' [ RunTime:0.0231s ]

[ 2017-07-02T21:26:06+08:00 ] ::1 /pinggu/index.php/getinformList?_search=false&nd=1499001965965&rows=15&page=1&sidx=&sord=asc
INFO: [ app_init ] --START--
INFO: Run Behavior\BuildLiteBehavior [ RunTime:0.000031s ]
INFO: [ app_init ] --END-- [ RunTime:0.000922s ]
INFO: [ app_begin ] --START--
INFO: Run Behavior\ReadHtmlCacheBehavior [ RunTime:0.001146s ]
INFO: [ app_begin ] --END-- [ RunTime:0.001260s ]
SQL: SHOW COLUMNS FROM `hnust_supervisor` [ RunTime:0.0198s ]
SQL: SELECT COUNT(*) AS tp_count FROM `hnust_supervisor` WHERE `type` = '0' LIMIT 1   [ RunTime:0.0199s ]
SQL: SELECT `id`,`title`,`author`,`time`,`source`,`type` FROM `hnust_supervisor` WHERE `type` = '0' ORDER BY time desc LIMIT 0,10   [ RunTime:0.0204s ]

[ 2017-07-02T21:26:08+08:00 ] ::1 /pinggu/index.php/getinformList?_search=false&nd=1499001967945&rows=15&page=1&sidx=&sord=asc&type=5
INFO: [ app_init ] --START--
INFO: Run Behavior\BuildLiteBehavior [ RunTime:0.000080s ]
INFO: [ app_init ] --END-- [ RunTime:0.000972s ]
INFO: [ app_begin ] --START--
INFO: Run Behavior\ReadHtmlCacheBehavior [ RunTime:0.000765s ]
INFO: [ app_begin ] --END-- [ RunTime:0.000854s ]
SQL: SHOW COLUMNS FROM `hnust_supervisor` [ RunTime:0.0240s ]
SQL: SELECT COUNT(*) AS tp_count FROM `hnust_supervisor` WHERE `type` = '5' LIMIT 1   [ RunTime:0.0242s ]
SQL: SELECT `id`,`title`,`author`,`time`,`source`,`type` FROM `hnust_supervisor` WHERE `type` = '5' ORDER BY time desc LIMIT 0,10   [ RunTime:0.0297s ]

[ 2017-07-02T21:26:11+08:00 ] ::1 /pinggu/index.php/getinformList?_search=false&nd=1499001971754&rows=15&page=1&sidx=&sord=asc&type=2
INFO: [ app_init ] --START--
INFO: Run Behavior\BuildLiteBehavior [ RunTime:0.000047s ]
INFO: [ app_init ] --END-- [ RunTime:0.000759s ]
INFO: [ app_begin ] --START--
INFO: Run Behavior\ReadHtmlCacheBehavior [ RunTime:0.000939s ]
INFO: [ app_begin ] --END-- [ RunTime:0.001194s ]
SQL: SHOW COLUMNS FROM `hnust_supervisor` [ RunTime:0.0214s ]
SQL: SELECT COUNT(*) AS tp_count FROM `hnust_supervisor` WHERE `type` = '2' LIMIT 1   [ RunTime:0.0268s ]
SQL: SELECT `id`,`title`,`author`,`time`,`source`,`type` FROM `hnust_supervisor` WHERE `type` = '2' ORDER BY time desc LIMIT 0,10   [ RunTime:0.0293s ]

[ 2017-07-02T21:26:14+08:00 ] ::1 /pinggu/index.php/getinformList?_search=false&nd=1499001973854&rows=15&page=1&sidx=&sord=asc&type=4
INFO: [ app_init ] --START--
INFO: Run Behavior\BuildLiteBehavior [ RunTime:0.000022s ]
INFO: [ app_init ] --END-- [ RunTime:0.000537s ]
INFO: [ app_begin ] --START--
INFO: Run Behavior\ReadHtmlCacheBehavior [ RunTime:0.000978s ]
INFO: [ app_begin ] --END-- [ RunTime:0.001086s ]
SQL: SHOW COLUMNS FROM `hnust_supervisor` [ RunTime:0.0201s ]
SQL: SELECT COUNT(*) AS tp_count FROM `hnust_supervisor` WHERE `type` = '4' LIMIT 1   [ RunTime:0.0190s ]
SQL: SELECT `id`,`title`,`author`,`time`,`source`,`type` FROM `hnust_supervisor` WHERE `type` = '4' ORDER BY time desc LIMIT 0,10   [ RunTime:0.0213s ]

[ 2017-07-02T21:26:19+08:00 ] ::1 /pinggu/index.php/getinformList?_search=false&nd=1499001978743&rows=15&page=1&sidx=&sord=asc&type=2
INFO: [ app_init ] --START--
INFO: Run Behavior\BuildLiteBehavior [ RunTime:0.000026s ]
INFO: [ app_init ] --END-- [ RunTime:0.000841s ]
INFO: [ app_begin ] --START--
INFO: Run Behavior\ReadHtmlCacheBehavior [ RunTime:0.000794s ]
INFO: [ app_begin ] --END-- [ RunTime:0.000912s ]
SQL: SHOW COLUMNS FROM `hnust_supervisor` [ RunTime:0.0387s ]
SQL: SELECT COUNT(*) AS tp_count FROM `hnust_supervisor` WHERE `type` = '2' LIMIT 1   [ RunTime:0.0473s ]
SQL: SELECT `id`,`title`,`author`,`time`,`source`,`type` FROM `hnust_supervisor` WHERE `type` = '2' ORDER BY time desc LIMIT 0,10   [ RunTime:0.0554s ]

[ 2017-07-02T21:26:20+08:00 ] ::1 /pinggu/index.php/getinformList?_search=false&nd=1499001980589&rows=15&page=1&sidx=&sord=asc&type=1
INFO: [ app_init ] --START--
INFO: Run Behavior\BuildLiteBehavior [ RunTime:0.000025s ]
INFO: [ app_init ] --END-- [ RunTime:0.000698s ]
INFO: [ app_begin ] --START--
INFO: Run Behavior\ReadHtmlCacheBehavior [ RunTime:0.001013s ]
INFO: [ app_begin ] --END-- [ RunTime:0.001115s ]
SQL: SHOW COLUMNS FROM `hnust_supervisor` [ RunTime:0.0237s ]
SQL: SELECT COUNT(*) AS tp_count FROM `hnust_supervisor` WHERE `type` = '1' LIMIT 1   [ RunTime:0.0228s ]
SQL: SELECT `id`,`title`,`author`,`time`,`source`,`type` FROM `hnust_supervisor` WHERE `type` = '1' ORDER BY time desc LIMIT 0,10   [ RunTime:0.0236s ]

[ 2017-07-02T21:26:23+08:00 ] ::1 /pinggu/index.php/deleteinform
INFO: [ app_init ] --START--
INFO: Run Behavior\BuildLiteBehavior [ RunTime:0.000017s ]
INFO: [ app_init ] --END-- [ RunTime:0.000507s ]
INFO: [ app_begin ] --START--
INFO: Run Behavior\ReadHtmlCacheBehavior [ RunTime:0.000694s ]
INFO: [ app_begin ] --END-- [ RunTime:0.000781s ]
SQL: SHOW COLUMNS FROM `hnust_supervisor` [ RunTime:0.0229s ]
SQL: DELETE FROM `hnust_supervisor` WHERE `id` = '29bed9a8315c9a429d32e1b640078a9f' [ RunTime:0.0229s ]

[ 2017-07-02T21:26:23+08:00 ] ::1 /pinggu/index.php/getinformList?_search=false&nd=1499001983520&rows=15&page=1&sidx=&sord=asc&type=1
INFO: [ app_init ] --START--
INFO: Run Behavior\BuildLiteBehavior [ RunTime:0.000025s ]
INFO: [ app_init ] --END-- [ RunTime:0.000763s ]
INFO: [ app_begin ] --START--
INFO: Run Behavior\ReadHtmlCacheBehavior [ RunTime:0.000958s ]
INFO: [ app_begin ] --END-- [ RunTime:0.001066s ]
SQL: SHOW COLUMNS FROM `hnust_supervisor` [ RunTime:0.0237s ]
SQL: SELECT COUNT(*) AS tp_count FROM `hnust_supervisor` WHERE `type` = '1' LIMIT 1   [ RunTime:0.0230s ]
SQL: SELECT `id`,`title`,`author`,`time`,`source`,`type` FROM `hnust_supervisor` WHERE `type` = '1' ORDER BY time desc LIMIT 0,10   [ RunTime:0.0231s ]

