[ 2017-03-10T13:58:41+08:00 ] ::1 /download/mooc/index.php/getfileList
INFO: [ app_init ] --START--
INFO: Run Behavior\BuildLiteBehavior [ RunTime:0.000027s ]
INFO: [ app_init ] --END-- [ RunTime:0.000864s ]
INFO: [ app_begin ] --START--
INFO: Run Behavior\ReadHtmlCacheBehavior [ RunTime:0.001414s ]
INFO: [ app_begin ] --END-- [ RunTime:0.001536s ]
ERR: 无法加载控制器:Index

[ 2017-03-10T13:58:51+08:00 ] ::1 /download/mooc/index.php/getfileList
INFO: [ app_init ] --START--
INFO: Run Behavior\BuildLiteBehavior [ RunTime:0.000024s ]
INFO: [ app_init ] --END-- [ RunTime:0.000813s ]
INFO: [ app_begin ] --START--
INFO: Run Behavior\ReadHtmlCacheBehavior [ RunTime:0.001657s ]
INFO: [ app_begin ] --END-- [ RunTime:0.001780s ]
ERR: 无法加载控制器:Index

[ 2017-03-10T14:01:28+08:00 ] ::1 /download/mooc/index.php/getfileList
INFO: [ app_init ] --START--
INFO: Run Behavior\BuildLiteBehavior [ RunTime:0.000028s ]
INFO: [ app_init ] --END-- [ RunTime:0.000930s ]
INFO: [ app_begin ] --START--
INFO: Run Behavior\ReadHtmlCacheBehavior [ RunTime:0.001367s ]
INFO: [ app_begin ] --END-- [ RunTime:0.001500s ]
ERR: 无法加载控制器:Index

[ 2017-03-10T14:02:52+08:00 ] ::1 /download/mooc/index.php/getfileList
INFO: [ app_init ] --START--
INFO: Run Behavior\BuildLiteBehavior [ RunTime:0.000075s ]
INFO: [ app_init ] --END-- [ RunTime:0.001915s ]
INFO: [ app_begin ] --START--
INFO: Run Behavior\ReadHtmlCacheBehavior [ RunTime:0.001354s ]
INFO: [ app_begin ] --END-- [ RunTime:0.001465s ]
ERR: 无法加载控制器:Index

[ 2017-03-10T14:03:07+08:00 ] ::1 /download/mooc/index.php/getfileList
INFO: [ app_init ] --START--
INFO: Run Behavior\BuildLiteBehavior [ RunTime:0.000020s ]
INFO: [ app_init ] --END-- [ RunTime:0.000702s ]
INFO: [ app_begin ] --START--
INFO: Run Behavior\ReadHtmlCacheBehavior [ RunTime:0.000820s ]
INFO: [ app_begin ] --END-- [ RunTime:0.000932s ]
ERR: 无法加载控制器:Index

[ 2017-03-10T14:04:21+08:00 ] ::1 /download/mooc/index.php/getfileList
INFO: [ app_init ] --START--
INFO: Run Behavior\BuildLiteBehavior [ RunTime:0.000019s ]
INFO: [ app_init ] --END-- [ RunTime:0.000497s ]
INFO: [ app_begin ] --START--
INFO: Run Behavior\ReadHtmlCacheBehavior [ RunTime:0.000493s ]
INFO: [ app_begin ] --END-- [ RunTime:0.000584s ]
ERR: 无法加载控制器:Index

[ 2017-03-10T14:04:26+08:00 ] ::1 /download/mooc/index.php/upload
INFO: [ app_init ] --START--
INFO: Run Behavior\BuildLiteBehavior [ RunTime:0.000053s ]
INFO: [ app_init ] --END-- [ RunTime:0.000798s ]
INFO: [ app_begin ] --START--
INFO: Run Behavior\ReadHtmlCacheBehavior [ RunTime:0.000703s ]
INFO: [ app_begin ] --END-- [ RunTime:0.000798s ]
ERR: 无法加载控制器:Index

[ 2017-03-10T14:04:58+08:00 ] ::1 /download/mooc/index.php/Admin/index/getfilelist
INFO: [ app_init ] --START--
INFO: Run Behavior\BuildLiteBehavior [ RunTime:0.000044s ]
INFO: [ app_init ] --END-- [ RunTime:0.001046s ]
INFO: [ app_begin ] --START--
INFO: Run Behavior\ReadHtmlCacheBehavior [ RunTime:0.000931s ]
INFO: [ app_begin ] --END-- [ RunTime:0.001027s ]
ERR: 无法加载控制器:Index

[ 2017-03-10T14:05:34+08:00 ] ::1 /download/mooc/index.php/Admin/index/getfilelist
INFO: [ app_init ] --START--
INFO: Run Behavior\BuildLiteBehavior [ RunTime:0.000033s ]
INFO: [ app_init ] --END-- [ RunTime:0.001063s ]
INFO: [ app_begin ] --START--
INFO: Run Behavior\ReadHtmlCacheBehavior [ RunTime:0.001025s ]
INFO: [ app_begin ] --END-- [ RunTime:0.001155s ]
ERR: 无法加载控制器:Index

[ 2017-03-10T14:05:35+08:00 ] ::1 /download/mooc/index.php/Admin/index/getfilelist
INFO: [ app_init ] --START--
INFO: Run Behavior\BuildLiteBehavior [ RunTime:0.000016s ]
INFO: [ app_init ] --END-- [ RunTime:0.000385s ]
INFO: [ app_begin ] --START--
INFO: Run Behavior\ReadHtmlCacheBehavior [ RunTime:0.000510s ]
INFO: [ app_begin ] --END-- [ RunTime:0.000575s ]
ERR: 无法加载控制器:Index

[ 2017-03-10T14:09:59+08:00 ] ::1 /download/mooc/index.php/Admin/index/getfilelist
INFO: [ app_init ] --START--
INFO: Run Behavior\BuildLiteBehavior [ RunTime:0.000053s ]
INFO: [ app_init ] --END-- [ RunTime:0.001242s ]
INFO: [ app_begin ] --START--
INFO: Run Behavior\ReadHtmlCacheBehavior [ RunTime:0.000947s ]
INFO: [ app_begin ] --END-- [ RunTime:0.001023s ]
ERR: 无法加载控制器:Index

[ 2017-03-10T14:09:59+08:00 ] ::1 /download/mooc/index.php/Admin/index/getfilelist
INFO: [ app_init ] --START--
INFO: Run Behavior\BuildLiteBehavior [ RunTime:0.000020s ]
INFO: [ app_init ] --END-- [ RunTime:0.000537s ]
INFO: [ app_begin ] --START--
INFO: Run Behavior\ReadHtmlCacheBehavior [ RunTime:0.000743s ]
INFO: [ app_begin ] --END-- [ RunTime:0.000817s ]
ERR: 无法加载控制器:Index

[ 2017-03-10T14:10:00+08:00 ] ::1 /download/mooc/index.php/Admin/index/getfilelist
INFO: [ app_init ] --START--
INFO: Run Behavior\BuildLiteBehavior [ RunTime:0.000062s ]
INFO: [ app_init ] --END-- [ RunTime:0.000639s ]
INFO: [ app_begin ] --START--
INFO: Run Behavior\ReadHtmlCacheBehavior [ RunTime:0.000747s ]
INFO: [ app_begin ] --END-- [ RunTime:0.000841s ]
ERR: 无法加载控制器:Index

[ 2017-03-10T14:10:32+08:00 ] ::1 /download/mooc/index.php/Admin/index/getfilelist
INFO: [ app_init ] --START--
INFO: Run Behavior\BuildLiteBehavior [ RunTime:0.000016s ]
INFO: [ app_init ] --END-- [ RunTime:0.000403s ]
INFO: [ app_begin ] --START--
INFO: Run Behavior\ReadHtmlCacheBehavior [ RunTime:0.000553s ]
INFO: [ app_begin ] --END-- [ RunTime:0.000623s ]
SQL: SHOW COLUMNS FROM `hnust_document` [ RunTime:0.0202s ]
SQL: SELECT * FROM `hnust_document` GROUP BY type ORDER BY type LIMIT 6   [ RunTime:0.0199s ]

[ 2017-03-10T14:10:49+08:00 ] ::1 /download/mooc/index.php/getfileList
INFO: [ app_init ] --START--
INFO: Run Behavior\BuildLiteBehavior [ RunTime:0.000025s ]
INFO: [ app_init ] --END-- [ RunTime:0.000943s ]
INFO: [ app_begin ] --START--
INFO: Run Behavior\ReadHtmlCacheBehavior [ RunTime:0.001186s ]
INFO: [ app_begin ] --END-- [ RunTime:0.001302s ]
SQL: SHOW COLUMNS FROM `hnust_document` [ RunTime:0.0266s ]
SQL: SELECT * FROM `hnust_document` GROUP BY type ORDER BY type LIMIT 6   [ RunTime:0.0271s ]

[ 2017-03-10T19:48:49+08:00 ] ::1 /download/mooc/index.php/getfileList
INFO: [ app_init ] --START--
INFO: Run Behavior\BuildLiteBehavior [ RunTime:0.000043s ]
INFO: [ app_init ] --END-- [ RunTime:0.022583s ]
INFO: [ app_begin ] --START--
INFO: Run Behavior\ReadHtmlCacheBehavior [ RunTime:0.038011s ]
INFO: [ app_begin ] --END-- [ RunTime:0.038232s ]
SQL: SHOW COLUMNS FROM `hnust_document` [ RunTime:0.0549s ]
SQL: SELECT * FROM `hnust_document` GROUP BY type ORDER BY type LIMIT 6   [ RunTime:0.0208s ]

[ 2017-03-10T19:53:23+08:00 ] ::1 /download/mooc/index.php/getfileList
INFO: [ app_init ] --START--
INFO: Run Behavior\BuildLiteBehavior [ RunTime:0.000033s ]
INFO: [ app_init ] --END-- [ RunTime:0.001844s ]
INFO: [ app_begin ] --START--
INFO: Run Behavior\ReadHtmlCacheBehavior [ RunTime:0.001469s ]
INFO: [ app_begin ] --END-- [ RunTime:0.001579s ]
SQL: SHOW COLUMNS FROM `hnust_document` [ RunTime:0.0198s ]
SQL: SELECT * FROM `hnust_document` GROUP BY type ORDER BY type LIMIT 6   [ RunTime:0.0205s ]

[ 2017-03-10T19:57:41+08:00 ] ::1 /download/mooc/index.php/getfileList
INFO: [ app_init ] --START--
INFO: Run Behavior\BuildLiteBehavior [ RunTime:0.000024s ]
INFO: [ app_init ] --END-- [ RunTime:0.000744s ]
INFO: [ app_begin ] --START--
INFO: Run Behavior\ReadHtmlCacheBehavior [ RunTime:0.001299s ]
INFO: [ app_begin ] --END-- [ RunTime:0.001406s ]
SQL: SHOW COLUMNS FROM `hnust_document` [ RunTime:0.0233s ]
SQL: SELECT * FROM `hnust_document` GROUP BY type ORDER BY type LIMIT 6   [ RunTime:0.0208s ]

[ 2017-03-10T19:58:22+08:00 ] ::1 /download/mooc/index.php/getfileList
INFO: [ app_init ] --START--
INFO: Run Behavior\BuildLiteBehavior [ RunTime:0.000032s ]
INFO: [ app_init ] --END-- [ RunTime:0.002524s ]
INFO: [ app_begin ] --START--
INFO: Run Behavior\ReadHtmlCacheBehavior [ RunTime:0.001255s ]
INFO: [ app_begin ] --END-- [ RunTime:0.001368s ]
SQL: SHOW COLUMNS FROM `hnust_document` [ RunTime:0.0355s ]
SQL: SELECT * FROM `hnust_document` GROUP BY type ORDER BY type LIMIT 6   [ RunTime:0.0186s ]

[ 2017-03-10T19:58:58+08:00 ] ::1 /download/mooc/index.php/getfileList
INFO: [ app_init ] --START--
INFO: Run Behavior\BuildLiteBehavior [ RunTime:0.000026s ]
INFO: [ app_init ] --END-- [ RunTime:0.000785s ]
INFO: [ app_begin ] --START--
INFO: Run Behavior\ReadHtmlCacheBehavior [ RunTime:0.002127s ]
INFO: [ app_begin ] --END-- [ RunTime:0.002666s ]
SQL: SHOW COLUMNS FROM `hnust_document` [ RunTime:0.0230s ]
SQL: SELECT * FROM `hnust_document` GROUP BY type ORDER BY type LIMIT 6   [ RunTime:0.0420s ]

[ 2017-03-10T20:00:55+08:00 ] ::1 /download/mooc/index.php/getfileList
INFO: [ app_init ] --START--
INFO: Run Behavior\BuildLiteBehavior [ RunTime:0.000028s ]
INFO: [ app_init ] --END-- [ RunTime:0.000997s ]
INFO: [ app_begin ] --START--
INFO: Run Behavior\ReadHtmlCacheBehavior [ RunTime:0.002901s ]
INFO: [ app_begin ] --END-- [ RunTime:0.003076s ]
SQL: SHOW COLUMNS FROM `hnust_document` [ RunTime:0.0345s ]
SQL: SELECT * FROM `hnust_document` GROUP BY type ORDER BY type LIMIT 6   [ RunTime:0.0224s ]

[ 2017-03-10T20:00:57+08:00 ] ::1 /download/mooc/index.php/getfileList
INFO: [ app_init ] --START--
INFO: Run Behavior\BuildLiteBehavior [ RunTime:0.000030s ]
INFO: [ app_init ] --END-- [ RunTime:0.001129s ]
INFO: [ app_begin ] --START--
INFO: Run Behavior\ReadHtmlCacheBehavior [ RunTime:0.001533s ]
INFO: [ app_begin ] --END-- [ RunTime:0.001662s ]
SQL: SHOW COLUMNS FROM `hnust_document` [ RunTime:0.0227s ]
SQL: SELECT * FROM `hnust_document` GROUP BY type ORDER BY type LIMIT 6   [ RunTime:0.0204s ]

[ 2017-03-10T20:01:30+08:00 ] ::1 /download/mooc/index.php/getfileList
INFO: [ app_init ] --START--
INFO: Run Behavior\BuildLiteBehavior [ RunTime:0.000031s ]
INFO: [ app_init ] --END-- [ RunTime:0.001124s ]
INFO: [ app_begin ] --START--
INFO: Run Behavior\ReadHtmlCacheBehavior [ RunTime:0.002473s ]
INFO: [ app_begin ] --END-- [ RunTime:0.002616s ]
SQL: SHOW COLUMNS FROM `hnust_document` [ RunTime:0.0366s ]
SQL: SELECT * FROM `hnust_document` GROUP BY type ORDER BY type LIMIT 6   [ RunTime:0.0193s ]

[ 2017-03-10T20:01:35+08:00 ] ::1 /download/mooc/index.php/getfileList
INFO: [ app_init ] --START--
INFO: Run Behavior\BuildLiteBehavior [ RunTime:0.000030s ]
INFO: [ app_init ] --END-- [ RunTime:0.000944s ]
INFO: [ app_begin ] --START--
INFO: Run Behavior\ReadHtmlCacheBehavior [ RunTime:0.005845s ]
INFO: [ app_begin ] --END-- [ RunTime:0.005975s ]
SQL: SHOW COLUMNS FROM `hnust_document` [ RunTime:0.0591s ]
SQL: SELECT * FROM `hnust_document` GROUP BY type ORDER BY type LIMIT 6   [ RunTime:0.0623s ]

[ 2017-03-10T20:03:25+08:00 ] ::1 /download/mooc/index.php/getfileList
INFO: [ app_init ] --START--
INFO: Run Behavior\BuildLiteBehavior [ RunTime:0.000030s ]
INFO: [ app_init ] --END-- [ RunTime:0.001581s ]
INFO: [ app_begin ] --START--
INFO: Run Behavior\ReadHtmlCacheBehavior [ RunTime:0.005257s ]
INFO: [ app_begin ] --END-- [ RunTime:0.005420s ]
SQL: SHOW COLUMNS FROM `hnust_document` [ RunTime:0.0369s ]
SQL: SELECT * FROM `hnust_document` GROUP BY type ORDER BY type LIMIT 6   [ RunTime:0.0246s ]

[ 2017-03-10T20:03:31+08:00 ] ::1 /download/mooc/index.php/getfileList
INFO: [ app_init ] --START--
INFO: Run Behavior\BuildLiteBehavior [ RunTime:0.000026s ]
INFO: [ app_init ] --END-- [ RunTime:0.000807s ]
INFO: [ app_begin ] --START--
INFO: Run Behavior\ReadHtmlCacheBehavior [ RunTime:0.001073s ]
INFO: [ app_begin ] --END-- [ RunTime:0.001211s ]
SQL: SHOW COLUMNS FROM `hnust_document` [ RunTime:0.0195s ]
SQL: SELECT * FROM `hnust_document` GROUP BY type ORDER BY type LIMIT 6   [ RunTime:0.0182s ]

[ 2017-03-10T20:10:17+08:00 ] ::1 /download/mooc/index.php/getfileList
INFO: [ app_init ] --START--
INFO: Run Behavior\BuildLiteBehavior [ RunTime:0.000033s ]
INFO: [ app_init ] --END-- [ RunTime:0.000993s ]
INFO: [ app_begin ] --START--
INFO: Run Behavior\ReadHtmlCacheBehavior [ RunTime:0.002290s ]
INFO: [ app_begin ] --END-- [ RunTime:0.002431s ]
SQL: SHOW COLUMNS FROM `hnust_document` [ RunTime:0.0269s ]
SQL: SELECT * FROM `hnust_document` GROUP BY type ORDER BY type LIMIT 6   [ RunTime:0.0265s ]

[ 2017-03-10T20:11:16+08:00 ] ::1 /download/mooc/index.php/getfileList
INFO: [ app_init ] --START--
INFO: Run Behavior\BuildLiteBehavior [ RunTime:0.000031s ]
INFO: [ app_init ] --END-- [ RunTime:0.001027s ]
INFO: [ app_begin ] --START--
INFO: Run Behavior\ReadHtmlCacheBehavior [ RunTime:0.002220s ]
INFO: [ app_begin ] --END-- [ RunTime:0.002368s ]
SQL: SHOW COLUMNS FROM `hnust_document` [ RunTime:0.0251s ]
SQL: SELECT * FROM `hnust_document` GROUP BY type ORDER BY type LIMIT 6   [ RunTime:0.0311s ]

[ 2017-03-10T20:11:18+08:00 ] ::1 /download/mooc/index.php/getfileList
INFO: [ app_init ] --START--
INFO: Run Behavior\BuildLiteBehavior [ RunTime:0.000029s ]
INFO: [ app_init ] --END-- [ RunTime:0.000960s ]
INFO: [ app_begin ] --START--
INFO: Run Behavior\ReadHtmlCacheBehavior [ RunTime:0.002297s ]
INFO: [ app_begin ] --END-- [ RunTime:0.002443s ]
SQL: SHOW COLUMNS FROM `hnust_document` [ RunTime:0.0529s ]
SQL: SELECT * FROM `hnust_document` GROUP BY type ORDER BY type LIMIT 6   [ RunTime:0.0287s ]

[ 2017-03-10T20:13:36+08:00 ] ::1 /download/mooc/index.php/getfileList
INFO: [ app_init ] --START--
INFO: Run Behavior\BuildLiteBehavior [ RunTime:0.000026s ]
INFO: [ app_init ] --END-- [ RunTime:0.000850s ]
INFO: [ app_begin ] --START--
INFO: Run Behavior\ReadHtmlCacheBehavior [ RunTime:0.001719s ]
INFO: [ app_begin ] --END-- [ RunTime:0.002196s ]
SQL: SHOW COLUMNS FROM `hnust_document` [ RunTime:0.0398s ]
SQL: SELECT * FROM `hnust_document` GROUP BY type ORDER BY type  [ RunTime:0.0501s ]

[ 2017-03-10T20:13:57+08:00 ] ::1 /download/mooc/index.php/getfileList
INFO: [ app_init ] --START--
INFO: Run Behavior\BuildLiteBehavior [ RunTime:0.000033s ]
INFO: [ app_init ] --END-- [ RunTime:0.001164s ]
INFO: [ app_begin ] --START--
INFO: Run Behavior\ReadHtmlCacheBehavior [ RunTime:0.002272s ]
INFO: [ app_begin ] --END-- [ RunTime:0.002422s ]
SQL: SHOW COLUMNS FROM `hnust_document` [ RunTime:0.0284s ]
SQL: SELECT * FROM `hnust_document` GROUP BY type  [ RunTime:0.0404s ]

[ 2017-03-10T20:14:14+08:00 ] ::1 /download/mooc/index.php/getfileList
INFO: [ app_init ] --START--
INFO: Run Behavior\BuildLiteBehavior [ RunTime:0.000032s ]
INFO: [ app_init ] --END-- [ RunTime:0.001086s ]
INFO: [ app_begin ] --START--
INFO: Run Behavior\ReadHtmlCacheBehavior [ RunTime:0.002234s ]
INFO: [ app_begin ] --END-- [ RunTime:0.002375s ]
SQL: SHOW COLUMNS FROM `hnust_document` [ RunTime:0.0452s ]
SQL: SELECT * FROM `hnust_document`  [ RunTime:0.0008s ]

[ 2017-03-10T20:15:07+08:00 ] ::1 /download/mooc/index.php/getfileList
INFO: [ app_init ] --START--
INFO: Run Behavior\BuildLiteBehavior [ RunTime:0.000099s ]
INFO: [ app_init ] --END-- [ RunTime:0.000898s ]
INFO: [ app_begin ] --START--
INFO: Run Behavior\ReadHtmlCacheBehavior [ RunTime:0.001568s ]
INFO: [ app_begin ] --END-- [ RunTime:0.001702s ]
SQL: SHOW COLUMNS FROM `hnust_document` [ RunTime:0.0214s ]
SQL: SELECT * FROM `hnust_document`  [ RunTime:0.0008s ]

[ 2017-03-10T20:15:41+08:00 ] ::1 /download/mooc/index.php/getfileList
INFO: [ app_init ] --START--
INFO: Run Behavior\BuildLiteBehavior [ RunTime:0.000027s ]
INFO: [ app_init ] --END-- [ RunTime:0.000927s ]
INFO: [ app_begin ] --START--
INFO: Run Behavior\ReadHtmlCacheBehavior [ RunTime:0.001604s ]
INFO: [ app_begin ] --END-- [ RunTime:0.001849s ]
SQL: SHOW COLUMNS FROM `hnust_document` [ RunTime:0.0220s ]
SQL: SELECT * FROM `hnust_document` GROUP BY type  [ RunTime:0.0213s ]

[ 2017-03-10T20:16:55+08:00 ] ::1 /download/mooc/index.php/getfileList
INFO: [ app_init ] --START--
INFO: Run Behavior\BuildLiteBehavior [ RunTime:0.000030s ]
INFO: [ app_init ] --END-- [ RunTime:0.001340s ]
INFO: [ app_begin ] --START--
INFO: Run Behavior\ReadHtmlCacheBehavior [ RunTime:0.001670s ]
INFO: [ app_begin ] --END-- [ RunTime:0.001790s ]
SQL: SHOW COLUMNS FROM `hnust_document` [ RunTime:0.0222s ]
SQL: SELECT * FROM `hnust_document` GROUP BY type  [ RunTime:0.0747s ]

[ 2017-03-10T20:17:07+08:00 ] ::1 /download/mooc/index.php/getfileList
INFO: [ app_init ] --START--
INFO: Run Behavior\BuildLiteBehavior [ RunTime:0.000018s ]
INFO: [ app_init ] --END-- [ RunTime:0.000503s ]
INFO: [ app_begin ] --START--
INFO: Run Behavior\ReadHtmlCacheBehavior [ RunTime:0.001667s ]
INFO: [ app_begin ] --END-- [ RunTime:0.001754s ]
SQL: SHOW COLUMNS FROM `hnust_document` [ RunTime:0.0195s ]
SQL: SELECT * FROM `hnust_document` GROUP BY type  [ RunTime:0.0245s ]

[ 2017-03-10T20:30:44+08:00 ] ::1 /download/mooc/index.php/getfileList
INFO: [ app_init ] --START--
INFO: Run Behavior\BuildLiteBehavior [ RunTime:0.002521s ]
INFO: [ app_init ] --END-- [ RunTime:0.004402s ]
INFO: [ app_begin ] --START--
INFO: Run Behavior\ReadHtmlCacheBehavior [ RunTime:0.001573s ]
INFO: [ app_begin ] --END-- [ RunTime:0.001692s ]
SQL: SHOW COLUMNS FROM `hnust_document` [ RunTime:0.0229s ]
SQL: SELECT * FROM `hnust_document` ORDER BY type  [ RunTime:0.0498s ]

[ 2017-03-10T22:11:20+08:00 ] ::1 /download/mooc/index.php/getfileList
INFO: [ app_init ] --START--
INFO: Run Behavior\BuildLiteBehavior [ RunTime:0.000031s ]
INFO: [ app_init ] --END-- [ RunTime:0.001033s ]
INFO: [ app_begin ] --START--
INFO: Run Behavior\ReadHtmlCacheBehavior [ RunTime:0.001426s ]
INFO: [ app_begin ] --END-- [ RunTime:0.001546s ]
SQL: SHOW COLUMNS FROM `hnust_document` [ RunTime:0.0249s ]
SQL: SELECT * FROM `hnust_document` ORDER BY type  [ RunTime:0.0012s ]

[ 2017-03-10T22:11:22+08:00 ] ::1 /download/mooc/index.php/getfileList
INFO: [ app_init ] --START--
INFO: Run Behavior\BuildLiteBehavior [ RunTime:0.000038s ]
INFO: [ app_init ] --END-- [ RunTime:0.001670s ]
INFO: [ app_begin ] --START--
INFO: Run Behavior\ReadHtmlCacheBehavior [ RunTime:0.002183s ]
INFO: [ app_begin ] --END-- [ RunTime:0.002332s ]
SQL: SHOW COLUMNS FROM `hnust_document` [ RunTime:0.0240s ]
SQL: SELECT * FROM `hnust_document` ORDER BY type  [ RunTime:0.0009s ]

[ 2017-03-10T22:11:36+08:00 ] ::1 /download/mooc/index.php/getfileList
INFO: [ app_init ] --START--
INFO: Run Behavior\BuildLiteBehavior [ RunTime:0.000036s ]
INFO: [ app_init ] --END-- [ RunTime:0.001513s ]
INFO: [ app_begin ] --START--
INFO: Run Behavior\ReadHtmlCacheBehavior [ RunTime:0.001915s ]
INFO: [ app_begin ] --END-- [ RunTime:0.002229s ]
SQL: SHOW COLUMNS FROM `hnust_document` [ RunTime:0.0437s ]
SQL: SELECT * FROM `hnust_document` ORDER BY type  [ RunTime:0.0009s ]

[ 2017-03-10T22:12:12+08:00 ] ::1 /download/mooc/index.php/getfileList
INFO: [ app_init ] --START--
INFO: Run Behavior\BuildLiteBehavior [ RunTime:0.000081s ]
INFO: [ app_init ] --END-- [ RunTime:0.003704s ]
INFO: [ app_begin ] --START--
INFO: Run Behavior\ReadHtmlCacheBehavior [ RunTime:0.002457s ]
INFO: [ app_begin ] --END-- [ RunTime:0.002590s ]
SQL: SHOW COLUMNS FROM `hnust_document` [ RunTime:0.0260s ]
SQL: SELECT * FROM `hnust_document` ORDER BY type  [ RunTime:0.0009s ]

[ 2017-03-10T22:14:21+08:00 ] ::1 /download/mooc/index.php/getfileList
INFO: [ app_init ] --START--
INFO: Run Behavior\BuildLiteBehavior [ RunTime:0.000045s ]
INFO: [ app_init ] --END-- [ RunTime:0.001709s ]
INFO: [ app_begin ] --START--
INFO: Run Behavior\ReadHtmlCacheBehavior [ RunTime:0.001494s ]
INFO: [ app_begin ] --END-- [ RunTime:0.001665s ]
SQL: SHOW COLUMNS FROM `hnust_document` [ RunTime:0.0450s ]
SQL: SELECT * FROM `hnust_document` ORDER BY type  [ RunTime:0.0016s ]

[ 2017-03-10T22:15:07+08:00 ] ::1 /download/mooc/index.php/getfileList
INFO: [ app_init ] --START--
INFO: Run Behavior\BuildLiteBehavior [ RunTime:0.000031s ]
INFO: [ app_init ] --END-- [ RunTime:0.001072s ]
INFO: [ app_begin ] --START--
INFO: Run Behavior\ReadHtmlCacheBehavior [ RunTime:0.001749s ]
INFO: [ app_begin ] --END-- [ RunTime:0.001874s ]
SQL: SHOW COLUMNS FROM `hnust_document` [ RunTime:0.0249s ]
SQL: SELECT * FROM `hnust_document` ORDER BY type  [ RunTime:0.0016s ]

[ 2017-03-10T22:15:22+08:00 ] ::1 /download/mooc/index.php/getfileList
INFO: [ app_init ] --START--
INFO: Run Behavior\BuildLiteBehavior [ RunTime:0.000026s ]
INFO: [ app_init ] --END-- [ RunTime:0.000925s ]
INFO: [ app_begin ] --START--
INFO: Run Behavior\ReadHtmlCacheBehavior [ RunTime:0.002224s ]
INFO: [ app_begin ] --END-- [ RunTime:0.002437s ]
SQL: SHOW COLUMNS FROM `hnust_document` [ RunTime:0.0468s ]
SQL: SELECT * FROM `hnust_document` ORDER BY type  [ RunTime:0.0010s ]

[ 2017-03-10T22:16:10+08:00 ] ::1 /download/mooc/index.php/getfileList
INFO: [ app_init ] --START--
INFO: Run Behavior\BuildLiteBehavior [ RunTime:0.000029s ]
INFO: [ app_init ] --END-- [ RunTime:0.000985s ]
INFO: [ app_begin ] --START--
INFO: Run Behavior\ReadHtmlCacheBehavior [ RunTime:0.001434s ]
INFO: [ app_begin ] --END-- [ RunTime:0.001578s ]
SQL: SHOW COLUMNS FROM `hnust_document` [ RunTime:0.0268s ]
SQL: SELECT * FROM `hnust_document` ORDER BY type  [ RunTime:0.0010s ]

[ 2017-03-10T22:16:16+08:00 ] ::1 /download/mooc/index.php/getfileList
INFO: [ app_init ] --START--
INFO: Run Behavior\BuildLiteBehavior [ RunTime:0.000028s ]
INFO: [ app_init ] --END-- [ RunTime:0.001601s ]
INFO: [ app_begin ] --START--
INFO: Run Behavior\ReadHtmlCacheBehavior [ RunTime:0.001315s ]
INFO: [ app_begin ] --END-- [ RunTime:0.001490s ]
SQL: SHOW COLUMNS FROM `hnust_document` [ RunTime:0.0292s ]
SQL: SELECT * FROM `hnust_document` ORDER BY type  [ RunTime:0.0013s ]

[ 2017-03-10T22:17:52+08:00 ] ::1 /download/mooc/index.php/getfileList
INFO: [ app_init ] --START--
INFO: Run Behavior\BuildLiteBehavior [ RunTime:0.000029s ]
INFO: [ app_init ] --END-- [ RunTime:0.000971s ]
INFO: [ app_begin ] --START--
INFO: Run Behavior\ReadHtmlCacheBehavior [ RunTime:0.001394s ]
INFO: [ app_begin ] --END-- [ RunTime:0.001580s ]
SQL: SHOW COLUMNS FROM `hnust_document` [ RunTime:0.0229s ]
SQL: SELECT * FROM `hnust_document` ORDER BY type  [ RunTime:0.0008s ]

[ 2017-03-10T22:18:17+08:00 ] ::1 /download/mooc/index.php/getfileList
INFO: [ app_init ] --START--
INFO: Run Behavior\BuildLiteBehavior [ RunTime:0.000128s ]
INFO: [ app_init ] --END-- [ RunTime:0.000993s ]
INFO: [ app_begin ] --START--
INFO: Run Behavior\ReadHtmlCacheBehavior [ RunTime:0.001711s ]
INFO: [ app_begin ] --END-- [ RunTime:0.001844s ]
SQL: SHOW COLUMNS FROM `hnust_document` [ RunTime:0.0269s ]
SQL: SELECT * FROM `hnust_document` ORDER BY type  [ RunTime:0.0014s ]

[ 2017-03-10T22:18:35+08:00 ] ::1 /download/mooc/index.php/getfileList
INFO: [ app_init ] --START--
INFO: Run Behavior\BuildLiteBehavior [ RunTime:0.000026s ]
INFO: [ app_init ] --END-- [ RunTime:0.000817s ]
INFO: [ app_begin ] --START--
INFO: Run Behavior\ReadHtmlCacheBehavior [ RunTime:0.001454s ]
INFO: [ app_begin ] --END-- [ RunTime:0.001597s ]
SQL: SHOW COLUMNS FROM `hnust_document` [ RunTime:0.0384s ]
SQL: SELECT * FROM `hnust_document` ORDER BY type  [ RunTime:0.0011s ]

[ 2017-03-10T22:19:48+08:00 ] ::1 /download/mooc/index.php/getfileList
INFO: [ app_init ] --START--
INFO: Run Behavior\BuildLiteBehavior [ RunTime:0.000033s ]
INFO: [ app_init ] --END-- [ RunTime:0.001342s ]
INFO: [ app_begin ] --START--
INFO: Run Behavior\ReadHtmlCacheBehavior [ RunTime:0.002983s ]
INFO: [ app_begin ] --END-- [ RunTime:0.003137s ]
SQL: SHOW COLUMNS FROM `hnust_document` [ RunTime:0.0389s ]
SQL: SELECT * FROM `hnust_document` ORDER BY type  [ RunTime:0.0013s ]

[ 2017-03-10T22:20:04+08:00 ] ::1 /download/mooc/index.php/getfileList
INFO: [ app_init ] --START--
INFO: Run Behavior\BuildLiteBehavior [ RunTime:0.000029s ]
INFO: [ app_init ] --END-- [ RunTime:0.000940s ]
INFO: [ app_begin ] --START--
INFO: Run Behavior\ReadHtmlCacheBehavior [ RunTime:0.003686s ]
INFO: [ app_begin ] --END-- [ RunTime:0.003831s ]
SQL: SHOW COLUMNS FROM `hnust_document` [ RunTime:0.0354s ]
SQL: SELECT * FROM `hnust_document` ORDER BY type  [ RunTime:0.0009s ]

[ 2017-03-10T22:20:40+08:00 ] ::1 /download/mooc/index.php/getfileList
INFO: [ app_init ] --START--
INFO: Run Behavior\BuildLiteBehavior [ RunTime:0.000030s ]
INFO: [ app_init ] --END-- [ RunTime:0.000954s ]
INFO: [ app_begin ] --START--
INFO: Run Behavior\ReadHtmlCacheBehavior [ RunTime:0.001491s ]
INFO: [ app_begin ] --END-- [ RunTime:0.001615s ]
SQL: SHOW COLUMNS FROM `hnust_document` [ RunTime:0.0239s ]
SQL: SELECT * FROM `hnust_document` ORDER BY type  [ RunTime:0.0009s ]

[ 2017-03-10T22:21:20+08:00 ] ::1 /download/mooc/index.php/getfileList
INFO: [ app_init ] --START--
INFO: Run Behavior\BuildLiteBehavior [ RunTime:0.000030s ]
INFO: [ app_init ] --END-- [ RunTime:0.000904s ]
INFO: [ app_begin ] --START--
INFO: Run Behavior\ReadHtmlCacheBehavior [ RunTime:0.002006s ]
INFO: [ app_begin ] --END-- [ RunTime:0.002144s ]
SQL: SHOW COLUMNS FROM `hnust_document` [ RunTime:0.0248s ]
SQL: SELECT * FROM `hnust_document` ORDER BY type  [ RunTime:0.0012s ]

[ 2017-03-10T22:21:53+08:00 ] ::1 /download/mooc/index.php/getfileList
INFO: [ app_init ] --START--
INFO: Run Behavior\BuildLiteBehavior [ RunTime:0.000031s ]
INFO: [ app_init ] --END-- [ RunTime:0.001056s ]
INFO: [ app_begin ] --START--
INFO: Run Behavior\ReadHtmlCacheBehavior [ RunTime:0.001721s ]
INFO: [ app_begin ] --END-- [ RunTime:0.001856s ]
SQL: SHOW COLUMNS FROM `hnust_document` [ RunTime:0.0262s ]
SQL: SELECT * FROM `hnust_document` ORDER BY type  [ RunTime:0.0010s ]

[ 2017-03-10T22:22:24+08:00 ] ::1 /download/mooc/index.php/getfileList
INFO: [ app_init ] --START--
INFO: Run Behavior\BuildLiteBehavior [ RunTime:0.000029s ]
INFO: [ app_init ] --END-- [ RunTime:0.000922s ]
INFO: [ app_begin ] --START--
INFO: Run Behavior\ReadHtmlCacheBehavior [ RunTime:0.001629s ]
INFO: [ app_begin ] --END-- [ RunTime:0.001775s ]
SQL: SHOW COLUMNS FROM `hnust_document` [ RunTime:0.0230s ]
SQL: SELECT * FROM `hnust_document` ORDER BY type  [ RunTime:0.0009s ]

[ 2017-03-10T22:23:09+08:00 ] ::1 /download/mooc/index.php/getfileList
INFO: [ app_init ] --START--
INFO: Run Behavior\BuildLiteBehavior [ RunTime:0.000026s ]
INFO: [ app_init ] --END-- [ RunTime:0.001030s ]
INFO: [ app_begin ] --START--
INFO: Run Behavior\ReadHtmlCacheBehavior [ RunTime:0.002886s ]
INFO: [ app_begin ] --END-- [ RunTime:0.003035s ]
SQL: SHOW COLUMNS FROM `hnust_document` [ RunTime:0.0302s ]
SQL: SELECT * FROM `hnust_document` ORDER BY type  [ RunTime:0.0011s ]

[ 2017-03-10T22:23:49+08:00 ] ::1 /download/mooc/index.php/getfileList
INFO: [ app_init ] --START--
INFO: Run Behavior\BuildLiteBehavior [ RunTime:0.000030s ]
INFO: [ app_init ] --END-- [ RunTime:0.001311s ]
INFO: [ app_begin ] --START--
INFO: Run Behavior\ReadHtmlCacheBehavior [ RunTime:0.002487s ]
INFO: [ app_begin ] --END-- [ RunTime:0.002619s ]
SQL: SHOW COLUMNS FROM `hnust_document` [ RunTime:0.0259s ]
SQL: SELECT * FROM `hnust_document` ORDER BY type  [ RunTime:0.0011s ]

[ 2017-03-10T22:24:20+08:00 ] ::1 /download/mooc/index.php/getfileList
INFO: [ app_init ] --START--
INFO: Run Behavior\BuildLiteBehavior [ RunTime:0.000032s ]
INFO: [ app_init ] --END-- [ RunTime:0.001292s ]
INFO: [ app_begin ] --START--
INFO: Run Behavior\ReadHtmlCacheBehavior [ RunTime:0.001123s ]
INFO: [ app_begin ] --END-- [ RunTime:0.001218s ]
SQL: SHOW COLUMNS FROM `hnust_document` [ RunTime:0.0327s ]
SQL: SELECT * FROM `hnust_document` ORDER BY type  [ RunTime:0.0010s ]

[ 2017-03-10T22:29:05+08:00 ] ::1 /download/mooc/index.php/getfileList
INFO: [ app_init ] --START--
INFO: Run Behavior\BuildLiteBehavior [ RunTime:0.000033s ]
INFO: [ app_init ] --END-- [ RunTime:0.001012s ]
INFO: [ app_begin ] --START--
INFO: Run Behavior\ReadHtmlCacheBehavior [ RunTime:0.003442s ]
INFO: [ app_begin ] --END-- [ RunTime:0.003890s ]
SQL: SHOW COLUMNS FROM `hnust_document` [ RunTime:0.0459s ]
SQL: SELECT * FROM `hnust_document` ORDER BY type  [ RunTime:0.0012s ]

[ 2017-03-10T22:30:11+08:00 ] ::1 /download/mooc/index.php/getfileList
INFO: [ app_init ] --START--
INFO: Run Behavior\BuildLiteBehavior [ RunTime:0.000023s ]
INFO: [ app_init ] --END-- [ RunTime:0.000678s ]
INFO: [ app_begin ] --START--
INFO: Run Behavior\ReadHtmlCacheBehavior [ RunTime:0.002235s ]
INFO: [ app_begin ] --END-- [ RunTime:0.002374s ]
SQL: SHOW COLUMNS FROM `hnust_document` [ RunTime:0.0274s ]
SQL: SELECT * FROM `hnust_document` ORDER BY type  [ RunTime:0.0010s ]

[ 2017-03-10T22:32:07+08:00 ] ::1 /download/mooc/index.php/getfileList
INFO: [ app_init ] --START--
INFO: Run Behavior\BuildLiteBehavior [ RunTime:0.000029s ]
INFO: [ app_init ] --END-- [ RunTime:0.001061s ]
INFO: [ app_begin ] --START--
INFO: Run Behavior\ReadHtmlCacheBehavior [ RunTime:0.001819s ]
INFO: [ app_begin ] --END-- [ RunTime:0.001938s ]
SQL: SHOW COLUMNS FROM `hnust_document` [ RunTime:0.0272s ]
SQL: SELECT * FROM `hnust_document` ORDER BY type  [ RunTime:0.0008s ]

[ 2017-03-10T22:32:42+08:00 ] ::1 /download/mooc/index.php/updateFile
INFO: [ app_init ] --START--
INFO: Run Behavior\BuildLiteBehavior [ RunTime:0.000029s ]
INFO: [ app_init ] --END-- [ RunTime:0.000855s ]
INFO: [ app_begin ] --START--
INFO: Run Behavior\ReadHtmlCacheBehavior [ RunTime:0.001382s ]
INFO: [ app_begin ] --END-- [ RunTime:0.001504s ]
INFO: [ app_end ] --START--
INFO: Run Behavior\ShowPageTraceBehavior [ RunTime:0.061618s ]
INFO: [ app_end ] --END-- [ RunTime:0.061750s ]

[ 2017-03-10T22:38:04+08:00 ] ::1 /download/mooc/index.php/getfileList
INFO: [ app_init ] --START--
INFO: Run Behavior\BuildLiteBehavior [ RunTime:0.000031s ]
INFO: [ app_init ] --END-- [ RunTime:0.000963s ]
INFO: [ app_begin ] --START--
INFO: Run Behavior\ReadHtmlCacheBehavior [ RunTime:0.001806s ]
INFO: [ app_begin ] --END-- [ RunTime:0.002009s ]
SQL: SHOW COLUMNS FROM `hnust_document` [ RunTime:0.0230s ]
SQL: SELECT * FROM `hnust_document` ORDER BY type  [ RunTime:0.0009s ]

[ 2017-03-10T22:38:10+08:00 ] ::1 /download/mooc/index.php/updateFile
INFO: [ app_init ] --START--
INFO: Run Behavior\BuildLiteBehavior [ RunTime:0.000024s ]
INFO: [ app_init ] --END-- [ RunTime:0.000741s ]
INFO: [ app_begin ] --START--
INFO: Run Behavior\ReadHtmlCacheBehavior [ RunTime:0.001984s ]
INFO: [ app_begin ] --END-- [ RunTime:0.002113s ]
SQL: SHOW COLUMNS FROM `hnust_document` [ RunTime:0.0201s ]
SQL: DELETE FROM `hnust_document` WHERE `id` = '415c73d5a189f573fd173e6bdcce38f8' [ RunTime:0.1024s ]

[ 2017-03-10T22:38:16+08:00 ] ::1 /download/mooc/index.php/getfileList
INFO: [ app_init ] --START--
INFO: Run Behavior\BuildLiteBehavior [ RunTime:0.000086s ]
INFO: [ app_init ] --END-- [ RunTime:0.001301s ]
INFO: [ app_begin ] --START--
INFO: Run Behavior\ReadHtmlCacheBehavior [ RunTime:0.003646s ]
INFO: [ app_begin ] --END-- [ RunTime:0.003835s ]
SQL: SHOW COLUMNS FROM `hnust_document` [ RunTime:0.0345s ]
SQL: SELECT * FROM `hnust_document` ORDER BY type  [ RunTime:0.0012s ]

[ 2017-03-10T22:38:27+08:00 ] ::1 /download/mooc/index.php/updateFile
INFO: [ app_init ] --START--
INFO: Run Behavior\BuildLiteBehavior [ RunTime:0.000017s ]
INFO: [ app_init ] --END-- [ RunTime:0.000485s ]
INFO: [ app_begin ] --START--
INFO: Run Behavior\ReadHtmlCacheBehavior [ RunTime:0.001054s ]
INFO: [ app_begin ] --END-- [ RunTime:0.001132s ]
SQL: SHOW COLUMNS FROM `hnust_document` [ RunTime:0.0199s ]
SQL: DELETE FROM `hnust_document` WHERE `id` = '8ee7abacae27e87ea7c37931fc440374' [ RunTime:0.1149s ]

[ 2017-03-10T22:38:40+08:00 ] ::1 /download/mooc/index.php/getfileList
INFO: [ app_init ] --START--
INFO: Run Behavior\BuildLiteBehavior [ RunTime:0.000032s ]
INFO: [ app_init ] --END-- [ RunTime:0.001080s ]
INFO: [ app_begin ] --START--
INFO: Run Behavior\ReadHtmlCacheBehavior [ RunTime:0.001410s ]
INFO: [ app_begin ] --END-- [ RunTime:0.001537s ]
SQL: SHOW COLUMNS FROM `hnust_document` [ RunTime:0.0288s ]
SQL: SELECT * FROM `hnust_document` ORDER BY type  [ RunTime:0.0009s ]

