[ 2017-03-10T22:29:08+08:00 ] ::1 /download/mooc/index.php/updatefile
INFO: [ app_init ] --START--
INFO: Run Behavior\BuildLiteBehavior [ RunTime:0.000037s ]
INFO: [ app_init ] --END-- [ RunTime:0.000763s ]
ERR: 无法加载模块:Updatefile

[ 2017-03-10T22:29:55+08:00 ] ::1 /download/mooc/index.php/updatefile
INFO: [ app_init ] --START--
INFO: Run Behavior\BuildLiteBehavior [ RunTime:0.000016s ]
INFO: [ app_init ] --END-- [ RunTime:0.000459s ]
ERR: 无法加载模块:Updatefile

[ 2017-03-10T22:30:05+08:00 ] ::1 /download/mooc/index.php/updatefile
INFO: [ app_init ] --START--
INFO: Run Behavior\BuildLiteBehavior [ RunTime:0.000050s ]
INFO: [ app_init ] --END-- [ RunTime:0.000668s ]
ERR: 无法加载模块:Updatefile

[ 2017-03-10T22:30:15+08:00 ] ::1 /download/mooc/index.php/updateFile
INFO: [ app_init ] --START--
INFO: Run Behavior\BuildLiteBehavior [ RunTime:0.000021s ]
INFO: [ app_init ] --END-- [ RunTime:0.000625s ]
ERR: 无法加载模块:UpdateFile

