[ 2017-04-04T09:44:25+08:00 ] 110.53.134.142 /mooc/index.php/utf8-php/ueditor.config.js
INFO: [ app_init ] --START--
INFO: Run Behavior\BuildLiteBehavior [ RunTime:0.000013s ]
INFO: [ app_init ] --END-- [ RunTime:0.000072s ]
ERR: 无法加载模块:Utf8-php

[ 2017-04-04T09:44:25+08:00 ] 110.53.134.142 /mooc/index.php/utf8-php/ueditor.all.js
INFO: [ app_init ] --START--
INFO: Run Behavior\BuildLiteBehavior [ RunTime:0.000011s ]
INFO: [ app_init ] --END-- [ RunTime:0.000072s ]
ERR: 无法加载模块:Utf8-php

[ 2017-04-04T09:44:25+08:00 ] 110.53.134.142 /mooc/index.php/utf8-php/ueditor.config.js
INFO: [ app_init ] --START--
INFO: Run Behavior\BuildLiteBehavior [ RunTime:0.000014s ]
INFO: [ app_init ] --END-- [ RunTime:0.000090s ]
ERR: 无法加载模块:Utf8-php

[ 2017-04-04T09:44:25+08:00 ] 110.53.134.142 /mooc/index.php/utf8-php/ueditor.all.js
INFO: [ app_init ] --START--
INFO: Run Behavior\BuildLiteBehavior [ RunTime:0.000013s ]
INFO: [ app_init ] --END-- [ RunTime:0.000089s ]
ERR: 无法加载模块:Utf8-php

[ 2017-04-04T11:58:40+08:00 ] 110.53.134.142 /mooc/index.php/js/jquery.min.js
INFO: [ app_init ] --START--
INFO: Run Behavior\BuildLiteBehavior [ RunTime:0.000013s ]
INFO: [ app_init ] --END-- [ RunTime:0.000089s ]
ERR: 无法加载模块:Js

[ 2017-04-04T11:58:53+08:00 ] 110.53.134.142 /mooc/index.php/js/jquery.min.js
INFO: [ app_init ] --START--
INFO: Run Behavior\BuildLiteBehavior [ RunTime:0.000014s ]
INFO: [ app_init ] --END-- [ RunTime:0.000092s ]
ERR: 无法加载模块:Js

