[ 2017-03-13T10:03:17+08:00 ] ::1 /download/mooc/index.php/%7B%7Bimgurl%7D%7D
INFO: [ app_init ] --START--
INFO: Run Behavior\BuildLiteBehavior [ RunTime:0.000027s ]
INFO: [ app_init ] --END-- [ RunTime:0.000883s ]
ERR: 无法加载模块:{{imgurl}}

[ 2017-03-13T22:20:22+08:00 ] 110.52.124.240 /mooc/index.php/favicon.ico
INFO: [ app_init ] --START--
INFO: Run Behavior\BuildLiteBehavior [ RunTime:0.000015s ]
INFO: [ app_init ] --END-- [ RunTime:0.000088s ]
ERR: 无法加载模块:Favicon

[ 2017-03-13T22:26:40+08:00 ] 110.52.124.240 /mooc/index.php/favicon.ico
INFO: [ app_init ] --START--
INFO: Run Behavior\BuildLiteBehavior [ RunTime:0.000014s ]
INFO: [ app_init ] --END-- [ RunTime:0.000095s ]
ERR: 无法加载模块:Favicon

[ 2017-03-13T22:26:50+08:00 ] 110.52.124.240 /mooc/index.php/undefinedlang/zh-cn/zh-cn.js
INFO: [ app_init ] --START--
INFO: Run Behavior\BuildLiteBehavior [ RunTime:0.000018s ]
INFO: [ app_init ] --END-- [ RunTime:0.000145s ]
ERR: 无法加载模块:Undefinedlang

[ 2017-03-13T22:26:50+08:00 ] 110.52.124.240 /mooc/index.php/undefinedthemes/default/css/ueditor.css
INFO: [ app_init ] --START--
INFO: Run Behavior\BuildLiteBehavior [ RunTime:0.000031s ]
INFO: [ app_init ] --END-- [ RunTime:0.000194s ]
ERR: 无法加载模块:Undefinedthemes

[ 2017-03-13T22:26:51+08:00 ] 110.52.124.240 /mooc/index.php/undefinedthemes/default/css/ueditor.css
INFO: [ app_init ] --START--
INFO: Run Behavior\BuildLiteBehavior [ RunTime:0.000014s ]
INFO: [ app_init ] --END-- [ RunTime:0.000091s ]
ERR: 无法加载模块:Undefinedthemes

[ 2017-03-13T22:27:04+08:00 ] 110.52.124.240 /mooc/index.php/undefinedthemes/default/css/ueditor.css
INFO: [ app_init ] --START--
INFO: Run Behavior\BuildLiteBehavior [ RunTime:0.000011s ]
INFO: [ app_init ] --END-- [ RunTime:0.000076s ]
ERR: 无法加载模块:Undefinedthemes

[ 2017-03-13T22:27:04+08:00 ] 110.52.124.240 /mooc/index.php/undefinedlang/zh-cn/zh-cn.js
INFO: [ app_init ] --START--
INFO: Run Behavior\BuildLiteBehavior [ RunTime:0.000009s ]
INFO: [ app_init ] --END-- [ RunTime:0.000060s ]
ERR: 无法加载模块:Undefinedlang

[ 2017-03-13T22:28:25+08:00 ] 110.52.124.240 /mooc/index.php/undefinedlang/zh-cn/zh-cn.js
INFO: [ app_init ] --START--
INFO: Run Behavior\BuildLiteBehavior [ RunTime:0.000014s ]
INFO: [ app_init ] --END-- [ RunTime:0.000091s ]
ERR: 无法加载模块:Undefinedlang

[ 2017-03-13T22:28:25+08:00 ] 110.52.124.240 /mooc/index.php/undefinedthemes/default/css/ueditor.css
INFO: [ app_init ] --START--
INFO: Run Behavior\BuildLiteBehavior [ RunTime:0.000011s ]
INFO: [ app_init ] --END-- [ RunTime:0.000095s ]
ERR: 无法加载模块:Undefinedthemes

[ 2017-03-13T22:29:39+08:00 ] 110.52.124.240 /mooc/index.php/undefinedlang/zh-cn/zh-cn.js
INFO: [ app_init ] --START--
INFO: Run Behavior\BuildLiteBehavior [ RunTime:0.000014s ]
INFO: [ app_init ] --END-- [ RunTime:0.000091s ]
ERR: 无法加载模块:Undefinedlang

[ 2017-03-13T22:29:39+08:00 ] 110.52.124.240 /mooc/index.php/undefinedthemes/default/css/ueditor.css
INFO: [ app_init ] --START--
INFO: Run Behavior\BuildLiteBehavior [ RunTime:0.000010s ]
INFO: [ app_init ] --END-- [ RunTime:0.000066s ]
ERR: 无法加载模块:Undefinedthemes

[ 2017-03-13T22:32:19+08:00 ] 110.52.124.240 /mooc/index.php/undefinedlang/zh-cn/zh-cn.js
INFO: [ app_init ] --START--
INFO: Run Behavior\BuildLiteBehavior [ RunTime:0.000011s ]
INFO: [ app_init ] --END-- [ RunTime:0.000084s ]
ERR: 无法加载模块:Undefinedlang

[ 2017-03-13T22:32:19+08:00 ] 110.52.124.240 /mooc/index.php/undefinedthemes/default/css/ueditor.css
INFO: [ app_init ] --START--
INFO: Run Behavior\BuildLiteBehavior [ RunTime:0.000012s ]
INFO: [ app_init ] --END-- [ RunTime:0.000074s ]
ERR: 无法加载模块:Undefinedthemes

[ 2017-03-13T22:38:51+08:00 ] 110.52.124.240 /mooc/index.php/undefinedlang/zh-cn/zh-cn.js
INFO: [ app_init ] --START--
INFO: Run Behavior\BuildLiteBehavior [ RunTime:0.000014s ]
INFO: [ app_init ] --END-- [ RunTime:0.000091s ]
ERR: 无法加载模块:Undefinedlang

[ 2017-03-13T22:38:51+08:00 ] 110.52.124.240 /mooc/index.php/undefinedthemes/default/css/ueditor.css
INFO: [ app_init ] --START--
INFO: Run Behavior\BuildLiteBehavior [ RunTime:0.000013s ]
INFO: [ app_init ] --END-- [ RunTime:0.000088s ]
ERR: 无法加载模块:Undefinedthemes

[ 2017-03-13T22:41:06+08:00 ] 110.52.124.240 /mooc/index.php/undefinedlang/zh-cn/zh-cn.js
INFO: [ app_init ] --START--
INFO: Run Behavior\BuildLiteBehavior [ RunTime:0.000013s ]
INFO: [ app_init ] --END-- [ RunTime:0.000092s ]
ERR: 无法加载模块:Undefinedlang

[ 2017-03-13T22:41:07+08:00 ] 110.52.124.240 /mooc/index.php/undefinedthemes/default/css/ueditor.css
INFO: [ app_init ] --START--
INFO: Run Behavior\BuildLiteBehavior [ RunTime:0.000014s ]
INFO: [ app_init ] --END-- [ RunTime:0.000097s ]
ERR: 无法加载模块:Undefinedthemes

[ 2017-03-13T22:44:54+08:00 ] 110.52.124.240 /mooc/index.php/undefinedlang/zh-cn/zh-cn.js
INFO: [ app_init ] --START--
INFO: Run Behavior\BuildLiteBehavior [ RunTime:0.000014s ]
INFO: [ app_init ] --END-- [ RunTime:0.000091s ]
ERR: 无法加载模块:Undefinedlang

[ 2017-03-13T22:44:54+08:00 ] 110.52.124.240 /mooc/index.php/undefinedthemes/default/css/ueditor.css
INFO: [ app_init ] --START--
INFO: Run Behavior\BuildLiteBehavior [ RunTime:0.000017s ]
INFO: [ app_init ] --END-- [ RunTime:0.000102s ]
ERR: 无法加载模块:Undefinedthemes

[ 2017-03-13T22:46:03+08:00 ] 110.52.124.240 /mooc/index.php/undefinedlang/zh-cn/zh-cn.js
INFO: [ app_init ] --START--
INFO: Run Behavior\BuildLiteBehavior [ RunTime:0.000015s ]
INFO: [ app_init ] --END-- [ RunTime:0.000102s ]
ERR: 无法加载模块:Undefinedlang

[ 2017-03-13T22:46:03+08:00 ] 110.52.124.240 /mooc/index.php/undefinedthemes/default/css/ueditor.css
INFO: [ app_init ] --START--
INFO: Run Behavior\BuildLiteBehavior [ RunTime:0.000014s ]
INFO: [ app_init ] --END-- [ RunTime:0.000078s ]
ERR: 无法加载模块:Undefinedthemes

[ 2017-03-13T22:47:30+08:00 ] 110.52.124.240 /mooc/index.php/undefinedlang/zh-cn/zh-cn.js
INFO: [ app_init ] --START--
INFO: Run Behavior\BuildLiteBehavior [ RunTime:0.000012s ]
INFO: [ app_init ] --END-- [ RunTime:0.000152s ]
ERR: 无法加载模块:Undefinedlang

[ 2017-03-13T22:47:30+08:00 ] 110.52.124.240 /mooc/index.php/undefinedthemes/default/css/ueditor.css
INFO: [ app_init ] --START--
INFO: Run Behavior\BuildLiteBehavior [ RunTime:0.000009s ]
INFO: [ app_init ] --END-- [ RunTime:0.000061s ]
ERR: 无法加载模块:Undefinedthemes

[ 2017-03-13T22:47:57+08:00 ] 110.52.124.240 /mooc/index.php/undefinedlang/zh-cn/zh-cn.js
INFO: [ app_init ] --START--
INFO: Run Behavior\BuildLiteBehavior [ RunTime:0.000016s ]
INFO: [ app_init ] --END-- [ RunTime:0.000104s ]
ERR: 无法加载模块:Undefinedlang

[ 2017-03-13T22:47:57+08:00 ] 110.52.124.240 /mooc/index.php/undefinedthemes/default/css/ueditor.css
INFO: [ app_init ] --START--
INFO: Run Behavior\BuildLiteBehavior [ RunTime:0.000015s ]
INFO: [ app_init ] --END-- [ RunTime:0.000100s ]
ERR: 无法加载模块:Undefinedthemes

[ 2017-03-13T22:48:19+08:00 ] 110.52.124.240 /mooc/index.php/favicon.ico
INFO: [ app_init ] --START--
INFO: Run Behavior\BuildLiteBehavior [ RunTime:0.000016s ]
INFO: [ app_init ] --END-- [ RunTime:0.000102s ]
ERR: 无法加载模块:Favicon

[ 2017-03-13T22:49:23+08:00 ] 110.52.124.240 /mooc/index.php/undefinedthemes/default/css/ueditor.css
INFO: [ app_init ] --START--
INFO: Run Behavior\BuildLiteBehavior [ RunTime:0.000014s ]
INFO: [ app_init ] --END-- [ RunTime:0.000089s ]
ERR: 无法加载模块:Undefinedthemes

[ 2017-03-13T22:49:23+08:00 ] 110.52.124.240 /mooc/index.php/undefinedlang/zh-cn/zh-cn.js
INFO: [ app_init ] --START--
INFO: Run Behavior\BuildLiteBehavior [ RunTime:0.000016s ]
INFO: [ app_init ] --END-- [ RunTime:0.000111s ]
ERR: 无法加载模块:Undefinedlang

[ 2017-03-13T23:04:39+08:00 ] 119.39.148.160 /mooc/index.php/undefinedlang/zh-cn/zh-cn.js
INFO: [ app_init ] --START--
INFO: Run Behavior\BuildLiteBehavior [ RunTime:0.000014s ]
INFO: [ app_init ] --END-- [ RunTime:0.000079s ]
ERR: 无法加载模块:Undefinedlang

[ 2017-03-13T23:04:39+08:00 ] 119.39.148.160 /mooc/index.php/undefinedthemes/default/css/ueditor.css
INFO: [ app_init ] --START--
INFO: Run Behavior\BuildLiteBehavior [ RunTime:0.000011s ]
INFO: [ app_init ] --END-- [ RunTime:0.000075s ]
ERR: 无法加载模块:Undefinedthemes

[ 2017-03-13T23:05:16+08:00 ] 119.39.148.160 /mooc/index.php/undefinedlang/zh-cn/zh-cn.js
INFO: [ app_init ] --START--
INFO: Run Behavior\BuildLiteBehavior [ RunTime:0.000013s ]
INFO: [ app_init ] --END-- [ RunTime:0.000105s ]
ERR: 无法加载模块:Undefinedlang

[ 2017-03-13T23:05:16+08:00 ] 119.39.148.160 /mooc/index.php/undefinedthemes/default/css/ueditor.css
INFO: [ app_init ] --START--
INFO: Run Behavior\BuildLiteBehavior [ RunTime:0.000013s ]
INFO: [ app_init ] --END-- [ RunTime:0.000084s ]
ERR: 无法加载模块:Undefinedthemes

