[ 2017-03-16T10:37:26+08:00 ] 110.53.128.248 /mooc/index.php/favicon.ico
INFO: [ app_init ] --START--
INFO: Run Behavior\BuildLiteBehavior [ RunTime:0.000009s ]
INFO: [ app_init ] --END-- [ RunTime:0.000064s ]
ERR: 无法加载模块:Favicon

[ 2017-03-16T12:59:54+08:00 ] 110.53.128.248 /mooc/index.php/css/bootstrap.min.css?v=3.3.6
INFO: [ app_init ] --START--
INFO: Run Behavior\BuildLiteBehavior [ RunTime:0.000012s ]
INFO: [ app_init ] --END-- [ RunTime:0.000081s ]
ERR: 无法加载模块:Css

[ 2017-03-16T12:59:54+08:00 ] 110.53.128.248 /mooc/index.php/css/style.css?v=4.1.0
INFO: [ app_init ] --START--
INFO: Run Behavior\BuildLiteBehavior [ RunTime:0.000013s ]
INFO: [ app_init ] --END-- [ RunTime:0.000074s ]
ERR: 无法加载模块:Css

[ 2017-03-16T12:59:54+08:00 ] 110.53.128.248 /mooc/index.php/css/font-awesome.css
INFO: [ app_init ] --START--
INFO: Run Behavior\BuildLiteBehavior [ RunTime:0.000013s ]
INFO: [ app_init ] --END-- [ RunTime:0.000090s ]
ERR: 无法加载模块:Css

[ 2017-03-16T12:59:54+08:00 ] 110.53.128.248 /mooc/index.php/js/jquery.min.js?v=2.1.4
INFO: [ app_init ] --START--
INFO: Run Behavior\BuildLiteBehavior [ RunTime:0.000009s ]
INFO: [ app_init ] --END-- [ RunTime:0.000065s ]
ERR: 无法加载模块:Js

[ 2017-03-16T12:59:54+08:00 ] 110.53.128.248 /mooc/index.php/css/animate.css
INFO: [ app_init ] --START--
INFO: Run Behavior\BuildLiteBehavior [ RunTime:0.000009s ]
INFO: [ app_init ] --END-- [ RunTime:0.000121s ]
ERR: 无法加载模块:Css

[ 2017-03-16T12:59:54+08:00 ] 110.53.128.248 /mooc/index.php/css/plugins/iCheck/custom.css
INFO: [ app_init ] --START--
INFO: Run Behavior\BuildLiteBehavior [ RunTime:0.000012s ]
INFO: [ app_init ] --END-- [ RunTime:0.000074s ]
ERR: 无法加载模块:Css

[ 2017-03-16T12:59:54+08:00 ] 110.53.128.248 /mooc/index.php/utf8-php/ueditor.config.js
INFO: [ app_init ] --START--
INFO: Run Behavior\BuildLiteBehavior [ RunTime:0.000010s ]
INFO: [ app_init ] --END-- [ RunTime:0.000059s ]
ERR: 无法加载模块:Utf8-php

[ 2017-03-16T12:59:54+08:00 ] 110.53.128.248 /mooc/index.php/utf8-php/ueditor.all.js
INFO: [ app_init ] --START--
INFO: Run Behavior\BuildLiteBehavior [ RunTime:0.000011s ]
INFO: [ app_init ] --END-- [ RunTime:0.000064s ]
ERR: 无法加载模块:Utf8-php

[ 2017-03-16T12:59:54+08:00 ] 110.53.128.248 /mooc/index.php/js/bootstrap.min.js?v=3.3.6
INFO: [ app_init ] --START--
INFO: Run Behavior\BuildLiteBehavior [ RunTime:0.000010s ]
INFO: [ app_init ] --END-- [ RunTime:0.000066s ]
ERR: 无法加载模块:Js

[ 2017-03-16T12:59:54+08:00 ] 110.53.128.248 /mooc/index.php/js/plugins/layer/laydate/laydate.js
INFO: [ app_init ] --START--
INFO: Run Behavior\BuildLiteBehavior [ RunTime:0.000015s ]
INFO: [ app_init ] --END-- [ RunTime:0.000270s ]
ERR: 无法加载模块:Js

[ 2017-03-16T12:59:54+08:00 ] 110.53.128.248 /mooc/index.php/js/own/notice.js
INFO: [ app_init ] --START--
INFO: Run Behavior\BuildLiteBehavior [ RunTime:0.000009s ]
INFO: [ app_init ] --END-- [ RunTime:0.000057s ]
ERR: 无法加载模块:Js

[ 2017-03-16T12:59:54+08:00 ] 110.53.128.248 /mooc/index.php/js/content.js?v=1.0.0
INFO: [ app_init ] --START--
INFO: Run Behavior\BuildLiteBehavior [ RunTime:0.000010s ]
INFO: [ app_init ] --END-- [ RunTime:0.000063s ]
ERR: 无法加载模块:Js

[ 2017-03-16T12:59:54+08:00 ] 110.53.128.248 /mooc/index.php/js/plugins/iCheck/icheck.min.js
INFO: [ app_init ] --START--
INFO: Run Behavior\BuildLiteBehavior [ RunTime:0.000012s ]
INFO: [ app_init ] --END-- [ RunTime:0.000067s ]
ERR: 无法加载模块:Js

[ 2017-03-16T12:59:54+08:00 ] 110.53.128.248 /mooc/index.php/js/plugins/layer/laydate/laydate.js
INFO: [ app_init ] --START--
INFO: Run Behavior\BuildLiteBehavior [ RunTime:0.000011s ]
INFO: [ app_init ] --END-- [ RunTime:0.000065s ]
ERR: 无法加载模块:Js

[ 2017-03-16T12:59:54+08:00 ] 110.53.128.248 /mooc/index.php/js/own/notice.js
INFO: [ app_init ] --START--
INFO: Run Behavior\BuildLiteBehavior [ RunTime:0.000010s ]
INFO: [ app_init ] --END-- [ RunTime:0.000066s ]
ERR: 无法加载模块:Js

[ 2017-03-16T12:59:58+08:00 ] 110.53.128.248 /mooc/index.php/css/animate.css
INFO: [ app_init ] --START--
INFO: Run Behavior\BuildLiteBehavior [ RunTime:0.000016s ]
INFO: [ app_init ] --END-- [ RunTime:0.000106s ]
ERR: 无法加载模块:Css

[ 2017-03-16T12:59:58+08:00 ] 110.53.128.248 /mooc/index.php/css/font-awesome.css?v=4.4.0
INFO: [ app_init ] --START--
INFO: Run Behavior\BuildLiteBehavior [ RunTime:0.000015s ]
INFO: [ app_init ] --END-- [ RunTime:0.000090s ]
ERR: 无法加载模块:Css

[ 2017-03-16T12:59:58+08:00 ] 110.53.128.248 /mooc/index.php/css/style.css?v=4.1.0
INFO: [ app_init ] --START--
INFO: Run Behavior\BuildLiteBehavior [ RunTime:0.000023s ]
INFO: [ app_init ] --END-- [ RunTime:0.000110s ]
ERR: 无法加载模块:Css

[ 2017-03-16T12:59:58+08:00 ] 110.53.128.248 /mooc/index.php/js/jquery.min.js?v=2.1.4
INFO: [ app_init ] --START--
INFO: Run Behavior\BuildLiteBehavior [ RunTime:0.000014s ]
INFO: [ app_init ] --END-- [ RunTime:0.000086s ]
ERR: 无法加载模块:Js

[ 2017-03-16T12:59:58+08:00 ] 110.53.128.248 /mooc/index.php/css/bootstrap.min.css?v=3.3.6
INFO: [ app_init ] --START--
INFO: Run Behavior\BuildLiteBehavior [ RunTime:0.000013s ]
INFO: [ app_init ] --END-- [ RunTime:0.000086s ]
ERR: 无法加载模块:Css

[ 2017-03-16T12:59:58+08:00 ] 110.53.128.248 /mooc/index.php/css/plugins/jqgrid/ui.jqgrid.css?0820
INFO: [ app_init ] --START--
INFO: Run Behavior\BuildLiteBehavior [ RunTime:0.000014s ]
INFO: [ app_init ] --END-- [ RunTime:0.000090s ]
ERR: 无法加载模块:Css

[ 2017-03-16T12:59:58+08:00 ] 110.53.128.248 /mooc/index.php/js/bootstrap.min.js?v=3.3.6
INFO: [ app_init ] --START--
INFO: Run Behavior\BuildLiteBehavior [ RunTime:0.000017s ]
INFO: [ app_init ] --END-- [ RunTime:0.000095s ]
ERR: 无法加载模块:Js

[ 2017-03-16T12:59:58+08:00 ] 110.53.128.248 /mooc/index.php/js/plugins/peity/jquery.peity.min.js
INFO: [ app_init ] --START--
INFO: Run Behavior\BuildLiteBehavior [ RunTime:0.000015s ]
INFO: [ app_init ] --END-- [ RunTime:0.000095s ]
ERR: 无法加载模块:Js

[ 2017-03-16T12:59:58+08:00 ] 110.53.128.248 /mooc/index.php/js/content.js?v=1.0.0
INFO: [ app_init ] --START--
INFO: Run Behavior\BuildLiteBehavior [ RunTime:0.000029s ]
INFO: [ app_init ] --END-- [ RunTime:0.000157s ]
ERR: 无法加载模块:Js

[ 2017-03-16T12:59:58+08:00 ] 110.53.128.248 /mooc/index.php/js/plugins/jqgrid/jquery.jqGrid.min.js?0820
INFO: [ app_init ] --START--
INFO: Run Behavior\BuildLiteBehavior [ RunTime:0.000012s ]
INFO: [ app_init ] --END-- [ RunTime:0.000071s ]
ERR: 无法加载模块:Js

[ 2017-03-16T12:59:58+08:00 ] 110.53.128.248 /mooc/index.php/js/own/inform_notice.js
INFO: [ app_init ] --START--
INFO: Run Behavior\BuildLiteBehavior [ RunTime:0.000011s ]
INFO: [ app_init ] --END-- [ RunTime:0.000061s ]
ERR: 无法加载模块:Js

[ 2017-03-16T12:59:58+08:00 ] 110.53.128.248 /mooc/index.php/js/plugins/jqgrid/i18n/grid.locale-cn.js?0820
INFO: [ app_init ] --START--
INFO: Run Behavior\BuildLiteBehavior [ RunTime:0.000012s ]
INFO: [ app_init ] --END-- [ RunTime:0.000081s ]
ERR: 无法加载模块:Js

[ 2017-03-16T12:59:58+08:00 ] 110.53.128.248 /mooc/index.php/js/plugins/jqgrid/jquery.jqGrid.min.js?0820
INFO: [ app_init ] --START--
INFO: Run Behavior\BuildLiteBehavior [ RunTime:0.000015s ]
INFO: [ app_init ] --END-- [ RunTime:0.000097s ]
ERR: 无法加载模块:Js

[ 2017-03-16T12:59:58+08:00 ] 110.53.128.248 /mooc/index.php/js/content.js?v=1.0.0
INFO: [ app_init ] --START--
INFO: Run Behavior\BuildLiteBehavior [ RunTime:0.000010s ]
INFO: [ app_init ] --END-- [ RunTime:0.000087s ]
ERR: 无法加载模块:Js

[ 2017-03-16T12:59:58+08:00 ] 110.53.128.248 /mooc/index.php/js/own/inform_notice.js
INFO: [ app_init ] --START--
INFO: Run Behavior\BuildLiteBehavior [ RunTime:0.000011s ]
INFO: [ app_init ] --END-- [ RunTime:0.000089s ]
ERR: 无法加载模块:Js

[ 2017-03-16T13:00:01+08:00 ] 110.53.128.248 /mooc/index.php/css/bootstrap.min.css?v=3.3.6
INFO: [ app_init ] --START--
INFO: Run Behavior\BuildLiteBehavior [ RunTime:0.000009s ]
INFO: [ app_init ] --END-- [ RunTime:0.000062s ]
ERR: 无法加载模块:Css

[ 2017-03-16T13:00:01+08:00 ] 110.53.128.248 /mooc/index.php/css/plugins/jqgrid/ui.jqgrid.css?0820
INFO: [ app_init ] --START--
INFO: Run Behavior\BuildLiteBehavior [ RunTime:0.000010s ]
INFO: [ app_init ] --END-- [ RunTime:0.000063s ]
ERR: 无法加载模块:Css

[ 2017-03-16T13:00:01+08:00 ] 110.53.128.248 /mooc/index.php/css/style.css?v=4.1.0
INFO: [ app_init ] --START--
INFO: Run Behavior\BuildLiteBehavior [ RunTime:0.000011s ]
INFO: [ app_init ] --END-- [ RunTime:0.000070s ]
ERR: 无法加载模块:Css

[ 2017-03-16T13:00:01+08:00 ] 110.53.128.248 /mooc/index.php/css/animate.css
INFO: [ app_init ] --START--
INFO: Run Behavior\BuildLiteBehavior [ RunTime:0.000013s ]
INFO: [ app_init ] --END-- [ RunTime:0.000115s ]
ERR: 无法加载模块:Css

[ 2017-03-16T13:00:01+08:00 ] 110.53.128.248 /mooc/index.php/css/font-awesome.css?v=4.4.0
INFO: [ app_init ] --START--
INFO: Run Behavior\BuildLiteBehavior [ RunTime:0.000009s ]
INFO: [ app_init ] --END-- [ RunTime:0.000057s ]
ERR: 无法加载模块:Css

[ 2017-03-16T13:00:01+08:00 ] 110.53.128.248 /mooc/index.php/js/jquery.min.js?v=2.1.4
INFO: [ app_init ] --START--
INFO: Run Behavior\BuildLiteBehavior [ RunTime:0.000010s ]
INFO: [ app_init ] --END-- [ RunTime:0.000068s ]
ERR: 无法加载模块:Js

[ 2017-03-16T13:00:01+08:00 ] 110.53.128.248 /mooc/index.php/js/bootstrap.min.js?v=3.3.6
INFO: [ app_init ] --START--
INFO: Run Behavior\BuildLiteBehavior [ RunTime:0.000011s ]
INFO: [ app_init ] --END-- [ RunTime:0.000063s ]
ERR: 无法加载模块:Js

[ 2017-03-16T13:00:01+08:00 ] 110.53.128.248 /mooc/index.php/js/plugins/peity/jquery.peity.min.js
INFO: [ app_init ] --START--
INFO: Run Behavior\BuildLiteBehavior [ RunTime:0.000016s ]
INFO: [ app_init ] --END-- [ RunTime:0.000099s ]
ERR: 无法加载模块:Js

[ 2017-03-16T13:00:01+08:00 ] 110.53.128.248 /mooc/index.php/js/plugins/jqgrid/jquery.jqGrid.min.js?0820
INFO: [ app_init ] --START--
INFO: Run Behavior\BuildLiteBehavior [ RunTime:0.000014s ]
INFO: [ app_init ] --END-- [ RunTime:0.000088s ]
ERR: 无法加载模块:Js

[ 2017-03-16T13:00:01+08:00 ] 110.53.128.248 /mooc/index.php/js/plugins/jqgrid/i18n/grid.locale-cn.js?0820
INFO: [ app_init ] --START--
INFO: Run Behavior\BuildLiteBehavior [ RunTime:0.000009s ]
INFO: [ app_init ] --END-- [ RunTime:0.000070s ]
ERR: 无法加载模块:Js

[ 2017-03-16T13:00:01+08:00 ] 110.53.128.248 /mooc/index.php/js/own/inform_notice.js
INFO: [ app_init ] --START--
INFO: Run Behavior\BuildLiteBehavior [ RunTime:0.000010s ]
INFO: [ app_init ] --END-- [ RunTime:0.000150s ]
ERR: 无法加载模块:Js

[ 2017-03-16T13:00:01+08:00 ] 110.53.128.248 /mooc/index.php/js/content.js?v=1.0.0
INFO: [ app_init ] --START--
INFO: Run Behavior\BuildLiteBehavior [ RunTime:0.000009s ]
INFO: [ app_init ] --END-- [ RunTime:0.000060s ]
ERR: 无法加载模块:Js

[ 2017-03-16T13:00:01+08:00 ] 110.53.128.248 /mooc/index.php/js/plugins/jqgrid/jquery.jqGrid.min.js?0820
INFO: [ app_init ] --START--
INFO: Run Behavior\BuildLiteBehavior [ RunTime:0.000019s ]
INFO: [ app_init ] --END-- [ RunTime:0.000086s ]
ERR: 无法加载模块:Js

[ 2017-03-16T13:00:01+08:00 ] 110.53.128.248 /mooc/index.php/js/content.js?v=1.0.0
INFO: [ app_init ] --START--
INFO: Run Behavior\BuildLiteBehavior [ RunTime:0.000016s ]
INFO: [ app_init ] --END-- [ RunTime:0.000253s ]
ERR: 无法加载模块:Js

[ 2017-03-16T13:00:01+08:00 ] 110.53.128.248 /mooc/index.php/js/own/inform_notice.js
INFO: [ app_init ] --START--
INFO: Run Behavior\BuildLiteBehavior [ RunTime:0.000020s ]
INFO: [ app_init ] --END-- [ RunTime:0.001442s ]
ERR: 无法加载模块:Js

[ 2017-03-16T13:00:02+08:00 ] 110.53.128.248 /mooc/index.php/css/plugins/jqgrid/ui.jqgrid.css?0820
INFO: [ app_init ] --START--
INFO: Run Behavior\BuildLiteBehavior [ RunTime:0.000012s ]
INFO: [ app_init ] --END-- [ RunTime:0.000078s ]
ERR: 无法加载模块:Css

[ 2017-03-16T13:00:02+08:00 ] 110.53.128.248 /mooc/index.php/css/style.css?v=4.1.0
INFO: [ app_init ] --START--
INFO: Run Behavior\BuildLiteBehavior [ RunTime:0.000009s ]
INFO: [ app_init ] --END-- [ RunTime:0.000059s ]
ERR: 无法加载模块:Css

[ 2017-03-16T13:00:02+08:00 ] 110.53.128.248 /mooc/index.php/js/jquery.min.js?v=2.1.4
INFO: [ app_init ] --START--
INFO: Run Behavior\BuildLiteBehavior [ RunTime:0.000013s ]
INFO: [ app_init ] --END-- [ RunTime:0.000081s ]
ERR: 无法加载模块:Js

[ 2017-03-16T13:00:02+08:00 ] 110.53.128.248 /mooc/index.php/css/font-awesome.css?v=4.4.0
INFO: [ app_init ] --START--
INFO: Run Behavior\BuildLiteBehavior [ RunTime:0.000012s ]
INFO: [ app_init ] --END-- [ RunTime:0.000080s ]
ERR: 无法加载模块:Css

[ 2017-03-16T13:00:02+08:00 ] 110.53.128.248 /mooc/index.php/css/bootstrap.min.css?v=3.3.6
INFO: [ app_init ] --START--
INFO: Run Behavior\BuildLiteBehavior [ RunTime:0.000010s ]
INFO: [ app_init ] --END-- [ RunTime:0.000064s ]
ERR: 无法加载模块:Css

[ 2017-03-16T13:00:02+08:00 ] 110.53.128.248 /mooc/index.php/css/animate.css
INFO: [ app_init ] --START--
INFO: Run Behavior\BuildLiteBehavior [ RunTime:0.000013s ]
INFO: [ app_init ] --END-- [ RunTime:0.000071s ]
ERR: 无法加载模块:Css

[ 2017-03-16T13:00:02+08:00 ] 110.53.128.248 /mooc/index.php/js/bootstrap.min.js?v=3.3.6
INFO: [ app_init ] --START--
INFO: Run Behavior\BuildLiteBehavior [ RunTime:0.000015s ]
INFO: [ app_init ] --END-- [ RunTime:0.000094s ]
ERR: 无法加载模块:Js

[ 2017-03-16T13:00:02+08:00 ] 110.53.128.248 /mooc/index.php/js/plugins/peity/jquery.peity.min.js
INFO: [ app_init ] --START--
INFO: Run Behavior\BuildLiteBehavior [ RunTime:0.000013s ]
INFO: [ app_init ] --END-- [ RunTime:0.000103s ]
ERR: 无法加载模块:Js

[ 2017-03-16T13:00:02+08:00 ] 110.53.128.248 /mooc/index.php/js/plugins/jqgrid/jquery.jqGrid.min.js?0820
INFO: [ app_init ] --START--
INFO: Run Behavior\BuildLiteBehavior [ RunTime:0.000015s ]
INFO: [ app_init ] --END-- [ RunTime:0.000098s ]
ERR: 无法加载模块:Js

[ 2017-03-16T13:00:02+08:00 ] 110.53.128.248 /mooc/index.php/js/plugins/jqgrid/i18n/grid.locale-cn.js?0820
INFO: [ app_init ] --START--
INFO: Run Behavior\BuildLiteBehavior [ RunTime:0.000014s ]
INFO: [ app_init ] --END-- [ RunTime:0.000091s ]
ERR: 无法加载模块:Js

[ 2017-03-16T13:00:02+08:00 ] 110.53.128.248 /mooc/index.php/js/content.js?v=1.0.0
INFO: [ app_init ] --START--
INFO: Run Behavior\BuildLiteBehavior [ RunTime:0.000013s ]
INFO: [ app_init ] --END-- [ RunTime:0.000089s ]
ERR: 无法加载模块:Js

[ 2017-03-16T13:00:02+08:00 ] 110.53.128.248 /mooc/index.php/js/own/inform_notice.js
INFO: [ app_init ] --START--
INFO: Run Behavior\BuildLiteBehavior [ RunTime:0.000014s ]
INFO: [ app_init ] --END-- [ RunTime:0.000094s ]
ERR: 无法加载模块:Js

[ 2017-03-16T13:00:02+08:00 ] 110.53.128.248 /mooc/index.php/js/plugins/peity/jquery.peity.min.js
INFO: [ app_init ] --START--
INFO: Run Behavior\BuildLiteBehavior [ RunTime:0.000015s ]
INFO: [ app_init ] --END-- [ RunTime:0.000093s ]
ERR: 无法加载模块:Js

[ 2017-03-16T13:00:02+08:00 ] 110.53.128.248 /mooc/index.php/js/plugins/jqgrid/i18n/grid.locale-cn.js?0820
INFO: [ app_init ] --START--
INFO: Run Behavior\BuildLiteBehavior [ RunTime:0.000011s ]
INFO: [ app_init ] --END-- [ RunTime:0.000082s ]
ERR: 无法加载模块:Js

[ 2017-03-16T13:00:02+08:00 ] 110.53.128.248 /mooc/index.php/js/plugins/jqgrid/jquery.jqGrid.min.js?0820
INFO: [ app_init ] --START--
INFO: Run Behavior\BuildLiteBehavior [ RunTime:0.000011s ]
INFO: [ app_init ] --END-- [ RunTime:0.000071s ]
ERR: 无法加载模块:Js

[ 2017-03-16T13:00:02+08:00 ] 110.53.128.248 /mooc/index.php/js/content.js?v=1.0.0
INFO: [ app_init ] --START--
INFO: Run Behavior\BuildLiteBehavior [ RunTime:0.000018s ]
INFO: [ app_init ] --END-- [ RunTime:0.000143s ]
ERR: 无法加载模块:Js

[ 2017-03-16T13:00:02+08:00 ] 110.53.128.248 /mooc/index.php/js/own/inform_notice.js
INFO: [ app_init ] --START--
INFO: Run Behavior\BuildLiteBehavior [ RunTime:0.000014s ]
INFO: [ app_init ] --END-- [ RunTime:0.000090s ]
ERR: 无法加载模块:Js

[ 2017-03-16T13:00:02+08:00 ] 110.53.128.248 /mooc/index.php/css/plugins/jqgrid/ui.jqgrid.css?0820
INFO: [ app_init ] --START--
INFO: Run Behavior\BuildLiteBehavior [ RunTime:0.000011s ]
INFO: [ app_init ] --END-- [ RunTime:0.000077s ]
ERR: 无法加载模块:Css

[ 2017-03-16T13:00:02+08:00 ] 110.53.128.248 /mooc/index.php/css/style.css?v=4.1.0
INFO: [ app_init ] --START--
INFO: Run Behavior\BuildLiteBehavior [ RunTime:0.000009s ]
INFO: [ app_init ] --END-- [ RunTime:0.000058s ]
ERR: 无法加载模块:Css

[ 2017-03-16T13:00:02+08:00 ] 110.53.128.248 /mooc/index.php/css/font-awesome.css?v=4.4.0
INFO: [ app_init ] --START--
INFO: Run Behavior\BuildLiteBehavior [ RunTime:0.000013s ]
INFO: [ app_init ] --END-- [ RunTime:0.000122s ]
ERR: 无法加载模块:Css

[ 2017-03-16T13:00:02+08:00 ] 110.53.128.248 /mooc/index.php/css/bootstrap.min.css?v=3.3.6
INFO: [ app_init ] --START--
INFO: Run Behavior\BuildLiteBehavior [ RunTime:0.000008s ]
INFO: [ app_init ] --END-- [ RunTime:0.000054s ]
ERR: 无法加载模块:Css

[ 2017-03-16T13:00:02+08:00 ] 110.53.128.248 /mooc/index.php/css/animate.css
INFO: [ app_init ] --START--
INFO: Run Behavior\BuildLiteBehavior [ RunTime:0.000008s ]
INFO: [ app_init ] --END-- [ RunTime:0.000051s ]
ERR: 无法加载模块:Css

[ 2017-03-16T13:00:02+08:00 ] 110.53.128.248 /mooc/index.php/js/jquery.min.js?v=2.1.4
INFO: [ app_init ] --START--
INFO: Run Behavior\BuildLiteBehavior [ RunTime:0.000018s ]
INFO: [ app_init ] --END-- [ RunTime:0.000104s ]
ERR: 无法加载模块:Js

[ 2017-03-16T13:00:02+08:00 ] 110.53.128.248 /mooc/index.php/js/bootstrap.min.js?v=3.3.6
INFO: [ app_init ] --START--
INFO: Run Behavior\BuildLiteBehavior [ RunTime:0.000010s ]
INFO: [ app_init ] --END-- [ RunTime:0.000065s ]
ERR: 无法加载模块:Js

[ 2017-03-16T13:00:02+08:00 ] 110.53.128.248 /mooc/index.php/js/plugins/peity/jquery.peity.min.js
INFO: [ app_init ] --START--
INFO: Run Behavior\BuildLiteBehavior [ RunTime:0.000014s ]
INFO: [ app_init ] --END-- [ RunTime:0.000084s ]
ERR: 无法加载模块:Js

[ 2017-03-16T13:00:02+08:00 ] 110.53.128.248 /mooc/index.php/js/plugins/jqgrid/jquery.jqGrid.min.js?0820
INFO: [ app_init ] --START--
INFO: Run Behavior\BuildLiteBehavior [ RunTime:0.000013s ]
INFO: [ app_init ] --END-- [ RunTime:0.000085s ]
ERR: 无法加载模块:Js

[ 2017-03-16T13:00:02+08:00 ] 110.53.128.248 /mooc/index.php/js/plugins/jqgrid/i18n/grid.locale-cn.js?0820
INFO: [ app_init ] --START--
INFO: Run Behavior\BuildLiteBehavior [ RunTime:0.000010s ]
INFO: [ app_init ] --END-- [ RunTime:0.000060s ]
ERR: 无法加载模块:Js

[ 2017-03-16T13:00:02+08:00 ] 110.53.128.248 /mooc/index.php/js/own/inform_notice.js
INFO: [ app_init ] --START--
INFO: Run Behavior\BuildLiteBehavior [ RunTime:0.000017s ]
INFO: [ app_init ] --END-- [ RunTime:0.000076s ]
ERR: 无法加载模块:Js

[ 2017-03-16T13:00:02+08:00 ] 110.53.128.248 /mooc/index.php/js/content.js?v=1.0.0
INFO: [ app_init ] --START--
INFO: Run Behavior\BuildLiteBehavior [ RunTime:0.000012s ]
INFO: [ app_init ] --END-- [ RunTime:0.000067s ]
ERR: 无法加载模块:Js

[ 2017-03-16T13:00:02+08:00 ] 110.53.128.248 /mooc/index.php/js/bootstrap.min.js?v=3.3.6
INFO: [ app_init ] --START--
INFO: Run Behavior\BuildLiteBehavior [ RunTime:0.000010s ]
INFO: [ app_init ] --END-- [ RunTime:0.000070s ]
ERR: 无法加载模块:Js

[ 2017-03-16T13:00:02+08:00 ] 110.53.128.248 /mooc/index.php/js/plugins/peity/jquery.peity.min.js
INFO: [ app_init ] --START--
INFO: Run Behavior\BuildLiteBehavior [ RunTime:0.000014s ]
INFO: [ app_init ] --END-- [ RunTime:0.000068s ]
ERR: 无法加载模块:Js

[ 2017-03-16T13:00:02+08:00 ] 110.53.128.248 /mooc/index.php/js/plugins/jqgrid/i18n/grid.locale-cn.js?0820
INFO: [ app_init ] --START--
INFO: Run Behavior\BuildLiteBehavior [ RunTime:0.000010s ]
INFO: [ app_init ] --END-- [ RunTime:0.000064s ]
ERR: 无法加载模块:Js

[ 2017-03-16T13:00:02+08:00 ] 110.53.128.248 /mooc/index.php/js/plugins/jqgrid/jquery.jqGrid.min.js?0820
INFO: [ app_init ] --START--
INFO: Run Behavior\BuildLiteBehavior [ RunTime:0.000015s ]
INFO: [ app_init ] --END-- [ RunTime:0.000101s ]
ERR: 无法加载模块:Js

[ 2017-03-16T13:00:02+08:00 ] 110.53.128.248 /mooc/index.php/js/content.js?v=1.0.0
INFO: [ app_init ] --START--
INFO: Run Behavior\BuildLiteBehavior [ RunTime:0.000014s ]
INFO: [ app_init ] --END-- [ RunTime:0.000088s ]
ERR: 无法加载模块:Js

[ 2017-03-16T13:00:02+08:00 ] 110.53.128.248 /mooc/index.php/js/own/inform_notice.js
INFO: [ app_init ] --START--
INFO: Run Behavior\BuildLiteBehavior [ RunTime:0.000013s ]
INFO: [ app_init ] --END-- [ RunTime:0.000084s ]
ERR: 无法加载模块:Js

[ 2017-03-16T13:00:03+08:00 ] 110.53.128.248 /mooc/index.php/css/font-awesome.css?v=4.4.0
INFO: [ app_init ] --START--
INFO: Run Behavior\BuildLiteBehavior [ RunTime:0.000016s ]
INFO: [ app_init ] --END-- [ RunTime:0.000099s ]
ERR: 无法加载模块:Css

[ 2017-03-16T13:00:03+08:00 ] 110.53.128.248 /mooc/index.php/css/animate.css
INFO: [ app_init ] --START--
INFO: Run Behavior\BuildLiteBehavior [ RunTime:0.000072s ]
INFO: [ app_init ] --END-- [ RunTime:0.000150s ]
ERR: 无法加载模块:Css

[ 2017-03-16T13:00:03+08:00 ] 110.53.128.248 /mooc/index.php/css/plugins/jqgrid/ui.jqgrid.css?0820
INFO: [ app_init ] --START--
INFO: Run Behavior\BuildLiteBehavior [ RunTime:0.000012s ]
INFO: [ app_init ] --END-- [ RunTime:0.000079s ]
ERR: 无法加载模块:Css

[ 2017-03-16T13:00:03+08:00 ] 110.53.128.248 /mooc/index.php/css/bootstrap.min.css?v=3.3.6
INFO: [ app_init ] --START--
INFO: Run Behavior\BuildLiteBehavior [ RunTime:0.000011s ]
INFO: [ app_init ] --END-- [ RunTime:0.000074s ]
ERR: 无法加载模块:Css

[ 2017-03-16T13:00:03+08:00 ] 110.53.128.248 /mooc/index.php/js/jquery.min.js?v=2.1.4
INFO: [ app_init ] --START--
INFO: Run Behavior\BuildLiteBehavior [ RunTime:0.000011s ]
INFO: [ app_init ] --END-- [ RunTime:0.000067s ]
ERR: 无法加载模块:Js

[ 2017-03-16T13:00:03+08:00 ] 110.53.128.248 /mooc/index.php/css/style.css?v=4.1.0
INFO: [ app_init ] --START--
INFO: Run Behavior\BuildLiteBehavior [ RunTime:0.000011s ]
INFO: [ app_init ] --END-- [ RunTime:0.000069s ]
ERR: 无法加载模块:Css

[ 2017-03-16T13:00:03+08:00 ] 110.53.128.248 /mooc/index.php/js/bootstrap.min.js?v=3.3.6
INFO: [ app_init ] --START--
INFO: Run Behavior\BuildLiteBehavior [ RunTime:0.000010s ]
INFO: [ app_init ] --END-- [ RunTime:0.000078s ]
ERR: 无法加载模块:Js

[ 2017-03-16T13:00:03+08:00 ] 110.53.128.248 /mooc/index.php/js/plugins/peity/jquery.peity.min.js
INFO: [ app_init ] --START--
INFO: Run Behavior\BuildLiteBehavior [ RunTime:0.000012s ]
INFO: [ app_init ] --END-- [ RunTime:0.000092s ]
ERR: 无法加载模块:Js

[ 2017-03-16T13:00:03+08:00 ] 110.53.128.248 /mooc/index.php/js/plugins/jqgrid/i18n/grid.locale-cn.js?0820
INFO: [ app_init ] --START--
INFO: Run Behavior\BuildLiteBehavior [ RunTime:0.000011s ]
INFO: [ app_init ] --END-- [ RunTime:0.000087s ]
ERR: 无法加载模块:Js

[ 2017-03-16T13:00:03+08:00 ] 110.53.128.248 /mooc/index.php/js/content.js?v=1.0.0
INFO: [ app_init ] --START--
INFO: Run Behavior\BuildLiteBehavior [ RunTime:0.000013s ]
INFO: [ app_init ] --END-- [ RunTime:0.000095s ]
ERR: 无法加载模块:Js

[ 2017-03-16T13:00:03+08:00 ] 110.53.128.248 /mooc/index.php/js/own/inform_notice.js
INFO: [ app_init ] --START--
INFO: Run Behavior\BuildLiteBehavior [ RunTime:0.000010s ]
INFO: [ app_init ] --END-- [ RunTime:0.000062s ]
ERR: 无法加载模块:Js

[ 2017-03-16T13:00:03+08:00 ] 110.53.128.248 /mooc/index.php/js/plugins/jqgrid/jquery.jqGrid.min.js?0820
INFO: [ app_init ] --START--
INFO: Run Behavior\BuildLiteBehavior [ RunTime:0.000012s ]
INFO: [ app_init ] --END-- [ RunTime:0.000075s ]
ERR: 无法加载模块:Js

[ 2017-03-16T13:00:03+08:00 ] 110.53.128.248 /mooc/index.php/js/bootstrap.min.js?v=3.3.6
INFO: [ app_init ] --START--
INFO: Run Behavior\BuildLiteBehavior [ RunTime:0.000014s ]
INFO: [ app_init ] --END-- [ RunTime:0.000091s ]
ERR: 无法加载模块:Js

[ 2017-03-16T13:00:03+08:00 ] 110.53.128.248 /mooc/index.php/js/plugins/peity/jquery.peity.min.js
INFO: [ app_init ] --START--
INFO: Run Behavior\BuildLiteBehavior [ RunTime:0.000010s ]
INFO: [ app_init ] --END-- [ RunTime:0.000070s ]
ERR: 无法加载模块:Js

[ 2017-03-16T13:00:03+08:00 ] 110.53.128.248 /mooc/index.php/js/plugins/jqgrid/i18n/grid.locale-cn.js?0820
INFO: [ app_init ] --START--
INFO: Run Behavior\BuildLiteBehavior [ RunTime:0.000011s ]
INFO: [ app_init ] --END-- [ RunTime:0.000069s ]
ERR: 无法加载模块:Js

[ 2017-03-16T13:00:03+08:00 ] 110.53.128.248 /mooc/index.php/js/plugins/jqgrid/jquery.jqGrid.min.js?0820
INFO: [ app_init ] --START--
INFO: Run Behavior\BuildLiteBehavior [ RunTime:0.000013s ]
INFO: [ app_init ] --END-- [ RunTime:0.000122s ]
ERR: 无法加载模块:Js

[ 2017-03-16T13:00:03+08:00 ] 110.53.128.248 /mooc/index.php/js/content.js?v=1.0.0
INFO: [ app_init ] --START--
INFO: Run Behavior\BuildLiteBehavior [ RunTime:0.000013s ]
INFO: [ app_init ] --END-- [ RunTime:0.000087s ]
ERR: 无法加载模块:Js

[ 2017-03-16T13:00:03+08:00 ] 110.53.128.248 /mooc/index.php/js/own/inform_notice.js
INFO: [ app_init ] --START--
INFO: Run Behavior\BuildLiteBehavior [ RunTime:0.000019s ]
INFO: [ app_init ] --END-- [ RunTime:0.000092s ]
ERR: 无法加载模块:Js

[ 2017-03-16T13:00:07+08:00 ] 110.53.128.248 /mooc/index.php/css/plugins/jqgrid/ui.jqgrid.css?0820
INFO: [ app_init ] --START--
INFO: Run Behavior\BuildLiteBehavior [ RunTime:0.000013s ]
INFO: [ app_init ] --END-- [ RunTime:0.000072s ]
ERR: 无法加载模块:Css

[ 2017-03-16T13:00:07+08:00 ] 110.53.128.248 /mooc/index.php/css/animate.css
INFO: [ app_init ] --START--
INFO: Run Behavior\BuildLiteBehavior [ RunTime:0.000013s ]
INFO: [ app_init ] --END-- [ RunTime:0.000084s ]
ERR: 无法加载模块:Css

[ 2017-03-16T13:00:07+08:00 ] 110.53.128.248 /mooc/index.php/css/bootstrap.min.css?v=3.3.6
INFO: [ app_init ] --START--
INFO: Run Behavior\BuildLiteBehavior [ RunTime:0.000010s ]
INFO: [ app_init ] --END-- [ RunTime:0.000071s ]
ERR: 无法加载模块:Css

[ 2017-03-16T13:00:07+08:00 ] 110.53.128.248 /mooc/index.php/css/font-awesome.css?v=4.4.0
INFO: [ app_init ] --START--
INFO: Run Behavior\BuildLiteBehavior [ RunTime:0.000007s ]
INFO: [ app_init ] --END-- [ RunTime:0.000049s ]
ERR: 无法加载模块:Css

[ 2017-03-16T13:00:07+08:00 ] 110.53.128.248 /mooc/index.php/js/jquery.min.js?v=2.1.4
INFO: [ app_init ] --START--
INFO: Run Behavior\BuildLiteBehavior [ RunTime:0.000008s ]
INFO: [ app_init ] --END-- [ RunTime:0.000048s ]
ERR: 无法加载模块:Js

[ 2017-03-16T13:00:07+08:00 ] 110.53.128.248 /mooc/index.php/css/style.css?v=4.1.0
INFO: [ app_init ] --START--
INFO: Run Behavior\BuildLiteBehavior [ RunTime:0.000008s ]
INFO: [ app_init ] --END-- [ RunTime:0.000055s ]
ERR: 无法加载模块:Css

[ 2017-03-16T13:00:07+08:00 ] 110.53.128.248 /mooc/index.php/js/bootstrap.min.js?v=3.3.6
INFO: [ app_init ] --START--
INFO: Run Behavior\BuildLiteBehavior [ RunTime:0.000014s ]
INFO: [ app_init ] --END-- [ RunTime:0.000077s ]
ERR: 无法加载模块:Js

[ 2017-03-16T13:00:07+08:00 ] 110.53.128.248 /mooc/index.php/js/content.js?v=1.0.0
INFO: [ app_init ] --START--
INFO: Run Behavior\BuildLiteBehavior [ RunTime:0.000010s ]
INFO: [ app_init ] --END-- [ RunTime:0.000072s ]
ERR: 无法加载模块:Js

[ 2017-03-16T13:00:07+08:00 ] 110.53.128.248 /mooc/index.php/js/plugins/peity/jquery.peity.min.js
INFO: [ app_init ] --START--
INFO: Run Behavior\BuildLiteBehavior [ RunTime:0.000043s ]
INFO: [ app_init ] --END-- [ RunTime:0.000109s ]
ERR: 无法加载模块:Js

[ 2017-03-16T13:00:07+08:00 ] 110.53.128.248 /mooc/index.php/js/own/inform_notice.js
INFO: [ app_init ] --START--
INFO: Run Behavior\BuildLiteBehavior [ RunTime:0.000009s ]
INFO: [ app_init ] --END-- [ RunTime:0.000054s ]
ERR: 无法加载模块:Js

[ 2017-03-16T13:00:07+08:00 ] 110.53.128.248 /mooc/index.php/js/plugins/jqgrid/jquery.jqGrid.min.js?0820
INFO: [ app_init ] --START--
INFO: Run Behavior\BuildLiteBehavior [ RunTime:0.000007s ]
INFO: [ app_init ] --END-- [ RunTime:0.000051s ]
ERR: 无法加载模块:Js

[ 2017-03-16T13:00:07+08:00 ] 110.53.128.248 /mooc/index.php/js/plugins/jqgrid/i18n/grid.locale-cn.js?0820
INFO: [ app_init ] --START--
INFO: Run Behavior\BuildLiteBehavior [ RunTime:0.000014s ]
INFO: [ app_init ] --END-- [ RunTime:0.000091s ]
ERR: 无法加载模块:Js

[ 2017-03-16T13:00:07+08:00 ] 110.53.128.248 /mooc/index.php/js/plugins/jqgrid/jquery.jqGrid.min.js?0820
INFO: [ app_init ] --START--
INFO: Run Behavior\BuildLiteBehavior [ RunTime:0.000010s ]
INFO: [ app_init ] --END-- [ RunTime:0.000062s ]
ERR: 无法加载模块:Js

[ 2017-03-16T13:00:07+08:00 ] 110.53.128.248 /mooc/index.php/js/content.js?v=1.0.0
INFO: [ app_init ] --START--
INFO: Run Behavior\BuildLiteBehavior [ RunTime:0.000014s ]
INFO: [ app_init ] --END-- [ RunTime:0.000096s ]
ERR: 无法加载模块:Js

[ 2017-03-16T13:00:07+08:00 ] 110.53.128.248 /mooc/index.php/js/own/inform_notice.js
INFO: [ app_init ] --START--
INFO: Run Behavior\BuildLiteBehavior [ RunTime:0.000014s ]
INFO: [ app_init ] --END-- [ RunTime:0.000085s ]
ERR: 无法加载模块:Js

[ 2017-03-16T13:00:09+08:00 ] 110.53.128.248 /mooc/index.php/css/animate.css
INFO: [ app_init ] --START--
INFO: Run Behavior\BuildLiteBehavior [ RunTime:0.000014s ]
INFO: [ app_init ] --END-- [ RunTime:0.000118s ]
ERR: 无法加载模块:Css

[ 2017-03-16T13:00:09+08:00 ] 110.53.128.248 /mooc/index.php/css/style.css?v=4.1.0
INFO: [ app_init ] --START--
INFO: Run Behavior\BuildLiteBehavior [ RunTime:0.000009s ]
INFO: [ app_init ] --END-- [ RunTime:0.000056s ]
ERR: 无法加载模块:Css

[ 2017-03-16T13:00:09+08:00 ] 110.53.128.248 /mooc/index.php/css/bootstrap.min.css?v=3.3.6
INFO: [ app_init ] --START--
INFO: Run Behavior\BuildLiteBehavior [ RunTime:0.000009s ]
INFO: [ app_init ] --END-- [ RunTime:0.000065s ]
ERR: 无法加载模块:Css

[ 2017-03-16T13:00:09+08:00 ] 110.53.128.248 /mooc/index.php/css/font-awesome.css
INFO: [ app_init ] --START--
INFO: Run Behavior\BuildLiteBehavior [ RunTime:0.000011s ]
INFO: [ app_init ] --END-- [ RunTime:0.000070s ]
ERR: 无法加载模块:Css

[ 2017-03-16T13:00:09+08:00 ] 110.53.128.248 /mooc/index.php/css/plugins/iCheck/custom.css
INFO: [ app_init ] --START--
INFO: Run Behavior\BuildLiteBehavior [ RunTime:0.000009s ]
INFO: [ app_init ] --END-- [ RunTime:0.000072s ]
ERR: 无法加载模块:Css

[ 2017-03-16T13:00:09+08:00 ] 110.53.128.248 /mooc/index.php/js/jquery.min.js?v=2.1.4
INFO: [ app_init ] --START--
INFO: Run Behavior\BuildLiteBehavior [ RunTime:0.000009s ]
INFO: [ app_init ] --END-- [ RunTime:0.000059s ]
ERR: 无法加载模块:Js

[ 2017-03-16T13:00:09+08:00 ] 110.53.128.248 /mooc/index.php/utf8-php/ueditor.all.js
INFO: [ app_init ] --START--
INFO: Run Behavior\BuildLiteBehavior [ RunTime:0.000010s ]
INFO: [ app_init ] --END-- [ RunTime:0.000066s ]
ERR: 无法加载模块:Utf8-php

[ 2017-03-16T13:00:09+08:00 ] 110.53.128.248 /mooc/index.php/utf8-php/ueditor.config.js
INFO: [ app_init ] --START--
INFO: Run Behavior\BuildLiteBehavior [ RunTime:0.000010s ]
INFO: [ app_init ] --END-- [ RunTime:0.000079s ]
ERR: 无法加载模块:Utf8-php

[ 2017-03-16T13:00:09+08:00 ] 110.53.128.248 /mooc/index.php/js/content.js?v=1.0.0
INFO: [ app_init ] --START--
INFO: Run Behavior\BuildLiteBehavior [ RunTime:0.000035s ]
INFO: [ app_init ] --END-- [ RunTime:0.000181s ]
ERR: 无法加载模块:Js

[ 2017-03-16T13:00:09+08:00 ] 110.53.128.248 /mooc/index.php/js/plugins/layer/laydate/laydate.js
INFO: [ app_init ] --START--
INFO: Run Behavior\BuildLiteBehavior [ RunTime:0.000008s ]
INFO: [ app_init ] --END-- [ RunTime:0.000064s ]
ERR: 无法加载模块:Js

[ 2017-03-16T13:00:09+08:00 ] 110.53.128.248 /mooc/index.php/js/bootstrap.min.js?v=3.3.6
INFO: [ app_init ] --START--
INFO: Run Behavior\BuildLiteBehavior [ RunTime:0.000012s ]
INFO: [ app_init ] --END-- [ RunTime:0.000069s ]
ERR: 无法加载模块:Js

[ 2017-03-16T13:00:09+08:00 ] 110.53.128.248 /mooc/index.php/js/own/notice.js
INFO: [ app_init ] --START--
INFO: Run Behavior\BuildLiteBehavior [ RunTime:0.000014s ]
INFO: [ app_init ] --END-- [ RunTime:0.000116s ]
ERR: 无法加载模块:Js

[ 2017-03-16T13:00:09+08:00 ] 110.53.128.248 /mooc/index.php/js/plugins/iCheck/icheck.min.js
INFO: [ app_init ] --START--
INFO: Run Behavior\BuildLiteBehavior [ RunTime:0.000012s ]
INFO: [ app_init ] --END-- [ RunTime:0.000083s ]
ERR: 无法加载模块:Js

[ 2017-03-16T13:00:09+08:00 ] 110.53.128.248 /mooc/index.php/utf8-php/ueditor.all.js
INFO: [ app_init ] --START--
INFO: Run Behavior\BuildLiteBehavior [ RunTime:0.000013s ]
INFO: [ app_init ] --END-- [ RunTime:0.000084s ]
ERR: 无法加载模块:Utf8-php

[ 2017-03-16T13:00:09+08:00 ] 110.53.128.248 /mooc/index.php/js/bootstrap.min.js?v=3.3.6
INFO: [ app_init ] --START--
INFO: Run Behavior\BuildLiteBehavior [ RunTime:0.000015s ]
INFO: [ app_init ] --END-- [ RunTime:0.000080s ]
ERR: 无法加载模块:Js

[ 2017-03-16T13:00:09+08:00 ] 110.53.128.248 /mooc/index.php/js/plugins/iCheck/icheck.min.js
INFO: [ app_init ] --START--
INFO: Run Behavior\BuildLiteBehavior [ RunTime:0.000014s ]
INFO: [ app_init ] --END-- [ RunTime:0.000103s ]
ERR: 无法加载模块:Js

[ 2017-03-16T13:00:09+08:00 ] 110.53.128.248 /mooc/index.php/js/content.js?v=1.0.0
INFO: [ app_init ] --START--
INFO: Run Behavior\BuildLiteBehavior [ RunTime:0.000014s ]
INFO: [ app_init ] --END-- [ RunTime:0.000090s ]
ERR: 无法加载模块:Js

[ 2017-03-16T13:00:09+08:00 ] 110.53.128.248 /mooc/index.php/js/plugins/layer/laydate/laydate.js
INFO: [ app_init ] --START--
INFO: Run Behavior\BuildLiteBehavior [ RunTime:0.000014s ]
INFO: [ app_init ] --END-- [ RunTime:0.000083s ]
ERR: 无法加载模块:Js

[ 2017-03-16T13:00:09+08:00 ] 110.53.128.248 /mooc/index.php/js/own/notice.js
INFO: [ app_init ] --START--
INFO: Run Behavior\BuildLiteBehavior [ RunTime:0.000013s ]
INFO: [ app_init ] --END-- [ RunTime:0.000083s ]
ERR: 无法加载模块:Js

[ 2017-03-16T13:00:28+08:00 ] 110.53.128.248 /mooc/index.php/css/plugins/jqgrid/ui.jqgrid.css?0820
INFO: [ app_init ] --START--
INFO: Run Behavior\BuildLiteBehavior [ RunTime:0.000042s ]
INFO: [ app_init ] --END-- [ RunTime:0.000131s ]
ERR: 无法加载模块:Css

[ 2017-03-16T13:00:28+08:00 ] 110.53.128.248 /mooc/index.php/css/style.css?v=4.1.0
INFO: [ app_init ] --START--
INFO: Run Behavior\BuildLiteBehavior [ RunTime:0.000014s ]
INFO: [ app_init ] --END-- [ RunTime:0.000088s ]
ERR: 无法加载模块:Css

[ 2017-03-16T13:00:28+08:00 ] 110.53.128.248 /mooc/index.php/css/font-awesome.css?v=4.4.0
INFO: [ app_init ] --START--
INFO: Run Behavior\BuildLiteBehavior [ RunTime:0.000008s ]
INFO: [ app_init ] --END-- [ RunTime:0.000050s ]
ERR: 无法加载模块:Css

[ 2017-03-16T13:00:28+08:00 ] 110.53.128.248 /mooc/index.php/css/animate.css
INFO: [ app_init ] --START--
INFO: Run Behavior\BuildLiteBehavior [ RunTime:0.000008s ]
INFO: [ app_init ] --END-- [ RunTime:0.000049s ]
ERR: 无法加载模块:Css

[ 2017-03-16T13:00:28+08:00 ] 110.53.128.248 /mooc/index.php/css/bootstrap.min.css?v=3.3.6
INFO: [ app_init ] --START--
INFO: Run Behavior\BuildLiteBehavior [ RunTime:0.000011s ]
INFO: [ app_init ] --END-- [ RunTime:0.000080s ]
ERR: 无法加载模块:Css

[ 2017-03-16T13:00:28+08:00 ] 110.53.128.248 /mooc/index.php/js/jquery.min.js?v=2.1.4
INFO: [ app_init ] --START--
INFO: Run Behavior\BuildLiteBehavior [ RunTime:0.000014s ]
INFO: [ app_init ] --END-- [ RunTime:0.000096s ]
ERR: 无法加载模块:Js

[ 2017-03-16T13:00:28+08:00 ] 110.53.128.248 /mooc/index.php/js/bootstrap.min.js?v=3.3.6
INFO: [ app_init ] --START--
INFO: Run Behavior\BuildLiteBehavior [ RunTime:0.000010s ]
INFO: [ app_init ] --END-- [ RunTime:0.000064s ]
ERR: 无法加载模块:Js

[ 2017-03-16T13:00:28+08:00 ] 110.53.128.248 /mooc/index.php/js/content.js?v=1.0.0
INFO: [ app_init ] --START--
INFO: Run Behavior\BuildLiteBehavior [ RunTime:0.000011s ]
INFO: [ app_init ] --END-- [ RunTime:0.000075s ]
ERR: 无法加载模块:Js

[ 2017-03-16T13:00:28+08:00 ] 110.53.128.248 /mooc/index.php/js/plugins/peity/jquery.peity.min.js
INFO: [ app_init ] --START--
INFO: Run Behavior\BuildLiteBehavior [ RunTime:0.000008s ]
INFO: [ app_init ] --END-- [ RunTime:0.000053s ]
ERR: 无法加载模块:Js

[ 2017-03-16T13:00:28+08:00 ] 110.53.128.248 /mooc/index.php/js/plugins/jqgrid/i18n/grid.locale-cn.js?0820
INFO: [ app_init ] --START--
INFO: Run Behavior\BuildLiteBehavior [ RunTime:0.000008s ]
INFO: [ app_init ] --END-- [ RunTime:0.000054s ]
ERR: 无法加载模块:Js

[ 2017-03-16T13:00:28+08:00 ] 110.53.128.248 /mooc/index.php/js/own/inform_notice.js
INFO: [ app_init ] --START--
INFO: Run Behavior\BuildLiteBehavior [ RunTime:0.000012s ]
INFO: [ app_init ] --END-- [ RunTime:0.000062s ]
ERR: 无法加载模块:Js

[ 2017-03-16T13:00:28+08:00 ] 110.53.128.248 /mooc/index.php/js/plugins/jqgrid/jquery.jqGrid.min.js?0820
INFO: [ app_init ] --START--
INFO: Run Behavior\BuildLiteBehavior [ RunTime:0.000009s ]
INFO: [ app_init ] --END-- [ RunTime:0.000054s ]
ERR: 无法加载模块:Js

[ 2017-03-16T13:00:28+08:00 ] 110.53.128.248 /mooc/index.php/js/plugins/jqgrid/i18n/grid.locale-cn.js?0820
INFO: [ app_init ] --START--
INFO: Run Behavior\BuildLiteBehavior [ RunTime:0.000010s ]
INFO: [ app_init ] --END-- [ RunTime:0.000069s ]
ERR: 无法加载模块:Js

[ 2017-03-16T13:00:28+08:00 ] 110.53.128.248 /mooc/index.php/js/plugins/jqgrid/jquery.jqGrid.min.js?0820
INFO: [ app_init ] --START--
INFO: Run Behavior\BuildLiteBehavior [ RunTime:0.000014s ]
INFO: [ app_init ] --END-- [ RunTime:0.000095s ]
ERR: 无法加载模块:Js

[ 2017-03-16T13:00:28+08:00 ] 110.53.128.248 /mooc/index.php/js/content.js?v=1.0.0
INFO: [ app_init ] --START--
INFO: Run Behavior\BuildLiteBehavior [ RunTime:0.000010s ]
INFO: [ app_init ] --END-- [ RunTime:0.000062s ]
ERR: 无法加载模块:Js

[ 2017-03-16T13:00:28+08:00 ] 110.53.128.248 /mooc/index.php/js/own/inform_notice.js
INFO: [ app_init ] --START--
INFO: Run Behavior\BuildLiteBehavior [ RunTime:0.000014s ]
INFO: [ app_init ] --END-- [ RunTime:0.000082s ]
ERR: 无法加载模块:Js

[ 2017-03-16T13:15:56+08:00 ] 110.53.128.248 /mooc/index.php/favicon.ico
INFO: [ app_init ] --START--
INFO: Run Behavior\BuildLiteBehavior [ RunTime:0.000013s ]
INFO: [ app_init ] --END-- [ RunTime:0.000085s ]
ERR: 无法加载模块:Favicon

[ 2017-03-16T13:34:49+08:00 ] 110.53.128.248 /mooc/index.php/utf8-php/ueditor.config.js
INFO: [ app_init ] --START--
INFO: Run Behavior\BuildLiteBehavior [ RunTime:0.000014s ]
INFO: [ app_init ] --END-- [ RunTime:0.000085s ]
ERR: 无法加载模块:Utf8-php

[ 2017-03-16T13:34:49+08:00 ] 110.53.128.248 /mooc/index.php/utf8-php/ueditor.all.js
INFO: [ app_init ] --START--
INFO: Run Behavior\BuildLiteBehavior [ RunTime:0.000011s ]
INFO: [ app_init ] --END-- [ RunTime:0.000074s ]
ERR: 无法加载模块:Utf8-php

[ 2017-03-16T13:34:49+08:00 ] 110.53.128.248 /mooc/index.php/utf8-php/ueditor.config.js
INFO: [ app_init ] --START--
INFO: Run Behavior\BuildLiteBehavior [ RunTime:0.000013s ]
INFO: [ app_init ] --END-- [ RunTime:0.000078s ]
ERR: 无法加载模块:Utf8-php

[ 2017-03-16T13:34:50+08:00 ] 110.53.128.248 /mooc/index.php/utf8-php/ueditor.all.js
INFO: [ app_init ] --START--
INFO: Run Behavior\BuildLiteBehavior [ RunTime:0.000009s ]
INFO: [ app_init ] --END-- [ RunTime:0.000062s ]
ERR: 无法加载模块:Utf8-php

[ 2017-03-16T13:52:27+08:00 ] 110.53.128.248 /mooc/index.php/favicon.ico
INFO: [ app_init ] --START--
INFO: Run Behavior\BuildLiteBehavior [ RunTime:0.000015s ]
INFO: [ app_init ] --END-- [ RunTime:0.000173s ]
ERR: 无法加载模块:Favicon

[ 2017-03-16T20:29:30+08:00 ] 110.52.119.248 /mooc/index.php/favicon.ico
INFO: [ app_init ] --START--
INFO: Run Behavior\BuildLiteBehavior [ RunTime:0.000013s ]
INFO: [ app_init ] --END-- [ RunTime:0.000101s ]
ERR: 无法加载模块:Favicon

