[ 2017-03-23T20:44:19+08:00 ] 110.53.129.162 /mooc/index.php/false
INFO: [ app_init ] --START--
INFO: Run Behavior\BuildLiteBehavior [ RunTime:0.000014s ]
INFO: [ app_init ] --END-- [ RunTime:0.000095s ]
ERR: 无法加载模块:False

[ 2017-03-23T20:46:22+08:00 ] 110.53.129.162 /mooc/index.php/false
INFO: [ app_init ] --START--
INFO: Run Behavior\BuildLiteBehavior [ RunTime:0.000010s ]
INFO: [ app_init ] --END-- [ RunTime:0.000075s ]
ERR: 无法加载模块:False

[ 2017-03-23T20:46:33+08:00 ] 110.53.129.162 /mooc/index.php/false
INFO: [ app_init ] --START--
INFO: Run Behavior\BuildLiteBehavior [ RunTime:0.000011s ]
INFO: [ app_init ] --END-- [ RunTime:0.000079s ]
ERR: 无法加载模块:False

[ 2017-03-23T23:16:19+08:00 ] 101.226.51.227 /mooc/index.php/false
INFO: [ app_init ] --START--
INFO: Run Behavior\BuildLiteBehavior [ RunTime:0.000014s ]
INFO: [ app_init ] --END-- [ RunTime:0.000107s ]
ERR: 无法加载模块:False

