[ 2017-03-28T21:52:12+08:00 ] 110.52.119.93 /mooc/index.php/favicon.ico
INFO: [ app_init ] --START--
INFO: Run Behavior\BuildLiteBehavior [ RunTime:0.000010s ]
INFO: [ app_init ] --END-- [ RunTime:0.000069s ]
ERR: 无法加载模块:Favicon

[ 2017-03-28T21:52:20+08:00 ] 110.52.119.93 /mooc/index.php/utf8-php/ueditor.config.js
INFO: [ app_init ] --START--
INFO: Run Behavior\BuildLiteBehavior [ RunTime:0.000013s ]
INFO: [ app_init ] --END-- [ RunTime:0.000088s ]
ERR: 无法加载模块:Utf8-php

[ 2017-03-28T21:52:20+08:00 ] 110.52.119.93 /mooc/index.php/utf8-php/ueditor.all.js
INFO: [ app_init ] --START--
INFO: Run Behavior\BuildLiteBehavior [ RunTime:0.000014s ]
INFO: [ app_init ] --END-- [ RunTime:0.000088s ]
ERR: 无法加载模块:Utf8-php

[ 2017-03-28T21:52:20+08:00 ] 110.52.119.93 /mooc/index.php/utf8-php/ueditor.config.js
INFO: [ app_init ] --START--
INFO: Run Behavior\BuildLiteBehavior [ RunTime:0.000010s ]
INFO: [ app_init ] --END-- [ RunTime:0.000063s ]
ERR: 无法加载模块:Utf8-php

[ 2017-03-28T21:52:20+08:00 ] 110.52.119.93 /mooc/index.php/utf8-php/ueditor.all.js
INFO: [ app_init ] --START--
INFO: Run Behavior\BuildLiteBehavior [ RunTime:0.000010s ]
INFO: [ app_init ] --END-- [ RunTime:0.000062s ]
ERR: 无法加载模块:Utf8-php

