[ 2017-03-12T10:39:51+08:00 ] ::1 /download/mooc/index.php/localhost/login.html
INFO: [ app_init ] --START--
INFO: Run Behavior\BuildLiteBehavior [ RunTime:0.000023s ]
INFO: [ app_init ] --END-- [ RunTime:0.000673s ]
ERR: 无法加载模块:Localhost

[ 2017-03-12T10:40:56+08:00 ] ::1 /download/mooc/index.php/localhost/login.html
INFO: [ app_init ] --START--
INFO: Run Behavior\BuildLiteBehavior [ RunTime:0.000031s ]
INFO: [ app_init ] --END-- [ RunTime:0.001424s ]
ERR: 无法加载模块:Localhost

[ 2017-03-12T12:30:49+08:00 ] ::1 /download/mooc/index.php/__APP__/uploadinfor
INFO: [ app_init ] --START--
INFO: Run Behavior\BuildLiteBehavior [ RunTime:0.000624s ]
INFO: [ app_init ] --END-- [ RunTime:0.003251s ]
ERR: 无法加载模块:__APP__

[ 2017-03-12T21:13:41+08:00 ] ::1 /download/mooc/index.php/favicon.ico
INFO: [ app_init ] --START--
INFO: Run Behavior\BuildLiteBehavior [ RunTime:0.000029s ]
INFO: [ app_init ] --END-- [ RunTime:0.000851s ]
ERR: 无法加载模块:Favicon

