[ 2017-04-15T04:43:59+08:00 ] 112.90.82.218 /mooc/index.php/nextPage%25252525253Ftype%252525252525252525252525252525252525253D4%2525252525252525252525252525252525252526d%252525252525252525252525252525252525253Dinform%2525252525252525252525252525252525252526page%252525252525252525252525252525252525253D2
INFO: [ app_init ] --START--
INFO: Run Behavior\BuildLiteBehavior [ RunTime:0.000014s ]
INFO: [ app_init ] --END-- [ RunTime:0.000102s ]
ERR: 无法加载模块:NextPage%252525253Ftype%2525252525252525252525252525252525253D4%25252525252525252525252525252525252526d%2525252525252525252525252525252525253Dinform%25252525252525252525252525252525252526page%2525252525252525252525252525252525253D2

[ 2017-04-15T09:55:52+08:00 ] 101.226.68.215 /mooc/index.php/nextPage%252525252525253Ftype%2525252525252525252525252525252525252525253D4%25252525252525252525252525252525252525252526d%2525252525252525252525252525252525252525253Dinform%25252525252525252525252525252525252525252526page%2525252525252525252525252525252525252525253D2
INFO: [ app_init ] --START--
INFO: Run Behavior\BuildLiteBehavior [ RunTime:0.000010s ]
INFO: [ app_init ] --END-- [ RunTime:0.000089s ]
ERR: 无法加载模块:NextPage%2525252525253Ftype%25252525252525252525252525252525252525253D4%252525252525252525252525252525252525252526d%25252525252525252525252525252525252525253Dinform%252525252525252525252525252525252525252526page%25252525252525252525252525252525252525253D2

[ 2017-04-15T10:30:23+08:00 ] 119.39.148.92 /mooc/index.php/favicon.ico
INFO: [ app_init ] --START--
INFO: Run Behavior\BuildLiteBehavior [ RunTime:0.000011s ]
INFO: [ app_init ] --END-- [ RunTime:0.000069s ]
ERR: 无法加载模块:Favicon

[ 2017-04-15T14:20:58+08:00 ] 218.75.247.247 /mooc/index.php/favicon.ico
INFO: [ app_init ] --START--
INFO: Run Behavior\BuildLiteBehavior [ RunTime:0.000014s ]
INFO: [ app_init ] --END-- [ RunTime:0.000090s ]
ERR: 无法加载模块:Favicon

[ 2017-04-15T17:24:57+08:00 ] 218.75.230.17 /mooc/index.php/css/bootstrap.min.css?v=3.3.6
INFO: [ app_init ] --START--
INFO: Run Behavior\BuildLiteBehavior [ RunTime:0.000015s ]
INFO: [ app_init ] --END-- [ RunTime:0.000094s ]
ERR: 无法加载模块:Css

[ 2017-04-15T17:24:57+08:00 ] 218.75.230.17 /mooc/index.php/css/font-awesome.css?v=4.4.0
INFO: [ app_init ] --START--
INFO: Run Behavior\BuildLiteBehavior [ RunTime:0.000015s ]
INFO: [ app_init ] --END-- [ RunTime:0.000097s ]
ERR: 无法加载模块:Css

[ 2017-04-15T17:24:57+08:00 ] 218.75.230.17 /mooc/index.php/css/plugins/jqgrid/ui.jqgrid.css?0820
INFO: [ app_init ] --START--
INFO: Run Behavior\BuildLiteBehavior [ RunTime:0.000010s ]
INFO: [ app_init ] --END-- [ RunTime:0.000072s ]
ERR: 无法加载模块:Css

[ 2017-04-15T17:24:57+08:00 ] 218.75.230.17 /mooc/index.php/css/animate.css
INFO: [ app_init ] --START--
INFO: Run Behavior\BuildLiteBehavior [ RunTime:0.000012s ]
INFO: [ app_init ] --END-- [ RunTime:0.000080s ]
ERR: 无法加载模块:Css

[ 2017-04-15T17:24:57+08:00 ] 218.75.230.17 /mooc/index.php/css/style.css?v=4.1.0
INFO: [ app_init ] --START--
INFO: Run Behavior\BuildLiteBehavior [ RunTime:0.000010s ]
INFO: [ app_init ] --END-- [ RunTime:0.000063s ]
ERR: 无法加载模块:Css

[ 2017-04-15T17:24:57+08:00 ] 218.75.230.17 /mooc/index.php/js/jquery.min.js?v=2.1.4
INFO: [ app_init ] --START--
INFO: Run Behavior\BuildLiteBehavior [ RunTime:0.000010s ]
INFO: [ app_init ] --END-- [ RunTime:0.000068s ]
ERR: 无法加载模块:Js

[ 2017-04-15T17:24:57+08:00 ] 218.75.230.17 /mooc/index.php/js/bootstrap.min.js?v=3.3.6
INFO: [ app_init ] --START--
INFO: Run Behavior\BuildLiteBehavior [ RunTime:0.000021s ]
INFO: [ app_init ] --END-- [ RunTime:0.000087s ]
ERR: 无法加载模块:Js

[ 2017-04-15T17:24:57+08:00 ] 218.75.230.17 /mooc/index.php/js/plugins/peity/jquery.peity.min.js
INFO: [ app_init ] --START--
INFO: Run Behavior\BuildLiteBehavior [ RunTime:0.000009s ]
INFO: [ app_init ] --END-- [ RunTime:0.000059s ]
ERR: 无法加载模块:Js

[ 2017-04-15T17:24:57+08:00 ] 218.75.230.17 /mooc/index.php/js/plugins/jqgrid/i18n/grid.locale-cn.js?0820
INFO: [ app_init ] --START--
INFO: Run Behavior\BuildLiteBehavior [ RunTime:0.000011s ]
INFO: [ app_init ] --END-- [ RunTime:0.000083s ]
ERR: 无法加载模块:Js

[ 2017-04-15T17:24:57+08:00 ] 218.75.230.17 /mooc/index.php/js/plugins/jqgrid/jquery.jqGrid.min.js?0820
INFO: [ app_init ] --START--
INFO: Run Behavior\BuildLiteBehavior [ RunTime:0.000013s ]
INFO: [ app_init ] --END-- [ RunTime:0.000074s ]
ERR: 无法加载模块:Js

[ 2017-04-15T17:24:57+08:00 ] 218.75.230.17 /mooc/index.php/js/content.js?v=1.0.0
INFO: [ app_init ] --START--
INFO: Run Behavior\BuildLiteBehavior [ RunTime:0.000009s ]
INFO: [ app_init ] --END-- [ RunTime:0.000056s ]
ERR: 无法加载模块:Js

[ 2017-04-15T17:24:57+08:00 ] 218.75.230.17 /mooc/index.php/js/own/del_user.js
INFO: [ app_init ] --START--
INFO: Run Behavior\BuildLiteBehavior [ RunTime:0.000012s ]
INFO: [ app_init ] --END-- [ RunTime:0.000077s ]
ERR: 无法加载模块:Js

[ 2017-04-15T17:24:58+08:00 ] 218.75.230.17 /mooc/index.php/js/plugins/peity/jquery.peity.min.js
INFO: [ app_init ] --START--
INFO: Run Behavior\BuildLiteBehavior [ RunTime:0.000010s ]
INFO: [ app_init ] --END-- [ RunTime:0.000072s ]
ERR: 无法加载模块:Js

[ 2017-04-15T17:24:58+08:00 ] 218.75.230.17 /mooc/index.php/js/plugins/jqgrid/i18n/grid.locale-cn.js?0820
INFO: [ app_init ] --START--
INFO: Run Behavior\BuildLiteBehavior [ RunTime:0.000012s ]
INFO: [ app_init ] --END-- [ RunTime:0.000082s ]
ERR: 无法加载模块:Js

[ 2017-04-15T17:24:58+08:00 ] 218.75.230.17 /mooc/index.php/js/plugins/jqgrid/jquery.jqGrid.min.js?0820
INFO: [ app_init ] --START--
INFO: Run Behavior\BuildLiteBehavior [ RunTime:0.000014s ]
INFO: [ app_init ] --END-- [ RunTime:0.000089s ]
ERR: 无法加载模块:Js

[ 2017-04-15T17:24:58+08:00 ] 218.75.230.17 /mooc/index.php/js/content.js?v=1.0.0
INFO: [ app_init ] --START--
INFO: Run Behavior\BuildLiteBehavior [ RunTime:0.000015s ]
INFO: [ app_init ] --END-- [ RunTime:0.000096s ]
ERR: 无法加载模块:Js

[ 2017-04-15T17:24:58+08:00 ] 218.75.230.17 /mooc/index.php/js/own/del_user.js
INFO: [ app_init ] --START--
INFO: Run Behavior\BuildLiteBehavior [ RunTime:0.000015s ]
INFO: [ app_init ] --END-- [ RunTime:0.000092s ]
ERR: 无法加载模块:Js

[ 2017-04-15T17:25:04+08:00 ] 218.75.230.17 /mooc/index.php/css/bootstrap.min.css?v=3.3.6
INFO: [ app_init ] --START--
INFO: Run Behavior\BuildLiteBehavior [ RunTime:0.000014s ]
INFO: [ app_init ] --END-- [ RunTime:0.000096s ]
ERR: 无法加载模块:Css

[ 2017-04-15T17:25:04+08:00 ] 218.75.230.17 /mooc/index.php/css/font-awesome.css?v=4.4.0
INFO: [ app_init ] --START--
INFO: Run Behavior\BuildLiteBehavior [ RunTime:0.000010s ]
INFO: [ app_init ] --END-- [ RunTime:0.000161s ]
ERR: 无法加载模块:Css

[ 2017-04-15T17:25:04+08:00 ] 218.75.230.17 /mooc/index.php/css/plugins/jqgrid/ui.jqgrid.css?0820
INFO: [ app_init ] --START--
INFO: Run Behavior\BuildLiteBehavior [ RunTime:0.000010s ]
INFO: [ app_init ] --END-- [ RunTime:0.000070s ]
ERR: 无法加载模块:Css

[ 2017-04-15T17:25:04+08:00 ] 218.75.230.17 /mooc/index.php/css/style.css?v=4.1.0
INFO: [ app_init ] --START--
INFO: Run Behavior\BuildLiteBehavior [ RunTime:0.000008s ]
INFO: [ app_init ] --END-- [ RunTime:0.000051s ]
ERR: 无法加载模块:Css

[ 2017-04-15T17:25:04+08:00 ] 218.75.230.17 /mooc/index.php/css/animate.css
INFO: [ app_init ] --START--
INFO: Run Behavior\BuildLiteBehavior [ RunTime:0.000018s ]
INFO: [ app_init ] --END-- [ RunTime:0.000075s ]
ERR: 无法加载模块:Css

[ 2017-04-15T17:53:58+08:00 ] 218.75.230.17 /mooc/index.php/getusersList
INFO: [ app_init ] --START--
INFO: Run Behavior\BuildLiteBehavior [ RunTime:0.000010s ]
INFO: [ app_init ] --END-- [ RunTime:0.000081s ]
ERR: 无法加载模块:GetusersList

[ 2017-04-15T17:54:08+08:00 ] 218.75.230.17 /mooc/index.php/getusersList
INFO: [ app_init ] --START--
INFO: Run Behavior\BuildLiteBehavior [ RunTime:0.000012s ]
INFO: [ app_init ] --END-- [ RunTime:0.000096s ]
ERR: 无法加载模块:GetusersList

[ 2017-04-15T19:14:12+08:00 ] 119.39.148.92 /mooc/index.php/favicon.ico
INFO: [ app_init ] --START--
INFO: Run Behavior\BuildLiteBehavior [ RunTime:0.000010s ]
INFO: [ app_init ] --END-- [ RunTime:0.000062s ]
ERR: 无法加载模块:Favicon

[ 2017-04-15T19:17:54+08:00 ] 119.39.148.92 /mooc/index.php/css/bootstrap.min.css?v=3.3.6
INFO: [ app_init ] --START--
INFO: Run Behavior\BuildLiteBehavior [ RunTime:0.000010s ]
INFO: [ app_init ] --END-- [ RunTime:0.000068s ]
ERR: 无法加载模块:Css

[ 2017-04-15T19:17:54+08:00 ] 119.39.148.92 /mooc/index.php/css/animate.css
INFO: [ app_init ] --START--
INFO: Run Behavior\BuildLiteBehavior [ RunTime:0.000012s ]
INFO: [ app_init ] --END-- [ RunTime:0.000065s ]
ERR: 无法加载模块:Css

[ 2017-04-15T19:17:54+08:00 ] 119.39.148.92 /mooc/index.php/css/style.css?v=4.1.0
INFO: [ app_init ] --START--
INFO: Run Behavior\BuildLiteBehavior [ RunTime:0.000009s ]
INFO: [ app_init ] --END-- [ RunTime:0.000061s ]
ERR: 无法加载模块:Css

[ 2017-04-15T19:17:54+08:00 ] 119.39.148.92 /mooc/index.php/css/font-awesome.css?v=4.4.0
INFO: [ app_init ] --START--
INFO: Run Behavior\BuildLiteBehavior [ RunTime:0.000442s ]
INFO: [ app_init ] --END-- [ RunTime:0.000497s ]
ERR: 无法加载模块:Css

[ 2017-04-15T19:17:54+08:00 ] 119.39.148.92 /mooc/index.php/js/bootstrap.min.js?v=3.3.6
INFO: [ app_init ] --START--
INFO: Run Behavior\BuildLiteBehavior [ RunTime:0.000009s ]
INFO: [ app_init ] --END-- [ RunTime:0.000059s ]
ERR: 无法加载模块:Js

[ 2017-04-15T19:17:54+08:00 ] 119.39.148.92 /mooc/index.php/js/jquery.min.js?v=2.1.4
INFO: [ app_init ] --START--
INFO: Run Behavior\BuildLiteBehavior [ RunTime:0.000008s ]
INFO: [ app_init ] --END-- [ RunTime:0.000055s ]
ERR: 无法加载模块:Js

[ 2017-04-15T19:17:54+08:00 ] 119.39.148.92 /mooc/index.php/js/content.js?v=1.0.0
INFO: [ app_init ] --START--
INFO: Run Behavior\BuildLiteBehavior [ RunTime:0.000015s ]
INFO: [ app_init ] --END-- [ RunTime:0.000195s ]
ERR: 无法加载模块:Js

[ 2017-04-15T19:17:54+08:00 ] 119.39.148.92 /mooc/index.php/js/own/change_password.js
INFO: [ app_init ] --START--
INFO: Run Behavior\BuildLiteBehavior [ RunTime:0.000010s ]
INFO: [ app_init ] --END-- [ RunTime:0.000063s ]
ERR: 无法加载模块:Js

[ 2017-04-15T19:17:54+08:00 ] 119.39.148.92 /mooc/index.php/js/bootstrap.min.js?v=3.3.6
INFO: [ app_init ] --START--
INFO: Run Behavior\BuildLiteBehavior [ RunTime:0.000010s ]
INFO: [ app_init ] --END-- [ RunTime:0.000067s ]
ERR: 无法加载模块:Js

[ 2017-04-15T19:17:54+08:00 ] 119.39.148.92 /mooc/index.php/js/content.js?v=1.0.0
INFO: [ app_init ] --START--
INFO: Run Behavior\BuildLiteBehavior [ RunTime:0.000014s ]
INFO: [ app_init ] --END-- [ RunTime:0.000099s ]
ERR: 无法加载模块:Js

[ 2017-04-15T19:17:54+08:00 ] 119.39.148.92 /mooc/index.php/js/own/change_password.js
INFO: [ app_init ] --START--
INFO: Run Behavior\BuildLiteBehavior [ RunTime:0.000014s ]
INFO: [ app_init ] --END-- [ RunTime:0.000100s ]
ERR: 无法加载模块:Js

