[ 2017-03-18T11:43:02+08:00 ] 119.39.148.147 /mooc/index.php/css/loginstyle.css
INFO: [ app_init ] --START--
INFO: Run Behavior\BuildLiteBehavior [ RunTime:0.000010s ]
INFO: [ app_init ] --END-- [ RunTime:0.000080s ]
ERR: 无法加载模块:Css

[ 2017-03-18T11:43:02+08:00 ] 119.39.148.147 /mooc/index.php/images/avtar.png
INFO: [ app_init ] --START--
INFO: Run Behavior\BuildLiteBehavior [ RunTime:0.000014s ]
INFO: [ app_init ] --END-- [ RunTime:0.000116s ]
ERR: 无法加载模块:Images

[ 2017-03-18T11:43:02+08:00 ] 119.39.148.147 /mooc/index.php/images/avtar.png
INFO: [ app_init ] --START--
INFO: Run Behavior\BuildLiteBehavior [ RunTime:0.000010s ]
INFO: [ app_init ] --END-- [ RunTime:0.000069s ]
ERR: 无法加载模块:Images

[ 2017-03-18T11:45:05+08:00 ] 119.39.148.147 /mooc/index.php/images/avtar.png
INFO: [ app_init ] --START--
INFO: Run Behavior\BuildLiteBehavior [ RunTime:0.000013s ]
INFO: [ app_init ] --END-- [ RunTime:0.000089s ]
ERR: 无法加载模块:Images

[ 2017-03-18T11:45:06+08:00 ] 119.39.148.147 /mooc/index.php/images/avtar.png
INFO: [ app_init ] --START--
INFO: Run Behavior\BuildLiteBehavior [ RunTime:0.000014s ]
INFO: [ app_init ] --END-- [ RunTime:0.000099s ]
ERR: 无法加载模块:Images

[ 2017-03-18T11:45:13+08:00 ] 119.39.148.147 /mooc/index.php/images/avtar.png
INFO: [ app_init ] --START--
INFO: Run Behavior\BuildLiteBehavior [ RunTime:0.000014s ]
INFO: [ app_init ] --END-- [ RunTime:0.000097s ]
ERR: 无法加载模块:Images

[ 2017-03-18T11:45:13+08:00 ] 119.39.148.147 /mooc/index.php/images/avtar.png
INFO: [ app_init ] --START--
INFO: Run Behavior\BuildLiteBehavior [ RunTime:0.000015s ]
INFO: [ app_init ] --END-- [ RunTime:0.000117s ]
ERR: 无法加载模块:Images

[ 2017-03-18T11:47:54+08:00 ] 119.39.148.147 /mooc/index.php/images/avtar.png
INFO: [ app_init ] --START--
INFO: Run Behavior\BuildLiteBehavior [ RunTime:0.000011s ]
INFO: [ app_init ] --END-- [ RunTime:0.000070s ]
ERR: 无法加载模块:Images

[ 2017-03-18T11:47:55+08:00 ] 119.39.148.147 /mooc/index.php/images/avtar.png
INFO: [ app_init ] --START--
INFO: Run Behavior\BuildLiteBehavior [ RunTime:0.000013s ]
INFO: [ app_init ] --END-- [ RunTime:0.000098s ]
ERR: 无法加载模块:Images

[ 2017-03-18T11:48:06+08:00 ] 119.39.148.147 /mooc/index.php/images/avtar.png
INFO: [ app_init ] --START--
INFO: Run Behavior\BuildLiteBehavior [ RunTime:0.000010s ]
INFO: [ app_init ] --END-- [ RunTime:0.000070s ]
ERR: 无法加载模块:Images

[ 2017-03-18T11:48:06+08:00 ] 119.39.148.147 /mooc/index.php/images/avtar.png
INFO: [ app_init ] --START--
INFO: Run Behavior\BuildLiteBehavior [ RunTime:0.000010s ]
INFO: [ app_init ] --END-- [ RunTime:0.000061s ]
ERR: 无法加载模块:Images

[ 2017-03-18T13:52:35+08:00 ] 119.39.148.147 /mooc/index.php/updateinform
INFO: [ app_init ] --START--
INFO: Run Behavior\BuildLiteBehavior [ RunTime:0.000016s ]
INFO: [ app_init ] --END-- [ RunTime:0.000157s ]
ERR: 无法加载模块:Updateinform

[ 2017-03-18T13:52:41+08:00 ] 119.39.148.147 /mooc/index.php/updateinform
INFO: [ app_init ] --START--
INFO: Run Behavior\BuildLiteBehavior [ RunTime:0.000010s ]
INFO: [ app_init ] --END-- [ RunTime:0.000067s ]
ERR: 无法加载模块:Updateinform

[ 2017-03-18T14:05:38+08:00 ] 119.39.148.147 /mooc/index.php/updateinform
INFO: [ app_init ] --START--
INFO: Run Behavior\BuildLiteBehavior [ RunTime:0.000013s ]
INFO: [ app_init ] --END-- [ RunTime:0.000092s ]
ERR: 无法加载模块:Updateinform

[ 2017-03-18T14:06:07+08:00 ] 119.39.148.147 /mooc/index.php/updateinform
INFO: [ app_init ] --START--
INFO: Run Behavior\BuildLiteBehavior [ RunTime:0.000016s ]
INFO: [ app_init ] --END-- [ RunTime:0.000113s ]
ERR: 无法加载模块:Updateinform

