[ 2017-06-16T12:07:36+08:00 ] 119.39.148.198 /pinggu/index.php/Public/img/2017-06-11/593d305696bde.jpg
INFO: [ app_init ] --START--
INFO: Run Behavior\BuildLiteBehavior [ RunTime:0.000020s ]
INFO: [ app_init ] --END-- [ RunTime:0.000204s ]
ERR: 无法加载模块:Public

[ 2017-06-16T12:07:36+08:00 ] 119.39.148.198 /pinggu/index.php/Public/img/2017-06-11/593d30e9ecd33.jpg
INFO: [ app_init ] --START--
INFO: Run Behavior\BuildLiteBehavior [ RunTime:0.000023s ]
INFO: [ app_init ] --END-- [ RunTime:0.000168s ]
ERR: 无法加载模块:Public

[ 2017-06-16T12:07:36+08:00 ] 119.39.148.198 /pinggu/index.php/Public/img/2017-06-11/593d2fa57f8fd.jpg
INFO: [ app_init ] --START--
INFO: Run Behavior\BuildLiteBehavior [ RunTime:0.000020s ]
INFO: [ app_init ] --END-- [ RunTime:0.000161s ]
ERR: 无法加载模块:Public

[ 2017-06-16T12:07:36+08:00 ] 119.39.148.198 /pinggu/index.php/Public/img/2017-06-11/593d2e9f516e4.jpg
INFO: [ app_init ] --START--
INFO: Run Behavior\BuildLiteBehavior [ RunTime:0.000022s ]
INFO: [ app_init ] --END-- [ RunTime:0.000147s ]
ERR: 无法加载模块:Public

[ 2017-06-16T12:07:36+08:00 ] 119.39.148.198 /pinggu/index.php/Public/img/2017-06-11/593d2c8c2d39c.jpg
INFO: [ app_init ] --START--
INFO: Run Behavior\BuildLiteBehavior [ RunTime:0.000018s ]
INFO: [ app_init ] --END-- [ RunTime:0.000119s ]
ERR: 无法加载模块:Public

[ 2017-06-16T12:08:30+08:00 ] 119.39.148.198 /pinggu/index.php/Public/img/2017-06-11/593d30e9ecd33.jpg
INFO: [ app_init ] --START--
INFO: Run Behavior\BuildLiteBehavior [ RunTime:0.000020s ]
INFO: [ app_init ] --END-- [ RunTime:0.000139s ]
ERR: 无法加载模块:Public

[ 2017-06-16T12:08:30+08:00 ] 119.39.148.198 /pinggu/index.php/Public/img/2017-06-11/593d2c8c2d39c.jpg
INFO: [ app_init ] --START--
INFO: Run Behavior\BuildLiteBehavior [ RunTime:0.000019s ]
INFO: [ app_init ] --END-- [ RunTime:0.000129s ]
ERR: 无法加载模块:Public

[ 2017-06-16T12:08:30+08:00 ] 119.39.148.198 /pinggu/index.php/Public/img/2017-06-11/593d2fa57f8fd.jpg
INFO: [ app_init ] --START--
INFO: Run Behavior\BuildLiteBehavior [ RunTime:0.000017s ]
INFO: [ app_init ] --END-- [ RunTime:0.000118s ]
ERR: 无法加载模块:Public

[ 2017-06-16T12:08:30+08:00 ] 119.39.148.198 /pinggu/index.php/Public/img/2017-06-11/593d2e9f516e4.jpg
INFO: [ app_init ] --START--
INFO: Run Behavior\BuildLiteBehavior [ RunTime:0.000018s ]
INFO: [ app_init ] --END-- [ RunTime:0.000119s ]
ERR: 无法加载模块:Public

[ 2017-06-16T12:08:30+08:00 ] 119.39.148.198 /pinggu/index.php/Public/img/2017-06-11/593d305696bde.jpg
INFO: [ app_init ] --START--
INFO: Run Behavior\BuildLiteBehavior [ RunTime:0.000018s ]
INFO: [ app_init ] --END-- [ RunTime:0.000122s ]
ERR: 无法加载模块:Public

[ 2017-06-16T12:22:00+08:00 ] 119.39.148.198 /pinggu/index.php/favicon.ico
INFO: [ app_init ] --START--
INFO: Run Behavior\BuildLiteBehavior [ RunTime:0.000023s ]
INFO: [ app_init ] --END-- [ RunTime:0.000162s ]
ERR: 无法加载模块:Favicon

[ 2017-06-16T13:36:13+08:00 ] 119.39.148.198 /pinggu/index.php/favicon.ico
INFO: [ app_init ] --START--
INFO: Run Behavior\BuildLiteBehavior [ RunTime:0.000023s ]
INFO: [ app_init ] --END-- [ RunTime:0.000154s ]
ERR: 无法加载模块:Favicon

