[ 2017-03-05T14:04:28+08:00 ] ::1 /download/mooc/index.php/download?filename=2014%E7%BA%A7%E5%AD%A6%E7%94%9F%E5%9F%BA%E6%9C%AC%E4%BF%A1%E6%81%AF%E8%A1%A8%20-%20%E7%BD%912.xls
INFO: [ app_init ] --START--
INFO: Run Behavior\BuildLiteBehavior [ RunTime:0.000052s ]
INFO: [ app_init ] --END-- [ RunTime:0.000731s ]
ERR: 无法加载模块:Download

[ 2017-03-05T14:05:59+08:00 ] ::1 /download/mooc/index.php/download?filename=2014%E7%BA%A7%E5%AD%A6%E7%94%9F%E5%9F%BA%E6%9C%AC%E4%BF%A1%E6%81%AF%E8%A1%A8%20-%20%E7%BD%912.xls
INFO: [ app_init ] --START--
INFO: Run Behavior\BuildLiteBehavior [ RunTime:0.000019s ]
INFO: [ app_init ] --END-- [ RunTime:0.000660s ]
ERR: 无法加载模块:Download

[ 2017-03-05T14:08:12+08:00 ] ::1 /download/mooc/index.php/download?filename=2014%E7%BA%A7%E5%AD%A6%E7%94%9F%E5%9F%BA%E6%9C%AC%E4%BF%A1%E6%81%AF%E8%A1%A8%20-%20%E7%BD%912.xls
INFO: [ app_init ] --START--
INFO: Run Behavior\BuildLiteBehavior [ RunTime:0.000028s ]
INFO: [ app_init ] --END-- [ RunTime:0.000791s ]
ERR: 无法加载模块:Download

[ 2017-03-05T14:11:03+08:00 ] ::1 /download/mooc/index.php/download?filename=%E5%85%A8%E7%BD%91%E6%95%B0%E6%8D%AE%E6%8C%96%E6%8D%AE.doc
INFO: [ app_init ] --START--
INFO: Run Behavior\BuildLiteBehavior [ RunTime:0.000022s ]
INFO: [ app_init ] --END-- [ RunTime:0.000838s ]
ERR: 无法加载模块:Download

[ 2017-03-05T14:13:12+08:00 ] ::1 /download/mooc/index.php/download?filename=2014%E7%BA%A7%E5%AD%A6%E7%94%9F%E5%9F%BA%E6%9C%AC%E4%BF%A1%E6%81%AF%E8%A1%A8%20-%20%E7%BD%912.xls
INFO: [ app_init ] --START--
INFO: Run Behavior\BuildLiteBehavior [ RunTime:0.000027s ]
INFO: [ app_init ] --END-- [ RunTime:0.000843s ]
ERR: 无法加载模块:Download

[ 2017-03-05T14:14:13+08:00 ] ::1 /download/mooc/index.php/download?filename=2014%E7%BA%A7%E5%AD%A6%E7%94%9F%E5%9F%BA%E6%9C%AC%E4%BF%A1%E6%81%AF%E8%A1%A8%20-%20%E7%BD%912.xls
INFO: [ app_init ] --START--
INFO: Run Behavior\BuildLiteBehavior [ RunTime:0.000032s ]
INFO: [ app_init ] --END-- [ RunTime:0.000964s ]
ERR: 无法加载模块:Download

[ 2017-03-05T14:14:14+08:00 ] ::1 /download/mooc/index.php/download?filename=2014%E7%BA%A7%E5%AD%A6%E7%94%9F%E5%9F%BA%E6%9C%AC%E4%BF%A1%E6%81%AF%E8%A1%A8%20-%20%E7%BD%912.xls
INFO: [ app_init ] --START--
INFO: Run Behavior\BuildLiteBehavior [ RunTime:0.000016s ]
INFO: [ app_init ] --END-- [ RunTime:0.000570s ]
ERR: 无法加载模块:Download

[ 2017-03-05T14:15:29+08:00 ] ::1 /download/mooc/index.php/download?filename=2014%E7%BA%A7%E5%AD%A6%E7%94%9F%E5%9F%BA%E6%9C%AC%E4%BF%A1%E6%81%AF%E8%A1%A8%20-%20%E7%BD%912.xls
INFO: [ app_init ] --START--
INFO: Run Behavior\BuildLiteBehavior [ RunTime:0.000021s ]
INFO: [ app_init ] --END-- [ RunTime:0.000600s ]
ERR: 无法加载模块:Download

[ 2017-03-05T14:15:35+08:00 ] ::1 /download/mooc/index.php/download?filename=2014%E7%BA%A7%E5%AD%A6%E7%94%9F%E5%9F%BA%E6%9C%AC%E4%BF%A1%E6%81%AF%E8%A1%A8%20-%20%E7%BD%912.xls
INFO: [ app_init ] --START--
INFO: Run Behavior\BuildLiteBehavior [ RunTime:0.000023s ]
INFO: [ app_init ] --END-- [ RunTime:0.000785s ]
ERR: 无法加载模块:Download

[ 2017-03-05T14:19:10+08:00 ] ::1 /download/mooc/index.php/download?filename=2014%E7%BA%A7%E5%AD%A6%E7%94%9F%E5%9F%BA%E6%9C%AC%E4%BF%A1%E6%81%AF%E8%A1%A8%20-%20%E7%BD%912.xls
INFO: [ app_init ] --START--
INFO: Run Behavior\BuildLiteBehavior [ RunTime:0.000032s ]
INFO: [ app_init ] --END-- [ RunTime:0.001322s ]
ERR: 无法加载模块:Download

[ 2017-03-05T14:22:02+08:00 ] ::1 /download/mooc/index.php/download?filename=2014%E7%BA%A7%E5%AD%A6%E7%94%9F%E5%9F%BA%E6%9C%AC%E4%BF%A1%E6%81%AF%E8%A1%A8%20-%20%E7%BD%912.xls
INFO: [ app_init ] --START--
INFO: Run Behavior\BuildLiteBehavior [ RunTime:0.000051s ]
INFO: [ app_init ] --END-- [ RunTime:0.000675s ]
ERR: 无法加载模块:Download

[ 2017-03-05T14:22:03+08:00 ] ::1 /download/mooc/index.php/download?filename=2014%E7%BA%A7%E5%AD%A6%E7%94%9F%E5%9F%BA%E6%9C%AC%E4%BF%A1%E6%81%AF%E8%A1%A8%20-%20%E7%BD%912.xls
INFO: [ app_init ] --START--
INFO: Run Behavior\BuildLiteBehavior [ RunTime:0.000044s ]
INFO: [ app_init ] --END-- [ RunTime:0.001205s ]
ERR: 无法加载模块:Download

[ 2017-03-05T14:22:13+08:00 ] ::1 /download/mooc/index.php/download?filename=2014%E7%BA%A7%E5%AD%A6%E7%94%9F%E5%9F%BA%E6%9C%AC%E4%BF%A1%E6%81%AF%E8%A1%A8%20-%20%E7%BD%912.xls
INFO: [ app_init ] --START--
INFO: Run Behavior\BuildLiteBehavior [ RunTime:0.000020s ]
INFO: [ app_init ] --END-- [ RunTime:0.000659s ]
ERR: 无法加载模块:Download

[ 2017-03-05T14:26:33+08:00 ] ::1 /download/mooc/index.php/download?filename=%E4%BD%BF%E7%94%A8HTML%20JS%E5%AE%9E%E7%8E%B0%E7%9A%84tag%E6%A0%87%E7%AD%BE%E4%BA%91%20by%20%E8%94%A1%E7%BA%A2%E6%97%BA.zip
INFO: [ app_init ] --START--
INFO: Run Behavior\BuildLiteBehavior [ RunTime:0.000022s ]
INFO: [ app_init ] --END-- [ RunTime:0.000653s ]
ERR: 无法加载模块:Download

[ 2017-03-05T14:28:22+08:00 ] ::1 /download/mooc/index.php/download?filename=%E6%B9%96%E5%8D%97%E7%A7%91%E6%8A%80%E5%A4%A7%E5%AD%A6%E6%9C%AC%E7%A7%91%E6%95%99%E5%AD%A6%E5%B7%A5%E4%BD%9C%E5%AE%A1%E6%A0%B8%E8%AF%84%E4%BC%B0%E6%A0%A1%E7%BA%A7%E6%94%AF%E6%92%91%E6%9D%90%E6%96%99%E6%B8%85%E5%8D%95.docx
INFO: [ app_init ] --START--
INFO: Run Behavior\BuildLiteBehavior [ RunTime:0.000026s ]
INFO: [ app_init ] --END-- [ RunTime:0.000986s ]
ERR: 无法加载模块:Download

[ 2017-03-05T14:30:44+08:00 ] ::1 /download/mooc/index.php/download?filename=%E6%B9%96%E5%8D%97%E7%A7%91%E6%8A%80%E5%A4%A7%E5%AD%A6%E6%9C%AC%E7%A7%91%E6%95%99%E5%AD%A6%E5%B7%A5%E4%BD%9C%E5%AE%A1%E6%A0%B8%E8%AF%84%E4%BC%B0%E6%A0%A1%E7%BA%A7%E6%94%AF%E6%92%91%E6%9D%90%E6%96%99%E6%B8%85%E5%8D%95.docx
INFO: [ app_init ] --START--
INFO: Run Behavior\BuildLiteBehavior [ RunTime:0.000022s ]
INFO: [ app_init ] --END-- [ RunTime:0.000643s ]
ERR: 无法加载模块:Download

[ 2017-03-05T14:36:36+08:00 ] ::1 /download/mooc/index.php/download?filename=%E6%B9%96%E5%8D%97%E7%A7%91%E6%8A%80%E5%A4%A7%E5%AD%A6%E6%9C%AC%E7%A7%91%E6%95%99%E5%AD%A6%E5%B7%A5%E4%BD%9C%E5%AE%A1%E6%A0%B8%E8%AF%84%E4%BC%B0%E6%A0%A1%E7%BA%A7%E6%94%AF%E6%92%91%E6%9D%90%E6%96%99%E6%B8%85%E5%8D%95.docx
INFO: [ app_init ] --START--
INFO: Run Behavior\BuildLiteBehavior [ RunTime:0.000018s ]
INFO: [ app_init ] --END-- [ RunTime:0.000483s ]
ERR: 无法加载模块:Download

[ 2017-03-05T14:42:07+08:00 ] ::1 /download/mooc/index.php/download/?filename=sadsa
INFO: [ app_init ] --START--
INFO: Run Behavior\BuildLiteBehavior [ RunTime:0.000022s ]
INFO: [ app_init ] --END-- [ RunTime:0.000772s ]
ERR: 无法加载模块:Download

