[ 2017-04-14T09:37:20+08:00 ] 119.39.148.92 /mooc/index.php/favicon.ico
INFO: [ app_init ] --START--
INFO: Run Behavior\BuildLiteBehavior [ RunTime:0.000015s ]
INFO: [ app_init ] --END-- [ RunTime:0.000101s ]
ERR: 无法加载模块:Favicon

[ 2017-04-14T09:52:53+08:00 ] 119.39.148.92 /mooc/index.php/favicon.ico
INFO: [ app_init ] --START--
INFO: Run Behavior\BuildLiteBehavior [ RunTime:0.000015s ]
INFO: [ app_init ] --END-- [ RunTime:0.000098s ]
ERR: 无法加载模块:Favicon

[ 2017-04-14T10:50:51+08:00 ] 183.57.53.177 /mooc/index.php/nextPage%253Ftype%2525252525252525252525252525253D4%25252525252525252525252525252526d%2525252525252525252525252525253Dinform%25252525252525252525252525252526page%2525252525252525252525252525253D2
INFO: [ app_init ] --START--
INFO: Run Behavior\BuildLiteBehavior [ RunTime:0.000011s ]
INFO: [ app_init ] --END-- [ RunTime:0.000076s ]
ERR: 无法加载模块:NextPage%3Ftype%25252525252525252525252525253D4%252525252525252525252525252526d%25252525252525252525252525253Dinform%252525252525252525252525252526page%25252525252525252525252525253D2

[ 2017-04-14T11:21:54+08:00 ] 218.75.247.247 /mooc/index.php/favicon.ico
INFO: [ app_init ] --START--
INFO: Run Behavior\BuildLiteBehavior [ RunTime:0.000013s ]
INFO: [ app_init ] --END-- [ RunTime:0.000127s ]
ERR: 无法加载模块:Favicon

[ 2017-04-14T13:23:50+08:00 ] 218.75.247.247 /mooc/index.php/favicon.ico
INFO: [ app_init ] --START--
INFO: Run Behavior\BuildLiteBehavior [ RunTime:0.000012s ]
INFO: [ app_init ] --END-- [ RunTime:0.000083s ]
ERR: 无法加载模块:Favicon

[ 2017-04-14T13:50:48+08:00 ] 218.75.247.247 /mooc/index.php/favicon.ico
INFO: [ app_init ] --START--
INFO: Run Behavior\BuildLiteBehavior [ RunTime:0.000011s ]
INFO: [ app_init ] --END-- [ RunTime:0.000124s ]
ERR: 无法加载模块:Favicon

[ 2017-04-14T15:06:31+08:00 ] 110.52.124.150 /mooc/index.php/favicon.ico
INFO: [ app_init ] --START--
INFO: Run Behavior\BuildLiteBehavior [ RunTime:0.000014s ]
INFO: [ app_init ] --END-- [ RunTime:0.000091s ]
ERR: 无法加载模块:Favicon

[ 2017-04-14T17:39:30+08:00 ] 119.39.148.92 /mooc/index.php/favicon.ico
INFO: [ app_init ] --START--
INFO: Run Behavior\BuildLiteBehavior [ RunTime:0.000014s ]
INFO: [ app_init ] --END-- [ RunTime:0.000091s ]
ERR: 无法加载模块:Favicon

[ 2017-04-14T17:41:16+08:00 ] 119.39.148.92 /mooc/index.php/favicon.ico
INFO: [ app_init ] --START--
INFO: Run Behavior\BuildLiteBehavior [ RunTime:0.000013s ]
INFO: [ app_init ] --END-- [ RunTime:0.000097s ]
ERR: 无法加载模块:Favicon

[ 2017-04-14T18:25:03+08:00 ] 119.39.148.92 /mooc/index.php/updateinfor
INFO: [ app_init ] --START--
INFO: Run Behavior\BuildLiteBehavior [ RunTime:0.000014s ]
INFO: [ app_init ] --END-- [ RunTime:0.000098s ]
ERR: 无法加载模块:Updateinfor

[ 2017-04-14T18:25:43+08:00 ] 119.39.148.92 /mooc/index.php/updateinfor
INFO: [ app_init ] --START--
INFO: Run Behavior\BuildLiteBehavior [ RunTime:0.000015s ]
INFO: [ app_init ] --END-- [ RunTime:0.000108s ]
ERR: 无法加载模块:Updateinfor

[ 2017-04-14T18:37:42+08:00 ] 119.39.148.92 /mooc/index.php/uploadinform
INFO: [ app_init ] --START--
INFO: Run Behavior\BuildLiteBehavior [ RunTime:0.000010s ]
INFO: [ app_init ] --END-- [ RunTime:0.000070s ]
ERR: 无法加载模块:Uploadinform

[ 2017-04-14T18:37:49+08:00 ] 119.39.148.92 /mooc/index.php/uploadinform
INFO: [ app_init ] --START--
INFO: Run Behavior\BuildLiteBehavior [ RunTime:0.000015s ]
INFO: [ app_init ] --END-- [ RunTime:0.000099s ]
ERR: 无法加载模块:Uploadinform

[ 2017-04-14T18:38:13+08:00 ] 119.39.148.92 /mooc/index.php/uploadinform
INFO: [ app_init ] --START--
INFO: Run Behavior\BuildLiteBehavior [ RunTime:0.000014s ]
INFO: [ app_init ] --END-- [ RunTime:0.000099s ]
ERR: 无法加载模块:Uploadinform

[ 2017-04-14T18:38:44+08:00 ] 119.39.148.92 /mooc/index.php/uploadinform
INFO: [ app_init ] --START--
INFO: Run Behavior\BuildLiteBehavior [ RunTime:0.000011s ]
INFO: [ app_init ] --END-- [ RunTime:0.000076s ]
ERR: 无法加载模块:Uploadinform

[ 2017-04-14T18:39:31+08:00 ] 119.39.148.92 /mooc/index.php/uploadinform
INFO: [ app_init ] --START--
INFO: Run Behavior\BuildLiteBehavior [ RunTime:0.000015s ]
INFO: [ app_init ] --END-- [ RunTime:0.000073s ]
ERR: 无法加载模块:Uploadinform

[ 2017-04-14T21:00:10+08:00 ] 119.39.148.92 /mooc/index.php/loading.git
INFO: [ app_init ] --START--
INFO: Run Behavior\BuildLiteBehavior [ RunTime:0.000014s ]
INFO: [ app_init ] --END-- [ RunTime:0.000096s ]
ERR: 无法加载模块:Loading

[ 2017-04-14T21:00:10+08:00 ] 119.39.148.92 /mooc/index.php/loading.git
INFO: [ app_init ] --START--
INFO: Run Behavior\BuildLiteBehavior [ RunTime:0.000014s ]
INFO: [ app_init ] --END-- [ RunTime:0.000093s ]
ERR: 无法加载模块:Loading

[ 2017-04-14T21:00:42+08:00 ] 119.39.148.92 /mooc/index.php/loading.git
INFO: [ app_init ] --START--
INFO: Run Behavior\BuildLiteBehavior [ RunTime:0.000014s ]
INFO: [ app_init ] --END-- [ RunTime:0.000095s ]
ERR: 无法加载模块:Loading

[ 2017-04-14T21:00:42+08:00 ] 119.39.148.92 /mooc/index.php/loading.git
INFO: [ app_init ] --START--
INFO: Run Behavior\BuildLiteBehavior [ RunTime:0.000014s ]
INFO: [ app_init ] --END-- [ RunTime:0.000091s ]
ERR: 无法加载模块:Loading

[ 2017-04-14T21:02:06+08:00 ] 119.39.148.92 /mooc/index.php/loading.git
INFO: [ app_init ] --START--
INFO: Run Behavior\BuildLiteBehavior [ RunTime:0.000013s ]
INFO: [ app_init ] --END-- [ RunTime:0.000088s ]
ERR: 无法加载模块:Loading

[ 2017-04-14T21:02:07+08:00 ] 119.39.148.92 /mooc/index.php/loading.git
INFO: [ app_init ] --START--
INFO: Run Behavior\BuildLiteBehavior [ RunTime:0.000014s ]
INFO: [ app_init ] --END-- [ RunTime:0.000093s ]
ERR: 无法加载模块:Loading

[ 2017-04-14T21:02:18+08:00 ] 119.39.148.92 /mooc/index.php/loading.gif
INFO: [ app_init ] --START--
INFO: Run Behavior\BuildLiteBehavior [ RunTime:0.000012s ]
INFO: [ app_init ] --END-- [ RunTime:0.000084s ]
ERR: 无法加载模块:Loading

[ 2017-04-14T21:02:19+08:00 ] 119.39.148.92 /mooc/index.php/loading.gif
INFO: [ app_init ] --START--
INFO: Run Behavior\BuildLiteBehavior [ RunTime:0.000022s ]
INFO: [ app_init ] --END-- [ RunTime:0.000105s ]
ERR: 无法加载模块:Loading

[ 2017-04-14T21:02:21+08:00 ] 119.39.148.92 /mooc/index.php/loading.gif
INFO: [ app_init ] --START--
INFO: Run Behavior\BuildLiteBehavior [ RunTime:0.000016s ]
INFO: [ app_init ] --END-- [ RunTime:0.000097s ]
ERR: 无法加载模块:Loading

[ 2017-04-14T21:02:21+08:00 ] 119.39.148.92 /mooc/index.php/loading.gif
INFO: [ app_init ] --START--
INFO: Run Behavior\BuildLiteBehavior [ RunTime:0.000013s ]
INFO: [ app_init ] --END-- [ RunTime:0.000089s ]
ERR: 无法加载模块:Loading

[ 2017-04-14T21:02:27+08:00 ] 119.39.148.92 /mooc/index.php/loading.gif
INFO: [ app_init ] --START--
INFO: Run Behavior\BuildLiteBehavior [ RunTime:0.000015s ]
INFO: [ app_init ] --END-- [ RunTime:0.000097s ]
ERR: 无法加载模块:Loading

[ 2017-04-14T21:02:28+08:00 ] 119.39.148.92 /mooc/index.php/loading.gif
INFO: [ app_init ] --START--
INFO: Run Behavior\BuildLiteBehavior [ RunTime:0.000014s ]
INFO: [ app_init ] --END-- [ RunTime:0.000102s ]
ERR: 无法加载模块:Loading

