[ 2017-04-26T14:22:22+08:00 ] 218.75.230.17 /hnust/index.php/favicon.ico
INFO: [ app_init ] --START--
INFO: Run Behavior\BuildLiteBehavior [ RunTime:0.000014s ]
INFO: [ app_init ] --END-- [ RunTime:0.000281s ]
ERR: 无法加载模块:Favicon

[ 2017-04-26T14:44:53+08:00 ] 218.75.230.17 /hnust/index.php/hnust/index.php/home/file/getfile?type=0&id=5331b8a68089110358829185eead1865
INFO: [ app_init ] --START--
INFO: Run Behavior\BuildLiteBehavior [ RunTime:0.000014s ]
INFO: [ app_init ] --END-- [ RunTime:0.000256s ]
ERR: 无法加载模块:Hnust

[ 2017-04-26T14:45:03+08:00 ] 150.70.188.168 /hnust/index.php/hnust/index.php/home/file/getfile?type=0&id=5331b8a68089110358829185eead1865
INFO: [ app_init ] --START--
INFO: Run Behavior\BuildLiteBehavior [ RunTime:0.000015s ]
INFO: [ app_init ] --END-- [ RunTime:0.000260s ]
ERR: 无法加载模块:Hnust

[ 2017-04-26T14:45:09+08:00 ] 218.75.230.17 /hnust/index.php/hnust/index.php/home/file/getfile?type=0&id=5331b8a68089110358829185eead1865
INFO: [ app_init ] --START--
INFO: Run Behavior\BuildLiteBehavior [ RunTime:0.000013s ]
INFO: [ app_init ] --END-- [ RunTime:0.000265s ]
ERR: 无法加载模块:Hnust

[ 2017-04-26T14:46:35+08:00 ] 150.70.173.57 /hnust/index.php/hnust/index.php/home/file/getfile?type=0&id=5331b8a68089110358829185eead1865
INFO: [ app_init ] --START--
INFO: Run Behavior\BuildLiteBehavior [ RunTime:0.000014s ]
INFO: [ app_init ] --END-- [ RunTime:0.000254s ]
ERR: 无法加载模块:Hnust

